<?xml version="1.0" encoding="UTF-8"?>
<testsuites name="Digital Loyalty" time="866" tests="33" failures="0" errors="1">
   <testsuite name="Digital Loyalty" tests="33" failures="0" errors="1" time="866" timestamp="2018-10-15 16:30:23" hostname="thuat - DESKTOP-PB1MMKA" id="Test Suites/Digital Loyalty">
      <properties>
         <property name="deviceName" value=""/>
         <property name="devicePlatform" value=""/>
         <property name="logFolder" value="C:\\Users\\thuat\\Documents\\GitHub\\iPayment\\Reports\\Digital Loyalty\\20181015_163017"/>
         <property name="logFiles" value="C:\\Users\\thuat\\Documents\\GitHub\\iPayment\\Reports\\Digital Loyalty\\20181015_163017\\execution0.log"/>
         <property name="attachments" value=""/>
         <property name="hostName" value="thuat - DESKTOP-PB1MMKA"/>
         <property name="os" value="Windows 10 64bit"/>
         <property name="katalonVersion" value="5.7.1.1"/>
         <property name="browser" value="Chrome 69.0.3497.100"/>
         <property name="hostAddress" value="10.0.0.173"/>
         <property name="sessionId" value="1febc2e7b4035bdf5aab6d8cddfae356"/>
         <property name="seleniumVersion" value="3.7.1"/>
         <property name="proxyInformation" value="ProxyInformation{proxyOption=NO_PROXY, proxyServerType=HTTP, password=, proxyServerAddress=, proxyServerPort=0}"/>
         <property name="platform" value="Windows 10"/>
      </properties>
      <testcase name="Test Cases/Digital Loyalty/Login/DigLog_01_Verify that logging un-successfully with wrong email" classname="Test Cases/Digital Loyalty/Login/DigLog_01_Verify that logging un-successfully with wrong email" status="PASSED">
         <system-out><![CDATA[2018-10-15 16:30:24 - [TEST_CASE][PASSED] - Test Cases/Digital Loyalty/Login/DigLog_01_Verify that logging un-successfully with wrong email: Test Cases/Digital Loyalty/Login/DigLog_01_Verify that logging un-successfully with wrong email

2018-10-15 16:30:25 - [TEST_STEP][PASSED] - comment: steps

2018-10-15 16:30:25 - [TEST_STEP][PASSED] - customkeyword.CommonKeyword.OpenBrowser: customkeyword.CommonKeyword.OpenBrowser is PASSED

2018-10-15 16:30:35 - [MESSAGE][PASSED] - Browser is opened with url: 'https://merchant.staging-1.pirq.com/merchant/login'

2018-10-15 16:30:36 - [MESSAGE][PASSED] - Current window maximized

2018-10-15 16:30:36 - [MESSAGE][PASSED] - customkeyword.CommonKeyword.OpenBrowser is PASSED

2018-10-15 16:30:36 - [TEST_STEP][PASSED] - setText: Text 'ipaymenttestwrongemail@yopmail.com' is set on object 'Object Repository/Sys_Login inf/txt_Email_System_Login'

2018-10-15 16:30:38 - [MESSAGE][PASSED] - Text 'ipaymenttestwrongemail@yopmail.com' is set on object 'Object Repository/Sys_Login inf/txt_Email_System_Login'

2018-10-15 16:30:38 - [TEST_STEP][PASSED] - setText: Text '123456?a' is set on object 'Object Repository/Sys_Login inf/txt_Password_System_Login'

2018-10-15 16:30:39 - [MESSAGE][PASSED] - Text '123456?a' is set on object 'Object Repository/Sys_Login inf/txt_Password_System_Login'

2018-10-15 16:30:39 - [TEST_STEP][PASSED] - click: Object: 'Object Repository/Sys_Login inf/btn_Login_System_Login' is clicked on

2018-10-15 16:30:40 - [MESSAGE][PASSED] - Object: 'Object Repository/Sys_Login inf/btn_Login_System_Login' is clicked on

2018-10-15 16:30:40 - [TEST_STEP][PASSED] - verifyElementPresent: Object 'Object Repository/Sys_Login inf/lbl_Loginfailed_System_Login' is present

2018-10-15 16:30:41 - [MESSAGE][PASSED] - Object 'Object Repository/Sys_Login inf/lbl_Loginfailed_System_Login' is present

2018-10-15 16:30:41 - [TEST_STEP][PASSED] - closeBrowser: Browser is closed

2018-10-15 16:30:42 - [MESSAGE][PASSED] - Browser is closed]]></system-out>
         <system-err><![CDATA[]]></system-err>
      </testcase>
      <testcase name="Test Cases/Digital Loyalty/Login/DigLog_02_Verify that logging un-successfully with wrong password" classname="Test Cases/Digital Loyalty/Login/DigLog_02_Verify that logging un-successfully with wrong password" status="PASSED">
         <system-out><![CDATA[2018-10-15 16:30:42 - [TEST_CASE][PASSED] - Test Cases/Digital Loyalty/Login/DigLog_02_Verify that logging un-successfully with wrong password: Test Cases/Digital Loyalty/Login/DigLog_02_Verify that logging un-successfully with wrong password

2018-10-15 16:30:43 - [TEST_STEP][PASSED] - comment: steps

2018-10-15 16:30:43 - [TEST_STEP][PASSED] - customkeyword.CommonKeyword.OpenBrowser: customkeyword.CommonKeyword.OpenBrowser is PASSED

2018-10-15 16:30:49 - [MESSAGE][PASSED] - Browser is opened with url: 'https://merchant.staging-1.pirq.com/merchant/login'

2018-10-15 16:30:50 - [MESSAGE][PASSED] - Current window maximized

2018-10-15 16:30:50 - [MESSAGE][PASSED] - customkeyword.CommonKeyword.OpenBrowser is PASSED

2018-10-15 16:30:50 - [TEST_STEP][PASSED] - setText: Text 'thuataaa@yopmail.com' is set on object 'Object Repository/Sys_Login inf/txt_Email_System_Login'

2018-10-15 16:30:51 - [MESSAGE][PASSED] - Text 'thuataaa@yopmail.com' is set on object 'Object Repository/Sys_Login inf/txt_Email_System_Login'

2018-10-15 16:30:51 - [TEST_STEP][PASSED] - setText: Text '123456?aa' is set on object 'Object Repository/Sys_Login inf/txt_Password_System_Login'

2018-10-15 16:30:52 - [MESSAGE][PASSED] - Text '123456?aa' is set on object 'Object Repository/Sys_Login inf/txt_Password_System_Login'

2018-10-15 16:30:52 - [TEST_STEP][PASSED] - click: Object: 'Object Repository/Sys_Login inf/btn_Login_System_Login' is clicked on

2018-10-15 16:30:54 - [MESSAGE][PASSED] - Object: 'Object Repository/Sys_Login inf/btn_Login_System_Login' is clicked on

2018-10-15 16:30:54 - [TEST_STEP][PASSED] - verifyElementPresent: Object 'Object Repository/Sys_Login inf/lbl_Loginfailed_System_Login' is present

2018-10-15 16:30:54 - [MESSAGE][PASSED] - Object 'Object Repository/Sys_Login inf/lbl_Loginfailed_System_Login' is present

2018-10-15 16:30:54 - [TEST_STEP][PASSED] - closeBrowser: Browser is closed

2018-10-15 16:30:55 - [MESSAGE][PASSED] - Browser is closed]]></system-out>
         <system-err><![CDATA[]]></system-err>
      </testcase>
      <testcase name="Test Cases/Digital Loyalty/Login/DigLog_03_Verify that logging successfully" classname="Test Cases/Digital Loyalty/Login/DigLog_03_Verify that logging successfully" status="PASSED">
         <system-out><![CDATA[2018-10-15 16:30:55 - [TEST_CASE][PASSED] - Test Cases/Digital Loyalty/Login/DigLog_03_Verify that logging successfully: Test Cases/Digital Loyalty/Login/DigLog_03_Verify that logging successfully

2018-10-15 16:30:55 - [TEST_STEP][PASSED] - comment: steps

2018-10-15 16:30:55 - [TEST_STEP][PASSED] - customkeyword.CommonKeyword.OpenBrowser: customkeyword.CommonKeyword.OpenBrowser is PASSED

2018-10-15 16:31:01 - [MESSAGE][PASSED] - Browser is opened with url: 'https://merchant.staging-1.pirq.com/merchant/login'

2018-10-15 16:31:02 - [MESSAGE][PASSED] - Current window maximized

2018-10-15 16:31:02 - [MESSAGE][PASSED] - customkeyword.CommonKeyword.OpenBrowser is PASSED

2018-10-15 16:31:02 - [TEST_STEP][PASSED] - setText: Text 'thuataaa@yopmail.com' is set on object 'Object Repository/Sys_Login inf/txt_Email_System_Login'

2018-10-15 16:31:03 - [MESSAGE][PASSED] - Text 'thuataaa@yopmail.com' is set on object 'Object Repository/Sys_Login inf/txt_Email_System_Login'

2018-10-15 16:31:03 - [TEST_STEP][PASSED] - setText: Text '123456?a' is set on object 'Object Repository/Sys_Login inf/txt_Password_System_Login'

2018-10-15 16:31:04 - [MESSAGE][PASSED] - Text '123456?a' is set on object 'Object Repository/Sys_Login inf/txt_Password_System_Login'

2018-10-15 16:31:04 - [TEST_STEP][PASSED] - click: Object: 'Object Repository/Sys_Login inf/btn_Login_System_Login' is clicked on

2018-10-15 16:31:05 - [MESSAGE][PASSED] - Object: 'Object Repository/Sys_Login inf/btn_Login_System_Login' is clicked on

2018-10-15 16:31:05 - [TEST_STEP][PASSED] - verifyElementPresent: Object 'Object Repository/Digital Loyalty/Sys_Merchant inf/lbl_MyVenues_System_Merchant' is present

2018-10-15 16:31:05 - [MESSAGE][PASSED] - Object 'Object Repository/Digital Loyalty/Sys_Merchant inf/lbl_MyVenues_System_Merchant' is present

2018-10-15 16:31:05 - [TEST_STEP][PASSED] - closeBrowser: Browser is closed

2018-10-15 16:31:06 - [MESSAGE][PASSED] - Browser is closed]]></system-out>
         <system-err><![CDATA[]]></system-err>
      </testcase>
      <testcase name="Test Cases/Digital Loyalty/Sign Up/DigSig_01_Verify that submitting un-successfully digital loyalty account with missing email at step 1" classname="Test Cases/Digital Loyalty/Sign Up/DigSig_01_Verify that submitting un-successfully digital loyalty account with missing email at step 1" status="PASSED">
         <system-out><![CDATA[2018-10-15 16:31:06 - [TEST_CASE][PASSED] - Test Cases/Digital Loyalty/Sign Up/DigSig_01_Verify that submitting un-successfully digital loyalty account with missing email at step 1: Test Cases/Digital Loyalty/Sign Up/DigSig_01_Verify that submitting un-successfully digital loyalty account with missing email at step 1

2018-10-15 16:31:07 - [TEST_STEP][PASSED] - comment: Steps

2018-10-15 16:31:07 - [TEST_STEP][PASSED] - customkeyword.CommonKeyword.OpenBrowser: customkeyword.CommonKeyword.OpenBrowser is PASSED

2018-10-15 16:31:13 - [MESSAGE][PASSED] - Browser is opened with url: 'https://staging-1.pirq.com/digital-loyalty/signup'

2018-10-15 16:31:15 - [MESSAGE][PASSED] - Current window maximized

2018-10-15 16:31:15 - [MESSAGE][PASSED] - customkeyword.CommonKeyword.OpenBrowser is PASSED

2018-10-15 16:31:15 - [TEST_STEP][PASSED] - setText: Text 'first name' is set on object 'Object Repository/Digital Loyalty/Por_Digital inf/txt_FirstName_Por_Dig_Step1'

2018-10-15 16:31:16 - [MESSAGE][PASSED] - Text 'first name' is set on object 'Object Repository/Digital Loyalty/Por_Digital inf/txt_FirstName_Por_Dig_Step1'

2018-10-15 16:31:16 - [TEST_STEP][PASSED] - setText: Text 'last name' is set on object 'Object Repository/Digital Loyalty/Por_Digital inf/txt_LastName_Por_Dig_Step1'

2018-10-15 16:31:17 - [MESSAGE][PASSED] - Text 'last name' is set on object 'Object Repository/Digital Loyalty/Por_Digital inf/txt_LastName_Por_Dig_Step1'

2018-10-15 16:31:17 - [TEST_STEP][PASSED] - setText: Text '+84123456789' is set on object 'Object Repository/Digital Loyalty/Por_Digital inf/txt_Phone_Por_Dig_Step1'

2018-10-15 16:31:17 - [MESSAGE][PASSED] - Text '+84123456789' is set on object 'Object Repository/Digital Loyalty/Por_Digital inf/txt_Phone_Por_Dig_Step1'

2018-10-15 16:31:17 - [TEST_STEP][PASSED] - setText: Text 'test Company' is set on object 'Object Repository/Digital Loyalty/Por_Digital inf/txt_BusinessName_Por_Dig_Step1'

2018-10-15 16:31:18 - [MESSAGE][PASSED] - Text 'test Company' is set on object 'Object Repository/Digital Loyalty/Por_Digital inf/txt_BusinessName_Por_Dig_Step1'

2018-10-15 16:31:18 - [TEST_STEP][PASSED] - setText: Text '123 street' is set on object 'Object Repository/Digital Loyalty/Por_Digital inf/txt_StreetAddress_Por_Dig_Step1'

2018-10-15 16:31:18 - [MESSAGE][PASSED] - Text '123 street' is set on object 'Object Repository/Digital Loyalty/Por_Digital inf/txt_StreetAddress_Por_Dig_Step1'

2018-10-15 16:31:18 - [TEST_STEP][PASSED] - setText: Text 'HCMC' is set on object 'Object Repository/Digital Loyalty/Por_Digital inf/txt_City_Por_Dig_Step1'

2018-10-15 16:31:19 - [MESSAGE][PASSED] - Text 'HCMC' is set on object 'Object Repository/Digital Loyalty/Por_Digital inf/txt_City_Por_Dig_Step1'

2018-10-15 16:31:19 - [TEST_STEP][PASSED] - setText: Text '70000' is set on object 'Object Repository/Digital Loyalty/Por_Digital inf/txt_PostalCode_Por_Dig_Step1'

2018-10-15 16:31:19 - [MESSAGE][PASSED] - Text '70000' is set on object 'Object Repository/Digital Loyalty/Por_Digital inf/txt_PostalCode_Por_Dig_Step1'

2018-10-15 16:31:19 - [TEST_STEP][PASSED] - click: Object: 'Object Repository/Digital Loyalty/Por_Digital inf/btn_NextStep_Por_Dig_Step1' is clicked on

2018-10-15 16:31:20 - [MESSAGE][PASSED] - Object: 'Object Repository/Digital Loyalty/Por_Digital inf/btn_NextStep_Por_Dig_Step1' is clicked on

2018-10-15 16:31:20 - [TEST_STEP][PASSED] - verifyElementPresent: Object 'Object Repository/Digital Loyalty/Por_Digital inf/lbl_MissingEmail_Step1' is present

2018-10-15 16:31:20 - [MESSAGE][PASSED] - Object 'Object Repository/Digital Loyalty/Por_Digital inf/lbl_MissingEmail_Step1' is present

2018-10-15 16:31:20 - [TEST_STEP][PASSED] - closeBrowser: Browser is closed

2018-10-15 16:31:21 - [MESSAGE][PASSED] - Browser is closed]]></system-out>
         <system-err><![CDATA[]]></system-err>
      </testcase>
      <testcase name="Test Cases/Digital Loyalty/Sign Up/DigSig_02_Verify that submitting un-successfully digital loyalty account with missing Phone at step 1" classname="Test Cases/Digital Loyalty/Sign Up/DigSig_02_Verify that submitting un-successfully digital loyalty account with missing Phone at step 1" status="PASSED">
         <system-out><![CDATA[2018-10-15 16:31:21 - [TEST_CASE][PASSED] - Test Cases/Digital Loyalty/Sign Up/DigSig_02_Verify that submitting un-successfully digital loyalty account with missing Phone at step 1: Test Cases/Digital Loyalty/Sign Up/DigSig_02_Verify that submitting un-successfully digital loyalty account with missing Phone at step 1

2018-10-15 16:31:22 - [TEST_STEP][PASSED] - comment: Steps

2018-10-15 16:31:22 - [TEST_STEP][PASSED] - customkeyword.CommonKeyword.OpenBrowser: customkeyword.CommonKeyword.OpenBrowser is PASSED

2018-10-15 16:31:29 - [MESSAGE][PASSED] - Browser is opened with url: 'https://staging-1.pirq.com/digital-loyalty/signup'

2018-10-15 16:31:30 - [MESSAGE][PASSED] - Current window maximized

2018-10-15 16:31:30 - [MESSAGE][PASSED] - customkeyword.CommonKeyword.OpenBrowser is PASSED

2018-10-15 16:31:30 - [TEST_STEP][PASSED] - setText: Text 'first name' is set on object 'Object Repository/Digital Loyalty/Por_Digital inf/txt_FirstName_Por_Dig_Step1'

2018-10-15 16:31:30 - [MESSAGE][PASSED] - Text 'first name' is set on object 'Object Repository/Digital Loyalty/Por_Digital inf/txt_FirstName_Por_Dig_Step1'

2018-10-15 16:31:30 - [TEST_STEP][PASSED] - setText: Text 'last name' is set on object 'Object Repository/Digital Loyalty/Por_Digital inf/txt_LastName_Por_Dig_Step1'

2018-10-15 16:31:31 - [MESSAGE][PASSED] - Text 'last name' is set on object 'Object Repository/Digital Loyalty/Por_Digital inf/txt_LastName_Por_Dig_Step1'

2018-10-15 16:31:31 - [TEST_STEP][PASSED] - Statement - var_DigSignedUpEmail = CustomKeywords.customkeyword.CommonKeyword.GenerateEmail("Digital"): customkeyword.CommonKeyword.GenerateEmail is PASSED

2018-10-15 16:31:31 - [MESSAGE][PASSED] - customkeyword.CommonKeyword.GenerateEmail is PASSED

2018-10-15 16:31:31 - [TEST_STEP][PASSED] - setText: Text 'Digital151018043131@yopmail.com' is set on object 'Object Repository/Digital Loyalty/Por_Digital inf/txt_Email_Por_Dig_Step1'

2018-10-15 16:31:32 - [MESSAGE][PASSED] - Text 'Digital151018043131@yopmail.com' is set on object 'Object Repository/Digital Loyalty/Por_Digital inf/txt_Email_Por_Dig_Step1'

2018-10-15 16:31:32 - [TEST_STEP][PASSED] - setText: Text 'test Company' is set on object 'Object Repository/Digital Loyalty/Por_Digital inf/txt_BusinessName_Por_Dig_Step1'

2018-10-15 16:31:32 - [MESSAGE][PASSED] - Text 'test Company' is set on object 'Object Repository/Digital Loyalty/Por_Digital inf/txt_BusinessName_Por_Dig_Step1'

2018-10-15 16:31:32 - [TEST_STEP][PASSED] - setText: Text '123 street' is set on object 'Object Repository/Digital Loyalty/Por_Digital inf/txt_StreetAddress_Por_Dig_Step1'

2018-10-15 16:31:33 - [MESSAGE][PASSED] - Text '123 street' is set on object 'Object Repository/Digital Loyalty/Por_Digital inf/txt_StreetAddress_Por_Dig_Step1'

2018-10-15 16:31:33 - [TEST_STEP][PASSED] - setText: Text 'HCMC' is set on object 'Object Repository/Digital Loyalty/Por_Digital inf/txt_City_Por_Dig_Step1'

2018-10-15 16:31:33 - [MESSAGE][PASSED] - Text 'HCMC' is set on object 'Object Repository/Digital Loyalty/Por_Digital inf/txt_City_Por_Dig_Step1'

2018-10-15 16:31:33 - [TEST_STEP][PASSED] - setText: Text '70000' is set on object 'Object Repository/Digital Loyalty/Por_Digital inf/txt_PostalCode_Por_Dig_Step1'

2018-10-15 16:31:34 - [MESSAGE][PASSED] - Text '70000' is set on object 'Object Repository/Digital Loyalty/Por_Digital inf/txt_PostalCode_Por_Dig_Step1'

2018-10-15 16:31:34 - [TEST_STEP][PASSED] - click: Object: 'Object Repository/Digital Loyalty/Por_Digital inf/btn_NextStep_Por_Dig_Step1' is clicked on

2018-10-15 16:31:34 - [MESSAGE][PASSED] - Object: 'Object Repository/Digital Loyalty/Por_Digital inf/btn_NextStep_Por_Dig_Step1' is clicked on

2018-10-15 16:31:34 - [TEST_STEP][PASSED] - verifyElementPresent: Object 'Object Repository/Digital Loyalty/Por_Digital inf/lbl_MissingPhone_Por_Dig_Step1' is present

2018-10-15 16:31:35 - [MESSAGE][PASSED] - Object 'Object Repository/Digital Loyalty/Por_Digital inf/lbl_MissingPhone_Por_Dig_Step1' is present

2018-10-15 16:31:35 - [TEST_STEP][PASSED] - closeBrowser: Browser is closed

2018-10-15 16:31:36 - [MESSAGE][PASSED] - Browser is closed]]></system-out>
         <system-err><![CDATA[]]></system-err>
      </testcase>
      <testcase name="Test Cases/Digital Loyalty/Sign Up/DigSig_03_Verify that submitting un-successfully digital loyalty account with existing email at step 1" classname="Test Cases/Digital Loyalty/Sign Up/DigSig_03_Verify that submitting un-successfully digital loyalty account with existing email at step 1" status="PASSED">
         <system-out><![CDATA[2018-10-15 16:31:36 - [TEST_CASE][PASSED] - Test Cases/Digital Loyalty/Sign Up/DigSig_03_Verify that submitting un-successfully digital loyalty account with existing email at step 1: Test Cases/Digital Loyalty/Sign Up/DigSig_03_Verify that submitting un-successfully digital loyalty account with existing email at step 1

2018-10-15 16:31:36 - [TEST_STEP][PASSED] - comment: Steps

2018-10-15 16:31:36 - [TEST_STEP][PASSED] - customkeyword.CommonKeyword.OpenBrowser: customkeyword.CommonKeyword.OpenBrowser is PASSED

2018-10-15 16:31:43 - [MESSAGE][PASSED] - Browser is opened with url: 'https://staging-1.pirq.com/digital-loyalty/signup'

2018-10-15 16:31:44 - [MESSAGE][PASSED] - Current window maximized

2018-10-15 16:31:44 - [MESSAGE][PASSED] - customkeyword.CommonKeyword.OpenBrowser is PASSED

2018-10-15 16:31:44 - [TEST_STEP][PASSED] - setText: Text 'first name' is set on object 'Object Repository/Digital Loyalty/Por_Digital inf/txt_FirstName_Por_Dig_Step1'

2018-10-15 16:31:45 - [MESSAGE][PASSED] - Text 'first name' is set on object 'Object Repository/Digital Loyalty/Por_Digital inf/txt_FirstName_Por_Dig_Step1'

2018-10-15 16:31:45 - [TEST_STEP][PASSED] - setText: Text 'last name' is set on object 'Object Repository/Digital Loyalty/Por_Digital inf/txt_LastName_Por_Dig_Step1'

2018-10-15 16:31:45 - [MESSAGE][PASSED] - Text 'last name' is set on object 'Object Repository/Digital Loyalty/Por_Digital inf/txt_LastName_Por_Dig_Step1'

2018-10-15 16:31:45 - [TEST_STEP][PASSED] - setText: Text 'thuat@yopmail.com' is set on object 'Object Repository/Digital Loyalty/Por_Digital inf/txt_Email_Por_Dig_Step1'

2018-10-15 16:31:46 - [MESSAGE][PASSED] - Text 'thuat@yopmail.com' is set on object 'Object Repository/Digital Loyalty/Por_Digital inf/txt_Email_Por_Dig_Step1'

2018-10-15 16:31:46 - [TEST_STEP][PASSED] - setText: Text 'test Company' is set on object 'Object Repository/Digital Loyalty/Por_Digital inf/txt_BusinessName_Por_Dig_Step1'

2018-10-15 16:31:46 - [MESSAGE][PASSED] - Text 'test Company' is set on object 'Object Repository/Digital Loyalty/Por_Digital inf/txt_BusinessName_Por_Dig_Step1'

2018-10-15 16:31:46 - [TEST_STEP][PASSED] - setText: Text '123 street' is set on object 'Object Repository/Digital Loyalty/Por_Digital inf/txt_StreetAddress_Por_Dig_Step1'

2018-10-15 16:31:47 - [MESSAGE][PASSED] - Text '123 street' is set on object 'Object Repository/Digital Loyalty/Por_Digital inf/txt_StreetAddress_Por_Dig_Step1'

2018-10-15 16:31:47 - [TEST_STEP][PASSED] - setText: Text 'HCMC' is set on object 'Object Repository/Digital Loyalty/Por_Digital inf/txt_City_Por_Dig_Step1'

2018-10-15 16:31:47 - [MESSAGE][PASSED] - Text 'HCMC' is set on object 'Object Repository/Digital Loyalty/Por_Digital inf/txt_City_Por_Dig_Step1'

2018-10-15 16:31:47 - [TEST_STEP][PASSED] - setText: Text '70000' is set on object 'Object Repository/Digital Loyalty/Por_Digital inf/txt_PostalCode_Por_Dig_Step1'

2018-10-15 16:31:48 - [MESSAGE][PASSED] - Text '70000' is set on object 'Object Repository/Digital Loyalty/Por_Digital inf/txt_PostalCode_Por_Dig_Step1'

2018-10-15 16:31:48 - [TEST_STEP][PASSED] - setText: Text '+84123456789' is set on object 'Object Repository/Digital Loyalty/Por_Digital inf/txt_Phone_Por_Dig_Step1'

2018-10-15 16:31:48 - [MESSAGE][PASSED] - Text '+84123456789' is set on object 'Object Repository/Digital Loyalty/Por_Digital inf/txt_Phone_Por_Dig_Step1'

2018-10-15 16:31:48 - [TEST_STEP][PASSED] - click: Object: 'Object Repository/Digital Loyalty/Por_Digital inf/btn_NextStep_Por_Dig_Step1' is clicked on

2018-10-15 16:31:49 - [MESSAGE][PASSED] - Object: 'Object Repository/Digital Loyalty/Por_Digital inf/btn_NextStep_Por_Dig_Step1' is clicked on

2018-10-15 16:31:49 - [TEST_STEP][PASSED] - verifyElementPresent: Object 'Object Repository/Digital Loyalty/Por_Digital inf/lbl_DuplicatedEmail_Por_Dig_Step1' is present

2018-10-15 16:31:49 - [MESSAGE][PASSED] - Object 'Object Repository/Digital Loyalty/Por_Digital inf/lbl_DuplicatedEmail_Por_Dig_Step1' is present

2018-10-15 16:31:49 - [TEST_STEP][PASSED] - closeBrowser: Browser is closed

2018-10-15 16:31:50 - [MESSAGE][PASSED] - Browser is closed]]></system-out>
         <system-err><![CDATA[]]></system-err>
      </testcase>
      <testcase name="Test Cases/Digital Loyalty/Sign Up/DigSig_04_Verify that submitting un-successfully digital loyalty account with missing first name at step 1" classname="Test Cases/Digital Loyalty/Sign Up/DigSig_04_Verify that submitting un-successfully digital loyalty account with missing first name at step 1" status="PASSED">
         <system-out><![CDATA[2018-10-15 16:31:50 - [TEST_CASE][PASSED] - Test Cases/Digital Loyalty/Sign Up/DigSig_04_Verify that submitting un-successfully digital loyalty account with missing first name at step 1: Test Cases/Digital Loyalty/Sign Up/DigSig_04_Verify that submitting un-successfully digital loyalty account with missing first name at step 1

2018-10-15 16:31:51 - [TEST_STEP][PASSED] - comment: Steps

2018-10-15 16:31:51 - [TEST_STEP][PASSED] - customkeyword.CommonKeyword.OpenBrowser: customkeyword.CommonKeyword.OpenBrowser is PASSED

2018-10-15 16:31:58 - [MESSAGE][PASSED] - Browser is opened with url: 'https://staging-1.pirq.com/digital-loyalty/signup'

2018-10-15 16:31:59 - [MESSAGE][PASSED] - Current window maximized

2018-10-15 16:31:59 - [MESSAGE][PASSED] - customkeyword.CommonKeyword.OpenBrowser is PASSED

2018-10-15 16:31:59 - [TEST_STEP][PASSED] - setText: Text '+84123456789' is set on object 'Object Repository/Digital Loyalty/Por_Digital inf/txt_Phone_Por_Dig_Step1'

2018-10-15 16:32:00 - [MESSAGE][PASSED] - Text '+84123456789' is set on object 'Object Repository/Digital Loyalty/Por_Digital inf/txt_Phone_Por_Dig_Step1'

2018-10-15 16:32:00 - [TEST_STEP][PASSED] - setText: Text 'last name' is set on object 'Object Repository/Digital Loyalty/Por_Digital inf/txt_LastName_Por_Dig_Step1'

2018-10-15 16:32:01 - [MESSAGE][PASSED] - Text 'last name' is set on object 'Object Repository/Digital Loyalty/Por_Digital inf/txt_LastName_Por_Dig_Step1'

2018-10-15 16:32:01 - [TEST_STEP][PASSED] - Statement - var_DigSignedUpEmail = CustomKeywords.customkeyword.CommonKeyword.GenerateEmail("Digital"): customkeyword.CommonKeyword.GenerateEmail is PASSED

2018-10-15 16:32:01 - [MESSAGE][PASSED] - customkeyword.CommonKeyword.GenerateEmail is PASSED

2018-10-15 16:32:01 - [TEST_STEP][PASSED] - setText: Text 'Digital151018043201@yopmail.com' is set on object 'Object Repository/Digital Loyalty/Por_Digital inf/txt_Email_Por_Dig_Step1'

2018-10-15 16:32:01 - [MESSAGE][PASSED] - Text 'Digital151018043201@yopmail.com' is set on object 'Object Repository/Digital Loyalty/Por_Digital inf/txt_Email_Por_Dig_Step1'

2018-10-15 16:32:01 - [TEST_STEP][PASSED] - setText: Text 'test Company' is set on object 'Object Repository/Digital Loyalty/Por_Digital inf/txt_BusinessName_Por_Dig_Step1'

2018-10-15 16:32:02 - [MESSAGE][PASSED] - Text 'test Company' is set on object 'Object Repository/Digital Loyalty/Por_Digital inf/txt_BusinessName_Por_Dig_Step1'

2018-10-15 16:32:02 - [TEST_STEP][PASSED] - setText: Text '123 street' is set on object 'Object Repository/Digital Loyalty/Por_Digital inf/txt_StreetAddress_Por_Dig_Step1'

2018-10-15 16:32:02 - [MESSAGE][PASSED] - Text '123 street' is set on object 'Object Repository/Digital Loyalty/Por_Digital inf/txt_StreetAddress_Por_Dig_Step1'

2018-10-15 16:32:02 - [TEST_STEP][PASSED] - setText: Text 'HCMC' is set on object 'Object Repository/Digital Loyalty/Por_Digital inf/txt_City_Por_Dig_Step1'

2018-10-15 16:32:03 - [MESSAGE][PASSED] - Text 'HCMC' is set on object 'Object Repository/Digital Loyalty/Por_Digital inf/txt_City_Por_Dig_Step1'

2018-10-15 16:32:03 - [TEST_STEP][PASSED] - setText: Text '70000' is set on object 'Object Repository/Digital Loyalty/Por_Digital inf/txt_PostalCode_Por_Dig_Step1'

2018-10-15 16:32:03 - [MESSAGE][PASSED] - Text '70000' is set on object 'Object Repository/Digital Loyalty/Por_Digital inf/txt_PostalCode_Por_Dig_Step1'

2018-10-15 16:32:03 - [TEST_STEP][PASSED] - click: Object: 'Object Repository/Digital Loyalty/Por_Digital inf/btn_NextStep_Por_Dig_Step1' is clicked on

2018-10-15 16:32:04 - [MESSAGE][PASSED] - Object: 'Object Repository/Digital Loyalty/Por_Digital inf/btn_NextStep_Por_Dig_Step1' is clicked on

2018-10-15 16:32:04 - [TEST_STEP][PASSED] - verifyElementPresent: Object 'Object Repository/Digital Loyalty/Por_Digital inf/lbl_MissingFirstName_Step1' is present

2018-10-15 16:32:04 - [MESSAGE][PASSED] - Object 'Object Repository/Digital Loyalty/Por_Digital inf/lbl_MissingFirstName_Step1' is present

2018-10-15 16:32:04 - [TEST_STEP][PASSED] - closeBrowser: Browser is closed

2018-10-15 16:32:06 - [MESSAGE][PASSED] - Browser is closed]]></system-out>
         <system-err><![CDATA[]]></system-err>
      </testcase>
      <testcase name="Test Cases/Digital Loyalty/Sign Up/DigSig_05_Verify that submitting un-successfully digital loyalty account with missing last name at step 1" classname="Test Cases/Digital Loyalty/Sign Up/DigSig_05_Verify that submitting un-successfully digital loyalty account with missing last name at step 1" status="PASSED">
         <system-out><![CDATA[2018-10-15 16:32:06 - [TEST_CASE][PASSED] - Test Cases/Digital Loyalty/Sign Up/DigSig_05_Verify that submitting un-successfully digital loyalty account with missing last name at step 1: Test Cases/Digital Loyalty/Sign Up/DigSig_05_Verify that submitting un-successfully digital loyalty account with missing last name at step 1

2018-10-15 16:32:06 - [TEST_STEP][PASSED] - comment: Steps

2018-10-15 16:32:06 - [TEST_STEP][PASSED] - customkeyword.CommonKeyword.OpenBrowser: customkeyword.CommonKeyword.OpenBrowser is PASSED

2018-10-15 16:32:12 - [MESSAGE][PASSED] - Browser is opened with url: 'https://staging-1.pirq.com/digital-loyalty/signup'

2018-10-15 16:32:14 - [MESSAGE][PASSED] - Current window maximized

2018-10-15 16:32:14 - [MESSAGE][PASSED] - customkeyword.CommonKeyword.OpenBrowser is PASSED

2018-10-15 16:32:14 - [TEST_STEP][PASSED] - setText: Text '+84123456789' is set on object 'Object Repository/Digital Loyalty/Por_Digital inf/txt_Phone_Por_Dig_Step1'

2018-10-15 16:32:14 - [MESSAGE][PASSED] - Text '+84123456789' is set on object 'Object Repository/Digital Loyalty/Por_Digital inf/txt_Phone_Por_Dig_Step1'

2018-10-15 16:32:14 - [TEST_STEP][PASSED] - setText: Text 'first name' is set on object 'Object Repository/Digital Loyalty/Por_Digital inf/txt_FirstName_Por_Dig_Step1'

2018-10-15 16:32:15 - [MESSAGE][PASSED] - Text 'first name' is set on object 'Object Repository/Digital Loyalty/Por_Digital inf/txt_FirstName_Por_Dig_Step1'

2018-10-15 16:32:15 - [TEST_STEP][PASSED] - Statement - var_DigSignedUpEmail = CustomKeywords.customkeyword.CommonKeyword.GenerateEmail("Digital"): customkeyword.CommonKeyword.GenerateEmail is PASSED

2018-10-15 16:32:15 - [MESSAGE][PASSED] - customkeyword.CommonKeyword.GenerateEmail is PASSED

2018-10-15 16:32:15 - [TEST_STEP][PASSED] - setText: Text 'Digital151018043215@yopmail.com' is set on object 'Object Repository/Digital Loyalty/Por_Digital inf/txt_Email_Por_Dig_Step1'

2018-10-15 16:32:15 - [MESSAGE][PASSED] - Text 'Digital151018043215@yopmail.com' is set on object 'Object Repository/Digital Loyalty/Por_Digital inf/txt_Email_Por_Dig_Step1'

2018-10-15 16:32:15 - [TEST_STEP][PASSED] - setText: Text 'test Company' is set on object 'Object Repository/Digital Loyalty/Por_Digital inf/txt_BusinessName_Por_Dig_Step1'

2018-10-15 16:32:16 - [MESSAGE][PASSED] - Text 'test Company' is set on object 'Object Repository/Digital Loyalty/Por_Digital inf/txt_BusinessName_Por_Dig_Step1'

2018-10-15 16:32:16 - [TEST_STEP][PASSED] - setText: Text '123 street' is set on object 'Object Repository/Digital Loyalty/Por_Digital inf/txt_StreetAddress_Por_Dig_Step1'

2018-10-15 16:32:16 - [MESSAGE][PASSED] - Text '123 street' is set on object 'Object Repository/Digital Loyalty/Por_Digital inf/txt_StreetAddress_Por_Dig_Step1'

2018-10-15 16:32:16 - [TEST_STEP][PASSED] - setText: Text 'HCMC' is set on object 'Object Repository/Digital Loyalty/Por_Digital inf/txt_City_Por_Dig_Step1'

2018-10-15 16:32:17 - [MESSAGE][PASSED] - Text 'HCMC' is set on object 'Object Repository/Digital Loyalty/Por_Digital inf/txt_City_Por_Dig_Step1'

2018-10-15 16:32:17 - [TEST_STEP][PASSED] - setText: Text '70000' is set on object 'Object Repository/Digital Loyalty/Por_Digital inf/txt_PostalCode_Por_Dig_Step1'

2018-10-15 16:32:17 - [MESSAGE][PASSED] - Text '70000' is set on object 'Object Repository/Digital Loyalty/Por_Digital inf/txt_PostalCode_Por_Dig_Step1'

2018-10-15 16:32:17 - [TEST_STEP][PASSED] - click: Object: 'Object Repository/Digital Loyalty/Por_Digital inf/btn_NextStep_Por_Dig_Step1' is clicked on

2018-10-15 16:32:18 - [MESSAGE][PASSED] - Object: 'Object Repository/Digital Loyalty/Por_Digital inf/btn_NextStep_Por_Dig_Step1' is clicked on

2018-10-15 16:32:18 - [TEST_STEP][PASSED] - verifyElementPresent: Object 'Object Repository/Digital Loyalty/Por_Digital inf/lbl_MissingLastName_Step1' is present

2018-10-15 16:32:18 - [MESSAGE][PASSED] - Object 'Object Repository/Digital Loyalty/Por_Digital inf/lbl_MissingLastName_Step1' is present

2018-10-15 16:32:18 - [TEST_STEP][PASSED] - closeBrowser: Browser is closed

2018-10-15 16:32:19 - [MESSAGE][PASSED] - Browser is closed]]></system-out>
         <system-err><![CDATA[]]></system-err>
      </testcase>
      <testcase name="Test Cases/Digital Loyalty/Sign Up/DigSig_06_Verify that submitting un-successfully digital loyalty account with missing business name at step 1" classname="Test Cases/Digital Loyalty/Sign Up/DigSig_06_Verify that submitting un-successfully digital loyalty account with missing business name at step 1" status="PASSED">
         <system-out><![CDATA[2018-10-15 16:32:19 - [TEST_CASE][PASSED] - Test Cases/Digital Loyalty/Sign Up/DigSig_06_Verify that submitting un-successfully digital loyalty account with missing business name at step 1: Test Cases/Digital Loyalty/Sign Up/DigSig_06_Verify that submitting un-successfully digital loyalty account with missing business name at step 1

2018-10-15 16:32:20 - [TEST_STEP][PASSED] - comment: Steps

2018-10-15 16:32:20 - [TEST_STEP][PASSED] - customkeyword.CommonKeyword.OpenBrowser: customkeyword.CommonKeyword.OpenBrowser is PASSED

2018-10-15 16:32:26 - [MESSAGE][PASSED] - Browser is opened with url: 'https://staging-1.pirq.com/digital-loyalty/signup'

2018-10-15 16:32:28 - [MESSAGE][PASSED] - Current window maximized

2018-10-15 16:32:28 - [MESSAGE][PASSED] - customkeyword.CommonKeyword.OpenBrowser is PASSED

2018-10-15 16:32:28 - [TEST_STEP][PASSED] - setText: Text '+84123456789' is set on object 'Object Repository/Digital Loyalty/Por_Digital inf/txt_Phone_Por_Dig_Step1'

2018-10-15 16:32:29 - [MESSAGE][PASSED] - Text '+84123456789' is set on object 'Object Repository/Digital Loyalty/Por_Digital inf/txt_Phone_Por_Dig_Step1'

2018-10-15 16:32:29 - [TEST_STEP][PASSED] - setText: Text 'first name' is set on object 'Object Repository/Digital Loyalty/Por_Digital inf/txt_FirstName_Por_Dig_Step1'

2018-10-15 16:32:29 - [MESSAGE][PASSED] - Text 'first name' is set on object 'Object Repository/Digital Loyalty/Por_Digital inf/txt_FirstName_Por_Dig_Step1'

2018-10-15 16:32:29 - [TEST_STEP][PASSED] - Statement - var_DigSignedUpEmail = CustomKeywords.customkeyword.CommonKeyword.GenerateEmail("Digital"): customkeyword.CommonKeyword.GenerateEmail is PASSED

2018-10-15 16:32:29 - [MESSAGE][PASSED] - customkeyword.CommonKeyword.GenerateEmail is PASSED

2018-10-15 16:32:29 - [TEST_STEP][PASSED] - setText: Text 'Digital151018043229@yopmail.com' is set on object 'Object Repository/Digital Loyalty/Por_Digital inf/txt_Email_Por_Dig_Step1'

2018-10-15 16:32:30 - [MESSAGE][PASSED] - Text 'Digital151018043229@yopmail.com' is set on object 'Object Repository/Digital Loyalty/Por_Digital inf/txt_Email_Por_Dig_Step1'

2018-10-15 16:32:30 - [TEST_STEP][PASSED] - setText: Text 'last name' is set on object 'Object Repository/Digital Loyalty/Por_Digital inf/txt_LastName_Por_Dig_Step1'

2018-10-15 16:32:30 - [MESSAGE][PASSED] - Text 'last name' is set on object 'Object Repository/Digital Loyalty/Por_Digital inf/txt_LastName_Por_Dig_Step1'

2018-10-15 16:32:30 - [TEST_STEP][PASSED] - setText: Text '123 street' is set on object 'Object Repository/Digital Loyalty/Por_Digital inf/txt_StreetAddress_Por_Dig_Step1'

2018-10-15 16:32:31 - [MESSAGE][PASSED] - Text '123 street' is set on object 'Object Repository/Digital Loyalty/Por_Digital inf/txt_StreetAddress_Por_Dig_Step1'

2018-10-15 16:32:31 - [TEST_STEP][PASSED] - setText: Text 'HCMC' is set on object 'Object Repository/Digital Loyalty/Por_Digital inf/txt_City_Por_Dig_Step1'

2018-10-15 16:32:31 - [MESSAGE][PASSED] - Text 'HCMC' is set on object 'Object Repository/Digital Loyalty/Por_Digital inf/txt_City_Por_Dig_Step1'

2018-10-15 16:32:31 - [TEST_STEP][PASSED] - setText: Text '70000' is set on object 'Object Repository/Digital Loyalty/Por_Digital inf/txt_PostalCode_Por_Dig_Step1'

2018-10-15 16:32:32 - [MESSAGE][PASSED] - Text '70000' is set on object 'Object Repository/Digital Loyalty/Por_Digital inf/txt_PostalCode_Por_Dig_Step1'

2018-10-15 16:32:32 - [TEST_STEP][PASSED] - click: Object: 'Object Repository/Digital Loyalty/Por_Digital inf/btn_NextStep_Por_Dig_Step1' is clicked on

2018-10-15 16:32:33 - [MESSAGE][PASSED] - Object: 'Object Repository/Digital Loyalty/Por_Digital inf/btn_NextStep_Por_Dig_Step1' is clicked on

2018-10-15 16:32:33 - [TEST_STEP][PASSED] - verifyElementPresent: Object 'Object Repository/Digital Loyalty/Por_Digital inf/lbl_MissingBusinessName_Step1' is present

2018-10-15 16:32:33 - [MESSAGE][PASSED] - Object 'Object Repository/Digital Loyalty/Por_Digital inf/lbl_MissingBusinessName_Step1' is present

2018-10-15 16:32:33 - [TEST_STEP][PASSED] - closeBrowser: Browser is closed

2018-10-15 16:32:34 - [MESSAGE][PASSED] - Browser is closed]]></system-out>
         <system-err><![CDATA[]]></system-err>
      </testcase>
      <testcase name="Test Cases/Digital Loyalty/Sign Up/DigSig_07_Verify that submitting un-successfully digital loyalty account with missing street address at step 1" classname="Test Cases/Digital Loyalty/Sign Up/DigSig_07_Verify that submitting un-successfully digital loyalty account with missing street address at step 1" status="PASSED">
         <system-out><![CDATA[2018-10-15 16:32:34 - [TEST_CASE][PASSED] - Test Cases/Digital Loyalty/Sign Up/DigSig_07_Verify that submitting un-successfully digital loyalty account with missing street address at step 1: Test Cases/Digital Loyalty/Sign Up/DigSig_07_Verify that submitting un-successfully digital loyalty account with missing street address at step 1

2018-10-15 16:32:35 - [TEST_STEP][PASSED] - comment: Steps

2018-10-15 16:32:35 - [TEST_STEP][PASSED] - customkeyword.CommonKeyword.OpenBrowser: customkeyword.CommonKeyword.OpenBrowser is PASSED

2018-10-15 16:32:41 - [MESSAGE][PASSED] - Browser is opened with url: 'https://staging-1.pirq.com/digital-loyalty/signup'

2018-10-15 16:32:43 - [MESSAGE][PASSED] - Current window maximized

2018-10-15 16:32:43 - [MESSAGE][PASSED] - customkeyword.CommonKeyword.OpenBrowser is PASSED

2018-10-15 16:32:43 - [TEST_STEP][PASSED] - setText: Text '+84123456789' is set on object 'Object Repository/Digital Loyalty/Por_Digital inf/txt_Phone_Por_Dig_Step1'

2018-10-15 16:32:43 - [MESSAGE][PASSED] - Text '+84123456789' is set on object 'Object Repository/Digital Loyalty/Por_Digital inf/txt_Phone_Por_Dig_Step1'

2018-10-15 16:32:43 - [TEST_STEP][PASSED] - setText: Text 'first name' is set on object 'Object Repository/Digital Loyalty/Por_Digital inf/txt_FirstName_Por_Dig_Step1'

2018-10-15 16:32:44 - [MESSAGE][PASSED] - Text 'first name' is set on object 'Object Repository/Digital Loyalty/Por_Digital inf/txt_FirstName_Por_Dig_Step1'

2018-10-15 16:32:44 - [TEST_STEP][PASSED] - Statement - var_DigSignedUpEmail = CustomKeywords.customkeyword.CommonKeyword.GenerateEmail("Digital"): customkeyword.CommonKeyword.GenerateEmail is PASSED

2018-10-15 16:32:44 - [MESSAGE][PASSED] - customkeyword.CommonKeyword.GenerateEmail is PASSED

2018-10-15 16:32:44 - [TEST_STEP][PASSED] - setText: Text 'Digital151018043244@yopmail.com' is set on object 'Object Repository/Digital Loyalty/Por_Digital inf/txt_Email_Por_Dig_Step1'

2018-10-15 16:32:45 - [MESSAGE][PASSED] - Text 'Digital151018043244@yopmail.com' is set on object 'Object Repository/Digital Loyalty/Por_Digital inf/txt_Email_Por_Dig_Step1'

2018-10-15 16:32:45 - [TEST_STEP][PASSED] - setText: Text 'last name' is set on object 'Object Repository/Digital Loyalty/Por_Digital inf/txt_LastName_Por_Dig_Step1'

2018-10-15 16:32:45 - [MESSAGE][PASSED] - Text 'last name' is set on object 'Object Repository/Digital Loyalty/Por_Digital inf/txt_LastName_Por_Dig_Step1'

2018-10-15 16:32:45 - [TEST_STEP][PASSED] - setText: Text 'test company' is set on object 'Object Repository/Digital Loyalty/Por_Digital inf/txt_BusinessName_Por_Dig_Step1'

2018-10-15 16:32:46 - [MESSAGE][PASSED] - Text 'test company' is set on object 'Object Repository/Digital Loyalty/Por_Digital inf/txt_BusinessName_Por_Dig_Step1'

2018-10-15 16:32:46 - [TEST_STEP][PASSED] - setText: Text 'HCMC' is set on object 'Object Repository/Digital Loyalty/Por_Digital inf/txt_City_Por_Dig_Step1'

2018-10-15 16:32:46 - [MESSAGE][PASSED] - Text 'HCMC' is set on object 'Object Repository/Digital Loyalty/Por_Digital inf/txt_City_Por_Dig_Step1'

2018-10-15 16:32:46 - [TEST_STEP][PASSED] - setText: Text '70000' is set on object 'Object Repository/Digital Loyalty/Por_Digital inf/txt_PostalCode_Por_Dig_Step1'

2018-10-15 16:32:47 - [MESSAGE][PASSED] - Text '70000' is set on object 'Object Repository/Digital Loyalty/Por_Digital inf/txt_PostalCode_Por_Dig_Step1'

2018-10-15 16:32:47 - [TEST_STEP][PASSED] - click: Object: 'Object Repository/Digital Loyalty/Por_Digital inf/btn_NextStep_Por_Dig_Step1' is clicked on

2018-10-15 16:32:48 - [MESSAGE][PASSED] - Object: 'Object Repository/Digital Loyalty/Por_Digital inf/btn_NextStep_Por_Dig_Step1' is clicked on

2018-10-15 16:32:48 - [TEST_STEP][PASSED] - verifyElementPresent: Object 'Object Repository/Digital Loyalty/Por_Digital inf/lbl_MissingStreet_Step1' is present

2018-10-15 16:32:48 - [MESSAGE][PASSED] - Object 'Object Repository/Digital Loyalty/Por_Digital inf/lbl_MissingStreet_Step1' is present

2018-10-15 16:32:48 - [TEST_STEP][PASSED] - closeBrowser: Browser is closed

2018-10-15 16:32:49 - [MESSAGE][PASSED] - Browser is closed]]></system-out>
         <system-err><![CDATA[]]></system-err>
      </testcase>
      <testcase name="Test Cases/Digital Loyalty/Sign Up/DigSig_08_Verify that submitting un-successfully digital loyalty account with missing city at step 1" classname="Test Cases/Digital Loyalty/Sign Up/DigSig_08_Verify that submitting un-successfully digital loyalty account with missing city at step 1" status="PASSED">
         <system-out><![CDATA[2018-10-15 16:32:49 - [TEST_CASE][PASSED] - Test Cases/Digital Loyalty/Sign Up/DigSig_08_Verify that submitting un-successfully digital loyalty account with missing city at step 1: Test Cases/Digital Loyalty/Sign Up/DigSig_08_Verify that submitting un-successfully digital loyalty account with missing city at step 1

2018-10-15 16:32:49 - [TEST_STEP][PASSED] - comment: Steps

2018-10-15 16:32:49 - [TEST_STEP][PASSED] - customkeyword.CommonKeyword.OpenBrowser: customkeyword.CommonKeyword.OpenBrowser is PASSED

2018-10-15 16:32:56 - [MESSAGE][PASSED] - Browser is opened with url: 'https://staging-1.pirq.com/digital-loyalty/signup'

2018-10-15 16:32:57 - [MESSAGE][PASSED] - Current window maximized

2018-10-15 16:32:57 - [MESSAGE][PASSED] - customkeyword.CommonKeyword.OpenBrowser is PASSED

2018-10-15 16:32:57 - [TEST_STEP][PASSED] - setText: Text '+84123456789' is set on object 'Object Repository/Digital Loyalty/Por_Digital inf/txt_Phone_Por_Dig_Step1'

2018-10-15 16:32:57 - [MESSAGE][PASSED] - Text '+84123456789' is set on object 'Object Repository/Digital Loyalty/Por_Digital inf/txt_Phone_Por_Dig_Step1'

2018-10-15 16:32:57 - [TEST_STEP][PASSED] - setText: Text 'first name' is set on object 'Object Repository/Digital Loyalty/Por_Digital inf/txt_FirstName_Por_Dig_Step1'

2018-10-15 16:32:58 - [MESSAGE][PASSED] - Text 'first name' is set on object 'Object Repository/Digital Loyalty/Por_Digital inf/txt_FirstName_Por_Dig_Step1'

2018-10-15 16:32:58 - [TEST_STEP][PASSED] - Statement - var_DigSignedUpEmail = CustomKeywords.customkeyword.CommonKeyword.GenerateEmail("Digital"): customkeyword.CommonKeyword.GenerateEmail is PASSED

2018-10-15 16:32:58 - [MESSAGE][PASSED] - customkeyword.CommonKeyword.GenerateEmail is PASSED

2018-10-15 16:32:58 - [TEST_STEP][PASSED] - setText: Text 'Digital151018043258@yopmail.com' is set on object 'Object Repository/Digital Loyalty/Por_Digital inf/txt_Email_Por_Dig_Step1'

2018-10-15 16:32:59 - [MESSAGE][PASSED] - Text 'Digital151018043258@yopmail.com' is set on object 'Object Repository/Digital Loyalty/Por_Digital inf/txt_Email_Por_Dig_Step1'

2018-10-15 16:32:59 - [TEST_STEP][PASSED] - setText: Text 'last name' is set on object 'Object Repository/Digital Loyalty/Por_Digital inf/txt_LastName_Por_Dig_Step1'

2018-10-15 16:32:59 - [MESSAGE][PASSED] - Text 'last name' is set on object 'Object Repository/Digital Loyalty/Por_Digital inf/txt_LastName_Por_Dig_Step1'

2018-10-15 16:32:59 - [TEST_STEP][PASSED] - setText: Text 'test company' is set on object 'Object Repository/Digital Loyalty/Por_Digital inf/txt_BusinessName_Por_Dig_Step1'

2018-10-15 16:33:00 - [MESSAGE][PASSED] - Text 'test company' is set on object 'Object Repository/Digital Loyalty/Por_Digital inf/txt_BusinessName_Por_Dig_Step1'

2018-10-15 16:33:00 - [TEST_STEP][PASSED] - setText: Text '123 streeet' is set on object 'Object Repository/Digital Loyalty/Por_Digital inf/txt_StreetAddress_Por_Dig_Step1'

2018-10-15 16:33:01 - [MESSAGE][PASSED] - Text '123 streeet' is set on object 'Object Repository/Digital Loyalty/Por_Digital inf/txt_StreetAddress_Por_Dig_Step1'

2018-10-15 16:33:01 - [TEST_STEP][PASSED] - setText: Text '70000' is set on object 'Object Repository/Digital Loyalty/Por_Digital inf/txt_PostalCode_Por_Dig_Step1'

2018-10-15 16:33:01 - [MESSAGE][PASSED] - Text '70000' is set on object 'Object Repository/Digital Loyalty/Por_Digital inf/txt_PostalCode_Por_Dig_Step1'

2018-10-15 16:33:01 - [TEST_STEP][PASSED] - click: Object: 'Object Repository/Digital Loyalty/Por_Digital inf/btn_NextStep_Por_Dig_Step1' is clicked on

2018-10-15 16:33:02 - [MESSAGE][PASSED] - Object: 'Object Repository/Digital Loyalty/Por_Digital inf/btn_NextStep_Por_Dig_Step1' is clicked on

2018-10-15 16:33:02 - [TEST_STEP][PASSED] - verifyElementPresent: Object 'Object Repository/Digital Loyalty/Por_Digital inf/lbl_MissingCity_Step1' is present

2018-10-15 16:33:02 - [MESSAGE][PASSED] - Object 'Object Repository/Digital Loyalty/Por_Digital inf/lbl_MissingCity_Step1' is present

2018-10-15 16:33:02 - [TEST_STEP][PASSED] - closeBrowser: Browser is closed

2018-10-15 16:33:03 - [MESSAGE][PASSED] - Browser is closed]]></system-out>
         <system-err><![CDATA[]]></system-err>
      </testcase>
      <testcase name="Test Cases/Digital Loyalty/Sign Up/DigSig_09_Verify that submitting un-successfully digital loyalty account with missing postal code at step 1" classname="Test Cases/Digital Loyalty/Sign Up/DigSig_09_Verify that submitting un-successfully digital loyalty account with missing postal code at step 1" status="PASSED">
         <system-out><![CDATA[2018-10-15 16:33:03 - [TEST_CASE][PASSED] - Test Cases/Digital Loyalty/Sign Up/DigSig_09_Verify that submitting un-successfully digital loyalty account with missing postal code at step 1: Test Cases/Digital Loyalty/Sign Up/DigSig_09_Verify that submitting un-successfully digital loyalty account with missing postal code at step 1

2018-10-15 16:33:03 - [TEST_STEP][PASSED] - comment: Steps

2018-10-15 16:33:03 - [TEST_STEP][PASSED] - customkeyword.CommonKeyword.OpenBrowser: customkeyword.CommonKeyword.OpenBrowser is PASSED

2018-10-15 16:33:10 - [MESSAGE][PASSED] - Browser is opened with url: 'https://staging-1.pirq.com/digital-loyalty/signup'

2018-10-15 16:33:11 - [MESSAGE][PASSED] - Current window maximized

2018-10-15 16:33:11 - [MESSAGE][PASSED] - customkeyword.CommonKeyword.OpenBrowser is PASSED

2018-10-15 16:33:11 - [TEST_STEP][PASSED] - setText: Text '+84123456789' is set on object 'Object Repository/Digital Loyalty/Por_Digital inf/txt_Phone_Por_Dig_Step1'

2018-10-15 16:33:12 - [MESSAGE][PASSED] - Text '+84123456789' is set on object 'Object Repository/Digital Loyalty/Por_Digital inf/txt_Phone_Por_Dig_Step1'

2018-10-15 16:33:12 - [TEST_STEP][PASSED] - setText: Text 'first name' is set on object 'Object Repository/Digital Loyalty/Por_Digital inf/txt_FirstName_Por_Dig_Step1'

2018-10-15 16:33:12 - [MESSAGE][PASSED] - Text 'first name' is set on object 'Object Repository/Digital Loyalty/Por_Digital inf/txt_FirstName_Por_Dig_Step1'

2018-10-15 16:33:12 - [TEST_STEP][PASSED] - Statement - var_DigSignedUpEmail = CustomKeywords.customkeyword.CommonKeyword.GenerateEmail("Digital"): customkeyword.CommonKeyword.GenerateEmail is PASSED

2018-10-15 16:33:12 - [MESSAGE][PASSED] - customkeyword.CommonKeyword.GenerateEmail is PASSED

2018-10-15 16:33:12 - [TEST_STEP][PASSED] - setText: Text 'Digital151018043312@yopmail.com' is set on object 'Object Repository/Digital Loyalty/Por_Digital inf/txt_Email_Por_Dig_Step1'

2018-10-15 16:33:13 - [MESSAGE][PASSED] - Text 'Digital151018043312@yopmail.com' is set on object 'Object Repository/Digital Loyalty/Por_Digital inf/txt_Email_Por_Dig_Step1'

2018-10-15 16:33:13 - [TEST_STEP][PASSED] - setText: Text 'last name' is set on object 'Object Repository/Digital Loyalty/Por_Digital inf/txt_LastName_Por_Dig_Step1'

2018-10-15 16:33:14 - [MESSAGE][PASSED] - Text 'last name' is set on object 'Object Repository/Digital Loyalty/Por_Digital inf/txt_LastName_Por_Dig_Step1'

2018-10-15 16:33:14 - [TEST_STEP][PASSED] - setText: Text 'test company' is set on object 'Object Repository/Digital Loyalty/Por_Digital inf/txt_BusinessName_Por_Dig_Step1'

2018-10-15 16:33:14 - [MESSAGE][PASSED] - Text 'test company' is set on object 'Object Repository/Digital Loyalty/Por_Digital inf/txt_BusinessName_Por_Dig_Step1'

2018-10-15 16:33:14 - [TEST_STEP][PASSED] - setText: Text '123 streeet' is set on object 'Object Repository/Digital Loyalty/Por_Digital inf/txt_StreetAddress_Por_Dig_Step1'

2018-10-15 16:33:15 - [MESSAGE][PASSED] - Text '123 streeet' is set on object 'Object Repository/Digital Loyalty/Por_Digital inf/txt_StreetAddress_Por_Dig_Step1'

2018-10-15 16:33:15 - [TEST_STEP][PASSED] - setText: Text 'HCMC' is set on object 'Object Repository/Digital Loyalty/Por_Digital inf/txt_City_Por_Dig_Step1'

2018-10-15 16:33:15 - [MESSAGE][PASSED] - Text 'HCMC' is set on object 'Object Repository/Digital Loyalty/Por_Digital inf/txt_City_Por_Dig_Step1'

2018-10-15 16:33:15 - [TEST_STEP][PASSED] - click: Object: 'Object Repository/Digital Loyalty/Por_Digital inf/btn_NextStep_Por_Dig_Step1' is clicked on

2018-10-15 16:33:16 - [MESSAGE][PASSED] - Object: 'Object Repository/Digital Loyalty/Por_Digital inf/btn_NextStep_Por_Dig_Step1' is clicked on

2018-10-15 16:33:16 - [TEST_STEP][PASSED] - verifyElementPresent: Object 'Object Repository/Digital Loyalty/Por_Digital inf/lbl_MissingPostal_Step1' is present

2018-10-15 16:33:16 - [MESSAGE][PASSED] - Object 'Object Repository/Digital Loyalty/Por_Digital inf/lbl_MissingPostal_Step1' is present

2018-10-15 16:33:16 - [TEST_STEP][PASSED] - closeBrowser: Browser is closed

2018-10-15 16:33:17 - [MESSAGE][PASSED] - Browser is closed]]></system-out>
         <system-err><![CDATA[]]></system-err>
      </testcase>
      <testcase name="Test Cases/Digital Loyalty/Sign Up/DigSig_10_Verify that submitting successfully digital loyalty account at step 1" classname="Test Cases/Digital Loyalty/Sign Up/DigSig_10_Verify that submitting successfully digital loyalty account at step 1" status="PASSED">
         <system-out><![CDATA[2018-10-15 16:33:17 - [TEST_CASE][PASSED] - Test Cases/Digital Loyalty/Sign Up/DigSig_10_Verify that submitting successfully digital loyalty account at step 1: Test Cases/Digital Loyalty/Sign Up/DigSig_10_Verify that submitting successfully digital loyalty account at step 1

2018-10-15 16:33:18 - [TEST_STEP][PASSED] - comment: Steps

2018-10-15 16:33:18 - [TEST_STEP][PASSED] - customkeyword.CommonKeyword.OpenBrowser: customkeyword.CommonKeyword.OpenBrowser is PASSED

2018-10-15 16:33:24 - [MESSAGE][PASSED] - Browser is opened with url: 'https://staging-1.pirq.com/digital-loyalty/signup'

2018-10-15 16:33:26 - [MESSAGE][PASSED] - Current window maximized

2018-10-15 16:33:26 - [MESSAGE][PASSED] - customkeyword.CommonKeyword.OpenBrowser is PASSED

2018-10-15 16:33:26 - [TEST_STEP][PASSED] - setText: Text '+84123456789' is set on object 'Object Repository/Digital Loyalty/Por_Digital inf/txt_Phone_Por_Dig_Step1'

2018-10-15 16:33:26 - [MESSAGE][PASSED] - Text '+84123456789' is set on object 'Object Repository/Digital Loyalty/Por_Digital inf/txt_Phone_Por_Dig_Step1'

2018-10-15 16:33:26 - [TEST_STEP][PASSED] - setText: Text 'first name' is set on object 'Object Repository/Digital Loyalty/Por_Digital inf/txt_FirstName_Por_Dig_Step1'

2018-10-15 16:33:27 - [MESSAGE][PASSED] - Text 'first name' is set on object 'Object Repository/Digital Loyalty/Por_Digital inf/txt_FirstName_Por_Dig_Step1'

2018-10-15 16:33:27 - [TEST_STEP][PASSED] - Statement - var_DigSignedUpEmail = CustomKeywords.customkeyword.CommonKeyword.GenerateEmail("Digital"): customkeyword.CommonKeyword.GenerateEmail is PASSED

2018-10-15 16:33:27 - [MESSAGE][PASSED] - customkeyword.CommonKeyword.GenerateEmail is PASSED

2018-10-15 16:33:27 - [TEST_STEP][PASSED] - setText: Text 'Digital151018043327@yopmail.com' is set on object 'Object Repository/Digital Loyalty/Por_Digital inf/txt_Email_Por_Dig_Step1'

2018-10-15 16:33:28 - [MESSAGE][PASSED] - Text 'Digital151018043327@yopmail.com' is set on object 'Object Repository/Digital Loyalty/Por_Digital inf/txt_Email_Por_Dig_Step1'

2018-10-15 16:33:28 - [TEST_STEP][PASSED] - setText: Text 'last name' is set on object 'Object Repository/Digital Loyalty/Por_Digital inf/txt_LastName_Por_Dig_Step1'

2018-10-15 16:33:28 - [MESSAGE][PASSED] - Text 'last name' is set on object 'Object Repository/Digital Loyalty/Por_Digital inf/txt_LastName_Por_Dig_Step1'

2018-10-15 16:33:28 - [TEST_STEP][PASSED] - setText: Text 'test company' is set on object 'Object Repository/Digital Loyalty/Por_Digital inf/txt_BusinessName_Por_Dig_Step1'

2018-10-15 16:33:29 - [MESSAGE][PASSED] - Text 'test company' is set on object 'Object Repository/Digital Loyalty/Por_Digital inf/txt_BusinessName_Por_Dig_Step1'

2018-10-15 16:33:29 - [TEST_STEP][PASSED] - setText: Text '123 streeet' is set on object 'Object Repository/Digital Loyalty/Por_Digital inf/txt_StreetAddress_Por_Dig_Step1'

2018-10-15 16:33:29 - [MESSAGE][PASSED] - Text '123 streeet' is set on object 'Object Repository/Digital Loyalty/Por_Digital inf/txt_StreetAddress_Por_Dig_Step1'

2018-10-15 16:33:29 - [TEST_STEP][PASSED] - setText: Text 'HCMC' is set on object 'Object Repository/Digital Loyalty/Por_Digital inf/txt_City_Por_Dig_Step1'

2018-10-15 16:33:30 - [MESSAGE][PASSED] - Text 'HCMC' is set on object 'Object Repository/Digital Loyalty/Por_Digital inf/txt_City_Por_Dig_Step1'

2018-10-15 16:33:30 - [TEST_STEP][PASSED] - setText: Text '70000' is set on object 'Object Repository/Digital Loyalty/Por_Digital inf/txt_PostalCode_Por_Dig_Step1'

2018-10-15 16:33:30 - [MESSAGE][PASSED] - Text '70000' is set on object 'Object Repository/Digital Loyalty/Por_Digital inf/txt_PostalCode_Por_Dig_Step1'

2018-10-15 16:33:30 - [TEST_STEP][PASSED] - click: Object: 'Object Repository/Digital Loyalty/Por_Digital inf/btn_NextStep_Por_Dig_Step1' is clicked on

2018-10-15 16:33:33 - [MESSAGE][PASSED] - Object: 'Object Repository/Digital Loyalty/Por_Digital inf/btn_NextStep_Por_Dig_Step1' is clicked on

2018-10-15 16:33:33 - [TEST_STEP][PASSED] - verifyElementPresent: Object 'Object Repository/Digital Loyalty/Por_Digital inf/chx_SameAsBusiness_Por_Dig_Step2' is present

2018-10-15 16:33:33 - [MESSAGE][PASSED] - Object 'Object Repository/Digital Loyalty/Por_Digital inf/chx_SameAsBusiness_Por_Dig_Step2' is present

2018-10-15 16:33:33 - [TEST_STEP][PASSED] - closeBrowser: Browser is closed

2018-10-15 16:33:34 - [MESSAGE][PASSED] - Browser is closed]]></system-out>
         <system-err><![CDATA[]]></system-err>
      </testcase>
      <testcase name="Test Cases/Digital Loyalty/Sign Up/DigSig_11_Verify that filling correct data when checking Same as business checkbox at step 2" classname="Test Cases/Digital Loyalty/Sign Up/DigSig_11_Verify that filling correct data when checking Same as business checkbox at step 2" status="PASSED">
         <system-out><![CDATA[2018-10-15 16:33:34 - [TEST_CASE][PASSED] - Test Cases/Digital Loyalty/Sign Up/DigSig_11_Verify that filling correct data when checking Same as business checkbox at step 2: Test Cases/Digital Loyalty/Sign Up/DigSig_11_Verify that filling correct data when checking Same as business checkbox at step 2

2018-10-15 16:33:35 - [TEST_STEP][PASSED] - comment: Steps

2018-10-15 16:33:35 - [TEST_STEP][PASSED] - customkeyword.CommonKeyword.OpenBrowser: customkeyword.CommonKeyword.OpenBrowser is PASSED

2018-10-15 16:33:41 - [MESSAGE][PASSED] - Browser is opened with url: 'https://staging-1.pirq.com/digital-loyalty/signup'

2018-10-15 16:33:42 - [MESSAGE][PASSED] - Current window maximized

2018-10-15 16:33:42 - [MESSAGE][PASSED] - customkeyword.CommonKeyword.OpenBrowser is PASSED

2018-10-15 16:33:42 - [TEST_STEP][PASSED] - setText: Text '+84123456789' is set on object 'Object Repository/Digital Loyalty/Por_Digital inf/txt_Phone_Por_Dig_Step1'

2018-10-15 16:33:43 - [MESSAGE][PASSED] - Text '+84123456789' is set on object 'Object Repository/Digital Loyalty/Por_Digital inf/txt_Phone_Por_Dig_Step1'

2018-10-15 16:33:43 - [TEST_STEP][PASSED] - setText: Text 'first name' is set on object 'Object Repository/Digital Loyalty/Por_Digital inf/txt_FirstName_Por_Dig_Step1'

2018-10-15 16:33:43 - [MESSAGE][PASSED] - Text 'first name' is set on object 'Object Repository/Digital Loyalty/Por_Digital inf/txt_FirstName_Por_Dig_Step1'

2018-10-15 16:33:43 - [TEST_STEP][PASSED] - Statement - var_DigSignedUpEmail = CustomKeywords.customkeyword.CommonKeyword.GenerateEmail("Digital"): customkeyword.CommonKeyword.GenerateEmail is PASSED

2018-10-15 16:33:43 - [MESSAGE][PASSED] - customkeyword.CommonKeyword.GenerateEmail is PASSED

2018-10-15 16:33:43 - [TEST_STEP][PASSED] - setText: Text 'Digital151018043343@yopmail.com' is set on object 'Object Repository/Digital Loyalty/Por_Digital inf/txt_Email_Por_Dig_Step1'

2018-10-15 16:33:44 - [MESSAGE][PASSED] - Text 'Digital151018043343@yopmail.com' is set on object 'Object Repository/Digital Loyalty/Por_Digital inf/txt_Email_Por_Dig_Step1'

2018-10-15 16:33:44 - [TEST_STEP][PASSED] - setText: Text 'last name' is set on object 'Object Repository/Digital Loyalty/Por_Digital inf/txt_LastName_Por_Dig_Step1'

2018-10-15 16:33:45 - [MESSAGE][PASSED] - Text 'last name' is set on object 'Object Repository/Digital Loyalty/Por_Digital inf/txt_LastName_Por_Dig_Step1'

2018-10-15 16:33:45 - [TEST_STEP][PASSED] - setText: Text 'test company' is set on object 'Object Repository/Digital Loyalty/Por_Digital inf/txt_BusinessName_Por_Dig_Step1'

2018-10-15 16:33:45 - [MESSAGE][PASSED] - Text 'test company' is set on object 'Object Repository/Digital Loyalty/Por_Digital inf/txt_BusinessName_Por_Dig_Step1'

2018-10-15 16:33:45 - [TEST_STEP][PASSED] - setText: Text '123 streeet' is set on object 'Object Repository/Digital Loyalty/Por_Digital inf/txt_StreetAddress_Por_Dig_Step1'

2018-10-15 16:33:46 - [MESSAGE][PASSED] - Text '123 streeet' is set on object 'Object Repository/Digital Loyalty/Por_Digital inf/txt_StreetAddress_Por_Dig_Step1'

2018-10-15 16:33:46 - [TEST_STEP][PASSED] - setText: Text 'HCMC' is set on object 'Object Repository/Digital Loyalty/Por_Digital inf/txt_City_Por_Dig_Step1'

2018-10-15 16:33:46 - [MESSAGE][PASSED] - Text 'HCMC' is set on object 'Object Repository/Digital Loyalty/Por_Digital inf/txt_City_Por_Dig_Step1'

2018-10-15 16:33:46 - [TEST_STEP][PASSED] - setText: Text '70000' is set on object 'Object Repository/Digital Loyalty/Por_Digital inf/txt_PostalCode_Por_Dig_Step1'

2018-10-15 16:33:46 - [MESSAGE][PASSED] - Text '70000' is set on object 'Object Repository/Digital Loyalty/Por_Digital inf/txt_PostalCode_Por_Dig_Step1'

2018-10-15 16:33:46 - [TEST_STEP][PASSED] - click: Object: 'Object Repository/Digital Loyalty/Por_Digital inf/btn_NextStep_Por_Dig_Step1' is clicked on

2018-10-15 16:33:49 - [MESSAGE][PASSED] - Object: 'Object Repository/Digital Loyalty/Por_Digital inf/btn_NextStep_Por_Dig_Step1' is clicked on

2018-10-15 16:33:49 - [TEST_STEP][PASSED] - verifyElementPresent: Object 'Object Repository/Digital Loyalty/Por_Digital inf/chx_SameAsBusiness_Por_Dig_Step2' is present

2018-10-15 16:33:49 - [MESSAGE][PASSED] - Object 'Object Repository/Digital Loyalty/Por_Digital inf/chx_SameAsBusiness_Por_Dig_Step2' is present

2018-10-15 16:33:49 - [TEST_STEP][PASSED] - check: Object 'Object Repository/Digital Loyalty/Por_Digital inf/chx_SameAsBusiness_Por_Dig_Step2' is checked

2018-10-15 16:33:49 - [MESSAGE][PASSED] - Object 'Object Repository/Digital Loyalty/Por_Digital inf/chx_SameAsBusiness_Por_Dig_Step2' is checked

2018-10-15 16:33:49 - [TEST_STEP][PASSED] - click: Object: 'Object Repository/Digital Loyalty/Por_Digital inf/btn_SubmitPayment_Por_Dig_Step2' is clicked on

2018-10-15 16:33:51 - [MESSAGE][PASSED] - Object: 'Object Repository/Digital Loyalty/Por_Digital inf/btn_SubmitPayment_Por_Dig_Step2' is clicked on

2018-10-15 16:33:51 - [TEST_STEP][PASSED] - verifyElementAttributeValue: Object 'Object Repository/Digital Loyalty/Por_Digital inf/txt_City_Por_Dig_Step2' has attribute 'value' with value 'HCMC'

2018-10-15 16:33:51 - [MESSAGE][WARNING] - Timeout '0' is invalid. Using default page load timeout: '30'

2018-10-15 16:33:51 - [MESSAGE][PASSED] - Object 'Object Repository/Digital Loyalty/Por_Digital inf/txt_City_Por_Dig_Step2' has attribute 'value' with value 'HCMC'

2018-10-15 16:33:51 - [TEST_STEP][PASSED] - verifyElementAttributeValue: Object 'Object Repository/Digital Loyalty/Por_Digital inf/txt_StreetAddress_Por_Dig_Step2' has attribute 'value' with value '123 streeet'

2018-10-15 16:33:51 - [MESSAGE][WARNING] - Timeout '0' is invalid. Using default page load timeout: '30'

2018-10-15 16:33:52 - [MESSAGE][PASSED] - Object 'Object Repository/Digital Loyalty/Por_Digital inf/txt_StreetAddress_Por_Dig_Step2' has attribute 'value' with value '123 streeet'

2018-10-15 16:33:52 - [TEST_STEP][PASSED] - verifyElementAttributeValue: Object 'Object Repository/Digital Loyalty/Por_Digital inf/txt_ZipCode_Por_Dig_Step2' has attribute 'value' with value '70000'

2018-10-15 16:33:52 - [MESSAGE][WARNING] - Timeout '0' is invalid. Using default page load timeout: '30'

2018-10-15 16:33:52 - [MESSAGE][PASSED] - Object 'Object Repository/Digital Loyalty/Por_Digital inf/txt_ZipCode_Por_Dig_Step2' has attribute 'value' with value '70000'

2018-10-15 16:33:52 - [TEST_STEP][PASSED] - verifyElementAttributeValue: Object 'Object Repository/Digital Loyalty/Por_Digital inf/txt_FirstName_Por_Dig_Step2' has attribute 'value' with value 'first name'

2018-10-15 16:33:52 - [MESSAGE][WARNING] - Timeout '0' is invalid. Using default page load timeout: '30'

2018-10-15 16:33:52 - [MESSAGE][PASSED] - Object 'Object Repository/Digital Loyalty/Por_Digital inf/txt_FirstName_Por_Dig_Step2' has attribute 'value' with value 'first name'

2018-10-15 16:33:52 - [TEST_STEP][PASSED] - verifyElementAttributeValue: Object 'Object Repository/Digital Loyalty/Por_Digital inf/txt_LastName_Por_Dig_Step2' has attribute 'value' with value 'last name'

2018-10-15 16:33:52 - [MESSAGE][WARNING] - Timeout '0' is invalid. Using default page load timeout: '30'

2018-10-15 16:33:52 - [MESSAGE][PASSED] - Object 'Object Repository/Digital Loyalty/Por_Digital inf/txt_LastName_Por_Dig_Step2' has attribute 'value' with value 'last name'

2018-10-15 16:33:52 - [TEST_STEP][PASSED] - closeBrowser: Browser is closed

2018-10-15 16:33:53 - [MESSAGE][PASSED] - Browser is closed]]></system-out>
         <system-err><![CDATA[]]></system-err>
      </testcase>
      <testcase name="Test Cases/Digital Loyalty/Sign Up/DigSig_12_Verify that submitting un-successfully payment with missing street address at step 2" classname="Test Cases/Digital Loyalty/Sign Up/DigSig_12_Verify that submitting un-successfully payment with missing street address at step 2" status="PASSED">
         <system-out><![CDATA[2018-10-15 16:33:53 - [TEST_CASE][PASSED] - Test Cases/Digital Loyalty/Sign Up/DigSig_12_Verify that submitting un-successfully payment with missing street address at step 2: Test Cases/Digital Loyalty/Sign Up/DigSig_12_Verify that submitting un-successfully payment with missing street address at step 2

2018-10-15 16:33:53 - [TEST_STEP][PASSED] - comment: Steps

2018-10-15 16:33:53 - [TEST_STEP][PASSED] - customkeyword.CommonKeyword.OpenBrowser: customkeyword.CommonKeyword.OpenBrowser is PASSED

2018-10-15 16:34:00 - [MESSAGE][PASSED] - Browser is opened with url: 'https://staging-1.pirq.com/digital-loyalty/signup'

2018-10-15 16:34:01 - [MESSAGE][PASSED] - Current window maximized

2018-10-15 16:34:01 - [MESSAGE][PASSED] - customkeyword.CommonKeyword.OpenBrowser is PASSED

2018-10-15 16:34:01 - [TEST_STEP][PASSED] - setText: Text '+84123456789' is set on object 'Object Repository/Digital Loyalty/Por_Digital inf/txt_Phone_Por_Dig_Step1'

2018-10-15 16:34:02 - [MESSAGE][PASSED] - Text '+84123456789' is set on object 'Object Repository/Digital Loyalty/Por_Digital inf/txt_Phone_Por_Dig_Step1'

2018-10-15 16:34:02 - [TEST_STEP][PASSED] - setText: Text 'first name' is set on object 'Object Repository/Digital Loyalty/Por_Digital inf/txt_FirstName_Por_Dig_Step1'

2018-10-15 16:34:02 - [MESSAGE][PASSED] - Text 'first name' is set on object 'Object Repository/Digital Loyalty/Por_Digital inf/txt_FirstName_Por_Dig_Step1'

2018-10-15 16:34:02 - [TEST_STEP][PASSED] - Statement - var_DigSignedUpEmail = CustomKeywords.customkeyword.CommonKeyword.GenerateEmail("Digital"): customkeyword.CommonKeyword.GenerateEmail is PASSED

2018-10-15 16:34:02 - [MESSAGE][PASSED] - customkeyword.CommonKeyword.GenerateEmail is PASSED

2018-10-15 16:34:02 - [TEST_STEP][PASSED] - setText: Text 'Digital151018043402@yopmail.com' is set on object 'Object Repository/Digital Loyalty/Por_Digital inf/txt_Email_Por_Dig_Step1'

2018-10-15 16:34:03 - [MESSAGE][PASSED] - Text 'Digital151018043402@yopmail.com' is set on object 'Object Repository/Digital Loyalty/Por_Digital inf/txt_Email_Por_Dig_Step1'

2018-10-15 16:34:03 - [TEST_STEP][PASSED] - setText: Text 'last name' is set on object 'Object Repository/Digital Loyalty/Por_Digital inf/txt_LastName_Por_Dig_Step1'

2018-10-15 16:34:04 - [MESSAGE][PASSED] - Text 'last name' is set on object 'Object Repository/Digital Loyalty/Por_Digital inf/txt_LastName_Por_Dig_Step1'

2018-10-15 16:34:04 - [TEST_STEP][PASSED] - setText: Text 'test company' is set on object 'Object Repository/Digital Loyalty/Por_Digital inf/txt_BusinessName_Por_Dig_Step1'

2018-10-15 16:34:04 - [MESSAGE][PASSED] - Text 'test company' is set on object 'Object Repository/Digital Loyalty/Por_Digital inf/txt_BusinessName_Por_Dig_Step1'

2018-10-15 16:34:04 - [TEST_STEP][PASSED] - setText: Text '123 streeet' is set on object 'Object Repository/Digital Loyalty/Por_Digital inf/txt_StreetAddress_Por_Dig_Step1'

2018-10-15 16:34:05 - [MESSAGE][PASSED] - Text '123 streeet' is set on object 'Object Repository/Digital Loyalty/Por_Digital inf/txt_StreetAddress_Por_Dig_Step1'

2018-10-15 16:34:05 - [TEST_STEP][PASSED] - setText: Text 'HCMC' is set on object 'Object Repository/Digital Loyalty/Por_Digital inf/txt_City_Por_Dig_Step1'

2018-10-15 16:34:05 - [MESSAGE][PASSED] - Text 'HCMC' is set on object 'Object Repository/Digital Loyalty/Por_Digital inf/txt_City_Por_Dig_Step1'

2018-10-15 16:34:05 - [TEST_STEP][PASSED] - setText: Text '70000' is set on object 'Object Repository/Digital Loyalty/Por_Digital inf/txt_PostalCode_Por_Dig_Step1'

2018-10-15 16:34:06 - [MESSAGE][PASSED] - Text '70000' is set on object 'Object Repository/Digital Loyalty/Por_Digital inf/txt_PostalCode_Por_Dig_Step1'

2018-10-15 16:34:06 - [TEST_STEP][PASSED] - click: Object: 'Object Repository/Digital Loyalty/Por_Digital inf/btn_NextStep_Por_Dig_Step1' is clicked on

2018-10-15 16:34:08 - [MESSAGE][PASSED] - Object: 'Object Repository/Digital Loyalty/Por_Digital inf/btn_NextStep_Por_Dig_Step1' is clicked on

2018-10-15 16:34:08 - [TEST_STEP][PASSED] - setText: Text 'HCM' is set on object 'Object Repository/Digital Loyalty/Por_Digital inf/txt_City_Por_Dig_Step2'

2018-10-15 16:34:09 - [MESSAGE][PASSED] - Text 'HCM' is set on object 'Object Repository/Digital Loyalty/Por_Digital inf/txt_City_Por_Dig_Step2'

2018-10-15 16:34:09 - [TEST_STEP][PASSED] - setText: Text '70000' is set on object 'Object Repository/Digital Loyalty/Por_Digital inf/txt_ZipCode_Por_Dig_Step2'

2018-10-15 16:34:09 - [MESSAGE][PASSED] - Text '70000' is set on object 'Object Repository/Digital Loyalty/Por_Digital inf/txt_ZipCode_Por_Dig_Step2'

2018-10-15 16:34:09 - [TEST_STEP][PASSED] - setText: Text '4242424242424242' is set on object 'Object Repository/Digital Loyalty/Por_Digital inf/txt_CreditCardNumber_Por_Dig_Step2'

2018-10-15 16:34:10 - [MESSAGE][PASSED] - Text '4242424242424242' is set on object 'Object Repository/Digital Loyalty/Por_Digital inf/txt_CreditCardNumber_Por_Dig_Step2'

2018-10-15 16:34:10 - [TEST_STEP][PASSED] - selectOptionByIndex: All options with index in [1] are selected on object 'Object Repository/Digital Loyalty/Por_Digital inf/drp_Date_Por_Dig_Step2'

2018-10-15 16:34:10 - [MESSAGE][PASSED] - All options with index in [1] are selected on object 'Object Repository/Digital Loyalty/Por_Digital inf/drp_Date_Por_Dig_Step2'

2018-10-15 16:34:10 - [TEST_STEP][PASSED] - selectOptionByIndex: All options with index in [10] are selected on object 'Object Repository/Digital Loyalty/Por_Digital inf/drp_Year_Por_Dig_Step2'

2018-10-15 16:34:11 - [MESSAGE][PASSED] - All options with index in [10] are selected on object 'Object Repository/Digital Loyalty/Por_Digital inf/drp_Year_Por_Dig_Step2'

2018-10-15 16:34:11 - [TEST_STEP][PASSED] - setText: Text '123' is set on object 'Object Repository/Digital Loyalty/Por_Digital inf/txt_CVV_Por_Dig_Step2'

2018-10-15 16:34:11 - [MESSAGE][PASSED] - Text '123' is set on object 'Object Repository/Digital Loyalty/Por_Digital inf/txt_CVV_Por_Dig_Step2'

2018-10-15 16:34:11 - [TEST_STEP][PASSED] - setText: Text 'first name' is set on object 'Object Repository/Digital Loyalty/Por_Digital inf/txt_FirstName_Por_Dig_Step2'

2018-10-15 16:34:12 - [MESSAGE][PASSED] - Text 'first name' is set on object 'Object Repository/Digital Loyalty/Por_Digital inf/txt_FirstName_Por_Dig_Step2'

2018-10-15 16:34:12 - [TEST_STEP][PASSED] - setText: Text 'last name' is set on object 'Object Repository/Digital Loyalty/Por_Digital inf/txt_LastName_Por_Dig_Step2'

2018-10-15 16:34:12 - [MESSAGE][PASSED] - Text 'last name' is set on object 'Object Repository/Digital Loyalty/Por_Digital inf/txt_LastName_Por_Dig_Step2'

2018-10-15 16:34:12 - [TEST_STEP][PASSED] - click: Object: 'Object Repository/Digital Loyalty/Por_Digital inf/btn_SubmitPayment_Por_Dig_Step2' is clicked on

2018-10-15 16:34:14 - [MESSAGE][PASSED] - Object: 'Object Repository/Digital Loyalty/Por_Digital inf/btn_SubmitPayment_Por_Dig_Step2' is clicked on

2018-10-15 16:34:14 - [TEST_STEP][PASSED] - verifyElementPresent: Object 'Object Repository/Digital Loyalty/Por_Digital inf/lbl_missingstreet_step2' is present

2018-10-15 16:34:14 - [MESSAGE][PASSED] - Object 'Object Repository/Digital Loyalty/Por_Digital inf/lbl_missingstreet_step2' is present

2018-10-15 16:34:14 - [TEST_STEP][PASSED] - closeBrowser: Browser is closed

2018-10-15 16:34:15 - [MESSAGE][PASSED] - Browser is closed]]></system-out>
         <system-err><![CDATA[]]></system-err>
      </testcase>
      <testcase name="Test Cases/Digital Loyalty/Sign Up/DigSig_13_Verify that submitting un-successfully payment with missing city at step 2" classname="Test Cases/Digital Loyalty/Sign Up/DigSig_13_Verify that submitting un-successfully payment with missing city at step 2" status="PASSED">
         <system-out><![CDATA[2018-10-15 16:34:15 - [TEST_CASE][PASSED] - Test Cases/Digital Loyalty/Sign Up/DigSig_13_Verify that submitting un-successfully payment with missing city at step 2: Test Cases/Digital Loyalty/Sign Up/DigSig_13_Verify that submitting un-successfully payment with missing city at step 2

2018-10-15 16:34:16 - [TEST_STEP][PASSED] - comment: Steps

2018-10-15 16:34:16 - [TEST_STEP][PASSED] - customkeyword.CommonKeyword.OpenBrowser: customkeyword.CommonKeyword.OpenBrowser is PASSED

2018-10-15 16:34:22 - [MESSAGE][PASSED] - Browser is opened with url: 'https://staging-1.pirq.com/digital-loyalty/signup'

2018-10-15 16:34:24 - [MESSAGE][PASSED] - Current window maximized

2018-10-15 16:34:24 - [MESSAGE][PASSED] - customkeyword.CommonKeyword.OpenBrowser is PASSED

2018-10-15 16:34:24 - [TEST_STEP][PASSED] - setText: Text '+84123456789' is set on object 'Object Repository/Digital Loyalty/Por_Digital inf/txt_Phone_Por_Dig_Step1'

2018-10-15 16:34:24 - [MESSAGE][PASSED] - Text '+84123456789' is set on object 'Object Repository/Digital Loyalty/Por_Digital inf/txt_Phone_Por_Dig_Step1'

2018-10-15 16:34:24 - [TEST_STEP][PASSED] - setText: Text 'first name' is set on object 'Object Repository/Digital Loyalty/Por_Digital inf/txt_FirstName_Por_Dig_Step1'

2018-10-15 16:34:25 - [MESSAGE][PASSED] - Text 'first name' is set on object 'Object Repository/Digital Loyalty/Por_Digital inf/txt_FirstName_Por_Dig_Step1'

2018-10-15 16:34:25 - [TEST_STEP][PASSED] - Statement - var_DigSignedUpEmail = CustomKeywords.customkeyword.CommonKeyword.GenerateEmail("Digital"): customkeyword.CommonKeyword.GenerateEmail is PASSED

2018-10-15 16:34:25 - [MESSAGE][PASSED] - customkeyword.CommonKeyword.GenerateEmail is PASSED

2018-10-15 16:34:25 - [TEST_STEP][PASSED] - setText: Text 'Digital151018043425@yopmail.com' is set on object 'Object Repository/Digital Loyalty/Por_Digital inf/txt_Email_Por_Dig_Step1'

2018-10-15 16:34:26 - [MESSAGE][PASSED] - Text 'Digital151018043425@yopmail.com' is set on object 'Object Repository/Digital Loyalty/Por_Digital inf/txt_Email_Por_Dig_Step1'

2018-10-15 16:34:26 - [TEST_STEP][PASSED] - setText: Text 'last name' is set on object 'Object Repository/Digital Loyalty/Por_Digital inf/txt_LastName_Por_Dig_Step1'

2018-10-15 16:34:26 - [MESSAGE][PASSED] - Text 'last name' is set on object 'Object Repository/Digital Loyalty/Por_Digital inf/txt_LastName_Por_Dig_Step1'

2018-10-15 16:34:26 - [TEST_STEP][PASSED] - setText: Text 'test company' is set on object 'Object Repository/Digital Loyalty/Por_Digital inf/txt_BusinessName_Por_Dig_Step1'

2018-10-15 16:34:27 - [MESSAGE][PASSED] - Text 'test company' is set on object 'Object Repository/Digital Loyalty/Por_Digital inf/txt_BusinessName_Por_Dig_Step1'

2018-10-15 16:34:27 - [TEST_STEP][PASSED] - setText: Text '123 street' is set on object 'Object Repository/Digital Loyalty/Por_Digital inf/txt_StreetAddress_Por_Dig_Step1'

2018-10-15 16:34:27 - [MESSAGE][PASSED] - Text '123 street' is set on object 'Object Repository/Digital Loyalty/Por_Digital inf/txt_StreetAddress_Por_Dig_Step1'

2018-10-15 16:34:27 - [TEST_STEP][PASSED] - setText: Text 'HCMC' is set on object 'Object Repository/Digital Loyalty/Por_Digital inf/txt_City_Por_Dig_Step1'

2018-10-15 16:34:28 - [MESSAGE][PASSED] - Text 'HCMC' is set on object 'Object Repository/Digital Loyalty/Por_Digital inf/txt_City_Por_Dig_Step1'

2018-10-15 16:34:28 - [TEST_STEP][PASSED] - setText: Text '70000' is set on object 'Object Repository/Digital Loyalty/Por_Digital inf/txt_PostalCode_Por_Dig_Step1'

2018-10-15 16:34:28 - [MESSAGE][PASSED] - Text '70000' is set on object 'Object Repository/Digital Loyalty/Por_Digital inf/txt_PostalCode_Por_Dig_Step1'

2018-10-15 16:34:28 - [TEST_STEP][PASSED] - click: Object: 'Object Repository/Digital Loyalty/Por_Digital inf/btn_NextStep_Por_Dig_Step1' is clicked on

2018-10-15 16:34:31 - [MESSAGE][PASSED] - Object: 'Object Repository/Digital Loyalty/Por_Digital inf/btn_NextStep_Por_Dig_Step1' is clicked on

2018-10-15 16:34:31 - [TEST_STEP][PASSED] - setText: Text '123 street' is set on object 'Object Repository/Digital Loyalty/Por_Digital inf/txt_StreetAddress_Por_Dig_Step2'

2018-10-15 16:34:31 - [MESSAGE][PASSED] - Text '123 street' is set on object 'Object Repository/Digital Loyalty/Por_Digital inf/txt_StreetAddress_Por_Dig_Step2'

2018-10-15 16:34:31 - [TEST_STEP][PASSED] - setText: Text '70000' is set on object 'Object Repository/Digital Loyalty/Por_Digital inf/txt_ZipCode_Por_Dig_Step2'

2018-10-15 16:34:32 - [MESSAGE][PASSED] - Text '70000' is set on object 'Object Repository/Digital Loyalty/Por_Digital inf/txt_ZipCode_Por_Dig_Step2'

2018-10-15 16:34:32 - [TEST_STEP][PASSED] - setText: Text '4242424242424242' is set on object 'Object Repository/Digital Loyalty/Por_Digital inf/txt_CreditCardNumber_Por_Dig_Step2'

2018-10-15 16:34:33 - [MESSAGE][PASSED] - Text '4242424242424242' is set on object 'Object Repository/Digital Loyalty/Por_Digital inf/txt_CreditCardNumber_Por_Dig_Step2'

2018-10-15 16:34:33 - [TEST_STEP][PASSED] - selectOptionByIndex: All options with index in [1] are selected on object 'Object Repository/Digital Loyalty/Por_Digital inf/drp_Date_Por_Dig_Step2'

2018-10-15 16:34:33 - [MESSAGE][PASSED] - All options with index in [1] are selected on object 'Object Repository/Digital Loyalty/Por_Digital inf/drp_Date_Por_Dig_Step2'

2018-10-15 16:34:33 - [TEST_STEP][PASSED] - selectOptionByIndex: All options with index in [10] are selected on object 'Object Repository/Digital Loyalty/Por_Digital inf/drp_Year_Por_Dig_Step2'

2018-10-15 16:34:34 - [MESSAGE][PASSED] - All options with index in [10] are selected on object 'Object Repository/Digital Loyalty/Por_Digital inf/drp_Year_Por_Dig_Step2'

2018-10-15 16:34:34 - [TEST_STEP][PASSED] - setText: Text '123' is set on object 'Object Repository/Digital Loyalty/Por_Digital inf/txt_CVV_Por_Dig_Step2'

2018-10-15 16:34:34 - [MESSAGE][PASSED] - Text '123' is set on object 'Object Repository/Digital Loyalty/Por_Digital inf/txt_CVV_Por_Dig_Step2'

2018-10-15 16:34:34 - [TEST_STEP][PASSED] - setText: Text 'first name' is set on object 'Object Repository/Digital Loyalty/Por_Digital inf/txt_FirstName_Por_Dig_Step2'

2018-10-15 16:34:35 - [MESSAGE][PASSED] - Text 'first name' is set on object 'Object Repository/Digital Loyalty/Por_Digital inf/txt_FirstName_Por_Dig_Step2'

2018-10-15 16:34:35 - [TEST_STEP][PASSED] - setText: Text 'last name' is set on object 'Object Repository/Digital Loyalty/Por_Digital inf/txt_LastName_Por_Dig_Step2'

2018-10-15 16:34:35 - [MESSAGE][PASSED] - Text 'last name' is set on object 'Object Repository/Digital Loyalty/Por_Digital inf/txt_LastName_Por_Dig_Step2'

2018-10-15 16:34:35 - [TEST_STEP][PASSED] - click: Object: 'Object Repository/Digital Loyalty/Por_Digital inf/btn_SubmitPayment_Por_Dig_Step2' is clicked on

2018-10-15 16:34:39 - [MESSAGE][PASSED] - Object: 'Object Repository/Digital Loyalty/Por_Digital inf/btn_SubmitPayment_Por_Dig_Step2' is clicked on

2018-10-15 16:34:39 - [TEST_STEP][PASSED] - verifyElementPresent: Object 'Object Repository/Digital Loyalty/Por_Digital inf/lbl_missingCity_Step2' is present

2018-10-15 16:34:39 - [MESSAGE][PASSED] - Object 'Object Repository/Digital Loyalty/Por_Digital inf/lbl_missingCity_Step2' is present

2018-10-15 16:34:39 - [TEST_STEP][PASSED] - closeBrowser: Browser is closed

2018-10-15 16:34:40 - [MESSAGE][PASSED] - Browser is closed]]></system-out>
         <system-err><![CDATA[]]></system-err>
      </testcase>
      <testcase name="Test Cases/Digital Loyalty/Sign Up/DigSig_14_Verify that submitting un-successfully payment with missing postal code at step 2" classname="Test Cases/Digital Loyalty/Sign Up/DigSig_14_Verify that submitting un-successfully payment with missing postal code at step 2" status="PASSED">
         <system-out><![CDATA[2018-10-15 16:34:40 - [TEST_CASE][PASSED] - Test Cases/Digital Loyalty/Sign Up/DigSig_14_Verify that submitting un-successfully payment with missing postal code at step 2: Test Cases/Digital Loyalty/Sign Up/DigSig_14_Verify that submitting un-successfully payment with missing postal code at step 2

2018-10-15 16:34:40 - [TEST_STEP][PASSED] - comment: Steps

2018-10-15 16:34:40 - [TEST_STEP][PASSED] - customkeyword.CommonKeyword.OpenBrowser: customkeyword.CommonKeyword.OpenBrowser is PASSED

2018-10-15 16:34:47 - [MESSAGE][PASSED] - Browser is opened with url: 'https://staging-1.pirq.com/digital-loyalty/signup'

2018-10-15 16:34:48 - [MESSAGE][PASSED] - Current window maximized

2018-10-15 16:34:48 - [MESSAGE][PASSED] - customkeyword.CommonKeyword.OpenBrowser is PASSED

2018-10-15 16:34:48 - [TEST_STEP][PASSED] - setText: Text '+84123456789' is set on object 'Object Repository/Digital Loyalty/Por_Digital inf/txt_Phone_Por_Dig_Step1'

2018-10-15 16:34:49 - [MESSAGE][PASSED] - Text '+84123456789' is set on object 'Object Repository/Digital Loyalty/Por_Digital inf/txt_Phone_Por_Dig_Step1'

2018-10-15 16:34:49 - [TEST_STEP][PASSED] - setText: Text 'first name' is set on object 'Object Repository/Digital Loyalty/Por_Digital inf/txt_FirstName_Por_Dig_Step1'

2018-10-15 16:34:49 - [MESSAGE][PASSED] - Text 'first name' is set on object 'Object Repository/Digital Loyalty/Por_Digital inf/txt_FirstName_Por_Dig_Step1'

2018-10-15 16:34:49 - [TEST_STEP][PASSED] - Statement - var_DigSignedUpEmail = CustomKeywords.customkeyword.CommonKeyword.GenerateEmail("Digital"): customkeyword.CommonKeyword.GenerateEmail is PASSED

2018-10-15 16:34:49 - [MESSAGE][PASSED] - customkeyword.CommonKeyword.GenerateEmail is PASSED

2018-10-15 16:34:49 - [TEST_STEP][PASSED] - setText: Text 'Digital151018043449@yopmail.com' is set on object 'Object Repository/Digital Loyalty/Por_Digital inf/txt_Email_Por_Dig_Step1'

2018-10-15 16:34:50 - [MESSAGE][PASSED] - Text 'Digital151018043449@yopmail.com' is set on object 'Object Repository/Digital Loyalty/Por_Digital inf/txt_Email_Por_Dig_Step1'

2018-10-15 16:34:50 - [TEST_STEP][PASSED] - setText: Text 'last name' is set on object 'Object Repository/Digital Loyalty/Por_Digital inf/txt_LastName_Por_Dig_Step1'

2018-10-15 16:34:51 - [MESSAGE][PASSED] - Text 'last name' is set on object 'Object Repository/Digital Loyalty/Por_Digital inf/txt_LastName_Por_Dig_Step1'

2018-10-15 16:34:51 - [TEST_STEP][PASSED] - setText: Text 'test company' is set on object 'Object Repository/Digital Loyalty/Por_Digital inf/txt_BusinessName_Por_Dig_Step1'

2018-10-15 16:34:51 - [MESSAGE][PASSED] - Text 'test company' is set on object 'Object Repository/Digital Loyalty/Por_Digital inf/txt_BusinessName_Por_Dig_Step1'

2018-10-15 16:34:51 - [TEST_STEP][PASSED] - setText: Text '123 street' is set on object 'Object Repository/Digital Loyalty/Por_Digital inf/txt_StreetAddress_Por_Dig_Step1'

2018-10-15 16:34:51 - [MESSAGE][PASSED] - Text '123 street' is set on object 'Object Repository/Digital Loyalty/Por_Digital inf/txt_StreetAddress_Por_Dig_Step1'

2018-10-15 16:34:51 - [TEST_STEP][PASSED] - setText: Text 'HCMC' is set on object 'Object Repository/Digital Loyalty/Por_Digital inf/txt_City_Por_Dig_Step1'

2018-10-15 16:34:52 - [MESSAGE][PASSED] - Text 'HCMC' is set on object 'Object Repository/Digital Loyalty/Por_Digital inf/txt_City_Por_Dig_Step1'

2018-10-15 16:34:52 - [TEST_STEP][PASSED] - setText: Text '70000' is set on object 'Object Repository/Digital Loyalty/Por_Digital inf/txt_PostalCode_Por_Dig_Step1'

2018-10-15 16:34:52 - [MESSAGE][PASSED] - Text '70000' is set on object 'Object Repository/Digital Loyalty/Por_Digital inf/txt_PostalCode_Por_Dig_Step1'

2018-10-15 16:34:52 - [TEST_STEP][PASSED] - click: Object: 'Object Repository/Digital Loyalty/Por_Digital inf/btn_NextStep_Por_Dig_Step1' is clicked on

2018-10-15 16:34:55 - [MESSAGE][PASSED] - Object: 'Object Repository/Digital Loyalty/Por_Digital inf/btn_NextStep_Por_Dig_Step1' is clicked on

2018-10-15 16:34:55 - [TEST_STEP][PASSED] - setText: Text '123 street' is set on object 'Object Repository/Digital Loyalty/Por_Digital inf/txt_StreetAddress_Por_Dig_Step2'

2018-10-15 16:34:55 - [MESSAGE][PASSED] - Text '123 street' is set on object 'Object Repository/Digital Loyalty/Por_Digital inf/txt_StreetAddress_Por_Dig_Step2'

2018-10-15 16:34:55 - [TEST_STEP][PASSED] - setText: Text 'HCMC' is set on object 'Object Repository/Digital Loyalty/Por_Digital inf/txt_City_Por_Dig_Step2'

2018-10-15 16:34:55 - [MESSAGE][PASSED] - Text 'HCMC' is set on object 'Object Repository/Digital Loyalty/Por_Digital inf/txt_City_Por_Dig_Step2'

2018-10-15 16:34:55 - [TEST_STEP][PASSED] - setText: Text '4242424242424242' is set on object 'Object Repository/Digital Loyalty/Por_Digital inf/txt_CreditCardNumber_Por_Dig_Step2'

2018-10-15 16:34:56 - [MESSAGE][PASSED] - Text '4242424242424242' is set on object 'Object Repository/Digital Loyalty/Por_Digital inf/txt_CreditCardNumber_Por_Dig_Step2'

2018-10-15 16:34:56 - [TEST_STEP][PASSED] - selectOptionByIndex: All options with index in [1] are selected on object 'Object Repository/Digital Loyalty/Por_Digital inf/drp_Date_Por_Dig_Step2'

2018-10-15 16:34:57 - [MESSAGE][PASSED] - All options with index in [1] are selected on object 'Object Repository/Digital Loyalty/Por_Digital inf/drp_Date_Por_Dig_Step2'

2018-10-15 16:34:57 - [TEST_STEP][PASSED] - selectOptionByIndex: All options with index in [10] are selected on object 'Object Repository/Digital Loyalty/Por_Digital inf/drp_Year_Por_Dig_Step2'

2018-10-15 16:34:57 - [MESSAGE][PASSED] - All options with index in [10] are selected on object 'Object Repository/Digital Loyalty/Por_Digital inf/drp_Year_Por_Dig_Step2'

2018-10-15 16:34:57 - [TEST_STEP][PASSED] - setText: Text '123' is set on object 'Object Repository/Digital Loyalty/Por_Digital inf/txt_CVV_Por_Dig_Step2'

2018-10-15 16:34:57 - [MESSAGE][PASSED] - Text '123' is set on object 'Object Repository/Digital Loyalty/Por_Digital inf/txt_CVV_Por_Dig_Step2'

2018-10-15 16:34:57 - [TEST_STEP][PASSED] - setText: Text 'first name' is set on object 'Object Repository/Digital Loyalty/Por_Digital inf/txt_FirstName_Por_Dig_Step2'

2018-10-15 16:34:58 - [MESSAGE][PASSED] - Text 'first name' is set on object 'Object Repository/Digital Loyalty/Por_Digital inf/txt_FirstName_Por_Dig_Step2'

2018-10-15 16:34:58 - [TEST_STEP][PASSED] - setText: Text 'last name' is set on object 'Object Repository/Digital Loyalty/Por_Digital inf/txt_LastName_Por_Dig_Step2'

2018-10-15 16:34:58 - [MESSAGE][PASSED] - Text 'last name' is set on object 'Object Repository/Digital Loyalty/Por_Digital inf/txt_LastName_Por_Dig_Step2'

2018-10-15 16:34:58 - [TEST_STEP][PASSED] - click: Object: 'Object Repository/Digital Loyalty/Por_Digital inf/btn_SubmitPayment_Por_Dig_Step2' is clicked on

2018-10-15 16:35:00 - [MESSAGE][PASSED] - Object: 'Object Repository/Digital Loyalty/Por_Digital inf/btn_SubmitPayment_Por_Dig_Step2' is clicked on

2018-10-15 16:35:00 - [TEST_STEP][PASSED] - verifyElementPresent: Object 'Object Repository/Digital Loyalty/Por_Digital inf/lbl_missingZipcode_step2' is present

2018-10-15 16:35:00 - [MESSAGE][PASSED] - Object 'Object Repository/Digital Loyalty/Por_Digital inf/lbl_missingZipcode_step2' is present

2018-10-15 16:35:00 - [TEST_STEP][PASSED] - closeBrowser: Browser is closed

2018-10-15 16:35:01 - [MESSAGE][PASSED] - Browser is closed]]></system-out>
         <system-err><![CDATA[]]></system-err>
      </testcase>
      <testcase name="Test Cases/Digital Loyalty/Sign Up/DigSig_15_Verify that submitting un-successfully payment with missing first name at step 2" classname="Test Cases/Digital Loyalty/Sign Up/DigSig_15_Verify that submitting un-successfully payment with missing first name at step 2" status="PASSED">
         <system-out><![CDATA[2018-10-15 16:35:01 - [TEST_CASE][PASSED] - Test Cases/Digital Loyalty/Sign Up/DigSig_15_Verify that submitting un-successfully payment with missing first name at step 2: Test Cases/Digital Loyalty/Sign Up/DigSig_15_Verify that submitting un-successfully payment with missing first name at step 2

2018-10-15 16:35:02 - [TEST_STEP][PASSED] - comment: Steps

2018-10-15 16:35:02 - [TEST_STEP][PASSED] - customkeyword.CommonKeyword.OpenBrowser: customkeyword.CommonKeyword.OpenBrowser is PASSED

2018-10-15 16:35:08 - [MESSAGE][PASSED] - Browser is opened with url: 'https://staging-1.pirq.com/digital-loyalty/signup'

2018-10-15 16:35:09 - [MESSAGE][PASSED] - Current window maximized

2018-10-15 16:35:09 - [MESSAGE][PASSED] - customkeyword.CommonKeyword.OpenBrowser is PASSED

2018-10-15 16:35:09 - [TEST_STEP][PASSED] - setText: Text '+84123456789' is set on object 'Object Repository/Digital Loyalty/Por_Digital inf/txt_Phone_Por_Dig_Step1'

2018-10-15 16:35:11 - [MESSAGE][PASSED] - Text '+84123456789' is set on object 'Object Repository/Digital Loyalty/Por_Digital inf/txt_Phone_Por_Dig_Step1'

2018-10-15 16:35:11 - [TEST_STEP][PASSED] - setText: Text 'first name' is set on object 'Object Repository/Digital Loyalty/Por_Digital inf/txt_FirstName_Por_Dig_Step1'

2018-10-15 16:35:11 - [MESSAGE][PASSED] - Text 'first name' is set on object 'Object Repository/Digital Loyalty/Por_Digital inf/txt_FirstName_Por_Dig_Step1'

2018-10-15 16:35:11 - [TEST_STEP][PASSED] - Statement - var_DigSignedUpEmail = CustomKeywords.customkeyword.CommonKeyword.GenerateEmail("Digital"): customkeyword.CommonKeyword.GenerateEmail is PASSED

2018-10-15 16:35:11 - [MESSAGE][PASSED] - customkeyword.CommonKeyword.GenerateEmail is PASSED

2018-10-15 16:35:11 - [TEST_STEP][PASSED] - setText: Text 'Digital151018043511@yopmail.com' is set on object 'Object Repository/Digital Loyalty/Por_Digital inf/txt_Email_Por_Dig_Step1'

2018-10-15 16:35:12 - [MESSAGE][PASSED] - Text 'Digital151018043511@yopmail.com' is set on object 'Object Repository/Digital Loyalty/Por_Digital inf/txt_Email_Por_Dig_Step1'

2018-10-15 16:35:12 - [TEST_STEP][PASSED] - setText: Text 'last name' is set on object 'Object Repository/Digital Loyalty/Por_Digital inf/txt_LastName_Por_Dig_Step1'

2018-10-15 16:35:12 - [MESSAGE][PASSED] - Text 'last name' is set on object 'Object Repository/Digital Loyalty/Por_Digital inf/txt_LastName_Por_Dig_Step1'

2018-10-15 16:35:12 - [TEST_STEP][PASSED] - setText: Text 'test company' is set on object 'Object Repository/Digital Loyalty/Por_Digital inf/txt_BusinessName_Por_Dig_Step1'

2018-10-15 16:35:13 - [MESSAGE][PASSED] - Text 'test company' is set on object 'Object Repository/Digital Loyalty/Por_Digital inf/txt_BusinessName_Por_Dig_Step1'

2018-10-15 16:35:13 - [TEST_STEP][PASSED] - setText: Text '123 street' is set on object 'Object Repository/Digital Loyalty/Por_Digital inf/txt_StreetAddress_Por_Dig_Step1'

2018-10-15 16:35:13 - [MESSAGE][PASSED] - Text '123 street' is set on object 'Object Repository/Digital Loyalty/Por_Digital inf/txt_StreetAddress_Por_Dig_Step1'

2018-10-15 16:35:13 - [TEST_STEP][PASSED] - setText: Text 'HCMC' is set on object 'Object Repository/Digital Loyalty/Por_Digital inf/txt_City_Por_Dig_Step1'

2018-10-15 16:35:14 - [MESSAGE][PASSED] - Text 'HCMC' is set on object 'Object Repository/Digital Loyalty/Por_Digital inf/txt_City_Por_Dig_Step1'

2018-10-15 16:35:14 - [TEST_STEP][PASSED] - setText: Text '70000' is set on object 'Object Repository/Digital Loyalty/Por_Digital inf/txt_PostalCode_Por_Dig_Step1'

2018-10-15 16:35:14 - [MESSAGE][PASSED] - Text '70000' is set on object 'Object Repository/Digital Loyalty/Por_Digital inf/txt_PostalCode_Por_Dig_Step1'

2018-10-15 16:35:14 - [TEST_STEP][PASSED] - click: Object: 'Object Repository/Digital Loyalty/Por_Digital inf/btn_NextStep_Por_Dig_Step1' is clicked on

2018-10-15 16:35:17 - [MESSAGE][PASSED] - Object: 'Object Repository/Digital Loyalty/Por_Digital inf/btn_NextStep_Por_Dig_Step1' is clicked on

2018-10-15 16:35:17 - [TEST_STEP][PASSED] - setText: Text '123 street' is set on object 'Object Repository/Digital Loyalty/Por_Digital inf/txt_StreetAddress_Por_Dig_Step2'

2018-10-15 16:35:17 - [MESSAGE][PASSED] - Text '123 street' is set on object 'Object Repository/Digital Loyalty/Por_Digital inf/txt_StreetAddress_Por_Dig_Step2'

2018-10-15 16:35:17 - [TEST_STEP][PASSED] - setText: Text 'HCMC' is set on object 'Object Repository/Digital Loyalty/Por_Digital inf/txt_City_Por_Dig_Step2'

2018-10-15 16:35:18 - [MESSAGE][PASSED] - Text 'HCMC' is set on object 'Object Repository/Digital Loyalty/Por_Digital inf/txt_City_Por_Dig_Step2'

2018-10-15 16:35:18 - [TEST_STEP][PASSED] - setText: Text '4242424242424242' is set on object 'Object Repository/Digital Loyalty/Por_Digital inf/txt_CreditCardNumber_Por_Dig_Step2'

2018-10-15 16:35:19 - [MESSAGE][PASSED] - Text '4242424242424242' is set on object 'Object Repository/Digital Loyalty/Por_Digital inf/txt_CreditCardNumber_Por_Dig_Step2'

2018-10-15 16:35:19 - [TEST_STEP][PASSED] - selectOptionByIndex: All options with index in [1] are selected on object 'Object Repository/Digital Loyalty/Por_Digital inf/drp_Date_Por_Dig_Step2'

2018-10-15 16:35:19 - [MESSAGE][PASSED] - All options with index in [1] are selected on object 'Object Repository/Digital Loyalty/Por_Digital inf/drp_Date_Por_Dig_Step2'

2018-10-15 16:35:19 - [TEST_STEP][PASSED] - selectOptionByIndex: All options with index in [10] are selected on object 'Object Repository/Digital Loyalty/Por_Digital inf/drp_Year_Por_Dig_Step2'

2018-10-15 16:35:20 - [MESSAGE][PASSED] - All options with index in [10] are selected on object 'Object Repository/Digital Loyalty/Por_Digital inf/drp_Year_Por_Dig_Step2'

2018-10-15 16:35:20 - [TEST_STEP][PASSED] - setText: Text '123' is set on object 'Object Repository/Digital Loyalty/Por_Digital inf/txt_CVV_Por_Dig_Step2'

2018-10-15 16:35:20 - [MESSAGE][PASSED] - Text '123' is set on object 'Object Repository/Digital Loyalty/Por_Digital inf/txt_CVV_Por_Dig_Step2'

2018-10-15 16:35:20 - [TEST_STEP][PASSED] - setText: Text '70000' is set on object 'Object Repository/Digital Loyalty/Por_Digital inf/txt_ZipCode_Por_Dig_Step2'

2018-10-15 16:35:21 - [MESSAGE][PASSED] - Text '70000' is set on object 'Object Repository/Digital Loyalty/Por_Digital inf/txt_ZipCode_Por_Dig_Step2'

2018-10-15 16:35:21 - [TEST_STEP][PASSED] - setText: Text 'last name' is set on object 'Object Repository/Digital Loyalty/Por_Digital inf/txt_LastName_Por_Dig_Step2'

2018-10-15 16:35:21 - [MESSAGE][PASSED] - Text 'last name' is set on object 'Object Repository/Digital Loyalty/Por_Digital inf/txt_LastName_Por_Dig_Step2'

2018-10-15 16:35:21 - [TEST_STEP][PASSED] - click: Object: 'Object Repository/Digital Loyalty/Por_Digital inf/btn_SubmitPayment_Por_Dig_Step2' is clicked on

2018-10-15 16:35:24 - [MESSAGE][PASSED] - Object: 'Object Repository/Digital Loyalty/Por_Digital inf/btn_SubmitPayment_Por_Dig_Step2' is clicked on

2018-10-15 16:35:24 - [TEST_STEP][PASSED] - verifyElementPresent: Object 'Object Repository/Digital Loyalty/Por_Digital inf/lbl_missingfirstname_step2' is present

2018-10-15 16:35:25 - [MESSAGE][PASSED] - Object 'Object Repository/Digital Loyalty/Por_Digital inf/lbl_missingfirstname_step2' is present

2018-10-15 16:35:25 - [TEST_STEP][PASSED] - closeBrowser: Browser is closed

2018-10-15 16:35:25 - [MESSAGE][PASSED] - Browser is closed]]></system-out>
         <system-err><![CDATA[]]></system-err>
      </testcase>
      <testcase name="Test Cases/Digital Loyalty/Sign Up/DigSig_16_Verify that submitting un-successfully payment with missing last name at step 2" classname="Test Cases/Digital Loyalty/Sign Up/DigSig_16_Verify that submitting un-successfully payment with missing last name at step 2" status="PASSED">
         <system-out><![CDATA[2018-10-15 16:35:26 - [TEST_CASE][PASSED] - Test Cases/Digital Loyalty/Sign Up/DigSig_16_Verify that submitting un-successfully payment with missing last name at step 2: Test Cases/Digital Loyalty/Sign Up/DigSig_16_Verify that submitting un-successfully payment with missing last name at step 2

2018-10-15 16:35:26 - [TEST_STEP][PASSED] - comment: Steps

2018-10-15 16:35:26 - [TEST_STEP][PASSED] - customkeyword.CommonKeyword.OpenBrowser: customkeyword.CommonKeyword.OpenBrowser is PASSED

2018-10-15 16:35:32 - [MESSAGE][PASSED] - Browser is opened with url: 'https://staging-1.pirq.com/digital-loyalty/signup'

2018-10-15 16:35:33 - [MESSAGE][PASSED] - Current window maximized

2018-10-15 16:35:33 - [MESSAGE][PASSED] - customkeyword.CommonKeyword.OpenBrowser is PASSED

2018-10-15 16:35:33 - [TEST_STEP][PASSED] - setText: Text '+84123456789' is set on object 'Object Repository/Digital Loyalty/Por_Digital inf/txt_Phone_Por_Dig_Step1'

2018-10-15 16:35:34 - [MESSAGE][PASSED] - Text '+84123456789' is set on object 'Object Repository/Digital Loyalty/Por_Digital inf/txt_Phone_Por_Dig_Step1'

2018-10-15 16:35:34 - [TEST_STEP][PASSED] - setText: Text 'first name' is set on object 'Object Repository/Digital Loyalty/Por_Digital inf/txt_FirstName_Por_Dig_Step1'

2018-10-15 16:35:34 - [MESSAGE][PASSED] - Text 'first name' is set on object 'Object Repository/Digital Loyalty/Por_Digital inf/txt_FirstName_Por_Dig_Step1'

2018-10-15 16:35:34 - [TEST_STEP][PASSED] - Statement - var_DigSignedUpEmail = CustomKeywords.customkeyword.CommonKeyword.GenerateEmail("Digital"): customkeyword.CommonKeyword.GenerateEmail is PASSED

2018-10-15 16:35:34 - [MESSAGE][PASSED] - customkeyword.CommonKeyword.GenerateEmail is PASSED

2018-10-15 16:35:34 - [TEST_STEP][PASSED] - setText: Text 'Digital151018043534@yopmail.com' is set on object 'Object Repository/Digital Loyalty/Por_Digital inf/txt_Email_Por_Dig_Step1'

2018-10-15 16:35:35 - [MESSAGE][PASSED] - Text 'Digital151018043534@yopmail.com' is set on object 'Object Repository/Digital Loyalty/Por_Digital inf/txt_Email_Por_Dig_Step1'

2018-10-15 16:35:35 - [TEST_STEP][PASSED] - setText: Text 'last name' is set on object 'Object Repository/Digital Loyalty/Por_Digital inf/txt_LastName_Por_Dig_Step1'

2018-10-15 16:35:35 - [MESSAGE][PASSED] - Text 'last name' is set on object 'Object Repository/Digital Loyalty/Por_Digital inf/txt_LastName_Por_Dig_Step1'

2018-10-15 16:35:35 - [TEST_STEP][PASSED] - setText: Text 'test company' is set on object 'Object Repository/Digital Loyalty/Por_Digital inf/txt_BusinessName_Por_Dig_Step1'

2018-10-15 16:35:36 - [MESSAGE][PASSED] - Text 'test company' is set on object 'Object Repository/Digital Loyalty/Por_Digital inf/txt_BusinessName_Por_Dig_Step1'

2018-10-15 16:35:36 - [TEST_STEP][PASSED] - setText: Text '123 street' is set on object 'Object Repository/Digital Loyalty/Por_Digital inf/txt_StreetAddress_Por_Dig_Step1'

2018-10-15 16:35:36 - [MESSAGE][PASSED] - Text '123 street' is set on object 'Object Repository/Digital Loyalty/Por_Digital inf/txt_StreetAddress_Por_Dig_Step1'

2018-10-15 16:35:36 - [TEST_STEP][PASSED] - setText: Text 'HCMC' is set on object 'Object Repository/Digital Loyalty/Por_Digital inf/txt_City_Por_Dig_Step1'

2018-10-15 16:35:36 - [MESSAGE][PASSED] - Text 'HCMC' is set on object 'Object Repository/Digital Loyalty/Por_Digital inf/txt_City_Por_Dig_Step1'

2018-10-15 16:35:36 - [TEST_STEP][PASSED] - setText: Text '70000' is set on object 'Object Repository/Digital Loyalty/Por_Digital inf/txt_PostalCode_Por_Dig_Step1'

2018-10-15 16:35:37 - [MESSAGE][PASSED] - Text '70000' is set on object 'Object Repository/Digital Loyalty/Por_Digital inf/txt_PostalCode_Por_Dig_Step1'

2018-10-15 16:35:37 - [TEST_STEP][PASSED] - click: Object: 'Object Repository/Digital Loyalty/Por_Digital inf/btn_NextStep_Por_Dig_Step1' is clicked on

2018-10-15 16:35:40 - [MESSAGE][PASSED] - Object: 'Object Repository/Digital Loyalty/Por_Digital inf/btn_NextStep_Por_Dig_Step1' is clicked on

2018-10-15 16:35:40 - [TEST_STEP][PASSED] - setText: Text '123 street' is set on object 'Object Repository/Digital Loyalty/Por_Digital inf/txt_StreetAddress_Por_Dig_Step2'

2018-10-15 16:35:40 - [MESSAGE][PASSED] - Text '123 street' is set on object 'Object Repository/Digital Loyalty/Por_Digital inf/txt_StreetAddress_Por_Dig_Step2'

2018-10-15 16:35:40 - [TEST_STEP][PASSED] - setText: Text 'HCMC' is set on object 'Object Repository/Digital Loyalty/Por_Digital inf/txt_City_Por_Dig_Step2'

2018-10-15 16:35:41 - [MESSAGE][PASSED] - Text 'HCMC' is set on object 'Object Repository/Digital Loyalty/Por_Digital inf/txt_City_Por_Dig_Step2'

2018-10-15 16:35:41 - [TEST_STEP][PASSED] - setText: Text '4242424242424242' is set on object 'Object Repository/Digital Loyalty/Por_Digital inf/txt_CreditCardNumber_Por_Dig_Step2'

2018-10-15 16:35:41 - [MESSAGE][PASSED] - Text '4242424242424242' is set on object 'Object Repository/Digital Loyalty/Por_Digital inf/txt_CreditCardNumber_Por_Dig_Step2'

2018-10-15 16:35:41 - [TEST_STEP][PASSED] - selectOptionByIndex: All options with index in [1] are selected on object 'Object Repository/Digital Loyalty/Por_Digital inf/drp_Date_Por_Dig_Step2'

2018-10-15 16:35:42 - [MESSAGE][PASSED] - All options with index in [1] are selected on object 'Object Repository/Digital Loyalty/Por_Digital inf/drp_Date_Por_Dig_Step2'

2018-10-15 16:35:42 - [TEST_STEP][PASSED] - selectOptionByIndex: All options with index in [10] are selected on object 'Object Repository/Digital Loyalty/Por_Digital inf/drp_Year_Por_Dig_Step2'

2018-10-15 16:35:43 - [MESSAGE][PASSED] - All options with index in [10] are selected on object 'Object Repository/Digital Loyalty/Por_Digital inf/drp_Year_Por_Dig_Step2'

2018-10-15 16:35:43 - [TEST_STEP][PASSED] - setText: Text '123' is set on object 'Object Repository/Digital Loyalty/Por_Digital inf/txt_CVV_Por_Dig_Step2'

2018-10-15 16:35:43 - [MESSAGE][PASSED] - Text '123' is set on object 'Object Repository/Digital Loyalty/Por_Digital inf/txt_CVV_Por_Dig_Step2'

2018-10-15 16:35:43 - [TEST_STEP][PASSED] - setText: Text '70000' is set on object 'Object Repository/Digital Loyalty/Por_Digital inf/txt_ZipCode_Por_Dig_Step2'

2018-10-15 16:35:43 - [MESSAGE][PASSED] - Text '70000' is set on object 'Object Repository/Digital Loyalty/Por_Digital inf/txt_ZipCode_Por_Dig_Step2'

2018-10-15 16:35:43 - [TEST_STEP][PASSED] - setText: Text 'first name' is set on object 'Object Repository/Digital Loyalty/Por_Digital inf/txt_FirstName_Por_Dig_Step2'

2018-10-15 16:35:44 - [MESSAGE][PASSED] - Text 'first name' is set on object 'Object Repository/Digital Loyalty/Por_Digital inf/txt_FirstName_Por_Dig_Step2'

2018-10-15 16:35:44 - [TEST_STEP][PASSED] - click: Object: 'Object Repository/Digital Loyalty/Por_Digital inf/btn_SubmitPayment_Por_Dig_Step2' is clicked on

2018-10-15 16:35:47 - [MESSAGE][PASSED] - Object: 'Object Repository/Digital Loyalty/Por_Digital inf/btn_SubmitPayment_Por_Dig_Step2' is clicked on

2018-10-15 16:35:47 - [TEST_STEP][PASSED] - verifyElementPresent: Object 'Object Repository/Digital Loyalty/Por_Digital inf/lbl_missinglastname_step2' is present

2018-10-15 16:35:47 - [MESSAGE][PASSED] - Object 'Object Repository/Digital Loyalty/Por_Digital inf/lbl_missinglastname_step2' is present

2018-10-15 16:35:47 - [TEST_STEP][PASSED] - closeBrowser: Browser is closed

2018-10-15 16:35:48 - [MESSAGE][PASSED] - Browser is closed]]></system-out>
         <system-err><![CDATA[]]></system-err>
      </testcase>
      <testcase name="Test Cases/Digital Loyalty/Sign Up/DigSig_17_Verify that submitting un-successfully payment with missing card number at step 2" classname="Test Cases/Digital Loyalty/Sign Up/DigSig_17_Verify that submitting un-successfully payment with missing card number at step 2" status="PASSED">
         <system-out><![CDATA[2018-10-15 16:35:48 - [TEST_CASE][PASSED] - Test Cases/Digital Loyalty/Sign Up/DigSig_17_Verify that submitting un-successfully payment with missing card number at step 2: Test Cases/Digital Loyalty/Sign Up/DigSig_17_Verify that submitting un-successfully payment with missing card number at step 2

2018-10-15 16:35:49 - [TEST_STEP][PASSED] - comment: Steps

2018-10-15 16:35:49 - [TEST_STEP][PASSED] - customkeyword.CommonKeyword.OpenBrowser: customkeyword.CommonKeyword.OpenBrowser is PASSED

2018-10-15 16:35:55 - [MESSAGE][PASSED] - Browser is opened with url: 'https://staging-1.pirq.com/digital-loyalty/signup'

2018-10-15 16:35:56 - [MESSAGE][PASSED] - Current window maximized

2018-10-15 16:35:56 - [MESSAGE][PASSED] - customkeyword.CommonKeyword.OpenBrowser is PASSED

2018-10-15 16:35:56 - [TEST_STEP][PASSED] - setText: Text '+84123456789' is set on object 'Object Repository/Digital Loyalty/Por_Digital inf/txt_Phone_Por_Dig_Step1'

2018-10-15 16:35:56 - [MESSAGE][PASSED] - Text '+84123456789' is set on object 'Object Repository/Digital Loyalty/Por_Digital inf/txt_Phone_Por_Dig_Step1'

2018-10-15 16:35:56 - [TEST_STEP][PASSED] - setText: Text 'first name' is set on object 'Object Repository/Digital Loyalty/Por_Digital inf/txt_FirstName_Por_Dig_Step1'

2018-10-15 16:35:57 - [MESSAGE][PASSED] - Text 'first name' is set on object 'Object Repository/Digital Loyalty/Por_Digital inf/txt_FirstName_Por_Dig_Step1'

2018-10-15 16:35:57 - [TEST_STEP][PASSED] - Statement - var_DigSignedUpEmail = CustomKeywords.customkeyword.CommonKeyword.GenerateEmail("Digital"): customkeyword.CommonKeyword.GenerateEmail is PASSED

2018-10-15 16:35:57 - [MESSAGE][PASSED] - customkeyword.CommonKeyword.GenerateEmail is PASSED

2018-10-15 16:35:57 - [TEST_STEP][PASSED] - setText: Text 'Digital151018043557@yopmail.com' is set on object 'Object Repository/Digital Loyalty/Por_Digital inf/txt_Email_Por_Dig_Step1'

2018-10-15 16:35:57 - [MESSAGE][PASSED] - Text 'Digital151018043557@yopmail.com' is set on object 'Object Repository/Digital Loyalty/Por_Digital inf/txt_Email_Por_Dig_Step1'

2018-10-15 16:35:57 - [TEST_STEP][PASSED] - setText: Text 'last name' is set on object 'Object Repository/Digital Loyalty/Por_Digital inf/txt_LastName_Por_Dig_Step1'

2018-10-15 16:35:58 - [MESSAGE][PASSED] - Text 'last name' is set on object 'Object Repository/Digital Loyalty/Por_Digital inf/txt_LastName_Por_Dig_Step1'

2018-10-15 16:35:58 - [TEST_STEP][PASSED] - setText: Text 'test company' is set on object 'Object Repository/Digital Loyalty/Por_Digital inf/txt_BusinessName_Por_Dig_Step1'

2018-10-15 16:35:58 - [MESSAGE][PASSED] - Text 'test company' is set on object 'Object Repository/Digital Loyalty/Por_Digital inf/txt_BusinessName_Por_Dig_Step1'

2018-10-15 16:35:58 - [TEST_STEP][PASSED] - setText: Text '123 street' is set on object 'Object Repository/Digital Loyalty/Por_Digital inf/txt_StreetAddress_Por_Dig_Step1'

2018-10-15 16:35:58 - [MESSAGE][PASSED] - Text '123 street' is set on object 'Object Repository/Digital Loyalty/Por_Digital inf/txt_StreetAddress_Por_Dig_Step1'

2018-10-15 16:35:58 - [TEST_STEP][PASSED] - setText: Text 'HCMC' is set on object 'Object Repository/Digital Loyalty/Por_Digital inf/txt_City_Por_Dig_Step1'

2018-10-15 16:35:59 - [MESSAGE][PASSED] - Text 'HCMC' is set on object 'Object Repository/Digital Loyalty/Por_Digital inf/txt_City_Por_Dig_Step1'

2018-10-15 16:35:59 - [TEST_STEP][PASSED] - setText: Text '70000' is set on object 'Object Repository/Digital Loyalty/Por_Digital inf/txt_PostalCode_Por_Dig_Step1'

2018-10-15 16:35:59 - [MESSAGE][PASSED] - Text '70000' is set on object 'Object Repository/Digital Loyalty/Por_Digital inf/txt_PostalCode_Por_Dig_Step1'

2018-10-15 16:35:59 - [TEST_STEP][PASSED] - click: Object: 'Object Repository/Digital Loyalty/Por_Digital inf/btn_NextStep_Por_Dig_Step1' is clicked on

2018-10-15 16:36:01 - [MESSAGE][PASSED] - Object: 'Object Repository/Digital Loyalty/Por_Digital inf/btn_NextStep_Por_Dig_Step1' is clicked on

2018-10-15 16:36:01 - [TEST_STEP][PASSED] - setText: Text '123 street' is set on object 'Object Repository/Digital Loyalty/Por_Digital inf/txt_StreetAddress_Por_Dig_Step2'

2018-10-15 16:36:02 - [MESSAGE][PASSED] - Text '123 street' is set on object 'Object Repository/Digital Loyalty/Por_Digital inf/txt_StreetAddress_Por_Dig_Step2'

2018-10-15 16:36:02 - [TEST_STEP][PASSED] - setText: Text 'HCMC' is set on object 'Object Repository/Digital Loyalty/Por_Digital inf/txt_City_Por_Dig_Step2'

2018-10-15 16:36:03 - [MESSAGE][PASSED] - Text 'HCMC' is set on object 'Object Repository/Digital Loyalty/Por_Digital inf/txt_City_Por_Dig_Step2'

2018-10-15 16:36:03 - [TEST_STEP][PASSED] - setText: Text 'last name' is set on object 'Object Repository/Digital Loyalty/Por_Digital inf/txt_LastName_Por_Dig_Step2'

2018-10-15 16:36:03 - [MESSAGE][PASSED] - Text 'last name' is set on object 'Object Repository/Digital Loyalty/Por_Digital inf/txt_LastName_Por_Dig_Step2'

2018-10-15 16:36:03 - [TEST_STEP][PASSED] - selectOptionByIndex: All options with index in [1] are selected on object 'Object Repository/Digital Loyalty/Por_Digital inf/drp_Date_Por_Dig_Step2'

2018-10-15 16:36:03 - [MESSAGE][PASSED] - All options with index in [1] are selected on object 'Object Repository/Digital Loyalty/Por_Digital inf/drp_Date_Por_Dig_Step2'

2018-10-15 16:36:03 - [TEST_STEP][PASSED] - selectOptionByIndex: All options with index in [10] are selected on object 'Object Repository/Digital Loyalty/Por_Digital inf/drp_Year_Por_Dig_Step2'

2018-10-15 16:36:04 - [MESSAGE][PASSED] - All options with index in [10] are selected on object 'Object Repository/Digital Loyalty/Por_Digital inf/drp_Year_Por_Dig_Step2'

2018-10-15 16:36:04 - [TEST_STEP][PASSED] - setText: Text '123' is set on object 'Object Repository/Digital Loyalty/Por_Digital inf/txt_CVV_Por_Dig_Step2'

2018-10-15 16:36:04 - [MESSAGE][PASSED] - Text '123' is set on object 'Object Repository/Digital Loyalty/Por_Digital inf/txt_CVV_Por_Dig_Step2'

2018-10-15 16:36:04 - [TEST_STEP][PASSED] - setText: Text '70000' is set on object 'Object Repository/Digital Loyalty/Por_Digital inf/txt_ZipCode_Por_Dig_Step2'

2018-10-15 16:36:05 - [MESSAGE][PASSED] - Text '70000' is set on object 'Object Repository/Digital Loyalty/Por_Digital inf/txt_ZipCode_Por_Dig_Step2'

2018-10-15 16:36:05 - [TEST_STEP][PASSED] - setText: Text 'first name' is set on object 'Object Repository/Digital Loyalty/Por_Digital inf/txt_FirstName_Por_Dig_Step2'

2018-10-15 16:36:05 - [MESSAGE][PASSED] - Text 'first name' is set on object 'Object Repository/Digital Loyalty/Por_Digital inf/txt_FirstName_Por_Dig_Step2'

2018-10-15 16:36:05 - [TEST_STEP][PASSED] - click: Object: 'Object Repository/Digital Loyalty/Por_Digital inf/btn_SubmitPayment_Por_Dig_Step2' is clicked on

2018-10-15 16:36:08 - [MESSAGE][PASSED] - Object: 'Object Repository/Digital Loyalty/Por_Digital inf/btn_SubmitPayment_Por_Dig_Step2' is clicked on

2018-10-15 16:36:08 - [TEST_STEP][PASSED] - verifyElementPresent: Object 'Object Repository/Digital Loyalty/Por_Digital inf/lbl_missingcardnumber_step2' is present

2018-10-15 16:36:08 - [MESSAGE][PASSED] - Object 'Object Repository/Digital Loyalty/Por_Digital inf/lbl_missingcardnumber_step2' is present

2018-10-15 16:36:08 - [TEST_STEP][PASSED] - closeBrowser: Browser is closed

2018-10-15 16:36:09 - [MESSAGE][PASSED] - Browser is closed]]></system-out>
         <system-err><![CDATA[]]></system-err>
      </testcase>
      <testcase name="Test Cases/Digital Loyalty/Sign Up/DigSig_18_Verify that submitting un-successfully payment with card number below 12 characters at step 2" classname="Test Cases/Digital Loyalty/Sign Up/DigSig_18_Verify that submitting un-successfully payment with card number below 12 characters at step 2" status="PASSED">
         <system-out><![CDATA[2018-10-15 16:36:09 - [TEST_CASE][PASSED] - Test Cases/Digital Loyalty/Sign Up/DigSig_18_Verify that submitting un-successfully payment with card number below 12 characters at step 2: Test Cases/Digital Loyalty/Sign Up/DigSig_18_Verify that submitting un-successfully payment with card number below 12 characters at step 2

2018-10-15 16:36:09 - [TEST_STEP][PASSED] - comment: Steps

2018-10-15 16:36:09 - [TEST_STEP][PASSED] - customkeyword.CommonKeyword.OpenBrowser: customkeyword.CommonKeyword.OpenBrowser is PASSED

2018-10-15 16:36:16 - [MESSAGE][PASSED] - Browser is opened with url: 'https://staging-1.pirq.com/digital-loyalty/signup'

2018-10-15 16:36:17 - [MESSAGE][PASSED] - Current window maximized

2018-10-15 16:36:17 - [MESSAGE][PASSED] - customkeyword.CommonKeyword.OpenBrowser is PASSED

2018-10-15 16:36:17 - [TEST_STEP][PASSED] - setText: Text '+84123456789' is set on object 'Object Repository/Digital Loyalty/Por_Digital inf/txt_Phone_Por_Dig_Step1'

2018-10-15 16:36:17 - [MESSAGE][PASSED] - Text '+84123456789' is set on object 'Object Repository/Digital Loyalty/Por_Digital inf/txt_Phone_Por_Dig_Step1'

2018-10-15 16:36:17 - [TEST_STEP][PASSED] - setText: Text 'first name' is set on object 'Object Repository/Digital Loyalty/Por_Digital inf/txt_FirstName_Por_Dig_Step1'

2018-10-15 16:36:18 - [MESSAGE][PASSED] - Text 'first name' is set on object 'Object Repository/Digital Loyalty/Por_Digital inf/txt_FirstName_Por_Dig_Step1'

2018-10-15 16:36:18 - [TEST_STEP][PASSED] - Statement - var_DigSignedUpEmail = CustomKeywords.customkeyword.CommonKeyword.GenerateEmail("Digital"): customkeyword.CommonKeyword.GenerateEmail is PASSED

2018-10-15 16:36:18 - [MESSAGE][PASSED] - customkeyword.CommonKeyword.GenerateEmail is PASSED

2018-10-15 16:36:18 - [TEST_STEP][PASSED] - setText: Text 'Digital151018043618@yopmail.com' is set on object 'Object Repository/Digital Loyalty/Por_Digital inf/txt_Email_Por_Dig_Step1'

2018-10-15 16:36:19 - [MESSAGE][PASSED] - Text 'Digital151018043618@yopmail.com' is set on object 'Object Repository/Digital Loyalty/Por_Digital inf/txt_Email_Por_Dig_Step1'

2018-10-15 16:36:19 - [TEST_STEP][PASSED] - setText: Text 'last name' is set on object 'Object Repository/Digital Loyalty/Por_Digital inf/txt_LastName_Por_Dig_Step1'

2018-10-15 16:36:19 - [MESSAGE][PASSED] - Text 'last name' is set on object 'Object Repository/Digital Loyalty/Por_Digital inf/txt_LastName_Por_Dig_Step1'

2018-10-15 16:36:19 - [TEST_STEP][PASSED] - setText: Text 'test company' is set on object 'Object Repository/Digital Loyalty/Por_Digital inf/txt_BusinessName_Por_Dig_Step1'

2018-10-15 16:36:20 - [MESSAGE][PASSED] - Text 'test company' is set on object 'Object Repository/Digital Loyalty/Por_Digital inf/txt_BusinessName_Por_Dig_Step1'

2018-10-15 16:36:20 - [TEST_STEP][PASSED] - setText: Text '123 street' is set on object 'Object Repository/Digital Loyalty/Por_Digital inf/txt_StreetAddress_Por_Dig_Step1'

2018-10-15 16:36:20 - [MESSAGE][PASSED] - Text '123 street' is set on object 'Object Repository/Digital Loyalty/Por_Digital inf/txt_StreetAddress_Por_Dig_Step1'

2018-10-15 16:36:20 - [TEST_STEP][PASSED] - setText: Text 'HCMC' is set on object 'Object Repository/Digital Loyalty/Por_Digital inf/txt_City_Por_Dig_Step1'

2018-10-15 16:36:21 - [MESSAGE][PASSED] - Text 'HCMC' is set on object 'Object Repository/Digital Loyalty/Por_Digital inf/txt_City_Por_Dig_Step1'

2018-10-15 16:36:21 - [TEST_STEP][PASSED] - setText: Text '70000' is set on object 'Object Repository/Digital Loyalty/Por_Digital inf/txt_PostalCode_Por_Dig_Step1'

2018-10-15 16:36:21 - [MESSAGE][PASSED] - Text '70000' is set on object 'Object Repository/Digital Loyalty/Por_Digital inf/txt_PostalCode_Por_Dig_Step1'

2018-10-15 16:36:21 - [TEST_STEP][PASSED] - click: Object: 'Object Repository/Digital Loyalty/Por_Digital inf/btn_NextStep_Por_Dig_Step1' is clicked on

2018-10-15 16:36:24 - [MESSAGE][PASSED] - Object: 'Object Repository/Digital Loyalty/Por_Digital inf/btn_NextStep_Por_Dig_Step1' is clicked on

2018-10-15 16:36:24 - [TEST_STEP][PASSED] - setText: Text '123 street' is set on object 'Object Repository/Digital Loyalty/Por_Digital inf/txt_StreetAddress_Por_Dig_Step2'

2018-10-15 16:36:25 - [MESSAGE][PASSED] - Text '123 street' is set on object 'Object Repository/Digital Loyalty/Por_Digital inf/txt_StreetAddress_Por_Dig_Step2'

2018-10-15 16:36:25 - [TEST_STEP][PASSED] - setText: Text 'HCMC' is set on object 'Object Repository/Digital Loyalty/Por_Digital inf/txt_City_Por_Dig_Step2'

2018-10-15 16:36:25 - [MESSAGE][PASSED] - Text 'HCMC' is set on object 'Object Repository/Digital Loyalty/Por_Digital inf/txt_City_Por_Dig_Step2'

2018-10-15 16:36:25 - [TEST_STEP][PASSED] - setText: Text 'last name' is set on object 'Object Repository/Digital Loyalty/Por_Digital inf/txt_LastName_Por_Dig_Step2'

2018-10-15 16:36:26 - [MESSAGE][PASSED] - Text 'last name' is set on object 'Object Repository/Digital Loyalty/Por_Digital inf/txt_LastName_Por_Dig_Step2'

2018-10-15 16:36:26 - [TEST_STEP][PASSED] - selectOptionByIndex: All options with index in [1] are selected on object 'Object Repository/Digital Loyalty/Por_Digital inf/drp_Date_Por_Dig_Step2'

2018-10-15 16:36:26 - [MESSAGE][PASSED] - All options with index in [1] are selected on object 'Object Repository/Digital Loyalty/Por_Digital inf/drp_Date_Por_Dig_Step2'

2018-10-15 16:36:26 - [TEST_STEP][PASSED] - selectOptionByIndex: All options with index in [10] are selected on object 'Object Repository/Digital Loyalty/Por_Digital inf/drp_Year_Por_Dig_Step2'

2018-10-15 16:36:27 - [MESSAGE][PASSED] - All options with index in [10] are selected on object 'Object Repository/Digital Loyalty/Por_Digital inf/drp_Year_Por_Dig_Step2'

2018-10-15 16:36:27 - [TEST_STEP][PASSED] - setText: Text '123' is set on object 'Object Repository/Digital Loyalty/Por_Digital inf/txt_CVV_Por_Dig_Step2'

2018-10-15 16:36:27 - [MESSAGE][PASSED] - Text '123' is set on object 'Object Repository/Digital Loyalty/Por_Digital inf/txt_CVV_Por_Dig_Step2'

2018-10-15 16:36:27 - [TEST_STEP][PASSED] - setText: Text '70000' is set on object 'Object Repository/Digital Loyalty/Por_Digital inf/txt_ZipCode_Por_Dig_Step2'

2018-10-15 16:36:28 - [MESSAGE][PASSED] - Text '70000' is set on object 'Object Repository/Digital Loyalty/Por_Digital inf/txt_ZipCode_Por_Dig_Step2'

2018-10-15 16:36:28 - [TEST_STEP][PASSED] - setText: Text 'first name' is set on object 'Object Repository/Digital Loyalty/Por_Digital inf/txt_FirstName_Por_Dig_Step2'

2018-10-15 16:36:28 - [MESSAGE][PASSED] - Text 'first name' is set on object 'Object Repository/Digital Loyalty/Por_Digital inf/txt_FirstName_Por_Dig_Step2'

2018-10-15 16:36:28 - [TEST_STEP][PASSED] - setText: Text '123456789' is set on object 'Object Repository/Digital Loyalty/Por_Digital inf/txt_CreditCardNumber_Por_Dig_Step2'

2018-10-15 16:36:29 - [MESSAGE][PASSED] - Text '123456789' is set on object 'Object Repository/Digital Loyalty/Por_Digital inf/txt_CreditCardNumber_Por_Dig_Step2'

2018-10-15 16:36:29 - [TEST_STEP][PASSED] - click: Object: 'Object Repository/Digital Loyalty/Por_Digital inf/btn_SubmitPayment_Por_Dig_Step2' is clicked on

2018-10-15 16:36:30 - [MESSAGE][PASSED] - Object: 'Object Repository/Digital Loyalty/Por_Digital inf/btn_SubmitPayment_Por_Dig_Step2' is clicked on

2018-10-15 16:36:30 - [TEST_STEP][PASSED] - verifyElementPresent: Object 'Object Repository/Digital Loyalty/Por_Digital inf/lbl_cardBelow12_step2' is present

2018-10-15 16:36:30 - [MESSAGE][PASSED] - Object 'Object Repository/Digital Loyalty/Por_Digital inf/lbl_cardBelow12_step2' is present

2018-10-15 16:36:30 - [TEST_STEP][PASSED] - closeBrowser: Browser is closed

2018-10-15 16:36:31 - [MESSAGE][PASSED] - Browser is closed]]></system-out>
         <system-err><![CDATA[]]></system-err>
      </testcase>
      <testcase name="Test Cases/Digital Loyalty/Sign Up/DigSig_19_Verify that submitting un-successfully payment with invalid card at step 2" classname="Test Cases/Digital Loyalty/Sign Up/DigSig_19_Verify that submitting un-successfully payment with invalid card at step 2" status="PASSED">
         <system-out><![CDATA[2018-10-15 16:36:31 - [TEST_CASE][PASSED] - Test Cases/Digital Loyalty/Sign Up/DigSig_19_Verify that submitting un-successfully payment with invalid card at step 2: Test Cases/Digital Loyalty/Sign Up/DigSig_19_Verify that submitting un-successfully payment with invalid card at step 2

2018-10-15 16:36:32 - [TEST_STEP][PASSED] - comment: Steps

2018-10-15 16:36:32 - [TEST_STEP][PASSED] - customkeyword.CommonKeyword.OpenBrowser: customkeyword.CommonKeyword.OpenBrowser is PASSED

2018-10-15 16:36:38 - [MESSAGE][PASSED] - Browser is opened with url: 'https://staging-1.pirq.com/digital-loyalty/signup'

2018-10-15 16:36:39 - [MESSAGE][PASSED] - Current window maximized

2018-10-15 16:36:39 - [MESSAGE][PASSED] - customkeyword.CommonKeyword.OpenBrowser is PASSED

2018-10-15 16:36:39 - [TEST_STEP][PASSED] - setText: Text '+84123456789' is set on object 'Object Repository/Digital Loyalty/Por_Digital inf/txt_Phone_Por_Dig_Step1'

2018-10-15 16:36:40 - [MESSAGE][PASSED] - Text '+84123456789' is set on object 'Object Repository/Digital Loyalty/Por_Digital inf/txt_Phone_Por_Dig_Step1'

2018-10-15 16:36:40 - [TEST_STEP][PASSED] - setText: Text 'first name' is set on object 'Object Repository/Digital Loyalty/Por_Digital inf/txt_FirstName_Por_Dig_Step1'

2018-10-15 16:36:40 - [MESSAGE][PASSED] - Text 'first name' is set on object 'Object Repository/Digital Loyalty/Por_Digital inf/txt_FirstName_Por_Dig_Step1'

2018-10-15 16:36:40 - [TEST_STEP][PASSED] - Statement - var_DigSignedUpEmail = CustomKeywords.customkeyword.CommonKeyword.GenerateEmail("Digital"): customkeyword.CommonKeyword.GenerateEmail is PASSED

2018-10-15 16:36:40 - [MESSAGE][PASSED] - customkeyword.CommonKeyword.GenerateEmail is PASSED

2018-10-15 16:36:40 - [TEST_STEP][PASSED] - setText: Text 'Digital151018043640@yopmail.com' is set on object 'Object Repository/Digital Loyalty/Por_Digital inf/txt_Email_Por_Dig_Step1'

2018-10-15 16:36:41 - [MESSAGE][PASSED] - Text 'Digital151018043640@yopmail.com' is set on object 'Object Repository/Digital Loyalty/Por_Digital inf/txt_Email_Por_Dig_Step1'

2018-10-15 16:36:41 - [TEST_STEP][PASSED] - setText: Text 'last name' is set on object 'Object Repository/Digital Loyalty/Por_Digital inf/txt_LastName_Por_Dig_Step1'

2018-10-15 16:36:41 - [MESSAGE][PASSED] - Text 'last name' is set on object 'Object Repository/Digital Loyalty/Por_Digital inf/txt_LastName_Por_Dig_Step1'

2018-10-15 16:36:41 - [TEST_STEP][PASSED] - setText: Text 'test company' is set on object 'Object Repository/Digital Loyalty/Por_Digital inf/txt_BusinessName_Por_Dig_Step1'

2018-10-15 16:36:42 - [MESSAGE][PASSED] - Text 'test company' is set on object 'Object Repository/Digital Loyalty/Por_Digital inf/txt_BusinessName_Por_Dig_Step1'

2018-10-15 16:36:42 - [TEST_STEP][PASSED] - setText: Text '123 street' is set on object 'Object Repository/Digital Loyalty/Por_Digital inf/txt_StreetAddress_Por_Dig_Step1'

2018-10-15 16:36:43 - [MESSAGE][PASSED] - Text '123 street' is set on object 'Object Repository/Digital Loyalty/Por_Digital inf/txt_StreetAddress_Por_Dig_Step1'

2018-10-15 16:36:43 - [TEST_STEP][PASSED] - setText: Text 'HCMC' is set on object 'Object Repository/Digital Loyalty/Por_Digital inf/txt_City_Por_Dig_Step1'

2018-10-15 16:36:43 - [MESSAGE][PASSED] - Text 'HCMC' is set on object 'Object Repository/Digital Loyalty/Por_Digital inf/txt_City_Por_Dig_Step1'

2018-10-15 16:36:43 - [TEST_STEP][PASSED] - setText: Text '70000' is set on object 'Object Repository/Digital Loyalty/Por_Digital inf/txt_PostalCode_Por_Dig_Step1'

2018-10-15 16:36:43 - [MESSAGE][PASSED] - Text '70000' is set on object 'Object Repository/Digital Loyalty/Por_Digital inf/txt_PostalCode_Por_Dig_Step1'

2018-10-15 16:36:43 - [TEST_STEP][PASSED] - click: Object: 'Object Repository/Digital Loyalty/Por_Digital inf/btn_NextStep_Por_Dig_Step1' is clicked on

2018-10-15 16:36:46 - [MESSAGE][PASSED] - Object: 'Object Repository/Digital Loyalty/Por_Digital inf/btn_NextStep_Por_Dig_Step1' is clicked on

2018-10-15 16:36:46 - [TEST_STEP][PASSED] - setText: Text '123 street' is set on object 'Object Repository/Digital Loyalty/Por_Digital inf/txt_StreetAddress_Por_Dig_Step2'

2018-10-15 16:36:46 - [MESSAGE][PASSED] - Text '123 street' is set on object 'Object Repository/Digital Loyalty/Por_Digital inf/txt_StreetAddress_Por_Dig_Step2'

2018-10-15 16:36:46 - [TEST_STEP][PASSED] - setText: Text 'HCMC' is set on object 'Object Repository/Digital Loyalty/Por_Digital inf/txt_City_Por_Dig_Step2'

2018-10-15 16:36:47 - [MESSAGE][PASSED] - Text 'HCMC' is set on object 'Object Repository/Digital Loyalty/Por_Digital inf/txt_City_Por_Dig_Step2'

2018-10-15 16:36:47 - [TEST_STEP][PASSED] - setText: Text 'last name' is set on object 'Object Repository/Digital Loyalty/Por_Digital inf/txt_LastName_Por_Dig_Step2'

2018-10-15 16:36:47 - [MESSAGE][PASSED] - Text 'last name' is set on object 'Object Repository/Digital Loyalty/Por_Digital inf/txt_LastName_Por_Dig_Step2'

2018-10-15 16:36:47 - [TEST_STEP][PASSED] - selectOptionByIndex: All options with index in [1] are selected on object 'Object Repository/Digital Loyalty/Por_Digital inf/drp_Date_Por_Dig_Step2'

2018-10-15 16:36:48 - [MESSAGE][PASSED] - All options with index in [1] are selected on object 'Object Repository/Digital Loyalty/Por_Digital inf/drp_Date_Por_Dig_Step2'

2018-10-15 16:36:48 - [TEST_STEP][PASSED] - selectOptionByIndex: All options with index in [10] are selected on object 'Object Repository/Digital Loyalty/Por_Digital inf/drp_Year_Por_Dig_Step2'

2018-10-15 16:36:48 - [MESSAGE][PASSED] - All options with index in [10] are selected on object 'Object Repository/Digital Loyalty/Por_Digital inf/drp_Year_Por_Dig_Step2'

2018-10-15 16:36:48 - [TEST_STEP][PASSED] - setText: Text '123' is set on object 'Object Repository/Digital Loyalty/Por_Digital inf/txt_CVV_Por_Dig_Step2'

2018-10-15 16:36:49 - [MESSAGE][PASSED] - Text '123' is set on object 'Object Repository/Digital Loyalty/Por_Digital inf/txt_CVV_Por_Dig_Step2'

2018-10-15 16:36:49 - [TEST_STEP][PASSED] - setText: Text '70000' is set on object 'Object Repository/Digital Loyalty/Por_Digital inf/txt_ZipCode_Por_Dig_Step2'

2018-10-15 16:36:49 - [MESSAGE][PASSED] - Text '70000' is set on object 'Object Repository/Digital Loyalty/Por_Digital inf/txt_ZipCode_Por_Dig_Step2'

2018-10-15 16:36:49 - [TEST_STEP][PASSED] - setText: Text 'first name' is set on object 'Object Repository/Digital Loyalty/Por_Digital inf/txt_FirstName_Por_Dig_Step2'

2018-10-15 16:36:50 - [MESSAGE][PASSED] - Text 'first name' is set on object 'Object Repository/Digital Loyalty/Por_Digital inf/txt_FirstName_Por_Dig_Step2'

2018-10-15 16:36:50 - [TEST_STEP][PASSED] - setText: Text '123456789012' is set on object 'Object Repository/Digital Loyalty/Por_Digital inf/txt_CreditCardNumber_Por_Dig_Step2'

2018-10-15 16:36:50 - [MESSAGE][PASSED] - Text '123456789012' is set on object 'Object Repository/Digital Loyalty/Por_Digital inf/txt_CreditCardNumber_Por_Dig_Step2'

2018-10-15 16:36:50 - [TEST_STEP][PASSED] - click: Object: 'Object Repository/Digital Loyalty/Por_Digital inf/btn_SubmitPayment_Por_Dig_Step2' is clicked on

2018-10-15 16:36:53 - [MESSAGE][PASSED] - Object: 'Object Repository/Digital Loyalty/Por_Digital inf/btn_SubmitPayment_Por_Dig_Step2' is clicked on

2018-10-15 16:36:53 - [TEST_STEP][PASSED] - verifyElementPresent: Object 'Object Repository/Digital Loyalty/Por_Digital inf/lbl_invalidcard_step2' is present

2018-10-15 16:36:53 - [MESSAGE][PASSED] - Object 'Object Repository/Digital Loyalty/Por_Digital inf/lbl_invalidcard_step2' is present

2018-10-15 16:36:53 - [TEST_STEP][PASSED] - closeBrowser: Browser is closed

2018-10-15 16:36:54 - [MESSAGE][PASSED] - Browser is closed]]></system-out>
         <system-err><![CDATA[]]></system-err>
      </testcase>
      <testcase name="Test Cases/Digital Loyalty/Sign Up/DigSig_20_Verify that submitting un-successfully payment with missing CVV at step 2" classname="Test Cases/Digital Loyalty/Sign Up/DigSig_20_Verify that submitting un-successfully payment with missing CVV at step 2" status="PASSED">
         <system-out><![CDATA[2018-10-15 16:36:54 - [TEST_CASE][PASSED] - Test Cases/Digital Loyalty/Sign Up/DigSig_20_Verify that submitting un-successfully payment with missing CVV at step 2: Test Cases/Digital Loyalty/Sign Up/DigSig_20_Verify that submitting un-successfully payment with missing CVV at step 2

2018-10-15 16:36:54 - [TEST_STEP][PASSED] - comment: Steps

2018-10-15 16:36:54 - [TEST_STEP][PASSED] - customkeyword.CommonKeyword.OpenBrowser: customkeyword.CommonKeyword.OpenBrowser is PASSED

2018-10-15 16:37:00 - [MESSAGE][PASSED] - Browser is opened with url: 'https://staging-1.pirq.com/digital-loyalty/signup'

2018-10-15 16:37:02 - [MESSAGE][PASSED] - Current window maximized

2018-10-15 16:37:02 - [MESSAGE][PASSED] - customkeyword.CommonKeyword.OpenBrowser is PASSED

2018-10-15 16:37:02 - [TEST_STEP][PASSED] - setText: Text '+84123456789' is set on object 'Object Repository/Digital Loyalty/Por_Digital inf/txt_Phone_Por_Dig_Step1'

2018-10-15 16:37:02 - [MESSAGE][PASSED] - Text '+84123456789' is set on object 'Object Repository/Digital Loyalty/Por_Digital inf/txt_Phone_Por_Dig_Step1'

2018-10-15 16:37:02 - [TEST_STEP][PASSED] - setText: Text 'first name' is set on object 'Object Repository/Digital Loyalty/Por_Digital inf/txt_FirstName_Por_Dig_Step1'

2018-10-15 16:37:03 - [MESSAGE][PASSED] - Text 'first name' is set on object 'Object Repository/Digital Loyalty/Por_Digital inf/txt_FirstName_Por_Dig_Step1'

2018-10-15 16:37:03 - [TEST_STEP][PASSED] - Statement - var_DigSignedUpEmail = CustomKeywords.customkeyword.CommonKeyword.GenerateEmail("Digital"): customkeyword.CommonKeyword.GenerateEmail is PASSED

2018-10-15 16:37:03 - [MESSAGE][PASSED] - customkeyword.CommonKeyword.GenerateEmail is PASSED

2018-10-15 16:37:03 - [TEST_STEP][PASSED] - setText: Text 'Digital151018043703@yopmail.com' is set on object 'Object Repository/Digital Loyalty/Por_Digital inf/txt_Email_Por_Dig_Step1'

2018-10-15 16:37:03 - [MESSAGE][PASSED] - Text 'Digital151018043703@yopmail.com' is set on object 'Object Repository/Digital Loyalty/Por_Digital inf/txt_Email_Por_Dig_Step1'

2018-10-15 16:37:03 - [TEST_STEP][PASSED] - setText: Text 'last name' is set on object 'Object Repository/Digital Loyalty/Por_Digital inf/txt_LastName_Por_Dig_Step1'

2018-10-15 16:37:04 - [MESSAGE][PASSED] - Text 'last name' is set on object 'Object Repository/Digital Loyalty/Por_Digital inf/txt_LastName_Por_Dig_Step1'

2018-10-15 16:37:04 - [TEST_STEP][PASSED] - setText: Text 'test company' is set on object 'Object Repository/Digital Loyalty/Por_Digital inf/txt_BusinessName_Por_Dig_Step1'

2018-10-15 16:37:04 - [MESSAGE][PASSED] - Text 'test company' is set on object 'Object Repository/Digital Loyalty/Por_Digital inf/txt_BusinessName_Por_Dig_Step1'

2018-10-15 16:37:04 - [TEST_STEP][PASSED] - setText: Text '123 street' is set on object 'Object Repository/Digital Loyalty/Por_Digital inf/txt_StreetAddress_Por_Dig_Step1'

2018-10-15 16:37:05 - [MESSAGE][PASSED] - Text '123 street' is set on object 'Object Repository/Digital Loyalty/Por_Digital inf/txt_StreetAddress_Por_Dig_Step1'

2018-10-15 16:37:05 - [TEST_STEP][PASSED] - setText: Text 'HCMC' is set on object 'Object Repository/Digital Loyalty/Por_Digital inf/txt_City_Por_Dig_Step1'

2018-10-15 16:37:05 - [MESSAGE][PASSED] - Text 'HCMC' is set on object 'Object Repository/Digital Loyalty/Por_Digital inf/txt_City_Por_Dig_Step1'

2018-10-15 16:37:05 - [TEST_STEP][PASSED] - setText: Text '70000' is set on object 'Object Repository/Digital Loyalty/Por_Digital inf/txt_PostalCode_Por_Dig_Step1'

2018-10-15 16:37:06 - [MESSAGE][PASSED] - Text '70000' is set on object 'Object Repository/Digital Loyalty/Por_Digital inf/txt_PostalCode_Por_Dig_Step1'

2018-10-15 16:37:06 - [TEST_STEP][PASSED] - click: Object: 'Object Repository/Digital Loyalty/Por_Digital inf/btn_NextStep_Por_Dig_Step1' is clicked on

2018-10-15 16:37:08 - [MESSAGE][PASSED] - Object: 'Object Repository/Digital Loyalty/Por_Digital inf/btn_NextStep_Por_Dig_Step1' is clicked on

2018-10-15 16:37:08 - [TEST_STEP][PASSED] - setText: Text '123 street' is set on object 'Object Repository/Digital Loyalty/Por_Digital inf/txt_StreetAddress_Por_Dig_Step2'

2018-10-15 16:37:09 - [MESSAGE][PASSED] - Text '123 street' is set on object 'Object Repository/Digital Loyalty/Por_Digital inf/txt_StreetAddress_Por_Dig_Step2'

2018-10-15 16:37:09 - [TEST_STEP][PASSED] - setText: Text 'HCMC' is set on object 'Object Repository/Digital Loyalty/Por_Digital inf/txt_City_Por_Dig_Step2'

2018-10-15 16:37:09 - [MESSAGE][PASSED] - Text 'HCMC' is set on object 'Object Repository/Digital Loyalty/Por_Digital inf/txt_City_Por_Dig_Step2'

2018-10-15 16:37:09 - [TEST_STEP][PASSED] - setText: Text 'last name' is set on object 'Object Repository/Digital Loyalty/Por_Digital inf/txt_LastName_Por_Dig_Step2'

2018-10-15 16:37:10 - [MESSAGE][PASSED] - Text 'last name' is set on object 'Object Repository/Digital Loyalty/Por_Digital inf/txt_LastName_Por_Dig_Step2'

2018-10-15 16:37:10 - [TEST_STEP][PASSED] - selectOptionByIndex: All options with index in [1] are selected on object 'Object Repository/Digital Loyalty/Por_Digital inf/drp_Date_Por_Dig_Step2'

2018-10-15 16:37:10 - [MESSAGE][PASSED] - All options with index in [1] are selected on object 'Object Repository/Digital Loyalty/Por_Digital inf/drp_Date_Por_Dig_Step2'

2018-10-15 16:37:10 - [TEST_STEP][PASSED] - selectOptionByIndex: All options with index in [10] are selected on object 'Object Repository/Digital Loyalty/Por_Digital inf/drp_Year_Por_Dig_Step2'

2018-10-15 16:37:11 - [MESSAGE][PASSED] - All options with index in [10] are selected on object 'Object Repository/Digital Loyalty/Por_Digital inf/drp_Year_Por_Dig_Step2'

2018-10-15 16:37:11 - [TEST_STEP][PASSED] - setText: Text '70000' is set on object 'Object Repository/Digital Loyalty/Por_Digital inf/txt_ZipCode_Por_Dig_Step2'

2018-10-15 16:37:11 - [MESSAGE][PASSED] - Text '70000' is set on object 'Object Repository/Digital Loyalty/Por_Digital inf/txt_ZipCode_Por_Dig_Step2'

2018-10-15 16:37:11 - [TEST_STEP][PASSED] - setText: Text 'first name' is set on object 'Object Repository/Digital Loyalty/Por_Digital inf/txt_FirstName_Por_Dig_Step2'

2018-10-15 16:37:12 - [MESSAGE][PASSED] - Text 'first name' is set on object 'Object Repository/Digital Loyalty/Por_Digital inf/txt_FirstName_Por_Dig_Step2'

2018-10-15 16:37:12 - [TEST_STEP][PASSED] - setText: Text '4242424242424242' is set on object 'Object Repository/Digital Loyalty/Por_Digital inf/txt_CreditCardNumber_Por_Dig_Step2'

2018-10-15 16:37:12 - [MESSAGE][PASSED] - Text '4242424242424242' is set on object 'Object Repository/Digital Loyalty/Por_Digital inf/txt_CreditCardNumber_Por_Dig_Step2'

2018-10-15 16:37:12 - [TEST_STEP][PASSED] - click: Object: 'Object Repository/Digital Loyalty/Por_Digital inf/btn_SubmitPayment_Por_Dig_Step2' is clicked on

2018-10-15 16:37:14 - [MESSAGE][PASSED] - Object: 'Object Repository/Digital Loyalty/Por_Digital inf/btn_SubmitPayment_Por_Dig_Step2' is clicked on

2018-10-15 16:37:14 - [TEST_STEP][PASSED] - verifyElementPresent: Object 'Object Repository/Digital Loyalty/Por_Digital inf/lbl_missingCVV_step2' is present

2018-10-15 16:37:14 - [MESSAGE][PASSED] - Object 'Object Repository/Digital Loyalty/Por_Digital inf/lbl_missingCVV_step2' is present

2018-10-15 16:37:14 - [TEST_STEP][PASSED] - closeBrowser: Browser is closed

2018-10-15 16:37:15 - [MESSAGE][PASSED] - Browser is closed]]></system-out>
         <system-err><![CDATA[]]></system-err>
      </testcase>
      <testcase name="Test Cases/Digital Loyalty/Sign Up/DigSig_21_Verify that submitting successfully payment at step 2" classname="Test Cases/Digital Loyalty/Sign Up/DigSig_21_Verify that submitting successfully payment at step 2" status="PASSED">
         <system-out><![CDATA[2018-10-15 16:37:15 - [TEST_CASE][PASSED] - Test Cases/Digital Loyalty/Sign Up/DigSig_21_Verify that submitting successfully payment at step 2: Test Cases/Digital Loyalty/Sign Up/DigSig_21_Verify that submitting successfully payment at step 2

2018-10-15 16:37:15 - [TEST_STEP][PASSED] - comment: Steps

2018-10-15 16:37:15 - [TEST_STEP][PASSED] - customkeyword.CommonKeyword.OpenBrowser: customkeyword.CommonKeyword.OpenBrowser is PASSED

2018-10-15 16:37:22 - [MESSAGE][PASSED] - Browser is opened with url: 'https://staging-1.pirq.com/digital-loyalty/signup'

2018-10-15 16:37:23 - [MESSAGE][PASSED] - Current window maximized

2018-10-15 16:37:23 - [MESSAGE][PASSED] - customkeyword.CommonKeyword.OpenBrowser is PASSED

2018-10-15 16:37:23 - [TEST_STEP][PASSED] - setText: Text 'first name' is set on object 'Object Repository/Digital Loyalty/Por_Digital inf/txt_FirstName_Por_Dig_Step1'

2018-10-15 16:37:23 - [MESSAGE][PASSED] - Text 'first name' is set on object 'Object Repository/Digital Loyalty/Por_Digital inf/txt_FirstName_Por_Dig_Step1'

2018-10-15 16:37:23 - [TEST_STEP][PASSED] - setText: Text 'last name' is set on object 'Object Repository/Digital Loyalty/Por_Digital inf/txt_LastName_Por_Dig_Step1'

2018-10-15 16:37:24 - [MESSAGE][PASSED] - Text 'last name' is set on object 'Object Repository/Digital Loyalty/Por_Digital inf/txt_LastName_Por_Dig_Step1'

2018-10-15 16:37:24 - [TEST_STEP][PASSED] - Statement - var_DigSignedUpEmail = CustomKeywords.customkeyword.CommonKeyword.GenerateEmail("Digital"): customkeyword.CommonKeyword.GenerateEmail is PASSED

2018-10-15 16:37:24 - [MESSAGE][PASSED] - customkeyword.CommonKeyword.GenerateEmail is PASSED

2018-10-15 16:37:24 - [TEST_STEP][PASSED] - setText: Text 'Digital151018043724@yopmail.com' is set on object 'Object Repository/Digital Loyalty/Por_Digital inf/txt_Email_Por_Dig_Step1'

2018-10-15 16:37:25 - [MESSAGE][PASSED] - Text 'Digital151018043724@yopmail.com' is set on object 'Object Repository/Digital Loyalty/Por_Digital inf/txt_Email_Por_Dig_Step1'

2018-10-15 16:37:25 - [TEST_STEP][PASSED] - setText: Text '+84123456789' is set on object 'Object Repository/Digital Loyalty/Por_Digital inf/txt_Phone_Por_Dig_Step1'

2018-10-15 16:37:25 - [MESSAGE][PASSED] - Text '+84123456789' is set on object 'Object Repository/Digital Loyalty/Por_Digital inf/txt_Phone_Por_Dig_Step1'

2018-10-15 16:37:25 - [TEST_STEP][PASSED] - setText: Text 'test company' is set on object 'Object Repository/Digital Loyalty/Por_Digital inf/txt_BusinessName_Por_Dig_Step1'

2018-10-15 16:37:26 - [MESSAGE][PASSED] - Text 'test company' is set on object 'Object Repository/Digital Loyalty/Por_Digital inf/txt_BusinessName_Por_Dig_Step1'

2018-10-15 16:37:26 - [TEST_STEP][PASSED] - setText: Text '123 street' is set on object 'Object Repository/Digital Loyalty/Por_Digital inf/txt_StreetAddress_Por_Dig_Step1'

2018-10-15 16:37:26 - [MESSAGE][PASSED] - Text '123 street' is set on object 'Object Repository/Digital Loyalty/Por_Digital inf/txt_StreetAddress_Por_Dig_Step1'

2018-10-15 16:37:26 - [TEST_STEP][PASSED] - setText: Text 'HCMC' is set on object 'Object Repository/Digital Loyalty/Por_Digital inf/txt_City_Por_Dig_Step1'

2018-10-15 16:37:27 - [MESSAGE][PASSED] - Text 'HCMC' is set on object 'Object Repository/Digital Loyalty/Por_Digital inf/txt_City_Por_Dig_Step1'

2018-10-15 16:37:27 - [TEST_STEP][PASSED] - setText: Text '70000' is set on object 'Object Repository/Digital Loyalty/Por_Digital inf/txt_PostalCode_Por_Dig_Step1'

2018-10-15 16:37:27 - [MESSAGE][PASSED] - Text '70000' is set on object 'Object Repository/Digital Loyalty/Por_Digital inf/txt_PostalCode_Por_Dig_Step1'

2018-10-15 16:37:27 - [TEST_STEP][PASSED] - click: Object: 'Object Repository/Digital Loyalty/Por_Digital inf/btn_NextStep_Por_Dig_Step1' is clicked on

2018-10-15 16:37:31 - [MESSAGE][PASSED] - Object: 'Object Repository/Digital Loyalty/Por_Digital inf/btn_NextStep_Por_Dig_Step1' is clicked on

2018-10-15 16:37:31 - [TEST_STEP][PASSED] - setText: Text '123 street' is set on object 'Object Repository/Digital Loyalty/Por_Digital inf/txt_StreetAddress_Por_Dig_Step2'

2018-10-15 16:37:31 - [MESSAGE][PASSED] - Text '123 street' is set on object 'Object Repository/Digital Loyalty/Por_Digital inf/txt_StreetAddress_Por_Dig_Step2'

2018-10-15 16:37:31 - [TEST_STEP][PASSED] - setText: Text 'HCMC' is set on object 'Object Repository/Digital Loyalty/Por_Digital inf/txt_City_Por_Dig_Step2'

2018-10-15 16:37:32 - [MESSAGE][PASSED] - Text 'HCMC' is set on object 'Object Repository/Digital Loyalty/Por_Digital inf/txt_City_Por_Dig_Step2'

2018-10-15 16:37:32 - [TEST_STEP][PASSED] - setText: Text '70000' is set on object 'Object Repository/Digital Loyalty/Por_Digital inf/txt_ZipCode_Por_Dig_Step2'

2018-10-15 16:37:32 - [MESSAGE][PASSED] - Text '70000' is set on object 'Object Repository/Digital Loyalty/Por_Digital inf/txt_ZipCode_Por_Dig_Step2'

2018-10-15 16:37:32 - [TEST_STEP][PASSED] - setText: Text '4242424242424242' is set on object 'Object Repository/Digital Loyalty/Por_Digital inf/txt_CreditCardNumber_Por_Dig_Step2'

2018-10-15 16:37:33 - [MESSAGE][PASSED] - Text '4242424242424242' is set on object 'Object Repository/Digital Loyalty/Por_Digital inf/txt_CreditCardNumber_Por_Dig_Step2'

2018-10-15 16:37:33 - [TEST_STEP][PASSED] - setText: Text '123' is set on object 'Object Repository/Digital Loyalty/Por_Digital inf/txt_CVV_Por_Dig_Step2'

2018-10-15 16:37:33 - [MESSAGE][PASSED] - Text '123' is set on object 'Object Repository/Digital Loyalty/Por_Digital inf/txt_CVV_Por_Dig_Step2'

2018-10-15 16:37:33 - [TEST_STEP][PASSED] - selectOptionByIndex: All options with index in [1] are selected on object 'Object Repository/Digital Loyalty/Por_Digital inf/drp_Date_Por_Dig_Step2'

2018-10-15 16:37:33 - [MESSAGE][PASSED] - All options with index in [1] are selected on object 'Object Repository/Digital Loyalty/Por_Digital inf/drp_Date_Por_Dig_Step2'

2018-10-15 16:37:33 - [TEST_STEP][PASSED] - selectOptionByIndex: All options with index in [10] are selected on object 'Object Repository/Digital Loyalty/Por_Digital inf/drp_Year_Por_Dig_Step2'

2018-10-15 16:37:34 - [MESSAGE][PASSED] - All options with index in [10] are selected on object 'Object Repository/Digital Loyalty/Por_Digital inf/drp_Year_Por_Dig_Step2'

2018-10-15 16:37:34 - [TEST_STEP][PASSED] - setText: Text 'first name' is set on object 'Object Repository/Digital Loyalty/Por_Digital inf/txt_FirstName_Por_Dig_Step2'

2018-10-15 16:37:34 - [MESSAGE][PASSED] - Text 'first name' is set on object 'Object Repository/Digital Loyalty/Por_Digital inf/txt_FirstName_Por_Dig_Step2'

2018-10-15 16:37:34 - [TEST_STEP][PASSED] - setText: Text 'last name' is set on object 'Object Repository/Digital Loyalty/Por_Digital inf/txt_LastName_Por_Dig_Step2'

2018-10-15 16:37:35 - [MESSAGE][PASSED] - Text 'last name' is set on object 'Object Repository/Digital Loyalty/Por_Digital inf/txt_LastName_Por_Dig_Step2'

2018-10-15 16:37:35 - [TEST_STEP][PASSED] - click: Object: 'Object Repository/Digital Loyalty/Por_Digital inf/btn_SubmitPayment_Por_Dig_Step2' is clicked on

2018-10-15 16:37:45 - [MESSAGE][PASSED] - Object: 'Object Repository/Digital Loyalty/Por_Digital inf/btn_SubmitPayment_Por_Dig_Step2' is clicked on

2018-10-15 16:37:45 - [TEST_STEP][PASSED] - verifyElementPresent: Object 'Object Repository/Digital Loyalty/Por_Digital inf/lbl_congratulations_step2' is present

2018-10-15 16:37:45 - [MESSAGE][PASSED] - Object 'Object Repository/Digital Loyalty/Por_Digital inf/lbl_congratulations_step2' is present

2018-10-15 16:37:45 - [TEST_STEP][PASSED] - closeBrowser: Browser is closed

2018-10-15 16:37:46 - [MESSAGE][PASSED] - Browser is closed]]></system-out>
         <system-err><![CDATA[]]></system-err>
      </testcase>
      <testcase name="Test Cases/Digital Loyalty/Sign Up/DigSig_22_Verify that submitting un-successfully Loyalty Program with missing number of punches at step 3" classname="Test Cases/Digital Loyalty/Sign Up/DigSig_22_Verify that submitting un-successfully Loyalty Program with missing number of punches at step 3" status="PASSED">
         <system-out><![CDATA[2018-10-15 16:37:46 - [TEST_CASE][PASSED] - Test Cases/Digital Loyalty/Sign Up/DigSig_22_Verify that submitting un-successfully Loyalty Program with missing number of punches at step 3: Test Cases/Digital Loyalty/Sign Up/DigSig_22_Verify that submitting un-successfully Loyalty Program with missing number of punches at step 3

2018-10-15 16:37:46 - [TEST_STEP][PASSED] - comment: Steps

2018-10-15 16:37:46 - [TEST_STEP][PASSED] - customkeyword.CommonKeyword.OpenBrowser: customkeyword.CommonKeyword.OpenBrowser is PASSED

2018-10-15 16:37:52 - [MESSAGE][PASSED] - Browser is opened with url: 'https://staging-1.pirq.com/digital-loyalty/signup'

2018-10-15 16:37:53 - [MESSAGE][PASSED] - Current window maximized

2018-10-15 16:37:53 - [MESSAGE][PASSED] - customkeyword.CommonKeyword.OpenBrowser is PASSED

2018-10-15 16:37:53 - [TEST_STEP][PASSED] - setText: Text 'first name' is set on object 'Object Repository/Digital Loyalty/Por_Digital inf/txt_FirstName_Por_Dig_Step1'

2018-10-15 16:37:54 - [MESSAGE][PASSED] - Text 'first name' is set on object 'Object Repository/Digital Loyalty/Por_Digital inf/txt_FirstName_Por_Dig_Step1'

2018-10-15 16:37:54 - [TEST_STEP][PASSED] - setText: Text 'last name' is set on object 'Object Repository/Digital Loyalty/Por_Digital inf/txt_LastName_Por_Dig_Step1'

2018-10-15 16:37:54 - [MESSAGE][PASSED] - Text 'last name' is set on object 'Object Repository/Digital Loyalty/Por_Digital inf/txt_LastName_Por_Dig_Step1'

2018-10-15 16:37:54 - [TEST_STEP][PASSED] - Statement - var_DigSignedUpEmail = CustomKeywords.customkeyword.CommonKeyword.GenerateEmail("Digital"): customkeyword.CommonKeyword.GenerateEmail is PASSED

2018-10-15 16:37:54 - [MESSAGE][PASSED] - customkeyword.CommonKeyword.GenerateEmail is PASSED

2018-10-15 16:37:54 - [TEST_STEP][PASSED] - setText: Text 'Digital151018043754@yopmail.com' is set on object 'Object Repository/Digital Loyalty/Por_Digital inf/txt_Email_Por_Dig_Step1'

2018-10-15 16:37:55 - [MESSAGE][PASSED] - Text 'Digital151018043754@yopmail.com' is set on object 'Object Repository/Digital Loyalty/Por_Digital inf/txt_Email_Por_Dig_Step1'

2018-10-15 16:37:55 - [TEST_STEP][PASSED] - setText: Text '+84123456789' is set on object 'Object Repository/Digital Loyalty/Por_Digital inf/txt_Phone_Por_Dig_Step1'

2018-10-15 16:37:55 - [MESSAGE][PASSED] - Text '+84123456789' is set on object 'Object Repository/Digital Loyalty/Por_Digital inf/txt_Phone_Por_Dig_Step1'

2018-10-15 16:37:55 - [TEST_STEP][PASSED] - setText: Text 'test company' is set on object 'Object Repository/Digital Loyalty/Por_Digital inf/txt_BusinessName_Por_Dig_Step1'

2018-10-15 16:37:56 - [MESSAGE][PASSED] - Text 'test company' is set on object 'Object Repository/Digital Loyalty/Por_Digital inf/txt_BusinessName_Por_Dig_Step1'

2018-10-15 16:37:56 - [TEST_STEP][PASSED] - setText: Text '123 street' is set on object 'Object Repository/Digital Loyalty/Por_Digital inf/txt_StreetAddress_Por_Dig_Step1'

2018-10-15 16:37:56 - [MESSAGE][PASSED] - Text '123 street' is set on object 'Object Repository/Digital Loyalty/Por_Digital inf/txt_StreetAddress_Por_Dig_Step1'

2018-10-15 16:37:56 - [TEST_STEP][PASSED] - setText: Text 'HCMC' is set on object 'Object Repository/Digital Loyalty/Por_Digital inf/txt_City_Por_Dig_Step1'

2018-10-15 16:37:56 - [MESSAGE][PASSED] - Text 'HCMC' is set on object 'Object Repository/Digital Loyalty/Por_Digital inf/txt_City_Por_Dig_Step1'

2018-10-15 16:37:56 - [TEST_STEP][PASSED] - setText: Text '70000' is set on object 'Object Repository/Digital Loyalty/Por_Digital inf/txt_PostalCode_Por_Dig_Step1'

2018-10-15 16:37:57 - [MESSAGE][PASSED] - Text '70000' is set on object 'Object Repository/Digital Loyalty/Por_Digital inf/txt_PostalCode_Por_Dig_Step1'

2018-10-15 16:37:57 - [TEST_STEP][PASSED] - click: Object: 'Object Repository/Digital Loyalty/Por_Digital inf/btn_NextStep_Por_Dig_Step1' is clicked on

2018-10-15 16:37:59 - [MESSAGE][PASSED] - Object: 'Object Repository/Digital Loyalty/Por_Digital inf/btn_NextStep_Por_Dig_Step1' is clicked on

2018-10-15 16:37:59 - [TEST_STEP][PASSED] - setText: Text '123 street' is set on object 'Object Repository/Digital Loyalty/Por_Digital inf/txt_StreetAddress_Por_Dig_Step2'

2018-10-15 16:38:00 - [MESSAGE][PASSED] - Text '123 street' is set on object 'Object Repository/Digital Loyalty/Por_Digital inf/txt_StreetAddress_Por_Dig_Step2'

2018-10-15 16:38:00 - [TEST_STEP][PASSED] - setText: Text 'HCMC' is set on object 'Object Repository/Digital Loyalty/Por_Digital inf/txt_City_Por_Dig_Step2'

2018-10-15 16:38:00 - [MESSAGE][PASSED] - Text 'HCMC' is set on object 'Object Repository/Digital Loyalty/Por_Digital inf/txt_City_Por_Dig_Step2'

2018-10-15 16:38:00 - [TEST_STEP][PASSED] - setText: Text '70000' is set on object 'Object Repository/Digital Loyalty/Por_Digital inf/txt_ZipCode_Por_Dig_Step2'

2018-10-15 16:38:00 - [MESSAGE][PASSED] - Text '70000' is set on object 'Object Repository/Digital Loyalty/Por_Digital inf/txt_ZipCode_Por_Dig_Step2'

2018-10-15 16:38:00 - [TEST_STEP][PASSED] - setText: Text '4242424242424242' is set on object 'Object Repository/Digital Loyalty/Por_Digital inf/txt_CreditCardNumber_Por_Dig_Step2'

2018-10-15 16:38:01 - [MESSAGE][PASSED] - Text '4242424242424242' is set on object 'Object Repository/Digital Loyalty/Por_Digital inf/txt_CreditCardNumber_Por_Dig_Step2'

2018-10-15 16:38:01 - [TEST_STEP][PASSED] - setText: Text '123' is set on object 'Object Repository/Digital Loyalty/Por_Digital inf/txt_CVV_Por_Dig_Step2'

2018-10-15 16:38:02 - [MESSAGE][PASSED] - Text '123' is set on object 'Object Repository/Digital Loyalty/Por_Digital inf/txt_CVV_Por_Dig_Step2'

2018-10-15 16:38:02 - [TEST_STEP][PASSED] - selectOptionByIndex: All options with index in [1] are selected on object 'Object Repository/Digital Loyalty/Por_Digital inf/drp_Date_Por_Dig_Step2'

2018-10-15 16:38:02 - [MESSAGE][PASSED] - All options with index in [1] are selected on object 'Object Repository/Digital Loyalty/Por_Digital inf/drp_Date_Por_Dig_Step2'

2018-10-15 16:38:02 - [TEST_STEP][PASSED] - selectOptionByIndex: All options with index in [10] are selected on object 'Object Repository/Digital Loyalty/Por_Digital inf/drp_Year_Por_Dig_Step2'

2018-10-15 16:38:03 - [MESSAGE][PASSED] - All options with index in [10] are selected on object 'Object Repository/Digital Loyalty/Por_Digital inf/drp_Year_Por_Dig_Step2'

2018-10-15 16:38:03 - [TEST_STEP][PASSED] - setText: Text 'first name' is set on object 'Object Repository/Digital Loyalty/Por_Digital inf/txt_FirstName_Por_Dig_Step2'

2018-10-15 16:38:04 - [MESSAGE][PASSED] - Text 'first name' is set on object 'Object Repository/Digital Loyalty/Por_Digital inf/txt_FirstName_Por_Dig_Step2'

2018-10-15 16:38:04 - [TEST_STEP][PASSED] - setText: Text 'last name' is set on object 'Object Repository/Digital Loyalty/Por_Digital inf/txt_LastName_Por_Dig_Step2'

2018-10-15 16:38:04 - [MESSAGE][PASSED] - Text 'last name' is set on object 'Object Repository/Digital Loyalty/Por_Digital inf/txt_LastName_Por_Dig_Step2'

2018-10-15 16:38:04 - [TEST_STEP][PASSED] - click: Object: 'Object Repository/Digital Loyalty/Por_Digital inf/btn_SubmitPayment_Por_Dig_Step2' is clicked on

2018-10-15 16:38:14 - [MESSAGE][PASSED] - Object: 'Object Repository/Digital Loyalty/Por_Digital inf/btn_SubmitPayment_Por_Dig_Step2' is clicked on

2018-10-15 16:38:14 - [TEST_STEP][PASSED] - setText: Text '123 title' is set on object 'Object Repository/Digital Loyalty/Por_Digital inf/txt_RewardTitle_Por_Dig_Step3'

2018-10-15 16:38:14 - [MESSAGE][PASSED] - Text '123 title' is set on object 'Object Repository/Digital Loyalty/Por_Digital inf/txt_RewardTitle_Por_Dig_Step3'

2018-10-15 16:38:14 - [TEST_STEP][PASSED] - setText: Text '<h1>123 description !@#$</h1>' is set on object 'Object Repository/Digital Loyalty/Por_Digital inf/txt_Description_Por_Dig_Step3'

2018-10-15 16:38:15 - [MESSAGE][PASSED] - Text '<h1>123 description !@#$</h1>' is set on object 'Object Repository/Digital Loyalty/Por_Digital inf/txt_Description_Por_Dig_Step3'

2018-10-15 16:38:15 - [TEST_STEP][PASSED] - click: Object: 'Object Repository/Digital Loyalty/Por_Digital inf/btn_CreateLoyaltyProgram_Por_Dig_Step3' is clicked on

2018-10-15 16:38:17 - [MESSAGE][PASSED] - Object: 'Object Repository/Digital Loyalty/Por_Digital inf/btn_CreateLoyaltyProgram_Por_Dig_Step3' is clicked on

2018-10-15 16:38:17 - [TEST_STEP][PASSED] - verifyElementPresent: Object 'Object Repository/Digital Loyalty/Por_Digital inf/lbl_missingPunches_step3' is present

2018-10-15 16:38:17 - [MESSAGE][PASSED] - Object 'Object Repository/Digital Loyalty/Por_Digital inf/lbl_missingPunches_step3' is present

2018-10-15 16:38:17 - [TEST_STEP][PASSED] - closeBrowser: Browser is closed

2018-10-15 16:38:18 - [MESSAGE][PASSED] - Browser is closed]]></system-out>
         <system-err><![CDATA[]]></system-err>
      </testcase>
      <testcase name="Test Cases/Digital Loyalty/Sign Up/DigSig_23_Verify that submitting un-successfully Loyalty Program with invalid number of punches at step 3" classname="Test Cases/Digital Loyalty/Sign Up/DigSig_23_Verify that submitting un-successfully Loyalty Program with invalid number of punches at step 3" status="PASSED">
         <system-out><![CDATA[2018-10-15 16:38:18 - [TEST_CASE][PASSED] - Test Cases/Digital Loyalty/Sign Up/DigSig_23_Verify that submitting un-successfully Loyalty Program with invalid number of punches at step 3: Test Cases/Digital Loyalty/Sign Up/DigSig_23_Verify that submitting un-successfully Loyalty Program with invalid number of punches at step 3

2018-10-15 16:38:19 - [TEST_STEP][PASSED] - comment: Steps

2018-10-15 16:38:19 - [TEST_STEP][PASSED] - customkeyword.CommonKeyword.OpenBrowser: customkeyword.CommonKeyword.OpenBrowser is PASSED

2018-10-15 16:38:25 - [MESSAGE][PASSED] - Browser is opened with url: 'https://staging-1.pirq.com/digital-loyalty/signup'

2018-10-15 16:38:26 - [MESSAGE][PASSED] - Current window maximized

2018-10-15 16:38:26 - [MESSAGE][PASSED] - customkeyword.CommonKeyword.OpenBrowser is PASSED

2018-10-15 16:38:26 - [TEST_STEP][PASSED] - setText: Text 'first name' is set on object 'Object Repository/Digital Loyalty/Por_Digital inf/txt_FirstName_Por_Dig_Step1'

2018-10-15 16:38:27 - [MESSAGE][PASSED] - Text 'first name' is set on object 'Object Repository/Digital Loyalty/Por_Digital inf/txt_FirstName_Por_Dig_Step1'

2018-10-15 16:38:27 - [TEST_STEP][PASSED] - setText: Text 'last name' is set on object 'Object Repository/Digital Loyalty/Por_Digital inf/txt_LastName_Por_Dig_Step1'

2018-10-15 16:38:27 - [MESSAGE][PASSED] - Text 'last name' is set on object 'Object Repository/Digital Loyalty/Por_Digital inf/txt_LastName_Por_Dig_Step1'

2018-10-15 16:38:27 - [TEST_STEP][PASSED] - Statement - var_DigSignedUpEmail = CustomKeywords.customkeyword.CommonKeyword.GenerateEmail("Digital"): customkeyword.CommonKeyword.GenerateEmail is PASSED

2018-10-15 16:38:27 - [MESSAGE][PASSED] - customkeyword.CommonKeyword.GenerateEmail is PASSED

2018-10-15 16:38:27 - [TEST_STEP][PASSED] - setText: Text 'Digital151018043827@yopmail.com' is set on object 'Object Repository/Digital Loyalty/Por_Digital inf/txt_Email_Por_Dig_Step1'

2018-10-15 16:38:28 - [MESSAGE][PASSED] - Text 'Digital151018043827@yopmail.com' is set on object 'Object Repository/Digital Loyalty/Por_Digital inf/txt_Email_Por_Dig_Step1'

2018-10-15 16:38:28 - [TEST_STEP][PASSED] - setText: Text '+84123456789' is set on object 'Object Repository/Digital Loyalty/Por_Digital inf/txt_Phone_Por_Dig_Step1'

2018-10-15 16:38:28 - [MESSAGE][PASSED] - Text '+84123456789' is set on object 'Object Repository/Digital Loyalty/Por_Digital inf/txt_Phone_Por_Dig_Step1'

2018-10-15 16:38:28 - [TEST_STEP][PASSED] - setText: Text 'test company' is set on object 'Object Repository/Digital Loyalty/Por_Digital inf/txt_BusinessName_Por_Dig_Step1'

2018-10-15 16:38:29 - [MESSAGE][PASSED] - Text 'test company' is set on object 'Object Repository/Digital Loyalty/Por_Digital inf/txt_BusinessName_Por_Dig_Step1'

2018-10-15 16:38:29 - [TEST_STEP][PASSED] - setText: Text '123 street' is set on object 'Object Repository/Digital Loyalty/Por_Digital inf/txt_StreetAddress_Por_Dig_Step1'

2018-10-15 16:38:29 - [MESSAGE][PASSED] - Text '123 street' is set on object 'Object Repository/Digital Loyalty/Por_Digital inf/txt_StreetAddress_Por_Dig_Step1'

2018-10-15 16:38:29 - [TEST_STEP][PASSED] - setText: Text 'HCMC' is set on object 'Object Repository/Digital Loyalty/Por_Digital inf/txt_City_Por_Dig_Step1'

2018-10-15 16:38:30 - [MESSAGE][PASSED] - Text 'HCMC' is set on object 'Object Repository/Digital Loyalty/Por_Digital inf/txt_City_Por_Dig_Step1'

2018-10-15 16:38:30 - [TEST_STEP][PASSED] - setText: Text '70000' is set on object 'Object Repository/Digital Loyalty/Por_Digital inf/txt_PostalCode_Por_Dig_Step1'

2018-10-15 16:38:30 - [MESSAGE][PASSED] - Text '70000' is set on object 'Object Repository/Digital Loyalty/Por_Digital inf/txt_PostalCode_Por_Dig_Step1'

2018-10-15 16:38:30 - [TEST_STEP][PASSED] - click: Object: 'Object Repository/Digital Loyalty/Por_Digital inf/btn_NextStep_Por_Dig_Step1' is clicked on

2018-10-15 16:38:32 - [MESSAGE][PASSED] - Object: 'Object Repository/Digital Loyalty/Por_Digital inf/btn_NextStep_Por_Dig_Step1' is clicked on

2018-10-15 16:38:32 - [TEST_STEP][PASSED] - setText: Text '123 street' is set on object 'Object Repository/Digital Loyalty/Por_Digital inf/txt_StreetAddress_Por_Dig_Step2'

2018-10-15 16:38:33 - [MESSAGE][PASSED] - Text '123 street' is set on object 'Object Repository/Digital Loyalty/Por_Digital inf/txt_StreetAddress_Por_Dig_Step2'

2018-10-15 16:38:33 - [TEST_STEP][PASSED] - setText: Text 'HCMC' is set on object 'Object Repository/Digital Loyalty/Por_Digital inf/txt_City_Por_Dig_Step2'

2018-10-15 16:38:34 - [MESSAGE][PASSED] - Text 'HCMC' is set on object 'Object Repository/Digital Loyalty/Por_Digital inf/txt_City_Por_Dig_Step2'

2018-10-15 16:38:34 - [TEST_STEP][PASSED] - setText: Text '70000' is set on object 'Object Repository/Digital Loyalty/Por_Digital inf/txt_ZipCode_Por_Dig_Step2'

2018-10-15 16:38:34 - [MESSAGE][PASSED] - Text '70000' is set on object 'Object Repository/Digital Loyalty/Por_Digital inf/txt_ZipCode_Por_Dig_Step2'

2018-10-15 16:38:34 - [TEST_STEP][PASSED] - setText: Text '4242424242424242' is set on object 'Object Repository/Digital Loyalty/Por_Digital inf/txt_CreditCardNumber_Por_Dig_Step2'

2018-10-15 16:38:35 - [MESSAGE][PASSED] - Text '4242424242424242' is set on object 'Object Repository/Digital Loyalty/Por_Digital inf/txt_CreditCardNumber_Por_Dig_Step2'

2018-10-15 16:38:35 - [TEST_STEP][PASSED] - setText: Text '123' is set on object 'Object Repository/Digital Loyalty/Por_Digital inf/txt_CVV_Por_Dig_Step2'

2018-10-15 16:38:35 - [MESSAGE][PASSED] - Text '123' is set on object 'Object Repository/Digital Loyalty/Por_Digital inf/txt_CVV_Por_Dig_Step2'

2018-10-15 16:38:35 - [TEST_STEP][PASSED] - selectOptionByIndex: All options with index in [1] are selected on object 'Object Repository/Digital Loyalty/Por_Digital inf/drp_Date_Por_Dig_Step2'

2018-10-15 16:38:36 - [MESSAGE][PASSED] - All options with index in [1] are selected on object 'Object Repository/Digital Loyalty/Por_Digital inf/drp_Date_Por_Dig_Step2'

2018-10-15 16:38:36 - [TEST_STEP][PASSED] - selectOptionByIndex: All options with index in [10] are selected on object 'Object Repository/Digital Loyalty/Por_Digital inf/drp_Year_Por_Dig_Step2'

2018-10-15 16:38:36 - [MESSAGE][PASSED] - All options with index in [10] are selected on object 'Object Repository/Digital Loyalty/Por_Digital inf/drp_Year_Por_Dig_Step2'

2018-10-15 16:38:36 - [TEST_STEP][PASSED] - setText: Text 'first name' is set on object 'Object Repository/Digital Loyalty/Por_Digital inf/txt_FirstName_Por_Dig_Step2'

2018-10-15 16:38:37 - [MESSAGE][PASSED] - Text 'first name' is set on object 'Object Repository/Digital Loyalty/Por_Digital inf/txt_FirstName_Por_Dig_Step2'

2018-10-15 16:38:37 - [TEST_STEP][PASSED] - setText: Text 'last name' is set on object 'Object Repository/Digital Loyalty/Por_Digital inf/txt_LastName_Por_Dig_Step2'

2018-10-15 16:38:37 - [MESSAGE][PASSED] - Text 'last name' is set on object 'Object Repository/Digital Loyalty/Por_Digital inf/txt_LastName_Por_Dig_Step2'

2018-10-15 16:38:37 - [TEST_STEP][PASSED] - click: Object: 'Object Repository/Digital Loyalty/Por_Digital inf/btn_SubmitPayment_Por_Dig_Step2' is clicked on

2018-10-15 16:38:47 - [MESSAGE][PASSED] - Object: 'Object Repository/Digital Loyalty/Por_Digital inf/btn_SubmitPayment_Por_Dig_Step2' is clicked on

2018-10-15 16:38:47 - [TEST_STEP][PASSED] - setText: Text 'abc' is set on object 'Object Repository/Digital Loyalty/Por_Digital inf/txt_NumberofPunches_Por_Dig_Step3'

2018-10-15 16:38:47 - [MESSAGE][PASSED] - Text 'abc' is set on object 'Object Repository/Digital Loyalty/Por_Digital inf/txt_NumberofPunches_Por_Dig_Step3'

2018-10-15 16:38:47 - [TEST_STEP][PASSED] - setText: Text 'reward title' is set on object 'Object Repository/Digital Loyalty/Por_Digital inf/txt_RewardTitle_Por_Dig_Step3'

2018-10-15 16:38:47 - [MESSAGE][PASSED] - Text 'reward title' is set on object 'Object Repository/Digital Loyalty/Por_Digital inf/txt_RewardTitle_Por_Dig_Step3'

2018-10-15 16:38:47 - [TEST_STEP][PASSED] - setText: Text '<h1>123 description !@#$</h1>' is set on object 'Object Repository/Digital Loyalty/Por_Digital inf/txt_Description_Por_Dig_Step3'

2018-10-15 16:38:48 - [MESSAGE][PASSED] - Text '<h1>123 description !@#$</h1>' is set on object 'Object Repository/Digital Loyalty/Por_Digital inf/txt_Description_Por_Dig_Step3'

2018-10-15 16:38:48 - [TEST_STEP][PASSED] - click: Object: 'Object Repository/Digital Loyalty/Por_Digital inf/btn_CreateLoyaltyProgram_Por_Dig_Step3' is clicked on

2018-10-15 16:38:50 - [MESSAGE][PASSED] - Object: 'Object Repository/Digital Loyalty/Por_Digital inf/btn_CreateLoyaltyProgram_Por_Dig_Step3' is clicked on

2018-10-15 16:38:50 - [TEST_STEP][PASSED] - verifyElementPresent: Object 'Object Repository/Digital Loyalty/Por_Digital inf/lbl_invalidPunches_step3' is present

2018-10-15 16:38:50 - [MESSAGE][PASSED] - Object 'Object Repository/Digital Loyalty/Por_Digital inf/lbl_invalidPunches_step3' is present

2018-10-15 16:38:50 - [TEST_STEP][PASSED] - closeBrowser: Browser is closed

2018-10-15 16:38:51 - [MESSAGE][PASSED] - Browser is closed]]></system-out>
         <system-err><![CDATA[]]></system-err>
      </testcase>
      <testcase name="Test Cases/Digital Loyalty/Sign Up/DigSig_24_Verify that submitting un-successfully Loyalty Program with missing reward title at step 3" classname="Test Cases/Digital Loyalty/Sign Up/DigSig_24_Verify that submitting un-successfully Loyalty Program with missing reward title at step 3" status="PASSED">
         <system-out><![CDATA[2018-10-15 16:38:51 - [TEST_CASE][PASSED] - Test Cases/Digital Loyalty/Sign Up/DigSig_24_Verify that submitting un-successfully Loyalty Program with missing reward title at step 3: Test Cases/Digital Loyalty/Sign Up/DigSig_24_Verify that submitting un-successfully Loyalty Program with missing reward title at step 3

2018-10-15 16:38:52 - [TEST_STEP][PASSED] - comment: Steps

2018-10-15 16:38:52 - [TEST_STEP][PASSED] - customkeyword.CommonKeyword.OpenBrowser: customkeyword.CommonKeyword.OpenBrowser is PASSED

2018-10-15 16:38:58 - [MESSAGE][PASSED] - Browser is opened with url: 'https://staging-1.pirq.com/digital-loyalty/signup'

2018-10-15 16:38:59 - [MESSAGE][PASSED] - Current window maximized

2018-10-15 16:38:59 - [MESSAGE][PASSED] - customkeyword.CommonKeyword.OpenBrowser is PASSED

2018-10-15 16:38:59 - [TEST_STEP][PASSED] - setText: Text 'first name' is set on object 'Object Repository/Digital Loyalty/Por_Digital inf/txt_FirstName_Por_Dig_Step1'

2018-10-15 16:38:59 - [MESSAGE][PASSED] - Text 'first name' is set on object 'Object Repository/Digital Loyalty/Por_Digital inf/txt_FirstName_Por_Dig_Step1'

2018-10-15 16:38:59 - [TEST_STEP][PASSED] - setText: Text 'last name' is set on object 'Object Repository/Digital Loyalty/Por_Digital inf/txt_LastName_Por_Dig_Step1'

2018-10-15 16:39:00 - [MESSAGE][PASSED] - Text 'last name' is set on object 'Object Repository/Digital Loyalty/Por_Digital inf/txt_LastName_Por_Dig_Step1'

2018-10-15 16:39:00 - [TEST_STEP][PASSED] - Statement - var_DigSignedUpEmail = CustomKeywords.customkeyword.CommonKeyword.GenerateEmail("Digital"): customkeyword.CommonKeyword.GenerateEmail is PASSED

2018-10-15 16:39:00 - [MESSAGE][PASSED] - customkeyword.CommonKeyword.GenerateEmail is PASSED

2018-10-15 16:39:00 - [TEST_STEP][PASSED] - setText: Text 'Digital151018043900@yopmail.com' is set on object 'Object Repository/Digital Loyalty/Por_Digital inf/txt_Email_Por_Dig_Step1'

2018-10-15 16:39:01 - [MESSAGE][PASSED] - Text 'Digital151018043900@yopmail.com' is set on object 'Object Repository/Digital Loyalty/Por_Digital inf/txt_Email_Por_Dig_Step1'

2018-10-15 16:39:01 - [TEST_STEP][PASSED] - setText: Text '+84123456789' is set on object 'Object Repository/Digital Loyalty/Por_Digital inf/txt_Phone_Por_Dig_Step1'

2018-10-15 16:39:01 - [MESSAGE][PASSED] - Text '+84123456789' is set on object 'Object Repository/Digital Loyalty/Por_Digital inf/txt_Phone_Por_Dig_Step1'

2018-10-15 16:39:01 - [TEST_STEP][PASSED] - setText: Text 'test company' is set on object 'Object Repository/Digital Loyalty/Por_Digital inf/txt_BusinessName_Por_Dig_Step1'

2018-10-15 16:39:02 - [MESSAGE][PASSED] - Text 'test company' is set on object 'Object Repository/Digital Loyalty/Por_Digital inf/txt_BusinessName_Por_Dig_Step1'

2018-10-15 16:39:02 - [TEST_STEP][PASSED] - setText: Text '123 street' is set on object 'Object Repository/Digital Loyalty/Por_Digital inf/txt_StreetAddress_Por_Dig_Step1'

2018-10-15 16:39:02 - [MESSAGE][PASSED] - Text '123 street' is set on object 'Object Repository/Digital Loyalty/Por_Digital inf/txt_StreetAddress_Por_Dig_Step1'

2018-10-15 16:39:02 - [TEST_STEP][PASSED] - setText: Text 'HCMC' is set on object 'Object Repository/Digital Loyalty/Por_Digital inf/txt_City_Por_Dig_Step1'

2018-10-15 16:39:03 - [MESSAGE][PASSED] - Text 'HCMC' is set on object 'Object Repository/Digital Loyalty/Por_Digital inf/txt_City_Por_Dig_Step1'

2018-10-15 16:39:03 - [TEST_STEP][PASSED] - setText: Text '70000' is set on object 'Object Repository/Digital Loyalty/Por_Digital inf/txt_PostalCode_Por_Dig_Step1'

2018-10-15 16:39:03 - [MESSAGE][PASSED] - Text '70000' is set on object 'Object Repository/Digital Loyalty/Por_Digital inf/txt_PostalCode_Por_Dig_Step1'

2018-10-15 16:39:03 - [TEST_STEP][PASSED] - click: Object: 'Object Repository/Digital Loyalty/Por_Digital inf/btn_NextStep_Por_Dig_Step1' is clicked on

2018-10-15 16:39:05 - [MESSAGE][PASSED] - Object: 'Object Repository/Digital Loyalty/Por_Digital inf/btn_NextStep_Por_Dig_Step1' is clicked on

2018-10-15 16:39:05 - [TEST_STEP][PASSED] - setText: Text '123 street' is set on object 'Object Repository/Digital Loyalty/Por_Digital inf/txt_StreetAddress_Por_Dig_Step2'

2018-10-15 16:39:06 - [MESSAGE][PASSED] - Text '123 street' is set on object 'Object Repository/Digital Loyalty/Por_Digital inf/txt_StreetAddress_Por_Dig_Step2'

2018-10-15 16:39:06 - [TEST_STEP][PASSED] - setText: Text 'HCMC' is set on object 'Object Repository/Digital Loyalty/Por_Digital inf/txt_City_Por_Dig_Step2'

2018-10-15 16:39:06 - [MESSAGE][PASSED] - Text 'HCMC' is set on object 'Object Repository/Digital Loyalty/Por_Digital inf/txt_City_Por_Dig_Step2'

2018-10-15 16:39:06 - [TEST_STEP][PASSED] - setText: Text '70000' is set on object 'Object Repository/Digital Loyalty/Por_Digital inf/txt_ZipCode_Por_Dig_Step2'

2018-10-15 16:39:07 - [MESSAGE][PASSED] - Text '70000' is set on object 'Object Repository/Digital Loyalty/Por_Digital inf/txt_ZipCode_Por_Dig_Step2'

2018-10-15 16:39:07 - [TEST_STEP][PASSED] - setText: Text '4242424242424242' is set on object 'Object Repository/Digital Loyalty/Por_Digital inf/txt_CreditCardNumber_Por_Dig_Step2'

2018-10-15 16:39:07 - [MESSAGE][PASSED] - Text '4242424242424242' is set on object 'Object Repository/Digital Loyalty/Por_Digital inf/txt_CreditCardNumber_Por_Dig_Step2'

2018-10-15 16:39:07 - [TEST_STEP][PASSED] - setText: Text '123' is set on object 'Object Repository/Digital Loyalty/Por_Digital inf/txt_CVV_Por_Dig_Step2'

2018-10-15 16:39:08 - [MESSAGE][PASSED] - Text '123' is set on object 'Object Repository/Digital Loyalty/Por_Digital inf/txt_CVV_Por_Dig_Step2'

2018-10-15 16:39:08 - [TEST_STEP][PASSED] - selectOptionByIndex: All options with index in [1] are selected on object 'Object Repository/Digital Loyalty/Por_Digital inf/drp_Date_Por_Dig_Step2'

2018-10-15 16:39:08 - [MESSAGE][PASSED] - All options with index in [1] are selected on object 'Object Repository/Digital Loyalty/Por_Digital inf/drp_Date_Por_Dig_Step2'

2018-10-15 16:39:08 - [TEST_STEP][PASSED] - selectOptionByIndex: All options with index in [10] are selected on object 'Object Repository/Digital Loyalty/Por_Digital inf/drp_Year_Por_Dig_Step2'

2018-10-15 16:39:09 - [MESSAGE][PASSED] - All options with index in [10] are selected on object 'Object Repository/Digital Loyalty/Por_Digital inf/drp_Year_Por_Dig_Step2'

2018-10-15 16:39:09 - [TEST_STEP][PASSED] - setText: Text 'first name' is set on object 'Object Repository/Digital Loyalty/Por_Digital inf/txt_FirstName_Por_Dig_Step2'

2018-10-15 16:39:10 - [MESSAGE][PASSED] - Text 'first name' is set on object 'Object Repository/Digital Loyalty/Por_Digital inf/txt_FirstName_Por_Dig_Step2'

2018-10-15 16:39:10 - [TEST_STEP][PASSED] - setText: Text 'last name' is set on object 'Object Repository/Digital Loyalty/Por_Digital inf/txt_LastName_Por_Dig_Step2'

2018-10-15 16:39:10 - [MESSAGE][PASSED] - Text 'last name' is set on object 'Object Repository/Digital Loyalty/Por_Digital inf/txt_LastName_Por_Dig_Step2'

2018-10-15 16:39:10 - [TEST_STEP][PASSED] - click: Object: 'Object Repository/Digital Loyalty/Por_Digital inf/btn_SubmitPayment_Por_Dig_Step2' is clicked on

2018-10-15 16:39:20 - [MESSAGE][PASSED] - Object: 'Object Repository/Digital Loyalty/Por_Digital inf/btn_SubmitPayment_Por_Dig_Step2' is clicked on

2018-10-15 16:39:20 - [TEST_STEP][PASSED] - setText: Text '3' is set on object 'Object Repository/Digital Loyalty/Por_Digital inf/txt_NumberofPunches_Por_Dig_Step3'

2018-10-15 16:39:21 - [MESSAGE][PASSED] - Text '3' is set on object 'Object Repository/Digital Loyalty/Por_Digital inf/txt_NumberofPunches_Por_Dig_Step3'

2018-10-15 16:39:21 - [TEST_STEP][PASSED] - setText: Text '<h1>123 description !@#$</h1>' is set on object 'Object Repository/Digital Loyalty/Por_Digital inf/txt_Description_Por_Dig_Step3'

2018-10-15 16:39:21 - [MESSAGE][PASSED] - Text '<h1>123 description !@#$</h1>' is set on object 'Object Repository/Digital Loyalty/Por_Digital inf/txt_Description_Por_Dig_Step3'

2018-10-15 16:39:21 - [TEST_STEP][PASSED] - click: Object: 'Object Repository/Digital Loyalty/Por_Digital inf/btn_CreateLoyaltyProgram_Por_Dig_Step3' is clicked on

2018-10-15 16:39:24 - [MESSAGE][PASSED] - Object: 'Object Repository/Digital Loyalty/Por_Digital inf/btn_CreateLoyaltyProgram_Por_Dig_Step3' is clicked on

2018-10-15 16:39:24 - [TEST_STEP][PASSED] - verifyElementPresent: Object 'Object Repository/Digital Loyalty/Por_Digital inf/lbl_missingtitle_step3' is present

2018-10-15 16:39:24 - [MESSAGE][PASSED] - Object 'Object Repository/Digital Loyalty/Por_Digital inf/lbl_missingtitle_step3' is present

2018-10-15 16:39:24 - [TEST_STEP][PASSED] - closeBrowser: Browser is closed

2018-10-15 16:39:25 - [MESSAGE][PASSED] - Browser is closed]]></system-out>
         <system-err><![CDATA[]]></system-err>
      </testcase>
      <testcase name="Test Cases/Digital Loyalty/Sign Up/DigSig_25_Verify that submitting un-successfully Loyalty Program with missing description at step 3" classname="Test Cases/Digital Loyalty/Sign Up/DigSig_25_Verify that submitting un-successfully Loyalty Program with missing description at step 3" status="PASSED">
         <system-out><![CDATA[2018-10-15 16:39:25 - [TEST_CASE][PASSED] - Test Cases/Digital Loyalty/Sign Up/DigSig_25_Verify that submitting un-successfully Loyalty Program with missing description at step 3: Test Cases/Digital Loyalty/Sign Up/DigSig_25_Verify that submitting un-successfully Loyalty Program with missing description at step 3

2018-10-15 16:39:25 - [TEST_STEP][PASSED] - comment: Steps

2018-10-15 16:39:25 - [TEST_STEP][PASSED] - customkeyword.CommonKeyword.OpenBrowser: customkeyword.CommonKeyword.OpenBrowser is PASSED

2018-10-15 16:39:31 - [MESSAGE][PASSED] - Browser is opened with url: 'https://staging-1.pirq.com/digital-loyalty/signup'

2018-10-15 16:39:32 - [MESSAGE][PASSED] - Current window maximized

2018-10-15 16:39:32 - [MESSAGE][PASSED] - customkeyword.CommonKeyword.OpenBrowser is PASSED

2018-10-15 16:39:32 - [TEST_STEP][PASSED] - setText: Text 'first name' is set on object 'Object Repository/Digital Loyalty/Por_Digital inf/txt_FirstName_Por_Dig_Step1'

2018-10-15 16:39:33 - [MESSAGE][PASSED] - Text 'first name' is set on object 'Object Repository/Digital Loyalty/Por_Digital inf/txt_FirstName_Por_Dig_Step1'

2018-10-15 16:39:33 - [TEST_STEP][PASSED] - setText: Text 'last name' is set on object 'Object Repository/Digital Loyalty/Por_Digital inf/txt_LastName_Por_Dig_Step1'

2018-10-15 16:39:33 - [MESSAGE][PASSED] - Text 'last name' is set on object 'Object Repository/Digital Loyalty/Por_Digital inf/txt_LastName_Por_Dig_Step1'

2018-10-15 16:39:33 - [TEST_STEP][PASSED] - Statement - var_DigSignedUpEmail = CustomKeywords.customkeyword.CommonKeyword.GenerateEmail("Digital"): customkeyword.CommonKeyword.GenerateEmail is PASSED

2018-10-15 16:39:33 - [MESSAGE][PASSED] - customkeyword.CommonKeyword.GenerateEmail is PASSED

2018-10-15 16:39:34 - [TEST_STEP][PASSED] - setText: Text 'Digital151018043933@yopmail.com' is set on object 'Object Repository/Digital Loyalty/Por_Digital inf/txt_Email_Por_Dig_Step1'

2018-10-15 16:39:35 - [MESSAGE][PASSED] - Text 'Digital151018043933@yopmail.com' is set on object 'Object Repository/Digital Loyalty/Por_Digital inf/txt_Email_Por_Dig_Step1'

2018-10-15 16:39:35 - [TEST_STEP][PASSED] - setText: Text '+84123456789' is set on object 'Object Repository/Digital Loyalty/Por_Digital inf/txt_Phone_Por_Dig_Step1'

2018-10-15 16:39:35 - [MESSAGE][PASSED] - Text '+84123456789' is set on object 'Object Repository/Digital Loyalty/Por_Digital inf/txt_Phone_Por_Dig_Step1'

2018-10-15 16:39:35 - [TEST_STEP][PASSED] - setText: Text 'test company' is set on object 'Object Repository/Digital Loyalty/Por_Digital inf/txt_BusinessName_Por_Dig_Step1'

2018-10-15 16:39:35 - [MESSAGE][PASSED] - Text 'test company' is set on object 'Object Repository/Digital Loyalty/Por_Digital inf/txt_BusinessName_Por_Dig_Step1'

2018-10-15 16:39:35 - [TEST_STEP][PASSED] - setText: Text '123 street' is set on object 'Object Repository/Digital Loyalty/Por_Digital inf/txt_StreetAddress_Por_Dig_Step1'

2018-10-15 16:39:36 - [MESSAGE][PASSED] - Text '123 street' is set on object 'Object Repository/Digital Loyalty/Por_Digital inf/txt_StreetAddress_Por_Dig_Step1'

2018-10-15 16:39:36 - [TEST_STEP][PASSED] - setText: Text 'HCMC' is set on object 'Object Repository/Digital Loyalty/Por_Digital inf/txt_City_Por_Dig_Step1'

2018-10-15 16:39:36 - [MESSAGE][PASSED] - Text 'HCMC' is set on object 'Object Repository/Digital Loyalty/Por_Digital inf/txt_City_Por_Dig_Step1'

2018-10-15 16:39:36 - [TEST_STEP][PASSED] - setText: Text '70000' is set on object 'Object Repository/Digital Loyalty/Por_Digital inf/txt_PostalCode_Por_Dig_Step1'

2018-10-15 16:39:37 - [MESSAGE][PASSED] - Text '70000' is set on object 'Object Repository/Digital Loyalty/Por_Digital inf/txt_PostalCode_Por_Dig_Step1'

2018-10-15 16:39:37 - [TEST_STEP][PASSED] - click: Object: 'Object Repository/Digital Loyalty/Por_Digital inf/btn_NextStep_Por_Dig_Step1' is clicked on

2018-10-15 16:39:39 - [MESSAGE][PASSED] - Object: 'Object Repository/Digital Loyalty/Por_Digital inf/btn_NextStep_Por_Dig_Step1' is clicked on

2018-10-15 16:39:39 - [TEST_STEP][PASSED] - setText: Text '123 street' is set on object 'Object Repository/Digital Loyalty/Por_Digital inf/txt_StreetAddress_Por_Dig_Step2'

2018-10-15 16:39:40 - [MESSAGE][PASSED] - Text '123 street' is set on object 'Object Repository/Digital Loyalty/Por_Digital inf/txt_StreetAddress_Por_Dig_Step2'

2018-10-15 16:39:40 - [TEST_STEP][PASSED] - setText: Text 'HCMC' is set on object 'Object Repository/Digital Loyalty/Por_Digital inf/txt_City_Por_Dig_Step2'

2018-10-15 16:39:40 - [MESSAGE][PASSED] - Text 'HCMC' is set on object 'Object Repository/Digital Loyalty/Por_Digital inf/txt_City_Por_Dig_Step2'

2018-10-15 16:39:40 - [TEST_STEP][PASSED] - setText: Text '70000' is set on object 'Object Repository/Digital Loyalty/Por_Digital inf/txt_ZipCode_Por_Dig_Step2'

2018-10-15 16:39:41 - [MESSAGE][PASSED] - Text '70000' is set on object 'Object Repository/Digital Loyalty/Por_Digital inf/txt_ZipCode_Por_Dig_Step2'

2018-10-15 16:39:41 - [TEST_STEP][PASSED] - setText: Text '4242424242424242' is set on object 'Object Repository/Digital Loyalty/Por_Digital inf/txt_CreditCardNumber_Por_Dig_Step2'

2018-10-15 16:39:42 - [MESSAGE][PASSED] - Text '4242424242424242' is set on object 'Object Repository/Digital Loyalty/Por_Digital inf/txt_CreditCardNumber_Por_Dig_Step2'

2018-10-15 16:39:42 - [TEST_STEP][PASSED] - setText: Text '123' is set on object 'Object Repository/Digital Loyalty/Por_Digital inf/txt_CVV_Por_Dig_Step2'

2018-10-15 16:39:42 - [MESSAGE][PASSED] - Text '123' is set on object 'Object Repository/Digital Loyalty/Por_Digital inf/txt_CVV_Por_Dig_Step2'

2018-10-15 16:39:42 - [TEST_STEP][PASSED] - selectOptionByIndex: All options with index in [1] are selected on object 'Object Repository/Digital Loyalty/Por_Digital inf/drp_Date_Por_Dig_Step2'

2018-10-15 16:39:42 - [MESSAGE][PASSED] - All options with index in [1] are selected on object 'Object Repository/Digital Loyalty/Por_Digital inf/drp_Date_Por_Dig_Step2'

2018-10-15 16:39:42 - [TEST_STEP][PASSED] - selectOptionByIndex: All options with index in [10] are selected on object 'Object Repository/Digital Loyalty/Por_Digital inf/drp_Year_Por_Dig_Step2'

2018-10-15 16:39:43 - [MESSAGE][PASSED] - All options with index in [10] are selected on object 'Object Repository/Digital Loyalty/Por_Digital inf/drp_Year_Por_Dig_Step2'

2018-10-15 16:39:43 - [TEST_STEP][PASSED] - setText: Text 'first name' is set on object 'Object Repository/Digital Loyalty/Por_Digital inf/txt_FirstName_Por_Dig_Step2'

2018-10-15 16:39:43 - [MESSAGE][PASSED] - Text 'first name' is set on object 'Object Repository/Digital Loyalty/Por_Digital inf/txt_FirstName_Por_Dig_Step2'

2018-10-15 16:39:43 - [TEST_STEP][PASSED] - setText: Text 'last name' is set on object 'Object Repository/Digital Loyalty/Por_Digital inf/txt_LastName_Por_Dig_Step2'

2018-10-15 16:39:44 - [MESSAGE][PASSED] - Text 'last name' is set on object 'Object Repository/Digital Loyalty/Por_Digital inf/txt_LastName_Por_Dig_Step2'

2018-10-15 16:39:44 - [TEST_STEP][PASSED] - click: Object: 'Object Repository/Digital Loyalty/Por_Digital inf/btn_SubmitPayment_Por_Dig_Step2' is clicked on

2018-10-15 16:39:54 - [MESSAGE][PASSED] - Object: 'Object Repository/Digital Loyalty/Por_Digital inf/btn_SubmitPayment_Por_Dig_Step2' is clicked on

2018-10-15 16:39:54 - [TEST_STEP][PASSED] - setText: Text '3' is set on object 'Object Repository/Digital Loyalty/Por_Digital inf/txt_NumberofPunches_Por_Dig_Step3'

2018-10-15 16:39:54 - [MESSAGE][PASSED] - Text '3' is set on object 'Object Repository/Digital Loyalty/Por_Digital inf/txt_NumberofPunches_Por_Dig_Step3'

2018-10-15 16:39:54 - [TEST_STEP][PASSED] - setText: Text 'title' is set on object 'Object Repository/Digital Loyalty/Por_Digital inf/txt_RewardTitle_Por_Dig_Step3'

2018-10-15 16:39:54 - [MESSAGE][PASSED] - Text 'title' is set on object 'Object Repository/Digital Loyalty/Por_Digital inf/txt_RewardTitle_Por_Dig_Step3'

2018-10-15 16:39:54 - [TEST_STEP][PASSED] - click: Object: 'Object Repository/Digital Loyalty/Por_Digital inf/btn_CreateLoyaltyProgram_Por_Dig_Step3' is clicked on

2018-10-15 16:39:57 - [MESSAGE][PASSED] - Object: 'Object Repository/Digital Loyalty/Por_Digital inf/btn_CreateLoyaltyProgram_Por_Dig_Step3' is clicked on

2018-10-15 16:39:57 - [TEST_STEP][PASSED] - verifyElementPresent: Object 'Object Repository/Digital Loyalty/Por_Digital inf/lbl_missingDescription_step3' is present

2018-10-15 16:39:57 - [MESSAGE][PASSED] - Object 'Object Repository/Digital Loyalty/Por_Digital inf/lbl_missingDescription_step3' is present

2018-10-15 16:39:57 - [TEST_STEP][PASSED] - closeBrowser: Browser is closed

2018-10-15 16:39:58 - [MESSAGE][PASSED] - Browser is closed]]></system-out>
         <system-err><![CDATA[]]></system-err>
      </testcase>
      <testcase name="Test Cases/Digital Loyalty/Sign Up/DigSig_26_Verify that submitting successfully Loyalty Program at step 3" classname="Test Cases/Digital Loyalty/Sign Up/DigSig_26_Verify that submitting successfully Loyalty Program at step 3" status="PASSED">
         <system-out><![CDATA[2018-10-15 16:39:58 - [TEST_CASE][PASSED] - Test Cases/Digital Loyalty/Sign Up/DigSig_26_Verify that submitting successfully Loyalty Program at step 3: Test Cases/Digital Loyalty/Sign Up/DigSig_26_Verify that submitting successfully Loyalty Program at step 3

2018-10-15 16:39:58 - [TEST_STEP][PASSED] - comment: Steps

2018-10-15 16:39:58 - [TEST_STEP][PASSED] - customkeyword.CommonKeyword.OpenBrowser: customkeyword.CommonKeyword.OpenBrowser is PASSED

2018-10-15 16:40:06 - [MESSAGE][PASSED] - Browser is opened with url: 'https://staging-1.pirq.com/digital-loyalty/signup'

2018-10-15 16:40:07 - [MESSAGE][PASSED] - Current window maximized

2018-10-15 16:40:07 - [MESSAGE][PASSED] - customkeyword.CommonKeyword.OpenBrowser is PASSED

2018-10-15 16:40:07 - [TEST_STEP][PASSED] - setText: Text 'first name' is set on object 'Object Repository/Digital Loyalty/Por_Digital inf/txt_FirstName_Por_Dig_Step1'

2018-10-15 16:40:08 - [MESSAGE][PASSED] - Text 'first name' is set on object 'Object Repository/Digital Loyalty/Por_Digital inf/txt_FirstName_Por_Dig_Step1'

2018-10-15 16:40:08 - [TEST_STEP][PASSED] - setText: Text 'last name' is set on object 'Object Repository/Digital Loyalty/Por_Digital inf/txt_LastName_Por_Dig_Step1'

2018-10-15 16:40:08 - [MESSAGE][PASSED] - Text 'last name' is set on object 'Object Repository/Digital Loyalty/Por_Digital inf/txt_LastName_Por_Dig_Step1'

2018-10-15 16:40:08 - [TEST_STEP][PASSED] - Statement - var_DigSignedUpEmail = CustomKeywords.customkeyword.CommonKeyword.GenerateEmail("Digital"): customkeyword.CommonKeyword.GenerateEmail is PASSED

2018-10-15 16:40:08 - [MESSAGE][PASSED] - customkeyword.CommonKeyword.GenerateEmail is PASSED

2018-10-15 16:40:08 - [TEST_STEP][PASSED] - setText: Text 'Digital151018044008@yopmail.com' is set on object 'Object Repository/Digital Loyalty/Por_Digital inf/txt_Email_Por_Dig_Step1'

2018-10-15 16:40:09 - [MESSAGE][PASSED] - Text 'Digital151018044008@yopmail.com' is set on object 'Object Repository/Digital Loyalty/Por_Digital inf/txt_Email_Por_Dig_Step1'

2018-10-15 16:40:09 - [TEST_STEP][PASSED] - setText: Text '+84123456789' is set on object 'Object Repository/Digital Loyalty/Por_Digital inf/txt_Phone_Por_Dig_Step1'

2018-10-15 16:40:09 - [MESSAGE][PASSED] - Text '+84123456789' is set on object 'Object Repository/Digital Loyalty/Por_Digital inf/txt_Phone_Por_Dig_Step1'

2018-10-15 16:40:09 - [TEST_STEP][PASSED] - setText: Text 'test company' is set on object 'Object Repository/Digital Loyalty/Por_Digital inf/txt_BusinessName_Por_Dig_Step1'

2018-10-15 16:40:10 - [MESSAGE][PASSED] - Text 'test company' is set on object 'Object Repository/Digital Loyalty/Por_Digital inf/txt_BusinessName_Por_Dig_Step1'

2018-10-15 16:40:10 - [TEST_STEP][PASSED] - setText: Text '123 street' is set on object 'Object Repository/Digital Loyalty/Por_Digital inf/txt_StreetAddress_Por_Dig_Step1'

2018-10-15 16:40:10 - [MESSAGE][PASSED] - Text '123 street' is set on object 'Object Repository/Digital Loyalty/Por_Digital inf/txt_StreetAddress_Por_Dig_Step1'

2018-10-15 16:40:10 - [TEST_STEP][PASSED] - setText: Text 'HCMC' is set on object 'Object Repository/Digital Loyalty/Por_Digital inf/txt_City_Por_Dig_Step1'

2018-10-15 16:40:10 - [MESSAGE][PASSED] - Text 'HCMC' is set on object 'Object Repository/Digital Loyalty/Por_Digital inf/txt_City_Por_Dig_Step1'

2018-10-15 16:40:10 - [TEST_STEP][PASSED] - setText: Text '70000' is set on object 'Object Repository/Digital Loyalty/Por_Digital inf/txt_PostalCode_Por_Dig_Step1'

2018-10-15 16:40:11 - [MESSAGE][PASSED] - Text '70000' is set on object 'Object Repository/Digital Loyalty/Por_Digital inf/txt_PostalCode_Por_Dig_Step1'

2018-10-15 16:40:11 - [TEST_STEP][PASSED] - click: Object: 'Object Repository/Digital Loyalty/Por_Digital inf/btn_NextStep_Por_Dig_Step1' is clicked on

2018-10-15 16:40:13 - [MESSAGE][PASSED] - Object: 'Object Repository/Digital Loyalty/Por_Digital inf/btn_NextStep_Por_Dig_Step1' is clicked on

2018-10-15 16:40:13 - [TEST_STEP][PASSED] - setText: Text '123 street' is set on object 'Object Repository/Digital Loyalty/Por_Digital inf/txt_StreetAddress_Por_Dig_Step2'

2018-10-15 16:40:14 - [MESSAGE][PASSED] - Text '123 street' is set on object 'Object Repository/Digital Loyalty/Por_Digital inf/txt_StreetAddress_Por_Dig_Step2'

2018-10-15 16:40:14 - [TEST_STEP][PASSED] - setText: Text 'HCMC' is set on object 'Object Repository/Digital Loyalty/Por_Digital inf/txt_City_Por_Dig_Step2'

2018-10-15 16:40:15 - [MESSAGE][PASSED] - Text 'HCMC' is set on object 'Object Repository/Digital Loyalty/Por_Digital inf/txt_City_Por_Dig_Step2'

2018-10-15 16:40:15 - [TEST_STEP][PASSED] - setText: Text '70000' is set on object 'Object Repository/Digital Loyalty/Por_Digital inf/txt_ZipCode_Por_Dig_Step2'

2018-10-15 16:40:15 - [MESSAGE][PASSED] - Text '70000' is set on object 'Object Repository/Digital Loyalty/Por_Digital inf/txt_ZipCode_Por_Dig_Step2'

2018-10-15 16:40:15 - [TEST_STEP][PASSED] - setText: Text '4242424242424242' is set on object 'Object Repository/Digital Loyalty/Por_Digital inf/txt_CreditCardNumber_Por_Dig_Step2'

2018-10-15 16:40:16 - [MESSAGE][PASSED] - Text '4242424242424242' is set on object 'Object Repository/Digital Loyalty/Por_Digital inf/txt_CreditCardNumber_Por_Dig_Step2'

2018-10-15 16:40:16 - [TEST_STEP][PASSED] - setText: Text '123' is set on object 'Object Repository/Digital Loyalty/Por_Digital inf/txt_CVV_Por_Dig_Step2'

2018-10-15 16:40:16 - [MESSAGE][PASSED] - Text '123' is set on object 'Object Repository/Digital Loyalty/Por_Digital inf/txt_CVV_Por_Dig_Step2'

2018-10-15 16:40:16 - [TEST_STEP][PASSED] - selectOptionByIndex: All options with index in [1] are selected on object 'Object Repository/Digital Loyalty/Por_Digital inf/drp_Date_Por_Dig_Step2'

2018-10-15 16:40:17 - [MESSAGE][PASSED] - All options with index in [1] are selected on object 'Object Repository/Digital Loyalty/Por_Digital inf/drp_Date_Por_Dig_Step2'

2018-10-15 16:40:17 - [TEST_STEP][PASSED] - selectOptionByIndex: All options with index in [10] are selected on object 'Object Repository/Digital Loyalty/Por_Digital inf/drp_Year_Por_Dig_Step2'

2018-10-15 16:40:17 - [MESSAGE][PASSED] - All options with index in [10] are selected on object 'Object Repository/Digital Loyalty/Por_Digital inf/drp_Year_Por_Dig_Step2'

2018-10-15 16:40:17 - [TEST_STEP][PASSED] - setText: Text 'first name' is set on object 'Object Repository/Digital Loyalty/Por_Digital inf/txt_FirstName_Por_Dig_Step2'

2018-10-15 16:40:18 - [MESSAGE][PASSED] - Text 'first name' is set on object 'Object Repository/Digital Loyalty/Por_Digital inf/txt_FirstName_Por_Dig_Step2'

2018-10-15 16:40:18 - [TEST_STEP][PASSED] - setText: Text 'last name' is set on object 'Object Repository/Digital Loyalty/Por_Digital inf/txt_LastName_Por_Dig_Step2'

2018-10-15 16:40:18 - [MESSAGE][PASSED] - Text 'last name' is set on object 'Object Repository/Digital Loyalty/Por_Digital inf/txt_LastName_Por_Dig_Step2'

2018-10-15 16:40:18 - [TEST_STEP][PASSED] - click: Object: 'Object Repository/Digital Loyalty/Por_Digital inf/btn_SubmitPayment_Por_Dig_Step2' is clicked on

2018-10-15 16:40:29 - [MESSAGE][PASSED] - Object: 'Object Repository/Digital Loyalty/Por_Digital inf/btn_SubmitPayment_Por_Dig_Step2' is clicked on

2018-10-15 16:40:29 - [TEST_STEP][PASSED] - setText: Text '3' is set on object 'Object Repository/Digital Loyalty/Por_Digital inf/txt_NumberofPunches_Por_Dig_Step3'

2018-10-15 16:40:29 - [MESSAGE][PASSED] - Text '3' is set on object 'Object Repository/Digital Loyalty/Por_Digital inf/txt_NumberofPunches_Por_Dig_Step3'

2018-10-15 16:40:29 - [TEST_STEP][PASSED] - setText: Text 'title' is set on object 'Object Repository/Digital Loyalty/Por_Digital inf/txt_RewardTitle_Por_Dig_Step3'

2018-10-15 16:40:29 - [MESSAGE][PASSED] - Text 'title' is set on object 'Object Repository/Digital Loyalty/Por_Digital inf/txt_RewardTitle_Por_Dig_Step3'

2018-10-15 16:40:29 - [TEST_STEP][PASSED] - setText: Text 'this is description 123' is set on object 'Object Repository/Digital Loyalty/Por_Digital inf/txt_Description_Por_Dig_Step3'

2018-10-15 16:40:30 - [MESSAGE][PASSED] - Text 'this is description 123' is set on object 'Object Repository/Digital Loyalty/Por_Digital inf/txt_Description_Por_Dig_Step3'

2018-10-15 16:40:30 - [TEST_STEP][PASSED] - click: Object: 'Object Repository/Digital Loyalty/Por_Digital inf/btn_CreateLoyaltyProgram_Por_Dig_Step3' is clicked on

2018-10-15 16:40:34 - [MESSAGE][PASSED] - Object: 'Object Repository/Digital Loyalty/Por_Digital inf/btn_CreateLoyaltyProgram_Por_Dig_Step3' is clicked on

2018-10-15 16:40:34 - [TEST_STEP][PASSED] - verifyElementPresent: Object 'Object Repository/Digital Loyalty/Por_Digital inf/lbl_CompleteStep3' is present

2018-10-15 16:40:34 - [MESSAGE][PASSED] - Object 'Object Repository/Digital Loyalty/Por_Digital inf/lbl_CompleteStep3' is present

2018-10-15 16:40:34 - [TEST_STEP][PASSED] - closeBrowser: Browser is closed

2018-10-15 16:40:35 - [MESSAGE][PASSED] - Browser is closed]]></system-out>
         <system-err><![CDATA[]]></system-err>
      </testcase>
      <testcase name="Test Cases/Digital Loyalty/Sign Up/DigSig_27_Verify that clicking on confirmation link will redirect ro confirm-user page with the correct email showed" classname="Test Cases/Digital Loyalty/Sign Up/DigSig_27_Verify that clicking on confirmation link will redirect ro confirm-user page with the correct email showed" status="PASSED">
         <system-out><![CDATA[2018-10-15 16:40:35 - [TEST_CASE][PASSED] - Test Cases/Digital Loyalty/Sign Up/DigSig_27_Verify that clicking on confirmation link will redirect ro confirm-user page with the correct email showed: Test Cases/Digital Loyalty/Sign Up/DigSig_27_Verify that clicking on confirmation link will redirect ro confirm-user page with the correct email showed

2018-10-15 16:40:36 - [TEST_STEP][PASSED] - comment: Preconditions

2018-10-15 16:40:36 - [TEST_STEP][PASSED] - customkeyword.CommonKeyword.OpenBrowser: customkeyword.CommonKeyword.OpenBrowser is PASSED

2018-10-15 16:40:42 - [MESSAGE][PASSED] - Browser is opened with url: 'https://staging-1.pirq.com/digital-loyalty/signup'

2018-10-15 16:40:43 - [MESSAGE][PASSED] - Current window maximized

2018-10-15 16:40:43 - [MESSAGE][PASSED] - customkeyword.CommonKeyword.OpenBrowser is PASSED

2018-10-15 16:40:43 - [TEST_STEP][PASSED] - setText: Text 'first name' is set on object 'Object Repository/Digital Loyalty/Por_Digital inf/txt_FirstName_Por_Dig_Step1'

2018-10-15 16:40:43 - [MESSAGE][PASSED] - Text 'first name' is set on object 'Object Repository/Digital Loyalty/Por_Digital inf/txt_FirstName_Por_Dig_Step1'

2018-10-15 16:40:43 - [TEST_STEP][PASSED] - setText: Text 'last name' is set on object 'Object Repository/Digital Loyalty/Por_Digital inf/txt_LastName_Por_Dig_Step1'

2018-10-15 16:40:44 - [MESSAGE][PASSED] - Text 'last name' is set on object 'Object Repository/Digital Loyalty/Por_Digital inf/txt_LastName_Por_Dig_Step1'

2018-10-15 16:40:44 - [TEST_STEP][PASSED] - Statement - var_DigSignedUpEmail = CustomKeywords.customkeyword.CommonKeyword.GenerateEmail("Digital"): customkeyword.CommonKeyword.GenerateEmail is PASSED

2018-10-15 16:40:44 - [MESSAGE][PASSED] - customkeyword.CommonKeyword.GenerateEmail is PASSED

2018-10-15 16:40:44 - [TEST_STEP][PASSED] - setText: Text 'Digital151018044044@yopmail.com' is set on object 'Object Repository/Digital Loyalty/Por_Digital inf/txt_Email_Por_Dig_Step1'

2018-10-15 16:40:45 - [MESSAGE][PASSED] - Text 'Digital151018044044@yopmail.com' is set on object 'Object Repository/Digital Loyalty/Por_Digital inf/txt_Email_Por_Dig_Step1'

2018-10-15 16:40:45 - [TEST_STEP][PASSED] - setText: Text '+84123456789' is set on object 'Object Repository/Digital Loyalty/Por_Digital inf/txt_Phone_Por_Dig_Step1'

2018-10-15 16:40:45 - [MESSAGE][PASSED] - Text '+84123456789' is set on object 'Object Repository/Digital Loyalty/Por_Digital inf/txt_Phone_Por_Dig_Step1'

2018-10-15 16:40:45 - [TEST_STEP][PASSED] - setText: Text 'test company' is set on object 'Object Repository/Digital Loyalty/Por_Digital inf/txt_BusinessName_Por_Dig_Step1'

2018-10-15 16:40:46 - [MESSAGE][PASSED] - Text 'test company' is set on object 'Object Repository/Digital Loyalty/Por_Digital inf/txt_BusinessName_Por_Dig_Step1'

2018-10-15 16:40:46 - [TEST_STEP][PASSED] - setText: Text '123 street' is set on object 'Object Repository/Digital Loyalty/Por_Digital inf/txt_StreetAddress_Por_Dig_Step1'

2018-10-15 16:40:46 - [MESSAGE][PASSED] - Text '123 street' is set on object 'Object Repository/Digital Loyalty/Por_Digital inf/txt_StreetAddress_Por_Dig_Step1'

2018-10-15 16:40:46 - [TEST_STEP][PASSED] - setText: Text 'HCMC' is set on object 'Object Repository/Digital Loyalty/Por_Digital inf/txt_City_Por_Dig_Step1'

2018-10-15 16:40:47 - [MESSAGE][PASSED] - Text 'HCMC' is set on object 'Object Repository/Digital Loyalty/Por_Digital inf/txt_City_Por_Dig_Step1'

2018-10-15 16:40:47 - [TEST_STEP][PASSED] - setText: Text '70000' is set on object 'Object Repository/Digital Loyalty/Por_Digital inf/txt_PostalCode_Por_Dig_Step1'

2018-10-15 16:40:47 - [MESSAGE][PASSED] - Text '70000' is set on object 'Object Repository/Digital Loyalty/Por_Digital inf/txt_PostalCode_Por_Dig_Step1'

2018-10-15 16:40:47 - [TEST_STEP][PASSED] - click: Object: 'Object Repository/Digital Loyalty/Por_Digital inf/btn_NextStep_Por_Dig_Step1' is clicked on

2018-10-15 16:40:50 - [MESSAGE][PASSED] - Object: 'Object Repository/Digital Loyalty/Por_Digital inf/btn_NextStep_Por_Dig_Step1' is clicked on

2018-10-15 16:40:50 - [TEST_STEP][PASSED] - setText: Text '123 street' is set on object 'Object Repository/Digital Loyalty/Por_Digital inf/txt_StreetAddress_Por_Dig_Step2'

2018-10-15 16:40:50 - [MESSAGE][PASSED] - Text '123 street' is set on object 'Object Repository/Digital Loyalty/Por_Digital inf/txt_StreetAddress_Por_Dig_Step2'

2018-10-15 16:40:50 - [TEST_STEP][PASSED] - setText: Text 'HCMC' is set on object 'Object Repository/Digital Loyalty/Por_Digital inf/txt_City_Por_Dig_Step2'

2018-10-15 16:40:50 - [MESSAGE][PASSED] - Text 'HCMC' is set on object 'Object Repository/Digital Loyalty/Por_Digital inf/txt_City_Por_Dig_Step2'

2018-10-15 16:40:50 - [TEST_STEP][PASSED] - setText: Text '70000' is set on object 'Object Repository/Digital Loyalty/Por_Digital inf/txt_ZipCode_Por_Dig_Step2'

2018-10-15 16:40:51 - [MESSAGE][PASSED] - Text '70000' is set on object 'Object Repository/Digital Loyalty/Por_Digital inf/txt_ZipCode_Por_Dig_Step2'

2018-10-15 16:40:51 - [TEST_STEP][PASSED] - setText: Text '4242424242424242' is set on object 'Object Repository/Digital Loyalty/Por_Digital inf/txt_CreditCardNumber_Por_Dig_Step2'

2018-10-15 16:40:51 - [MESSAGE][PASSED] - Text '4242424242424242' is set on object 'Object Repository/Digital Loyalty/Por_Digital inf/txt_CreditCardNumber_Por_Dig_Step2'

2018-10-15 16:40:51 - [TEST_STEP][PASSED] - setText: Text '123' is set on object 'Object Repository/Digital Loyalty/Por_Digital inf/txt_CVV_Por_Dig_Step2'

2018-10-15 16:40:52 - [MESSAGE][PASSED] - Text '123' is set on object 'Object Repository/Digital Loyalty/Por_Digital inf/txt_CVV_Por_Dig_Step2'

2018-10-15 16:40:52 - [TEST_STEP][PASSED] - selectOptionByIndex: All options with index in [1] are selected on object 'Object Repository/Digital Loyalty/Por_Digital inf/drp_Date_Por_Dig_Step2'

2018-10-15 16:40:52 - [MESSAGE][PASSED] - All options with index in [1] are selected on object 'Object Repository/Digital Loyalty/Por_Digital inf/drp_Date_Por_Dig_Step2'

2018-10-15 16:40:52 - [TEST_STEP][PASSED] - selectOptionByIndex: All options with index in [10] are selected on object 'Object Repository/Digital Loyalty/Por_Digital inf/drp_Year_Por_Dig_Step2'

2018-10-15 16:40:52 - [MESSAGE][PASSED] - All options with index in [10] are selected on object 'Object Repository/Digital Loyalty/Por_Digital inf/drp_Year_Por_Dig_Step2'

2018-10-15 16:40:52 - [TEST_STEP][PASSED] - setText: Text 'first name' is set on object 'Object Repository/Digital Loyalty/Por_Digital inf/txt_FirstName_Por_Dig_Step2'

2018-10-15 16:40:53 - [MESSAGE][PASSED] - Text 'first name' is set on object 'Object Repository/Digital Loyalty/Por_Digital inf/txt_FirstName_Por_Dig_Step2'

2018-10-15 16:40:53 - [TEST_STEP][PASSED] - setText: Text 'last name' is set on object 'Object Repository/Digital Loyalty/Por_Digital inf/txt_LastName_Por_Dig_Step2'

2018-10-15 16:40:53 - [MESSAGE][PASSED] - Text 'last name' is set on object 'Object Repository/Digital Loyalty/Por_Digital inf/txt_LastName_Por_Dig_Step2'

2018-10-15 16:40:53 - [TEST_STEP][PASSED] - click: Object: 'Object Repository/Digital Loyalty/Por_Digital inf/btn_SubmitPayment_Por_Dig_Step2' is clicked on

2018-10-15 16:41:03 - [MESSAGE][PASSED] - Object: 'Object Repository/Digital Loyalty/Por_Digital inf/btn_SubmitPayment_Por_Dig_Step2' is clicked on

2018-10-15 16:41:03 - [TEST_STEP][PASSED] - setText: Text '3' is set on object 'Object Repository/Digital Loyalty/Por_Digital inf/txt_NumberofPunches_Por_Dig_Step3'

2018-10-15 16:41:04 - [MESSAGE][PASSED] - Text '3' is set on object 'Object Repository/Digital Loyalty/Por_Digital inf/txt_NumberofPunches_Por_Dig_Step3'

2018-10-15 16:41:04 - [TEST_STEP][PASSED] - setText: Text 'title' is set on object 'Object Repository/Digital Loyalty/Por_Digital inf/txt_RewardTitle_Por_Dig_Step3'

2018-10-15 16:41:04 - [MESSAGE][PASSED] - Text 'title' is set on object 'Object Repository/Digital Loyalty/Por_Digital inf/txt_RewardTitle_Por_Dig_Step3'

2018-10-15 16:41:04 - [TEST_STEP][PASSED] - setText: Text 'this is description 123' is set on object 'Object Repository/Digital Loyalty/Por_Digital inf/txt_Description_Por_Dig_Step3'

2018-10-15 16:41:04 - [MESSAGE][PASSED] - Text 'this is description 123' is set on object 'Object Repository/Digital Loyalty/Por_Digital inf/txt_Description_Por_Dig_Step3'

2018-10-15 16:41:04 - [TEST_STEP][PASSED] - click: Object: 'Object Repository/Digital Loyalty/Por_Digital inf/btn_CreateLoyaltyProgram_Por_Dig_Step3' is clicked on

2018-10-15 16:41:09 - [MESSAGE][PASSED] - Object: 'Object Repository/Digital Loyalty/Por_Digital inf/btn_CreateLoyaltyProgram_Por_Dig_Step3' is clicked on

2018-10-15 16:41:09 - [TEST_STEP][PASSED] - comment: Steps:

2018-10-15 16:41:09 - [TEST_STEP][PASSED] - navigateToUrl: Navigate to 'http://www.yopmail.com/en/' successfully

2018-10-15 16:41:12 - [MESSAGE][PASSED] - Navigate to 'http://www.yopmail.com/en/' successfully

2018-10-15 16:41:12 - [TEST_STEP][PASSED] - customkeyword.CommonKeyword.CheckYopmailLink: customkeyword.CommonKeyword.CheckYopmailLink is PASSED

2018-10-15 16:41:12 - [MESSAGE][PASSED] - Text 'Digital151018044044@yopmail.com' is set on object 'Object Repository/Yopmail inf/txt_Login_Yopmail'

2018-10-15 16:41:16 - [MESSAGE][PASSED] - Object: 'Object Repository/Yopmail inf/btn_CheckInbox_Yopmail' is clicked on

2018-10-15 16:41:17 - [MESSAGE][PASSED] - customkeyword.CommonKeyword.CheckYopmailLink is PASSED

2018-10-15 16:41:17 - [TEST_STEP][PASSED] - switchToWindowTitle: Switched to window with title: 'Pirq'

2018-10-15 16:41:21 - [MESSAGE][PASSED] - Switched to window with title: 'Pirq'

2018-10-15 16:41:21 - [TEST_STEP][PASSED] - verifyElementPresent: Object 'Object Repository/Digital Loyalty/Sys_ConfirmAccount inf/lbl_CreatePassword' is present

2018-10-15 16:41:21 - [MESSAGE][PASSED] - Object 'Object Repository/Digital Loyalty/Sys_ConfirmAccount inf/lbl_CreatePassword' is present

2018-10-15 16:41:21 - [TEST_STEP][PASSED] - closeBrowser: Browser is closed

2018-10-15 16:41:22 - [MESSAGE][PASSED] - Browser is closed]]></system-out>
         <system-err><![CDATA[]]></system-err>
      </testcase>
      <testcase name="Test Cases/Digital Loyalty/Sign Up/DigSig_28_Verify that submitting confirm account un-successfully with empty password" classname="Test Cases/Digital Loyalty/Sign Up/DigSig_28_Verify that submitting confirm account un-successfully with empty password" status="PASSED">
         <system-out><![CDATA[2018-10-15 16:41:22 - [TEST_CASE][PASSED] - Test Cases/Digital Loyalty/Sign Up/DigSig_28_Verify that submitting confirm account un-successfully with empty password: Test Cases/Digital Loyalty/Sign Up/DigSig_28_Verify that submitting confirm account un-successfully with empty password

2018-10-15 16:41:22 - [TEST_STEP][PASSED] - comment: Preconditions

2018-10-15 16:41:22 - [TEST_STEP][PASSED] - customkeyword.CommonKeyword.OpenBrowser: customkeyword.CommonKeyword.OpenBrowser is PASSED

2018-10-15 16:41:28 - [MESSAGE][PASSED] - Browser is opened with url: 'https://staging-1.pirq.com/digital-loyalty/signup'

2018-10-15 16:41:29 - [MESSAGE][PASSED] - Current window maximized

2018-10-15 16:41:29 - [MESSAGE][PASSED] - customkeyword.CommonKeyword.OpenBrowser is PASSED

2018-10-15 16:41:29 - [TEST_STEP][PASSED] - setText: Text 'first name' is set on object 'Object Repository/Digital Loyalty/Por_Digital inf/txt_FirstName_Por_Dig_Step1'

2018-10-15 16:41:30 - [MESSAGE][PASSED] - Text 'first name' is set on object 'Object Repository/Digital Loyalty/Por_Digital inf/txt_FirstName_Por_Dig_Step1'

2018-10-15 16:41:30 - [TEST_STEP][PASSED] - setText: Text 'last name' is set on object 'Object Repository/Digital Loyalty/Por_Digital inf/txt_LastName_Por_Dig_Step1'

2018-10-15 16:41:30 - [MESSAGE][PASSED] - Text 'last name' is set on object 'Object Repository/Digital Loyalty/Por_Digital inf/txt_LastName_Por_Dig_Step1'

2018-10-15 16:41:30 - [TEST_STEP][PASSED] - Statement - var_DigSignedUpEmail = CustomKeywords.customkeyword.CommonKeyword.GenerateEmail("Digital"): customkeyword.CommonKeyword.GenerateEmail is PASSED

2018-10-15 16:41:30 - [MESSAGE][PASSED] - customkeyword.CommonKeyword.GenerateEmail is PASSED

2018-10-15 16:41:30 - [TEST_STEP][PASSED] - setText: Text 'Digital151018044130@yopmail.com' is set on object 'Object Repository/Digital Loyalty/Por_Digital inf/txt_Email_Por_Dig_Step1'

2018-10-15 16:41:31 - [MESSAGE][PASSED] - Text 'Digital151018044130@yopmail.com' is set on object 'Object Repository/Digital Loyalty/Por_Digital inf/txt_Email_Por_Dig_Step1'

2018-10-15 16:41:31 - [TEST_STEP][PASSED] - setText: Text '+84123456789' is set on object 'Object Repository/Digital Loyalty/Por_Digital inf/txt_Phone_Por_Dig_Step1'

2018-10-15 16:41:32 - [MESSAGE][PASSED] - Text '+84123456789' is set on object 'Object Repository/Digital Loyalty/Por_Digital inf/txt_Phone_Por_Dig_Step1'

2018-10-15 16:41:32 - [TEST_STEP][PASSED] - setText: Text 'test company' is set on object 'Object Repository/Digital Loyalty/Por_Digital inf/txt_BusinessName_Por_Dig_Step1'

2018-10-15 16:41:32 - [MESSAGE][PASSED] - Text 'test company' is set on object 'Object Repository/Digital Loyalty/Por_Digital inf/txt_BusinessName_Por_Dig_Step1'

2018-10-15 16:41:32 - [TEST_STEP][PASSED] - setText: Text '123 street' is set on object 'Object Repository/Digital Loyalty/Por_Digital inf/txt_StreetAddress_Por_Dig_Step1'

2018-10-15 16:41:33 - [MESSAGE][PASSED] - Text '123 street' is set on object 'Object Repository/Digital Loyalty/Por_Digital inf/txt_StreetAddress_Por_Dig_Step1'

2018-10-15 16:41:33 - [TEST_STEP][PASSED] - setText: Text 'HCMC' is set on object 'Object Repository/Digital Loyalty/Por_Digital inf/txt_City_Por_Dig_Step1'

2018-10-15 16:41:33 - [MESSAGE][PASSED] - Text 'HCMC' is set on object 'Object Repository/Digital Loyalty/Por_Digital inf/txt_City_Por_Dig_Step1'

2018-10-15 16:41:33 - [TEST_STEP][PASSED] - setText: Text '70000' is set on object 'Object Repository/Digital Loyalty/Por_Digital inf/txt_PostalCode_Por_Dig_Step1'

2018-10-15 16:41:33 - [MESSAGE][PASSED] - Text '70000' is set on object 'Object Repository/Digital Loyalty/Por_Digital inf/txt_PostalCode_Por_Dig_Step1'

2018-10-15 16:41:33 - [TEST_STEP][PASSED] - click: Object: 'Object Repository/Digital Loyalty/Por_Digital inf/btn_NextStep_Por_Dig_Step1' is clicked on

2018-10-15 16:41:36 - [MESSAGE][PASSED] - Object: 'Object Repository/Digital Loyalty/Por_Digital inf/btn_NextStep_Por_Dig_Step1' is clicked on

2018-10-15 16:41:36 - [TEST_STEP][PASSED] - setText: Text '123 street' is set on object 'Object Repository/Digital Loyalty/Por_Digital inf/txt_StreetAddress_Por_Dig_Step2'

2018-10-15 16:41:36 - [MESSAGE][PASSED] - Text '123 street' is set on object 'Object Repository/Digital Loyalty/Por_Digital inf/txt_StreetAddress_Por_Dig_Step2'

2018-10-15 16:41:36 - [TEST_STEP][PASSED] - setText: Text 'HCMC' is set on object 'Object Repository/Digital Loyalty/Por_Digital inf/txt_City_Por_Dig_Step2'

2018-10-15 16:41:37 - [MESSAGE][PASSED] - Text 'HCMC' is set on object 'Object Repository/Digital Loyalty/Por_Digital inf/txt_City_Por_Dig_Step2'

2018-10-15 16:41:37 - [TEST_STEP][PASSED] - setText: Text '70000' is set on object 'Object Repository/Digital Loyalty/Por_Digital inf/txt_ZipCode_Por_Dig_Step2'

2018-10-15 16:41:37 - [MESSAGE][PASSED] - Text '70000' is set on object 'Object Repository/Digital Loyalty/Por_Digital inf/txt_ZipCode_Por_Dig_Step2'

2018-10-15 16:41:37 - [TEST_STEP][PASSED] - setText: Text '4242424242424242' is set on object 'Object Repository/Digital Loyalty/Por_Digital inf/txt_CreditCardNumber_Por_Dig_Step2'

2018-10-15 16:41:37 - [MESSAGE][PASSED] - Text '4242424242424242' is set on object 'Object Repository/Digital Loyalty/Por_Digital inf/txt_CreditCardNumber_Por_Dig_Step2'

2018-10-15 16:41:37 - [TEST_STEP][PASSED] - setText: Text '123' is set on object 'Object Repository/Digital Loyalty/Por_Digital inf/txt_CVV_Por_Dig_Step2'

2018-10-15 16:41:38 - [MESSAGE][PASSED] - Text '123' is set on object 'Object Repository/Digital Loyalty/Por_Digital inf/txt_CVV_Por_Dig_Step2'

2018-10-15 16:41:38 - [TEST_STEP][PASSED] - selectOptionByIndex: All options with index in [1] are selected on object 'Object Repository/Digital Loyalty/Por_Digital inf/drp_Date_Por_Dig_Step2'

2018-10-15 16:41:38 - [MESSAGE][PASSED] - All options with index in [1] are selected on object 'Object Repository/Digital Loyalty/Por_Digital inf/drp_Date_Por_Dig_Step2'

2018-10-15 16:41:38 - [TEST_STEP][PASSED] - selectOptionByIndex: All options with index in [10] are selected on object 'Object Repository/Digital Loyalty/Por_Digital inf/drp_Year_Por_Dig_Step2'

2018-10-15 16:41:39 - [MESSAGE][PASSED] - All options with index in [10] are selected on object 'Object Repository/Digital Loyalty/Por_Digital inf/drp_Year_Por_Dig_Step2'

2018-10-15 16:41:39 - [TEST_STEP][PASSED] - setText: Text 'first name' is set on object 'Object Repository/Digital Loyalty/Por_Digital inf/txt_FirstName_Por_Dig_Step2'

2018-10-15 16:41:39 - [MESSAGE][PASSED] - Text 'first name' is set on object 'Object Repository/Digital Loyalty/Por_Digital inf/txt_FirstName_Por_Dig_Step2'

2018-10-15 16:41:39 - [TEST_STEP][PASSED] - setText: Text 'last name' is set on object 'Object Repository/Digital Loyalty/Por_Digital inf/txt_LastName_Por_Dig_Step2'

2018-10-15 16:41:39 - [MESSAGE][PASSED] - Text 'last name' is set on object 'Object Repository/Digital Loyalty/Por_Digital inf/txt_LastName_Por_Dig_Step2'

2018-10-15 16:41:39 - [TEST_STEP][PASSED] - click: Object: 'Object Repository/Digital Loyalty/Por_Digital inf/btn_SubmitPayment_Por_Dig_Step2' is clicked on

2018-10-15 16:41:49 - [MESSAGE][PASSED] - Object: 'Object Repository/Digital Loyalty/Por_Digital inf/btn_SubmitPayment_Por_Dig_Step2' is clicked on

2018-10-15 16:41:49 - [TEST_STEP][PASSED] - setText: Text '3' is set on object 'Object Repository/Digital Loyalty/Por_Digital inf/txt_NumberofPunches_Por_Dig_Step3'

2018-10-15 16:41:49 - [MESSAGE][PASSED] - Text '3' is set on object 'Object Repository/Digital Loyalty/Por_Digital inf/txt_NumberofPunches_Por_Dig_Step3'

2018-10-15 16:41:49 - [TEST_STEP][PASSED] - setText: Text 'title' is set on object 'Object Repository/Digital Loyalty/Por_Digital inf/txt_RewardTitle_Por_Dig_Step3'

2018-10-15 16:41:50 - [MESSAGE][PASSED] - Text 'title' is set on object 'Object Repository/Digital Loyalty/Por_Digital inf/txt_RewardTitle_Por_Dig_Step3'

2018-10-15 16:41:50 - [TEST_STEP][PASSED] - setText: Text 'this is description 123' is set on object 'Object Repository/Digital Loyalty/Por_Digital inf/txt_Description_Por_Dig_Step3'

2018-10-15 16:41:50 - [MESSAGE][PASSED] - Text 'this is description 123' is set on object 'Object Repository/Digital Loyalty/Por_Digital inf/txt_Description_Por_Dig_Step3'

2018-10-15 16:41:50 - [TEST_STEP][PASSED] - click: Object: 'Object Repository/Digital Loyalty/Por_Digital inf/btn_CreateLoyaltyProgram_Por_Dig_Step3' is clicked on

2018-10-15 16:41:55 - [MESSAGE][PASSED] - Object: 'Object Repository/Digital Loyalty/Por_Digital inf/btn_CreateLoyaltyProgram_Por_Dig_Step3' is clicked on

2018-10-15 16:41:55 - [TEST_STEP][PASSED] - comment: Steps:

2018-10-15 16:41:55 - [TEST_STEP][PASSED] - navigateToUrl: Navigate to 'http://www.yopmail.com/en/' successfully

2018-10-15 16:41:57 - [MESSAGE][PASSED] - Navigate to 'http://www.yopmail.com/en/' successfully

2018-10-15 16:41:57 - [TEST_STEP][PASSED] - customkeyword.CommonKeyword.CheckYopmailLink: customkeyword.CommonKeyword.CheckYopmailLink is PASSED

2018-10-15 16:41:58 - [MESSAGE][PASSED] - Text 'Digital151018044130@yopmail.com' is set on object 'Object Repository/Yopmail inf/txt_Login_Yopmail'

2018-10-15 16:42:02 - [MESSAGE][PASSED] - Object: 'Object Repository/Yopmail inf/btn_CheckInbox_Yopmail' is clicked on

2018-10-15 16:42:03 - [MESSAGE][PASSED] - customkeyword.CommonKeyword.CheckYopmailLink is PASSED

2018-10-15 16:42:03 - [TEST_STEP][PASSED] - switchToWindowTitle: Switched to window with title: 'Pirq'

2018-10-15 16:42:07 - [MESSAGE][PASSED] - Switched to window with title: 'Pirq'

2018-10-15 16:42:07 - [TEST_STEP][PASSED] - click: Object: 'Object Repository/Digital Loyalty/Sys_ConfirmAccount inf/btn_Confirm_Sys_ConfirmAccount' is clicked on

2018-10-15 16:42:08 - [MESSAGE][PASSED] - Object: 'Object Repository/Digital Loyalty/Sys_ConfirmAccount inf/btn_Confirm_Sys_ConfirmAccount' is clicked on

2018-10-15 16:42:08 - [TEST_STEP][PASSED] - verifyElementPresent: Object 'Object Repository/Digital Loyalty/Sys_ConfirmAccount inf/lbl_8characterError_Sys_ConfirmAccount' is present

2018-10-15 16:42:08 - [MESSAGE][PASSED] - Object 'Object Repository/Digital Loyalty/Sys_ConfirmAccount inf/lbl_8characterError_Sys_ConfirmAccount' is present

2018-10-15 16:42:08 - [TEST_STEP][PASSED] - closeBrowser: Browser is closed

2018-10-15 16:42:09 - [MESSAGE][PASSED] - Browser is closed]]></system-out>
         <system-err><![CDATA[]]></system-err>
      </testcase>
      <testcase name="Test Cases/Digital Loyalty/Sign Up/DigSig_29_Verify that submitting confirm account with password no alphabet character" classname="Test Cases/Digital Loyalty/Sign Up/DigSig_29_Verify that submitting confirm account with password no alphabet character" status="PASSED">
         <system-out><![CDATA[2018-10-15 16:42:09 - [TEST_CASE][PASSED] - Test Cases/Digital Loyalty/Sign Up/DigSig_29_Verify that submitting confirm account with password no alphabet character: Test Cases/Digital Loyalty/Sign Up/DigSig_29_Verify that submitting confirm account with password no alphabet character

2018-10-15 16:42:09 - [TEST_STEP][PASSED] - comment: Preconditions

2018-10-15 16:42:09 - [TEST_STEP][PASSED] - customkeyword.CommonKeyword.OpenBrowser: customkeyword.CommonKeyword.OpenBrowser is PASSED

2018-10-15 16:42:15 - [MESSAGE][PASSED] - Browser is opened with url: 'https://staging-1.pirq.com/digital-loyalty/signup'

2018-10-15 16:42:16 - [MESSAGE][PASSED] - Current window maximized

2018-10-15 16:42:16 - [MESSAGE][PASSED] - customkeyword.CommonKeyword.OpenBrowser is PASSED

2018-10-15 16:42:16 - [TEST_STEP][PASSED] - setText: Text 'first name' is set on object 'Object Repository/Digital Loyalty/Por_Digital inf/txt_FirstName_Por_Dig_Step1'

2018-10-15 16:42:17 - [MESSAGE][PASSED] - Text 'first name' is set on object 'Object Repository/Digital Loyalty/Por_Digital inf/txt_FirstName_Por_Dig_Step1'

2018-10-15 16:42:17 - [TEST_STEP][PASSED] - setText: Text 'last name' is set on object 'Object Repository/Digital Loyalty/Por_Digital inf/txt_LastName_Por_Dig_Step1'

2018-10-15 16:42:18 - [MESSAGE][PASSED] - Text 'last name' is set on object 'Object Repository/Digital Loyalty/Por_Digital inf/txt_LastName_Por_Dig_Step1'

2018-10-15 16:42:18 - [TEST_STEP][PASSED] - Statement - var_DigSignedUpEmail = CustomKeywords.customkeyword.CommonKeyword.GenerateEmail("Digital"): customkeyword.CommonKeyword.GenerateEmail is PASSED

2018-10-15 16:42:18 - [MESSAGE][PASSED] - customkeyword.CommonKeyword.GenerateEmail is PASSED

2018-10-15 16:42:18 - [TEST_STEP][PASSED] - setText: Text 'Digital151018044218@yopmail.com' is set on object 'Object Repository/Digital Loyalty/Por_Digital inf/txt_Email_Por_Dig_Step1'

2018-10-15 16:42:19 - [MESSAGE][PASSED] - Text 'Digital151018044218@yopmail.com' is set on object 'Object Repository/Digital Loyalty/Por_Digital inf/txt_Email_Por_Dig_Step1'

2018-10-15 16:42:19 - [TEST_STEP][PASSED] - setText: Text '+84123456789' is set on object 'Object Repository/Digital Loyalty/Por_Digital inf/txt_Phone_Por_Dig_Step1'

2018-10-15 16:42:20 - [MESSAGE][PASSED] - Text '+84123456789' is set on object 'Object Repository/Digital Loyalty/Por_Digital inf/txt_Phone_Por_Dig_Step1'

2018-10-15 16:42:20 - [TEST_STEP][PASSED] - setText: Text 'test company' is set on object 'Object Repository/Digital Loyalty/Por_Digital inf/txt_BusinessName_Por_Dig_Step1'

2018-10-15 16:42:20 - [MESSAGE][PASSED] - Text 'test company' is set on object 'Object Repository/Digital Loyalty/Por_Digital inf/txt_BusinessName_Por_Dig_Step1'

2018-10-15 16:42:20 - [TEST_STEP][PASSED] - setText: Text '123 street' is set on object 'Object Repository/Digital Loyalty/Por_Digital inf/txt_StreetAddress_Por_Dig_Step1'

2018-10-15 16:42:21 - [MESSAGE][PASSED] - Text '123 street' is set on object 'Object Repository/Digital Loyalty/Por_Digital inf/txt_StreetAddress_Por_Dig_Step1'

2018-10-15 16:42:21 - [TEST_STEP][PASSED] - setText: Text 'HCMC' is set on object 'Object Repository/Digital Loyalty/Por_Digital inf/txt_City_Por_Dig_Step1'

2018-10-15 16:42:21 - [MESSAGE][PASSED] - Text 'HCMC' is set on object 'Object Repository/Digital Loyalty/Por_Digital inf/txt_City_Por_Dig_Step1'

2018-10-15 16:42:21 - [TEST_STEP][PASSED] - setText: Text '70000' is set on object 'Object Repository/Digital Loyalty/Por_Digital inf/txt_PostalCode_Por_Dig_Step1'

2018-10-15 16:42:22 - [MESSAGE][PASSED] - Text '70000' is set on object 'Object Repository/Digital Loyalty/Por_Digital inf/txt_PostalCode_Por_Dig_Step1'

2018-10-15 16:42:22 - [TEST_STEP][PASSED] - click: Object: 'Object Repository/Digital Loyalty/Por_Digital inf/btn_NextStep_Por_Dig_Step1' is clicked on

2018-10-15 16:42:24 - [MESSAGE][PASSED] - Object: 'Object Repository/Digital Loyalty/Por_Digital inf/btn_NextStep_Por_Dig_Step1' is clicked on

2018-10-15 16:42:24 - [TEST_STEP][PASSED] - setText: Text '123 street' is set on object 'Object Repository/Digital Loyalty/Por_Digital inf/txt_StreetAddress_Por_Dig_Step2'

2018-10-15 16:42:25 - [MESSAGE][PASSED] - Text '123 street' is set on object 'Object Repository/Digital Loyalty/Por_Digital inf/txt_StreetAddress_Por_Dig_Step2'

2018-10-15 16:42:25 - [TEST_STEP][PASSED] - setText: Text 'HCMC' is set on object 'Object Repository/Digital Loyalty/Por_Digital inf/txt_City_Por_Dig_Step2'

2018-10-15 16:42:26 - [MESSAGE][PASSED] - Text 'HCMC' is set on object 'Object Repository/Digital Loyalty/Por_Digital inf/txt_City_Por_Dig_Step2'

2018-10-15 16:42:26 - [TEST_STEP][PASSED] - setText: Text '70000' is set on object 'Object Repository/Digital Loyalty/Por_Digital inf/txt_ZipCode_Por_Dig_Step2'

2018-10-15 16:42:26 - [MESSAGE][PASSED] - Text '70000' is set on object 'Object Repository/Digital Loyalty/Por_Digital inf/txt_ZipCode_Por_Dig_Step2'

2018-10-15 16:42:26 - [TEST_STEP][PASSED] - setText: Text '4242424242424242' is set on object 'Object Repository/Digital Loyalty/Por_Digital inf/txt_CreditCardNumber_Por_Dig_Step2'

2018-10-15 16:42:27 - [MESSAGE][PASSED] - Text '4242424242424242' is set on object 'Object Repository/Digital Loyalty/Por_Digital inf/txt_CreditCardNumber_Por_Dig_Step2'

2018-10-15 16:42:27 - [TEST_STEP][PASSED] - setText: Text '123' is set on object 'Object Repository/Digital Loyalty/Por_Digital inf/txt_CVV_Por_Dig_Step2'

2018-10-15 16:42:27 - [MESSAGE][PASSED] - Text '123' is set on object 'Object Repository/Digital Loyalty/Por_Digital inf/txt_CVV_Por_Dig_Step2'

2018-10-15 16:42:27 - [TEST_STEP][PASSED] - selectOptionByIndex: All options with index in [1] are selected on object 'Object Repository/Digital Loyalty/Por_Digital inf/drp_Date_Por_Dig_Step2'

2018-10-15 16:42:27 - [MESSAGE][PASSED] - All options with index in [1] are selected on object 'Object Repository/Digital Loyalty/Por_Digital inf/drp_Date_Por_Dig_Step2'

2018-10-15 16:42:27 - [TEST_STEP][PASSED] - selectOptionByIndex: All options with index in [10] are selected on object 'Object Repository/Digital Loyalty/Por_Digital inf/drp_Year_Por_Dig_Step2'

2018-10-15 16:42:28 - [MESSAGE][PASSED] - All options with index in [10] are selected on object 'Object Repository/Digital Loyalty/Por_Digital inf/drp_Year_Por_Dig_Step2'

2018-10-15 16:42:28 - [TEST_STEP][PASSED] - setText: Text 'first name' is set on object 'Object Repository/Digital Loyalty/Por_Digital inf/txt_FirstName_Por_Dig_Step2'

2018-10-15 16:42:28 - [MESSAGE][PASSED] - Text 'first name' is set on object 'Object Repository/Digital Loyalty/Por_Digital inf/txt_FirstName_Por_Dig_Step2'

2018-10-15 16:42:28 - [TEST_STEP][PASSED] - setText: Text 'last name' is set on object 'Object Repository/Digital Loyalty/Por_Digital inf/txt_LastName_Por_Dig_Step2'

2018-10-15 16:42:29 - [MESSAGE][PASSED] - Text 'last name' is set on object 'Object Repository/Digital Loyalty/Por_Digital inf/txt_LastName_Por_Dig_Step2'

2018-10-15 16:42:29 - [TEST_STEP][PASSED] - click: Object: 'Object Repository/Digital Loyalty/Por_Digital inf/btn_SubmitPayment_Por_Dig_Step2' is clicked on

2018-10-15 16:42:38 - [MESSAGE][PASSED] - Object: 'Object Repository/Digital Loyalty/Por_Digital inf/btn_SubmitPayment_Por_Dig_Step2' is clicked on

2018-10-15 16:42:38 - [TEST_STEP][PASSED] - setText: Text '3' is set on object 'Object Repository/Digital Loyalty/Por_Digital inf/txt_NumberofPunches_Por_Dig_Step3'

2018-10-15 16:42:38 - [MESSAGE][PASSED] - Text '3' is set on object 'Object Repository/Digital Loyalty/Por_Digital inf/txt_NumberofPunches_Por_Dig_Step3'

2018-10-15 16:42:38 - [TEST_STEP][PASSED] - setText: Text 'title' is set on object 'Object Repository/Digital Loyalty/Por_Digital inf/txt_RewardTitle_Por_Dig_Step3'

2018-10-15 16:42:38 - [MESSAGE][PASSED] - Text 'title' is set on object 'Object Repository/Digital Loyalty/Por_Digital inf/txt_RewardTitle_Por_Dig_Step3'

2018-10-15 16:42:38 - [TEST_STEP][PASSED] - setText: Text 'this is description 123' is set on object 'Object Repository/Digital Loyalty/Por_Digital inf/txt_Description_Por_Dig_Step3'

2018-10-15 16:42:39 - [MESSAGE][PASSED] - Text 'this is description 123' is set on object 'Object Repository/Digital Loyalty/Por_Digital inf/txt_Description_Por_Dig_Step3'

2018-10-15 16:42:39 - [TEST_STEP][PASSED] - click: Object: 'Object Repository/Digital Loyalty/Por_Digital inf/btn_CreateLoyaltyProgram_Por_Dig_Step3' is clicked on

2018-10-15 16:42:43 - [MESSAGE][PASSED] - Object: 'Object Repository/Digital Loyalty/Por_Digital inf/btn_CreateLoyaltyProgram_Por_Dig_Step3' is clicked on

2018-10-15 16:42:43 - [TEST_STEP][PASSED] - comment: Steps:

2018-10-15 16:42:43 - [TEST_STEP][PASSED] - navigateToUrl: Navigate to 'http://www.yopmail.com/en/' successfully

2018-10-15 16:42:46 - [MESSAGE][PASSED] - Navigate to 'http://www.yopmail.com/en/' successfully

2018-10-15 16:42:46 - [TEST_STEP][PASSED] - customkeyword.CommonKeyword.CheckYopmailLink: customkeyword.CommonKeyword.CheckYopmailLink is PASSED

2018-10-15 16:42:46 - [MESSAGE][PASSED] - Text 'Digital151018044218@yopmail.com' is set on object 'Object Repository/Yopmail inf/txt_Login_Yopmail'

2018-10-15 16:42:50 - [MESSAGE][PASSED] - Object: 'Object Repository/Yopmail inf/btn_CheckInbox_Yopmail' is clicked on

2018-10-15 16:42:51 - [MESSAGE][PASSED] - customkeyword.CommonKeyword.CheckYopmailLink is PASSED

2018-10-15 16:42:51 - [TEST_STEP][PASSED] - switchToWindowTitle: Switched to window with title: 'Pirq'

2018-10-15 16:42:55 - [MESSAGE][PASSED] - Switched to window with title: 'Pirq'

2018-10-15 16:42:55 - [TEST_STEP][PASSED] - setText: Text '12345678' is set on object 'Object Repository/Digital Loyalty/Sys_ConfirmAccount inf/txt_SetPassword_Sys_ConfirmAccount'

2018-10-15 16:42:56 - [MESSAGE][PASSED] - Text '12345678' is set on object 'Object Repository/Digital Loyalty/Sys_ConfirmAccount inf/txt_SetPassword_Sys_ConfirmAccount'

2018-10-15 16:42:56 - [TEST_STEP][PASSED] - setText: Text '12345678' is set on object 'Object Repository/Digital Loyalty/Sys_ConfirmAccount inf/txt_ConfirmPassword_Sys_ConfirmAccount'

2018-10-15 16:42:56 - [MESSAGE][PASSED] - Text '12345678' is set on object 'Object Repository/Digital Loyalty/Sys_ConfirmAccount inf/txt_ConfirmPassword_Sys_ConfirmAccount'

2018-10-15 16:42:56 - [TEST_STEP][PASSED] - click: Object: 'Object Repository/Digital Loyalty/Sys_ConfirmAccount inf/btn_Confirm_Sys_ConfirmAccount' is clicked on

2018-10-15 16:42:57 - [MESSAGE][PASSED] - Object: 'Object Repository/Digital Loyalty/Sys_ConfirmAccount inf/btn_Confirm_Sys_ConfirmAccount' is clicked on

2018-10-15 16:42:57 - [TEST_STEP][PASSED] - verifyElementPresent: Object 'Object Repository/Digital Loyalty/Sys_ConfirmAccount inf/lbl_1alphabetError_Sys_ConfirmAccount' is present

2018-10-15 16:42:57 - [MESSAGE][PASSED] - Object 'Object Repository/Digital Loyalty/Sys_ConfirmAccount inf/lbl_1alphabetError_Sys_ConfirmAccount' is present

2018-10-15 16:42:57 - [TEST_STEP][PASSED] - closeBrowser: Browser is closed

2018-10-15 16:42:58 - [MESSAGE][PASSED] - Browser is closed]]></system-out>
         <system-err><![CDATA[]]></system-err>
      </testcase>
      <testcase name="Test Cases/Digital Loyalty/Sign Up/DigSig_30_Verify that submitting confirm account with invalid confirm-password" classname="Test Cases/Digital Loyalty/Sign Up/DigSig_30_Verify that submitting confirm account with invalid confirm-password" status="PASSED">
         <system-out><![CDATA[2018-10-15 16:42:58 - [TEST_CASE][PASSED] - Test Cases/Digital Loyalty/Sign Up/DigSig_30_Verify that submitting confirm account with invalid confirm-password: Test Cases/Digital Loyalty/Sign Up/DigSig_30_Verify that submitting confirm account with invalid confirm-password

2018-10-15 16:42:59 - [TEST_STEP][PASSED] - comment: Preconditions

2018-10-15 16:42:59 - [TEST_STEP][PASSED] - customkeyword.CommonKeyword.OpenBrowser: customkeyword.CommonKeyword.OpenBrowser is PASSED

2018-10-15 16:43:05 - [MESSAGE][PASSED] - Browser is opened with url: 'https://staging-1.pirq.com/digital-loyalty/signup'

2018-10-15 16:43:06 - [MESSAGE][PASSED] - Current window maximized

2018-10-15 16:43:06 - [MESSAGE][PASSED] - customkeyword.CommonKeyword.OpenBrowser is PASSED

2018-10-15 16:43:06 - [TEST_STEP][PASSED] - setText: Text 'first name' is set on object 'Object Repository/Digital Loyalty/Por_Digital inf/txt_FirstName_Por_Dig_Step1'

2018-10-15 16:43:06 - [MESSAGE][PASSED] - Text 'first name' is set on object 'Object Repository/Digital Loyalty/Por_Digital inf/txt_FirstName_Por_Dig_Step1'

2018-10-15 16:43:06 - [TEST_STEP][PASSED] - setText: Text 'last name' is set on object 'Object Repository/Digital Loyalty/Por_Digital inf/txt_LastName_Por_Dig_Step1'

2018-10-15 16:43:07 - [MESSAGE][PASSED] - Text 'last name' is set on object 'Object Repository/Digital Loyalty/Por_Digital inf/txt_LastName_Por_Dig_Step1'

2018-10-15 16:43:07 - [TEST_STEP][PASSED] - Statement - var_DigSignedUpEmail = CustomKeywords.customkeyword.CommonKeyword.GenerateEmail("Digital"): customkeyword.CommonKeyword.GenerateEmail is PASSED

2018-10-15 16:43:07 - [MESSAGE][PASSED] - customkeyword.CommonKeyword.GenerateEmail is PASSED

2018-10-15 16:43:07 - [TEST_STEP][PASSED] - setText: Text 'Digital151018044307@yopmail.com' is set on object 'Object Repository/Digital Loyalty/Por_Digital inf/txt_Email_Por_Dig_Step1'

2018-10-15 16:43:08 - [MESSAGE][PASSED] - Text 'Digital151018044307@yopmail.com' is set on object 'Object Repository/Digital Loyalty/Por_Digital inf/txt_Email_Por_Dig_Step1'

2018-10-15 16:43:08 - [TEST_STEP][PASSED] - setText: Text '+84123456789' is set on object 'Object Repository/Digital Loyalty/Por_Digital inf/txt_Phone_Por_Dig_Step1'

2018-10-15 16:43:08 - [MESSAGE][PASSED] - Text '+84123456789' is set on object 'Object Repository/Digital Loyalty/Por_Digital inf/txt_Phone_Por_Dig_Step1'

2018-10-15 16:43:08 - [TEST_STEP][PASSED] - setText: Text 'test company' is set on object 'Object Repository/Digital Loyalty/Por_Digital inf/txt_BusinessName_Por_Dig_Step1'

2018-10-15 16:43:09 - [MESSAGE][PASSED] - Text 'test company' is set on object 'Object Repository/Digital Loyalty/Por_Digital inf/txt_BusinessName_Por_Dig_Step1'

2018-10-15 16:43:09 - [TEST_STEP][PASSED] - setText: Text '123 street' is set on object 'Object Repository/Digital Loyalty/Por_Digital inf/txt_StreetAddress_Por_Dig_Step1'

2018-10-15 16:43:09 - [MESSAGE][PASSED] - Text '123 street' is set on object 'Object Repository/Digital Loyalty/Por_Digital inf/txt_StreetAddress_Por_Dig_Step1'

2018-10-15 16:43:09 - [TEST_STEP][PASSED] - setText: Text 'HCMC' is set on object 'Object Repository/Digital Loyalty/Por_Digital inf/txt_City_Por_Dig_Step1'

2018-10-15 16:43:10 - [MESSAGE][PASSED] - Text 'HCMC' is set on object 'Object Repository/Digital Loyalty/Por_Digital inf/txt_City_Por_Dig_Step1'

2018-10-15 16:43:10 - [TEST_STEP][PASSED] - setText: Text '70000' is set on object 'Object Repository/Digital Loyalty/Por_Digital inf/txt_PostalCode_Por_Dig_Step1'

2018-10-15 16:43:10 - [MESSAGE][PASSED] - Text '70000' is set on object 'Object Repository/Digital Loyalty/Por_Digital inf/txt_PostalCode_Por_Dig_Step1'

2018-10-15 16:43:10 - [TEST_STEP][PASSED] - click: Object: 'Object Repository/Digital Loyalty/Por_Digital inf/btn_NextStep_Por_Dig_Step1' is clicked on

2018-10-15 16:43:13 - [MESSAGE][PASSED] - Object: 'Object Repository/Digital Loyalty/Por_Digital inf/btn_NextStep_Por_Dig_Step1' is clicked on

2018-10-15 16:43:13 - [TEST_STEP][PASSED] - setText: Text '123 street' is set on object 'Object Repository/Digital Loyalty/Por_Digital inf/txt_StreetAddress_Por_Dig_Step2'

2018-10-15 16:43:13 - [MESSAGE][PASSED] - Text '123 street' is set on object 'Object Repository/Digital Loyalty/Por_Digital inf/txt_StreetAddress_Por_Dig_Step2'

2018-10-15 16:43:13 - [TEST_STEP][PASSED] - setText: Text 'HCMC' is set on object 'Object Repository/Digital Loyalty/Por_Digital inf/txt_City_Por_Dig_Step2'

2018-10-15 16:43:14 - [MESSAGE][PASSED] - Text 'HCMC' is set on object 'Object Repository/Digital Loyalty/Por_Digital inf/txt_City_Por_Dig_Step2'

2018-10-15 16:43:14 - [TEST_STEP][PASSED] - setText: Text '70000' is set on object 'Object Repository/Digital Loyalty/Por_Digital inf/txt_ZipCode_Por_Dig_Step2'

2018-10-15 16:43:14 - [MESSAGE][PASSED] - Text '70000' is set on object 'Object Repository/Digital Loyalty/Por_Digital inf/txt_ZipCode_Por_Dig_Step2'

2018-10-15 16:43:14 - [TEST_STEP][PASSED] - setText: Text '4242424242424242' is set on object 'Object Repository/Digital Loyalty/Por_Digital inf/txt_CreditCardNumber_Por_Dig_Step2'

2018-10-15 16:43:15 - [MESSAGE][PASSED] - Text '4242424242424242' is set on object 'Object Repository/Digital Loyalty/Por_Digital inf/txt_CreditCardNumber_Por_Dig_Step2'

2018-10-15 16:43:15 - [TEST_STEP][PASSED] - setText: Text '123' is set on object 'Object Repository/Digital Loyalty/Por_Digital inf/txt_CVV_Por_Dig_Step2'

2018-10-15 16:43:16 - [MESSAGE][PASSED] - Text '123' is set on object 'Object Repository/Digital Loyalty/Por_Digital inf/txt_CVV_Por_Dig_Step2'

2018-10-15 16:43:16 - [TEST_STEP][PASSED] - selectOptionByIndex: All options with index in [1] are selected on object 'Object Repository/Digital Loyalty/Por_Digital inf/drp_Date_Por_Dig_Step2'

2018-10-15 16:43:16 - [MESSAGE][PASSED] - All options with index in [1] are selected on object 'Object Repository/Digital Loyalty/Por_Digital inf/drp_Date_Por_Dig_Step2'

2018-10-15 16:43:16 - [TEST_STEP][PASSED] - selectOptionByIndex: All options with index in [10] are selected on object 'Object Repository/Digital Loyalty/Por_Digital inf/drp_Year_Por_Dig_Step2'

2018-10-15 16:43:16 - [MESSAGE][PASSED] - All options with index in [10] are selected on object 'Object Repository/Digital Loyalty/Por_Digital inf/drp_Year_Por_Dig_Step2'

2018-10-15 16:43:16 - [TEST_STEP][PASSED] - setText: Text 'first name' is set on object 'Object Repository/Digital Loyalty/Por_Digital inf/txt_FirstName_Por_Dig_Step2'

2018-10-15 16:43:17 - [MESSAGE][PASSED] - Text 'first name' is set on object 'Object Repository/Digital Loyalty/Por_Digital inf/txt_FirstName_Por_Dig_Step2'

2018-10-15 16:43:17 - [TEST_STEP][PASSED] - setText: Text 'last name' is set on object 'Object Repository/Digital Loyalty/Por_Digital inf/txt_LastName_Por_Dig_Step2'

2018-10-15 16:43:17 - [MESSAGE][PASSED] - Text 'last name' is set on object 'Object Repository/Digital Loyalty/Por_Digital inf/txt_LastName_Por_Dig_Step2'

2018-10-15 16:43:17 - [TEST_STEP][PASSED] - click: Object: 'Object Repository/Digital Loyalty/Por_Digital inf/btn_SubmitPayment_Por_Dig_Step2' is clicked on

2018-10-15 16:43:26 - [MESSAGE][PASSED] - Object: 'Object Repository/Digital Loyalty/Por_Digital inf/btn_SubmitPayment_Por_Dig_Step2' is clicked on

2018-10-15 16:43:26 - [TEST_STEP][PASSED] - setText: Text '3' is set on object 'Object Repository/Digital Loyalty/Por_Digital inf/txt_NumberofPunches_Por_Dig_Step3'

2018-10-15 16:43:27 - [MESSAGE][PASSED] - Text '3' is set on object 'Object Repository/Digital Loyalty/Por_Digital inf/txt_NumberofPunches_Por_Dig_Step3'

2018-10-15 16:43:27 - [TEST_STEP][PASSED] - setText: Text 'title' is set on object 'Object Repository/Digital Loyalty/Por_Digital inf/txt_RewardTitle_Por_Dig_Step3'

2018-10-15 16:43:27 - [MESSAGE][PASSED] - Text 'title' is set on object 'Object Repository/Digital Loyalty/Por_Digital inf/txt_RewardTitle_Por_Dig_Step3'

2018-10-15 16:43:27 - [TEST_STEP][PASSED] - setText: Text 'this is description 123' is set on object 'Object Repository/Digital Loyalty/Por_Digital inf/txt_Description_Por_Dig_Step3'

2018-10-15 16:43:27 - [MESSAGE][PASSED] - Text 'this is description 123' is set on object 'Object Repository/Digital Loyalty/Por_Digital inf/txt_Description_Por_Dig_Step3'

2018-10-15 16:43:27 - [TEST_STEP][PASSED] - click: Object: 'Object Repository/Digital Loyalty/Por_Digital inf/btn_CreateLoyaltyProgram_Por_Dig_Step3' is clicked on

2018-10-15 16:43:32 - [MESSAGE][PASSED] - Object: 'Object Repository/Digital Loyalty/Por_Digital inf/btn_CreateLoyaltyProgram_Por_Dig_Step3' is clicked on

2018-10-15 16:43:32 - [TEST_STEP][PASSED] - comment: Steps:

2018-10-15 16:43:32 - [TEST_STEP][PASSED] - navigateToUrl: Navigate to 'http://www.yopmail.com/en/' successfully

2018-10-15 16:43:35 - [MESSAGE][PASSED] - Navigate to 'http://www.yopmail.com/en/' successfully

2018-10-15 16:43:35 - [TEST_STEP][PASSED] - customkeyword.CommonKeyword.CheckYopmailLink: customkeyword.CommonKeyword.CheckYopmailLink is PASSED

2018-10-15 16:43:36 - [MESSAGE][PASSED] - Text 'Digital151018044307@yopmail.com' is set on object 'Object Repository/Yopmail inf/txt_Login_Yopmail'

2018-10-15 16:43:40 - [MESSAGE][PASSED] - Object: 'Object Repository/Yopmail inf/btn_CheckInbox_Yopmail' is clicked on

2018-10-15 16:43:41 - [MESSAGE][PASSED] - customkeyword.CommonKeyword.CheckYopmailLink is PASSED

2018-10-15 16:43:41 - [TEST_STEP][PASSED] - switchToWindowTitle: Switched to window with title: 'Pirq'

2018-10-15 16:43:45 - [MESSAGE][PASSED] - Switched to window with title: 'Pirq'

2018-10-15 16:43:45 - [TEST_STEP][PASSED] - setText: Text '123456?a' is set on object 'Object Repository/Digital Loyalty/Sys_ConfirmAccount inf/txt_SetPassword_Sys_ConfirmAccount'

2018-10-15 16:43:45 - [MESSAGE][PASSED] - Text '123456?a' is set on object 'Object Repository/Digital Loyalty/Sys_ConfirmAccount inf/txt_SetPassword_Sys_ConfirmAccount'

2018-10-15 16:43:45 - [TEST_STEP][PASSED] - setText: Text '123456?aa' is set on object 'Object Repository/Digital Loyalty/Sys_ConfirmAccount inf/txt_ConfirmPassword_Sys_ConfirmAccount'

2018-10-15 16:43:46 - [MESSAGE][PASSED] - Text '123456?aa' is set on object 'Object Repository/Digital Loyalty/Sys_ConfirmAccount inf/txt_ConfirmPassword_Sys_ConfirmAccount'

2018-10-15 16:43:46 - [TEST_STEP][PASSED] - click: Object: 'Object Repository/Digital Loyalty/Sys_ConfirmAccount inf/btn_Confirm_Sys_ConfirmAccount' is clicked on

2018-10-15 16:43:47 - [MESSAGE][PASSED] - Object: 'Object Repository/Digital Loyalty/Sys_ConfirmAccount inf/btn_Confirm_Sys_ConfirmAccount' is clicked on

2018-10-15 16:43:47 - [TEST_STEP][PASSED] - verifyElementPresent: Object 'Object Repository/Digital Loyalty/Sys_ConfirmAccount inf/lbl_Passwordnotmatch_Sys_ConfirmAccount' is present

2018-10-15 16:43:47 - [MESSAGE][PASSED] - Object 'Object Repository/Digital Loyalty/Sys_ConfirmAccount inf/lbl_Passwordnotmatch_Sys_ConfirmAccount' is present

2018-10-15 16:43:47 - [TEST_STEP][PASSED] - closeBrowser: Browser is closed

2018-10-15 16:43:48 - [MESSAGE][PASSED] - Browser is closed]]></system-out>
         <system-err><![CDATA[]]></system-err>
      </testcase>
      <testcase name="Test Cases/Digital Loyalty/Sign Up/DigSig_31_Verify that submitting successfully password if full-fill valid information" classname="Test Cases/Digital Loyalty/Sign Up/DigSig_31_Verify that submitting successfully password if full-fill valid information" status="ERROR">
         <error type="ERROR" message="Test Cases/Digital Loyalty/Sign Up/DigSig_31_Verify that submitting successfully password if full-fill valid information FAILED because (of) (Stack trace: org.openqa.selenium.WebDriverException: chrome not reachable
  (Session info: chrome=69.0.3497.100)
  (Driver info: chromedriver=2.35.528161 (5b82f2d2aae0ca24b877009200ced9065a772e73),platform=Windows NT 10.0.17134 x86_64) (WARNING: The server did not provide any stacktrace information)
Command duration or timeout: 0 milliseconds
Build info: version: '3.7.1', revision: '8a0099a', time: '2017-11-06T21:07:36.161Z'
System info: host: 'DESKTOP-PB1MMKA', ip: '10.0.0.173', os.name: 'Windows 10', os.arch: 'amd64', os.version: '10.0', java.version: '1.8.0_181'
Driver info: com.kms.katalon.selenium.driver.CChromeDriver
Capabilities {acceptInsecureCerts: false, acceptSslCerts: false, applicationCacheEnabled: false, browserConnectionEnabled: false, browserName: chrome, chrome: {chromedriverVersion: 2.35.528161 (5b82f2d2aae0ca..., userDataDir: C:\Users\thuat\AppData\Loca...}, cssSelectorsEnabled: true, databaseEnabled: false, handlesAlerts: true, hasTouchScreen: false, javascriptEnabled: true, locationContextEnabled: true, mobileEmulationEnabled: false, nativeEvents: true, networkConnectionEnabled: false, pageLoadStrategy: normal, platform: XP, platformName: XP, rotatable: false, setWindowRect: true, takesHeapSnapshot: true, takesScreenshot: true, unexpectedAlertBehaviour: , unhandledPromptBehavior: , version: 69.0.3497.100, webStorageEnabled: true}
Session ID: 1febc2e7b4035bdf5aab6d8cddfae356
*** Element info: {Using=xpath, value=//div[text()='Welcome Pirq Merchant']}
	at sun.reflect.NativeConstructorAccessorImpl.newInstance0(Native Method)
	at sun.reflect.NativeConstructorAccessorImpl.newInstance(NativeConstructorAccessorImpl.java:62)
	at sun.reflect.DelegatingConstructorAccessorImpl.newInstance(DelegatingConstructorAccessorImpl.java:45)
	at java.lang.reflect.Constructor.newInstance(Constructor.java:423)
	at org.openqa.selenium.remote.ErrorHandler.createThrowable(ErrorHandler.java:214)
	at org.openqa.selenium.remote.ErrorHandler.throwIfResponseFailed(ErrorHandler.java:166)
	at org.openqa.selenium.remote.http.JsonHttpResponseCodec.reconstructValue(JsonHttpResponseCodec.java:40)
	at org.openqa.selenium.remote.http.AbstractHttpResponseCodec.decode(AbstractHttpResponseCodec.java:80)
	at org.openqa.selenium.remote.http.AbstractHttpResponseCodec.decode(AbstractHttpResponseCodec.java:44)
	at org.openqa.selenium.remote.HttpCommandExecutor.execute(HttpCommandExecutor.java:164)
	at org.openqa.selenium.remote.service.DriverCommandExecutor.execute(DriverCommandExecutor.java:83)
	at org.openqa.selenium.remote.RemoteWebDriver.execute(RemoteWebDriver.java:600)
	at com.kms.katalon.selenium.driver.CChromeDriver.execute(CChromeDriver.java:20)
	at org.openqa.selenium.remote.RemoteWebDriver.findElements(RemoteWebDriver.java:397)
	at org.openqa.selenium.remote.RemoteWebDriver.findElementsByXPath(RemoteWebDriver.java:476)
	at org.openqa.selenium.By$ByXPath.findElements(By.java:356)
	at org.openqa.selenium.remote.RemoteWebDriver.findElements(RemoteWebDriver.java:358)
	at org.openqa.selenium.support.ui.ExpectedConditions.findElement(ExpectedConditions.java:881)
	at org.openqa.selenium.support.ui.ExpectedConditions.access$000(ExpectedConditions.java:43)
	at org.openqa.selenium.support.ui.ExpectedConditions$7.apply(ExpectedConditions.java:205)
	at org.openqa.selenium.support.ui.ExpectedConditions$7.apply(ExpectedConditions.java:201)
	at org.openqa.selenium.support.ui.FluentWait.until(FluentWait.java:208)
	at org.openqa.selenium.support.ui.Wait$until.call(Unknown Source)
	at customkeyword.CommonKeyword.WaitForElementVisible(CommonKeyword.groovy:58)
	at sun.reflect.NativeMethodAccessorImpl.invoke0(Native Method)
	at sun.reflect.NativeMethodAccessorImpl.invoke(NativeMethodAccessorImpl.java:62)
	at sun.reflect.DelegatingMethodAccessorImpl.invoke(DelegatingMethodAccessorImpl.java:43)
	at java.lang.reflect.Method.invoke(Method.java:498)
	at org.codehaus.groovy.reflection.CachedMethod.invoke(CachedMethod.java:93)
	at groovy.lang.MetaMethod.doMethodInvoke(MetaMethod.java:325)
	at groovy.lang.MetaClassImpl.invokeMethod(MetaClassImpl.java:1215)
	at groovy.lang.MetaClassImpl.invokeMethod(MetaClassImpl.java:1024)
	at groovy.lang.DelegatingMetaClass.invokeMethod(DelegatingMetaClass.java:151)
	at org.codehaus.groovy.runtime.callsite.PogoMetaClassSite.callCurrent(PogoMetaClassSite.java:69)
	at org.codehaus.groovy.runtime.callsite.AbstractCallSite.callCurrent(AbstractCallSite.java:174)
	at customkeyword.CommonKeyword.CheckYopmailLink(CommonKeyword.groovy:107)
	at sun.reflect.NativeMethodAccessorImpl.invoke0(Native Method)
	at sun.reflect.NativeMethodAccessorImpl.invoke(NativeMethodAccessorImpl.java:62)
	at sun.reflect.DelegatingMethodAccessorImpl.invoke(DelegatingMethodAccessorImpl.java:43)
	at java.lang.reflect.Method.invoke(Method.java:498)
	at org.codehaus.groovy.reflection.CachedMethod.invoke(CachedMethod.java:93)
	at groovy.lang.MetaMethod.doMethodInvoke(MetaMethod.java:325)
	at groovy.lang.MetaClassImpl.invokeMethod(MetaClassImpl.java:1215)
	at groovy.lang.MetaClassImpl.invokeMethod(MetaClassImpl.java:1024)
	at groovy.lang.MetaClassImpl.invokeMethod(MetaClassImpl.java:812)
	at groovy.lang.DelegatingMetaClass.invokeMethod(DelegatingMetaClass.java:144)
	at customkeyword.CommonKeyword.invokeMethod(CommonKeyword.groovy)
	at com.kms.katalon.core.main.CustomKeywordDelegatingMetaClass.invokeStaticMethod(CustomKeywordDelegatingMetaClass.java:46)
	at org.codehaus.groovy.runtime.callsite.StaticMetaClassSite.call(StaticMetaClassSite.java:53)
	at org.codehaus.groovy.runtime.callsite.CallSiteArray.defaultCall(CallSiteArray.java:48)
	at org.codehaus.groovy.runtime.callsite.AbstractCallSite.call(AbstractCallSite.java:113)
	at org.codehaus.groovy.runtime.callsite.AbstractCallSite.call(AbstractCallSite.java:133)
	at Script1539506280466.run(Script1539506280466.groovy:100)
	at com.kms.katalon.core.main.ScriptEngine.run(ScriptEngine.java:183)
	at com.kms.katalon.core.main.ScriptEngine.runScriptAsRawText(ScriptEngine.java:108)
	at com.kms.katalon.core.main.TestCaseExecutor.runScript(TestCaseExecutor.java:294)
	at com.kms.katalon.core.main.TestCaseExecutor.doExecute(TestCaseExecutor.java:285)
	at com.kms.katalon.core.main.TestCaseExecutor.processExecutionPhase(TestCaseExecutor.java:264)
	at com.kms.katalon.core.main.TestCaseExecutor.accessMainPhase(TestCaseExecutor.java:256)
	at com.kms.katalon.core.main.TestCaseExecutor.execute(TestCaseExecutor.java:200)
	at com.kms.katalon.core.main.TestSuiteExecutor.accessTestCaseMainPhase(TestSuiteExecutor.java:129)
	at com.kms.katalon.core.main.TestSuiteExecutor.accessTestSuiteMainPhase(TestSuiteExecutor.java:112)
	at com.kms.katalon.core.main.TestSuiteExecutor.execute(TestSuiteExecutor.java:81)
	at com.kms.katalon.core.main.TestCaseMain.startTestSuite(TestCaseMain.java:142)
	at com.kms.katalon.core.main.TestCaseMain$startTestSuite$0.call(Unknown Source)
	at org.codehaus.groovy.runtime.callsite.CallSiteArray.defaultCall(CallSiteArray.java:48)
	at org.codehaus.groovy.runtime.callsite.AbstractCallSite.call(AbstractCallSite.java:113)
	at org.codehaus.groovy.runtime.callsite.AbstractCallSite.call(AbstractCallSite.java:141)
	at TempTestSuite1539595817506.run(TempTestSuite1539595817506.groovy:36)
	at groovy.lang.GroovyShell.runScriptOrMainOrTestOrRunnable(GroovyShell.java:263)
	at groovy.lang.GroovyShell.run(GroovyShell.java:518)
	at groovy.lang.GroovyShell.run(GroovyShell.java:507)
	at groovy.ui.GroovyMain.processOnce(GroovyMain.java:653)
	at groovy.ui.GroovyMain.run(GroovyMain.java:384)
	at groovy.ui.GroovyMain.process(GroovyMain.java:370)
	at groovy.ui.GroovyMain.processArgs(GroovyMain.java:129)
	at groovy.ui.GroovyMain.main(GroovyMain.java:109)
	at sun.reflect.NativeMethodAccessorImpl.invoke0(Native Method)
	at sun.reflect.NativeMethodAccessorImpl.invoke(NativeMethodAccessorImpl.java:62)
	at sun.reflect.DelegatingMethodAccessorImpl.invoke(DelegatingMethodAccessorImpl.java:43)
	at java.lang.reflect.Method.invoke(Method.java:498)
	at org.codehaus.groovy.tools.GroovyStarter.rootLoader(GroovyStarter.java:109)
	at org.codehaus.groovy.tools.GroovyStarter.main(GroovyStarter.java:131)
)"/>
         <system-out><![CDATA[2018-10-15 16:43:48 - [TEST_CASE][ERROR] - Test Cases/Digital Loyalty/Sign Up/DigSig_31_Verify that submitting successfully password if full-fill valid information: Test Cases/Digital Loyalty/Sign Up/DigSig_31_Verify that submitting successfully password if full-fill valid information FAILED because (of) (Stack trace: org.openqa.selenium.WebDriverException: chrome not reachable
  (Session info: chrome=69.0.3497.100)
  (Driver info: chromedriver=2.35.528161 (5b82f2d2aae0ca24b877009200ced9065a772e73),platform=Windows NT 10.0.17134 x86_64) (WARNING: The server did not provide any stacktrace information)
Command duration or timeout: 0 milliseconds
Build info: version: '3.7.1', revision: '8a0099a', time: '2017-11-06T21:07:36.161Z'
System info: host: 'DESKTOP-PB1MMKA', ip: '10.0.0.173', os.name: 'Windows 10', os.arch: 'amd64', os.version: '10.0', java.version: '1.8.0_181'
Driver info: com.kms.katalon.selenium.driver.CChromeDriver
Capabilities {acceptInsecureCerts: false, acceptSslCerts: false, applicationCacheEnabled: false, browserConnectionEnabled: false, browserName: chrome, chrome: {chromedriverVersion: 2.35.528161 (5b82f2d2aae0ca..., userDataDir: C:\Users\thuat\AppData\Loca...}, cssSelectorsEnabled: true, databaseEnabled: false, handlesAlerts: true, hasTouchScreen: false, javascriptEnabled: true, locationContextEnabled: true, mobileEmulationEnabled: false, nativeEvents: true, networkConnectionEnabled: false, pageLoadStrategy: normal, platform: XP, platformName: XP, rotatable: false, setWindowRect: true, takesHeapSnapshot: true, takesScreenshot: true, unexpectedAlertBehaviour: , unhandledPromptBehavior: , version: 69.0.3497.100, webStorageEnabled: true}
Session ID: 1febc2e7b4035bdf5aab6d8cddfae356
*** Element info: {Using=xpath, value=//div[text()='Welcome Pirq Merchant']}
	at sun.reflect.NativeConstructorAccessorImpl.newInstance0(Native Method)
	at sun.reflect.NativeConstructorAccessorImpl.newInstance(NativeConstructorAccessorImpl.java:62)
	at sun.reflect.DelegatingConstructorAccessorImpl.newInstance(DelegatingConstructorAccessorImpl.java:45)
	at java.lang.reflect.Constructor.newInstance(Constructor.java:423)
	at org.openqa.selenium.remote.ErrorHandler.createThrowable(ErrorHandler.java:214)
	at org.openqa.selenium.remote.ErrorHandler.throwIfResponseFailed(ErrorHandler.java:166)
	at org.openqa.selenium.remote.http.JsonHttpResponseCodec.reconstructValue(JsonHttpResponseCodec.java:40)
	at org.openqa.selenium.remote.http.AbstractHttpResponseCodec.decode(AbstractHttpResponseCodec.java:80)
	at org.openqa.selenium.remote.http.AbstractHttpResponseCodec.decode(AbstractHttpResponseCodec.java:44)
	at org.openqa.selenium.remote.HttpCommandExecutor.execute(HttpCommandExecutor.java:164)
	at org.openqa.selenium.remote.service.DriverCommandExecutor.execute(DriverCommandExecutor.java:83)
	at org.openqa.selenium.remote.RemoteWebDriver.execute(RemoteWebDriver.java:600)
	at com.kms.katalon.selenium.driver.CChromeDriver.execute(CChromeDriver.java:20)
	at org.openqa.selenium.remote.RemoteWebDriver.findElements(RemoteWebDriver.java:397)
	at org.openqa.selenium.remote.RemoteWebDriver.findElementsByXPath(RemoteWebDriver.java:476)
	at org.openqa.selenium.By$ByXPath.findElements(By.java:356)
	at org.openqa.selenium.remote.RemoteWebDriver.findElements(RemoteWebDriver.java:358)
	at org.openqa.selenium.support.ui.ExpectedConditions.findElement(ExpectedConditions.java:881)
	at org.openqa.selenium.support.ui.ExpectedConditions.access$000(ExpectedConditions.java:43)
	at org.openqa.selenium.support.ui.ExpectedConditions$7.apply(ExpectedConditions.java:205)
	at org.openqa.selenium.support.ui.ExpectedConditions$7.apply(ExpectedConditions.java:201)
	at org.openqa.selenium.support.ui.FluentWait.until(FluentWait.java:208)
	at org.openqa.selenium.support.ui.Wait$until.call(Unknown Source)
	at customkeyword.CommonKeyword.WaitForElementVisible(CommonKeyword.groovy:58)
	at sun.reflect.NativeMethodAccessorImpl.invoke0(Native Method)
	at sun.reflect.NativeMethodAccessorImpl.invoke(NativeMethodAccessorImpl.java:62)
	at sun.reflect.DelegatingMethodAccessorImpl.invoke(DelegatingMethodAccessorImpl.java:43)
	at java.lang.reflect.Method.invoke(Method.java:498)
	at org.codehaus.groovy.reflection.CachedMethod.invoke(CachedMethod.java:93)
	at groovy.lang.MetaMethod.doMethodInvoke(MetaMethod.java:325)
	at groovy.lang.MetaClassImpl.invokeMethod(MetaClassImpl.java:1215)
	at groovy.lang.MetaClassImpl.invokeMethod(MetaClassImpl.java:1024)
	at groovy.lang.DelegatingMetaClass.invokeMethod(DelegatingMetaClass.java:151)
	at org.codehaus.groovy.runtime.callsite.PogoMetaClassSite.callCurrent(PogoMetaClassSite.java:69)
	at org.codehaus.groovy.runtime.callsite.AbstractCallSite.callCurrent(AbstractCallSite.java:174)
	at customkeyword.CommonKeyword.CheckYopmailLink(CommonKeyword.groovy:107)
	at sun.reflect.NativeMethodAccessorImpl.invoke0(Native Method)
	at sun.reflect.NativeMethodAccessorImpl.invoke(NativeMethodAccessorImpl.java:62)
	at sun.reflect.DelegatingMethodAccessorImpl.invoke(DelegatingMethodAccessorImpl.java:43)
	at java.lang.reflect.Method.invoke(Method.java:498)
	at org.codehaus.groovy.reflection.CachedMethod.invoke(CachedMethod.java:93)
	at groovy.lang.MetaMethod.doMethodInvoke(MetaMethod.java:325)
	at groovy.lang.MetaClassImpl.invokeMethod(MetaClassImpl.java:1215)
	at groovy.lang.MetaClassImpl.invokeMethod(MetaClassImpl.java:1024)
	at groovy.lang.MetaClassImpl.invokeMethod(MetaClassImpl.java:812)
	at groovy.lang.DelegatingMetaClass.invokeMethod(DelegatingMetaClass.java:144)
	at customkeyword.CommonKeyword.invokeMethod(CommonKeyword.groovy)
	at com.kms.katalon.core.main.CustomKeywordDelegatingMetaClass.invokeStaticMethod(CustomKeywordDelegatingMetaClass.java:46)
	at org.codehaus.groovy.runtime.callsite.StaticMetaClassSite.call(StaticMetaClassSite.java:53)
	at org.codehaus.groovy.runtime.callsite.CallSiteArray.defaultCall(CallSiteArray.java:48)
	at org.codehaus.groovy.runtime.callsite.AbstractCallSite.call(AbstractCallSite.java:113)
	at org.codehaus.groovy.runtime.callsite.AbstractCallSite.call(AbstractCallSite.java:133)
	at Script1539506280466.run(Script1539506280466.groovy:100)
	at com.kms.katalon.core.main.ScriptEngine.run(ScriptEngine.java:183)
	at com.kms.katalon.core.main.ScriptEngine.runScriptAsRawText(ScriptEngine.java:108)
	at com.kms.katalon.core.main.TestCaseExecutor.runScript(TestCaseExecutor.java:294)
	at com.kms.katalon.core.main.TestCaseExecutor.doExecute(TestCaseExecutor.java:285)
	at com.kms.katalon.core.main.TestCaseExecutor.processExecutionPhase(TestCaseExecutor.java:264)
	at com.kms.katalon.core.main.TestCaseExecutor.accessMainPhase(TestCaseExecutor.java:256)
	at com.kms.katalon.core.main.TestCaseExecutor.execute(TestCaseExecutor.java:200)
	at com.kms.katalon.core.main.TestSuiteExecutor.accessTestCaseMainPhase(TestSuiteExecutor.java:129)
	at com.kms.katalon.core.main.TestSuiteExecutor.accessTestSuiteMainPhase(TestSuiteExecutor.java:112)
	at com.kms.katalon.core.main.TestSuiteExecutor.execute(TestSuiteExecutor.java:81)
	at com.kms.katalon.core.main.TestCaseMain.startTestSuite(TestCaseMain.java:142)
	at com.kms.katalon.core.main.TestCaseMain$startTestSuite$0.call(Unknown Source)
	at org.codehaus.groovy.runtime.callsite.CallSiteArray.defaultCall(CallSiteArray.java:48)
	at org.codehaus.groovy.runtime.callsite.AbstractCallSite.call(AbstractCallSite.java:113)
	at org.codehaus.groovy.runtime.callsite.AbstractCallSite.call(AbstractCallSite.java:141)
	at TempTestSuite1539595817506.run(TempTestSuite1539595817506.groovy:36)
	at groovy.lang.GroovyShell.runScriptOrMainOrTestOrRunnable(GroovyShell.java:263)
	at groovy.lang.GroovyShell.run(GroovyShell.java:518)
	at groovy.lang.GroovyShell.run(GroovyShell.java:507)
	at groovy.ui.GroovyMain.processOnce(GroovyMain.java:653)
	at groovy.ui.GroovyMain.run(GroovyMain.java:384)
	at groovy.ui.GroovyMain.process(GroovyMain.java:370)
	at groovy.ui.GroovyMain.processArgs(GroovyMain.java:129)
	at groovy.ui.GroovyMain.main(GroovyMain.java:109)
	at sun.reflect.NativeMethodAccessorImpl.invoke0(Native Method)
	at sun.reflect.NativeMethodAccessorImpl.invoke(NativeMethodAccessorImpl.java:62)
	at sun.reflect.DelegatingMethodAccessorImpl.invoke(DelegatingMethodAccessorImpl.java:43)
	at java.lang.reflect.Method.invoke(Method.java:498)
	at org.codehaus.groovy.tools.GroovyStarter.rootLoader(GroovyStarter.java:109)
	at org.codehaus.groovy.tools.GroovyStarter.main(GroovyStarter.java:131)
)

2018-10-15 16:43:48 - [TEST_STEP][PASSED] - comment: Preconditions

2018-10-15 16:43:48 - [TEST_STEP][PASSED] - customkeyword.CommonKeyword.OpenBrowser: customkeyword.CommonKeyword.OpenBrowser is PASSED

2018-10-15 16:43:54 - [MESSAGE][PASSED] - Browser is opened with url: 'https://staging-1.pirq.com/digital-loyalty/signup'

2018-10-15 16:43:55 - [MESSAGE][PASSED] - Current window maximized

2018-10-15 16:43:55 - [MESSAGE][PASSED] - customkeyword.CommonKeyword.OpenBrowser is PASSED

2018-10-15 16:43:55 - [TEST_STEP][PASSED] - setText: Text 'first name' is set on object 'Object Repository/Digital Loyalty/Por_Digital inf/txt_FirstName_Por_Dig_Step1'

2018-10-15 16:43:56 - [MESSAGE][PASSED] - Text 'first name' is set on object 'Object Repository/Digital Loyalty/Por_Digital inf/txt_FirstName_Por_Dig_Step1'

2018-10-15 16:43:56 - [TEST_STEP][PASSED] - setText: Text 'last name' is set on object 'Object Repository/Digital Loyalty/Por_Digital inf/txt_LastName_Por_Dig_Step1'

2018-10-15 16:43:56 - [MESSAGE][PASSED] - Text 'last name' is set on object 'Object Repository/Digital Loyalty/Por_Digital inf/txt_LastName_Por_Dig_Step1'

2018-10-15 16:43:56 - [TEST_STEP][PASSED] - Statement - var_DigSignedUpEmail = CustomKeywords.customkeyword.CommonKeyword.GenerateEmail("Digital"): customkeyword.CommonKeyword.GenerateEmail is PASSED

2018-10-15 16:43:56 - [MESSAGE][PASSED] - customkeyword.CommonKeyword.GenerateEmail is PASSED

2018-10-15 16:43:56 - [TEST_STEP][PASSED] - setText: Text 'Digital151018044356@yopmail.com' is set on object 'Object Repository/Digital Loyalty/Por_Digital inf/txt_Email_Por_Dig_Step1'

2018-10-15 16:43:57 - [MESSAGE][PASSED] - Text 'Digital151018044356@yopmail.com' is set on object 'Object Repository/Digital Loyalty/Por_Digital inf/txt_Email_Por_Dig_Step1'

2018-10-15 16:43:57 - [TEST_STEP][PASSED] - setText: Text '+84123456789' is set on object 'Object Repository/Digital Loyalty/Por_Digital inf/txt_Phone_Por_Dig_Step1'

2018-10-15 16:43:58 - [MESSAGE][PASSED] - Text '+84123456789' is set on object 'Object Repository/Digital Loyalty/Por_Digital inf/txt_Phone_Por_Dig_Step1'

2018-10-15 16:43:58 - [TEST_STEP][PASSED] - setText: Text 'test company' is set on object 'Object Repository/Digital Loyalty/Por_Digital inf/txt_BusinessName_Por_Dig_Step1'

2018-10-15 16:43:58 - [MESSAGE][PASSED] - Text 'test company' is set on object 'Object Repository/Digital Loyalty/Por_Digital inf/txt_BusinessName_Por_Dig_Step1'

2018-10-15 16:43:58 - [TEST_STEP][PASSED] - setText: Text '123 street' is set on object 'Object Repository/Digital Loyalty/Por_Digital inf/txt_StreetAddress_Por_Dig_Step1'

2018-10-15 16:43:59 - [MESSAGE][PASSED] - Text '123 street' is set on object 'Object Repository/Digital Loyalty/Por_Digital inf/txt_StreetAddress_Por_Dig_Step1'

2018-10-15 16:43:59 - [TEST_STEP][PASSED] - setText: Text 'HCMC' is set on object 'Object Repository/Digital Loyalty/Por_Digital inf/txt_City_Por_Dig_Step1'

2018-10-15 16:43:59 - [MESSAGE][PASSED] - Text 'HCMC' is set on object 'Object Repository/Digital Loyalty/Por_Digital inf/txt_City_Por_Dig_Step1'

2018-10-15 16:43:59 - [TEST_STEP][PASSED] - setText: Text '70000' is set on object 'Object Repository/Digital Loyalty/Por_Digital inf/txt_PostalCode_Por_Dig_Step1'

2018-10-15 16:43:59 - [MESSAGE][PASSED] - Text '70000' is set on object 'Object Repository/Digital Loyalty/Por_Digital inf/txt_PostalCode_Por_Dig_Step1'

2018-10-15 16:43:59 - [TEST_STEP][PASSED] - click: Object: 'Object Repository/Digital Loyalty/Por_Digital inf/btn_NextStep_Por_Dig_Step1' is clicked on

2018-10-15 16:44:02 - [MESSAGE][PASSED] - Object: 'Object Repository/Digital Loyalty/Por_Digital inf/btn_NextStep_Por_Dig_Step1' is clicked on

2018-10-15 16:44:02 - [TEST_STEP][PASSED] - setText: Text '123 street' is set on object 'Object Repository/Digital Loyalty/Por_Digital inf/txt_StreetAddress_Por_Dig_Step2'

2018-10-15 16:44:03 - [MESSAGE][PASSED] - Text '123 street' is set on object 'Object Repository/Digital Loyalty/Por_Digital inf/txt_StreetAddress_Por_Dig_Step2'

2018-10-15 16:44:03 - [TEST_STEP][PASSED] - setText: Text 'HCMC' is set on object 'Object Repository/Digital Loyalty/Por_Digital inf/txt_City_Por_Dig_Step2'

2018-10-15 16:44:03 - [MESSAGE][PASSED] - Text 'HCMC' is set on object 'Object Repository/Digital Loyalty/Por_Digital inf/txt_City_Por_Dig_Step2'

2018-10-15 16:44:03 - [TEST_STEP][PASSED] - setText: Text '70000' is set on object 'Object Repository/Digital Loyalty/Por_Digital inf/txt_ZipCode_Por_Dig_Step2'

2018-10-15 16:44:04 - [MESSAGE][PASSED] - Text '70000' is set on object 'Object Repository/Digital Loyalty/Por_Digital inf/txt_ZipCode_Por_Dig_Step2'

2018-10-15 16:44:04 - [TEST_STEP][PASSED] - setText: Text '4242424242424242' is set on object 'Object Repository/Digital Loyalty/Por_Digital inf/txt_CreditCardNumber_Por_Dig_Step2'

2018-10-15 16:44:05 - [MESSAGE][PASSED] - Text '4242424242424242' is set on object 'Object Repository/Digital Loyalty/Por_Digital inf/txt_CreditCardNumber_Por_Dig_Step2'

2018-10-15 16:44:05 - [TEST_STEP][PASSED] - setText: Text '123' is set on object 'Object Repository/Digital Loyalty/Por_Digital inf/txt_CVV_Por_Dig_Step2'

2018-10-15 16:44:05 - [MESSAGE][PASSED] - Text '123' is set on object 'Object Repository/Digital Loyalty/Por_Digital inf/txt_CVV_Por_Dig_Step2'

2018-10-15 16:44:05 - [TEST_STEP][PASSED] - selectOptionByIndex: All options with index in [1] are selected on object 'Object Repository/Digital Loyalty/Por_Digital inf/drp_Date_Por_Dig_Step2'

2018-10-15 16:44:06 - [MESSAGE][PASSED] - All options with index in [1] are selected on object 'Object Repository/Digital Loyalty/Por_Digital inf/drp_Date_Por_Dig_Step2'

2018-10-15 16:44:06 - [TEST_STEP][PASSED] - selectOptionByIndex: All options with index in [10] are selected on object 'Object Repository/Digital Loyalty/Por_Digital inf/drp_Year_Por_Dig_Step2'

2018-10-15 16:44:06 - [MESSAGE][PASSED] - All options with index in [10] are selected on object 'Object Repository/Digital Loyalty/Por_Digital inf/drp_Year_Por_Dig_Step2'

2018-10-15 16:44:06 - [TEST_STEP][PASSED] - setText: Text 'first name' is set on object 'Object Repository/Digital Loyalty/Por_Digital inf/txt_FirstName_Por_Dig_Step2'

2018-10-15 16:44:06 - [MESSAGE][PASSED] - Text 'first name' is set on object 'Object Repository/Digital Loyalty/Por_Digital inf/txt_FirstName_Por_Dig_Step2'

2018-10-15 16:44:06 - [TEST_STEP][PASSED] - setText: Text 'last name' is set on object 'Object Repository/Digital Loyalty/Por_Digital inf/txt_LastName_Por_Dig_Step2'

2018-10-15 16:44:07 - [MESSAGE][PASSED] - Text 'last name' is set on object 'Object Repository/Digital Loyalty/Por_Digital inf/txt_LastName_Por_Dig_Step2'

2018-10-15 16:44:07 - [TEST_STEP][PASSED] - click: Object: 'Object Repository/Digital Loyalty/Por_Digital inf/btn_SubmitPayment_Por_Dig_Step2' is clicked on

2018-10-15 16:44:17 - [MESSAGE][PASSED] - Object: 'Object Repository/Digital Loyalty/Por_Digital inf/btn_SubmitPayment_Por_Dig_Step2' is clicked on

2018-10-15 16:44:17 - [TEST_STEP][PASSED] - setText: Text '3' is set on object 'Object Repository/Digital Loyalty/Por_Digital inf/txt_NumberofPunches_Por_Dig_Step3'

2018-10-15 16:44:17 - [MESSAGE][PASSED] - Text '3' is set on object 'Object Repository/Digital Loyalty/Por_Digital inf/txt_NumberofPunches_Por_Dig_Step3'

2018-10-15 16:44:17 - [TEST_STEP][PASSED] - setText: Text 'title' is set on object 'Object Repository/Digital Loyalty/Por_Digital inf/txt_RewardTitle_Por_Dig_Step3'

2018-10-15 16:44:18 - [MESSAGE][PASSED] - Text 'title' is set on object 'Object Repository/Digital Loyalty/Por_Digital inf/txt_RewardTitle_Por_Dig_Step3'

2018-10-15 16:44:18 - [TEST_STEP][PASSED] - setText: Text 'this is description 123' is set on object 'Object Repository/Digital Loyalty/Por_Digital inf/txt_Description_Por_Dig_Step3'

2018-10-15 16:44:18 - [MESSAGE][PASSED] - Text 'this is description 123' is set on object 'Object Repository/Digital Loyalty/Por_Digital inf/txt_Description_Por_Dig_Step3'

2018-10-15 16:44:18 - [TEST_STEP][PASSED] - click: Object: 'Object Repository/Digital Loyalty/Por_Digital inf/btn_CreateLoyaltyProgram_Por_Dig_Step3' is clicked on

2018-10-15 16:44:23 - [MESSAGE][PASSED] - Object: 'Object Repository/Digital Loyalty/Por_Digital inf/btn_CreateLoyaltyProgram_Por_Dig_Step3' is clicked on

2018-10-15 16:44:23 - [TEST_STEP][PASSED] - comment: Steps:

2018-10-15 16:44:23 - [TEST_STEP][PASSED] - navigateToUrl: Navigate to 'http://www.yopmail.com/en/' successfully

2018-10-15 16:44:27 - [MESSAGE][PASSED] - Navigate to 'http://www.yopmail.com/en/' successfully

2018-10-15 16:44:27 - [TEST_STEP][ERROR] - customkeyword.CommonKeyword.CheckYopmailLink: chrome not reachable
  (Session info: chrome=69.0.3497.100)
  (Driver info: chromedriver=2.35.528161 (5b82f2d2aae0ca24b877009200ced9065a772e73),platform=Windows NT 10.0.17134 x86_64) (WARNING: The server did not provide any stacktrace information)
Command duration or timeout: 0 milliseconds
Build info: version: '3.7.1', revision: '8a0099a', time: '2017-11-06T21:07:36.161Z'
System info: host: 'DESKTOP-PB1MMKA', ip: '10.0.0.173', os.name: 'Windows 10', os.arch: 'amd64', os.version: '10.0', java.version: '1.8.0_181'
Driver info: com.kms.katalon.selenium.driver.CChromeDriver
Capabilities {acceptInsecureCerts: false, acceptSslCerts: false, applicationCacheEnabled: false, browserConnectionEnabled: false, browserName: chrome, chrome: {chromedriverVersion: 2.35.528161 (5b82f2d2aae0ca..., userDataDir: C:\Users\thuat\AppData\Loca...}, cssSelectorsEnabled: true, databaseEnabled: false, handlesAlerts: true, hasTouchScreen: false, javascriptEnabled: true, locationContextEnabled: true, mobileEmulationEnabled: false, nativeEvents: true, networkConnectionEnabled: false, pageLoadStrategy: normal, platform: XP, platformName: XP, rotatable: false, setWindowRect: true, takesHeapSnapshot: true, takesScreenshot: true, unexpectedAlertBehaviour: , unhandledPromptBehavior: , version: 69.0.3497.100, webStorageEnabled: true}
Session ID: 1febc2e7b4035bdf5aab6d8cddfae356
*** Element info: {Using=xpath, value=//div[text()='Welcome Pirq Merchant']}

2018-10-15 16:44:28 - [MESSAGE][PASSED] - Text 'Digital151018044356@yopmail.com' is set on object 'Object Repository/Yopmail inf/txt_Login_Yopmail'

2018-10-15 16:44:32 - [MESSAGE][PASSED] - Object: 'Object Repository/Yopmail inf/btn_CheckInbox_Yopmail' is clicked on

2018-10-15 16:44:49 - [MESSAGE][ERROR] - chrome not reachable
  (Session info: chrome=69.0.3497.100)
  (Driver info: chromedriver=2.35.528161 (5b82f2d2aae0ca24b877009200ced9065a772e73),platform=Windows NT 10.0.17134 x86_64) (WARNING: The server did not provide any stacktrace information)
Command duration or timeout: 0 milliseconds
Build info: version: '3.7.1', revision: '8a0099a', time: '2017-11-06T21:07:36.161Z'
System info: host: 'DESKTOP-PB1MMKA', ip: '10.0.0.173', os.name: 'Windows 10', os.arch: 'amd64', os.version: '10.0', java.version: '1.8.0_181'
Driver info: com.kms.katalon.selenium.driver.CChromeDriver
Capabilities {acceptInsecureCerts: false, acceptSslCerts: false, applicationCacheEnabled: false, browserConnectionEnabled: false, browserName: chrome, chrome: {chromedriverVersion: 2.35.528161 (5b82f2d2aae0ca..., userDataDir: C:\Users\thuat\AppData\Loca...}, cssSelectorsEnabled: true, databaseEnabled: false, handlesAlerts: true, hasTouchScreen: false, javascriptEnabled: true, locationContextEnabled: true, mobileEmulationEnabled: false, nativeEvents: true, networkConnectionEnabled: false, pageLoadStrategy: normal, platform: XP, platformName: XP, rotatable: false, setWindowRect: true, takesHeapSnapshot: true, takesScreenshot: true, unexpectedAlertBehaviour: , unhandledPromptBehavior: , version: 69.0.3497.100, webStorageEnabled: true}
Session ID: 1febc2e7b4035bdf5aab6d8cddfae356
*** Element info: {Using=xpath, value=//div[text()='Welcome Pirq Merchant']}]]></system-out>
         <system-err><![CDATA[2018-10-15 16:43:48 - [TEST_CASE][ERROR] - Test Cases/Digital Loyalty/Sign Up/DigSig_31_Verify that submitting successfully password if full-fill valid information: Test Cases/Digital Loyalty/Sign Up/DigSig_31_Verify that submitting successfully password if full-fill valid information FAILED because (of) (Stack trace: org.openqa.selenium.WebDriverException: chrome not reachable
  (Session info: chrome=69.0.3497.100)
  (Driver info: chromedriver=2.35.528161 (5b82f2d2aae0ca24b877009200ced9065a772e73),platform=Windows NT 10.0.17134 x86_64) (WARNING: The server did not provide any stacktrace information)
Command duration or timeout: 0 milliseconds
Build info: version: '3.7.1', revision: '8a0099a', time: '2017-11-06T21:07:36.161Z'
System info: host: 'DESKTOP-PB1MMKA', ip: '10.0.0.173', os.name: 'Windows 10', os.arch: 'amd64', os.version: '10.0', java.version: '1.8.0_181'
Driver info: com.kms.katalon.selenium.driver.CChromeDriver
Capabilities {acceptInsecureCerts: false, acceptSslCerts: false, applicationCacheEnabled: false, browserConnectionEnabled: false, browserName: chrome, chrome: {chromedriverVersion: 2.35.528161 (5b82f2d2aae0ca..., userDataDir: C:\Users\thuat\AppData\Loca...}, cssSelectorsEnabled: true, databaseEnabled: false, handlesAlerts: true, hasTouchScreen: false, javascriptEnabled: true, locationContextEnabled: true, mobileEmulationEnabled: false, nativeEvents: true, networkConnectionEnabled: false, pageLoadStrategy: normal, platform: XP, platformName: XP, rotatable: false, setWindowRect: true, takesHeapSnapshot: true, takesScreenshot: true, unexpectedAlertBehaviour: , unhandledPromptBehavior: , version: 69.0.3497.100, webStorageEnabled: true}
Session ID: 1febc2e7b4035bdf5aab6d8cddfae356
*** Element info: {Using=xpath, value=//div[text()='Welcome Pirq Merchant']}
	at sun.reflect.NativeConstructorAccessorImpl.newInstance0(Native Method)
	at sun.reflect.NativeConstructorAccessorImpl.newInstance(NativeConstructorAccessorImpl.java:62)
	at sun.reflect.DelegatingConstructorAccessorImpl.newInstance(DelegatingConstructorAccessorImpl.java:45)
	at java.lang.reflect.Constructor.newInstance(Constructor.java:423)
	at org.openqa.selenium.remote.ErrorHandler.createThrowable(ErrorHandler.java:214)
	at org.openqa.selenium.remote.ErrorHandler.throwIfResponseFailed(ErrorHandler.java:166)
	at org.openqa.selenium.remote.http.JsonHttpResponseCodec.reconstructValue(JsonHttpResponseCodec.java:40)
	at org.openqa.selenium.remote.http.AbstractHttpResponseCodec.decode(AbstractHttpResponseCodec.java:80)
	at org.openqa.selenium.remote.http.AbstractHttpResponseCodec.decode(AbstractHttpResponseCodec.java:44)
	at org.openqa.selenium.remote.HttpCommandExecutor.execute(HttpCommandExecutor.java:164)
	at org.openqa.selenium.remote.service.DriverCommandExecutor.execute(DriverCommandExecutor.java:83)
	at org.openqa.selenium.remote.RemoteWebDriver.execute(RemoteWebDriver.java:600)
	at com.kms.katalon.selenium.driver.CChromeDriver.execute(CChromeDriver.java:20)
	at org.openqa.selenium.remote.RemoteWebDriver.findElements(RemoteWebDriver.java:397)
	at org.openqa.selenium.remote.RemoteWebDriver.findElementsByXPath(RemoteWebDriver.java:476)
	at org.openqa.selenium.By$ByXPath.findElements(By.java:356)
	at org.openqa.selenium.remote.RemoteWebDriver.findElements(RemoteWebDriver.java:358)
	at org.openqa.selenium.support.ui.ExpectedConditions.findElement(ExpectedConditions.java:881)
	at org.openqa.selenium.support.ui.ExpectedConditions.access$000(ExpectedConditions.java:43)
	at org.openqa.selenium.support.ui.ExpectedConditions$7.apply(ExpectedConditions.java:205)
	at org.openqa.selenium.support.ui.ExpectedConditions$7.apply(ExpectedConditions.java:201)
	at org.openqa.selenium.support.ui.FluentWait.until(FluentWait.java:208)
	at org.openqa.selenium.support.ui.Wait$until.call(Unknown Source)
	at customkeyword.CommonKeyword.WaitForElementVisible(CommonKeyword.groovy:58)
	at sun.reflect.NativeMethodAccessorImpl.invoke0(Native Method)
	at sun.reflect.NativeMethodAccessorImpl.invoke(NativeMethodAccessorImpl.java:62)
	at sun.reflect.DelegatingMethodAccessorImpl.invoke(DelegatingMethodAccessorImpl.java:43)
	at java.lang.reflect.Method.invoke(Method.java:498)
	at org.codehaus.groovy.reflection.CachedMethod.invoke(CachedMethod.java:93)
	at groovy.lang.MetaMethod.doMethodInvoke(MetaMethod.java:325)
	at groovy.lang.MetaClassImpl.invokeMethod(MetaClassImpl.java:1215)
	at groovy.lang.MetaClassImpl.invokeMethod(MetaClassImpl.java:1024)
	at groovy.lang.DelegatingMetaClass.invokeMethod(DelegatingMetaClass.java:151)
	at org.codehaus.groovy.runtime.callsite.PogoMetaClassSite.callCurrent(PogoMetaClassSite.java:69)
	at org.codehaus.groovy.runtime.callsite.AbstractCallSite.callCurrent(AbstractCallSite.java:174)
	at customkeyword.CommonKeyword.CheckYopmailLink(CommonKeyword.groovy:107)
	at sun.reflect.NativeMethodAccessorImpl.invoke0(Native Method)
	at sun.reflect.NativeMethodAccessorImpl.invoke(NativeMethodAccessorImpl.java:62)
	at sun.reflect.DelegatingMethodAccessorImpl.invoke(DelegatingMethodAccessorImpl.java:43)
	at java.lang.reflect.Method.invoke(Method.java:498)
	at org.codehaus.groovy.reflection.CachedMethod.invoke(CachedMethod.java:93)
	at groovy.lang.MetaMethod.doMethodInvoke(MetaMethod.java:325)
	at groovy.lang.MetaClassImpl.invokeMethod(MetaClassImpl.java:1215)
	at groovy.lang.MetaClassImpl.invokeMethod(MetaClassImpl.java:1024)
	at groovy.lang.MetaClassImpl.invokeMethod(MetaClassImpl.java:812)
	at groovy.lang.DelegatingMetaClass.invokeMethod(DelegatingMetaClass.java:144)
	at customkeyword.CommonKeyword.invokeMethod(CommonKeyword.groovy)
	at com.kms.katalon.core.main.CustomKeywordDelegatingMetaClass.invokeStaticMethod(CustomKeywordDelegatingMetaClass.java:46)
	at org.codehaus.groovy.runtime.callsite.StaticMetaClassSite.call(StaticMetaClassSite.java:53)
	at org.codehaus.groovy.runtime.callsite.CallSiteArray.defaultCall(CallSiteArray.java:48)
	at org.codehaus.groovy.runtime.callsite.AbstractCallSite.call(AbstractCallSite.java:113)
	at org.codehaus.groovy.runtime.callsite.AbstractCallSite.call(AbstractCallSite.java:133)
	at Script1539506280466.run(Script1539506280466.groovy:100)
	at com.kms.katalon.core.main.ScriptEngine.run(ScriptEngine.java:183)
	at com.kms.katalon.core.main.ScriptEngine.runScriptAsRawText(ScriptEngine.java:108)
	at com.kms.katalon.core.main.TestCaseExecutor.runScript(TestCaseExecutor.java:294)
	at com.kms.katalon.core.main.TestCaseExecutor.doExecute(TestCaseExecutor.java:285)
	at com.kms.katalon.core.main.TestCaseExecutor.processExecutionPhase(TestCaseExecutor.java:264)
	at com.kms.katalon.core.main.TestCaseExecutor.accessMainPhase(TestCaseExecutor.java:256)
	at com.kms.katalon.core.main.TestCaseExecutor.execute(TestCaseExecutor.java:200)
	at com.kms.katalon.core.main.TestSuiteExecutor.accessTestCaseMainPhase(TestSuiteExecutor.java:129)
	at com.kms.katalon.core.main.TestSuiteExecutor.accessTestSuiteMainPhase(TestSuiteExecutor.java:112)
	at com.kms.katalon.core.main.TestSuiteExecutor.execute(TestSuiteExecutor.java:81)
	at com.kms.katalon.core.main.TestCaseMain.startTestSuite(TestCaseMain.java:142)
	at com.kms.katalon.core.main.TestCaseMain$startTestSuite$0.call(Unknown Source)
	at org.codehaus.groovy.runtime.callsite.CallSiteArray.defaultCall(CallSiteArray.java:48)
	at org.codehaus.groovy.runtime.callsite.AbstractCallSite.call(AbstractCallSite.java:113)
	at org.codehaus.groovy.runtime.callsite.AbstractCallSite.call(AbstractCallSite.java:141)
	at TempTestSuite1539595817506.run(TempTestSuite1539595817506.groovy:36)
	at groovy.lang.GroovyShell.runScriptOrMainOrTestOrRunnable(GroovyShell.java:263)
	at groovy.lang.GroovyShell.run(GroovyShell.java:518)
	at groovy.lang.GroovyShell.run(GroovyShell.java:507)
	at groovy.ui.GroovyMain.processOnce(GroovyMain.java:653)
	at groovy.ui.GroovyMain.run(GroovyMain.java:384)
	at groovy.ui.GroovyMain.process(GroovyMain.java:370)
	at groovy.ui.GroovyMain.processArgs(GroovyMain.java:129)
	at groovy.ui.GroovyMain.main(GroovyMain.java:109)
	at sun.reflect.NativeMethodAccessorImpl.invoke0(Native Method)
	at sun.reflect.NativeMethodAccessorImpl.invoke(NativeMethodAccessorImpl.java:62)
	at sun.reflect.DelegatingMethodAccessorImpl.invoke(DelegatingMethodAccessorImpl.java:43)
	at java.lang.reflect.Method.invoke(Method.java:498)
	at org.codehaus.groovy.tools.GroovyStarter.rootLoader(GroovyStarter.java:109)
	at org.codehaus.groovy.tools.GroovyStarter.main(GroovyStarter.java:131)
)]]></system-err>
      </testcase>
      <system-out><![CDATA[2018-10-15 16:30:23 - [TEST_SUITE][ERROR] - Digital Loyalty: Test Cases/Digital Loyalty/Sign Up/DigSig_31_Verify that submitting successfully password if full-fill valid information FAILED because (of) (Stack trace: org.openqa.selenium.WebDriverException: chrome not reachable
  (Session info: chrome=69.0.3497.100)
  (Driver info: chromedriver=2.35.528161 (5b82f2d2aae0ca24b877009200ced9065a772e73),platform=Windows NT 10.0.17134 x86_64) (WARNING: The server did not provide any stacktrace information)
Command duration or timeout: 0 milliseconds
Build info: version: '3.7.1', revision: '8a0099a', time: '2017-11-06T21:07:36.161Z'
System info: host: 'DESKTOP-PB1MMKA', ip: '10.0.0.173', os.name: 'Windows 10', os.arch: 'amd64', os.version: '10.0', java.version: '1.8.0_181'
Driver info: com.kms.katalon.selenium.driver.CChromeDriver
Capabilities {acceptInsecureCerts: false, acceptSslCerts: false, applicationCacheEnabled: false, browserConnectionEnabled: false, browserName: chrome, chrome: {chromedriverVersion: 2.35.528161 (5b82f2d2aae0ca..., userDataDir: C:\Users\thuat\AppData\Loca...}, cssSelectorsEnabled: true, databaseEnabled: false, handlesAlerts: true, hasTouchScreen: false, javascriptEnabled: true, locationContextEnabled: true, mobileEmulationEnabled: false, nativeEvents: true, networkConnectionEnabled: false, pageLoadStrategy: normal, platform: XP, platformName: XP, rotatable: false, setWindowRect: true, takesHeapSnapshot: true, takesScreenshot: true, unexpectedAlertBehaviour: , unhandledPromptBehavior: , version: 69.0.3497.100, webStorageEnabled: true}
Session ID: 1febc2e7b4035bdf5aab6d8cddfae356
*** Element info: {Using=xpath, value=//div[text()='Welcome Pirq Merchant']}
	at sun.reflect.NativeConstructorAccessorImpl.newInstance0(Native Method)
	at sun.reflect.NativeConstructorAccessorImpl.newInstance(NativeConstructorAccessorImpl.java:62)
	at sun.reflect.DelegatingConstructorAccessorImpl.newInstance(DelegatingConstructorAccessorImpl.java:45)
	at java.lang.reflect.Constructor.newInstance(Constructor.java:423)
	at org.openqa.selenium.remote.ErrorHandler.createThrowable(ErrorHandler.java:214)
	at org.openqa.selenium.remote.ErrorHandler.throwIfResponseFailed(ErrorHandler.java:166)
	at org.openqa.selenium.remote.http.JsonHttpResponseCodec.reconstructValue(JsonHttpResponseCodec.java:40)
	at org.openqa.selenium.remote.http.AbstractHttpResponseCodec.decode(AbstractHttpResponseCodec.java:80)
	at org.openqa.selenium.remote.http.AbstractHttpResponseCodec.decode(AbstractHttpResponseCodec.java:44)
	at org.openqa.selenium.remote.HttpCommandExecutor.execute(HttpCommandExecutor.java:164)
	at org.openqa.selenium.remote.service.DriverCommandExecutor.execute(DriverCommandExecutor.java:83)
	at org.openqa.selenium.remote.RemoteWebDriver.execute(RemoteWebDriver.java:600)
	at com.kms.katalon.selenium.driver.CChromeDriver.execute(CChromeDriver.java:20)
	at org.openqa.selenium.remote.RemoteWebDriver.findElements(RemoteWebDriver.java:397)
	at org.openqa.selenium.remote.RemoteWebDriver.findElementsByXPath(RemoteWebDriver.java:476)
	at org.openqa.selenium.By$ByXPath.findElements(By.java:356)
	at org.openqa.selenium.remote.RemoteWebDriver.findElements(RemoteWebDriver.java:358)
	at org.openqa.selenium.support.ui.ExpectedConditions.findElement(ExpectedConditions.java:881)
	at org.openqa.selenium.support.ui.ExpectedConditions.access$000(ExpectedConditions.java:43)
	at org.openqa.selenium.support.ui.ExpectedConditions$7.apply(ExpectedConditions.java:205)
	at org.openqa.selenium.support.ui.ExpectedConditions$7.apply(ExpectedConditions.java:201)
	at org.openqa.selenium.support.ui.FluentWait.until(FluentWait.java:208)
	at org.openqa.selenium.support.ui.Wait$until.call(Unknown Source)
	at customkeyword.CommonKeyword.WaitForElementVisible(CommonKeyword.groovy:58)
	at sun.reflect.NativeMethodAccessorImpl.invoke0(Native Method)
	at sun.reflect.NativeMethodAccessorImpl.invoke(NativeMethodAccessorImpl.java:62)
	at sun.reflect.DelegatingMethodAccessorImpl.invoke(DelegatingMethodAccessorImpl.java:43)
	at java.lang.reflect.Method.invoke(Method.java:498)
	at org.codehaus.groovy.reflection.CachedMethod.invoke(CachedMethod.java:93)
	at groovy.lang.MetaMethod.doMethodInvoke(MetaMethod.java:325)
	at groovy.lang.MetaClassImpl.invokeMethod(MetaClassImpl.java:1215)
	at groovy.lang.MetaClassImpl.invokeMethod(MetaClassImpl.java:1024)
	at groovy.lang.DelegatingMetaClass.invokeMethod(DelegatingMetaClass.java:151)
	at org.codehaus.groovy.runtime.callsite.PogoMetaClassSite.callCurrent(PogoMetaClassSite.java:69)
	at org.codehaus.groovy.runtime.callsite.AbstractCallSite.callCurrent(AbstractCallSite.java:174)
	at customkeyword.CommonKeyword.CheckYopmailLink(CommonKeyword.groovy:107)
	at sun.reflect.NativeMethodAccessorImpl.invoke0(Native Method)
	at sun.reflect.NativeMethodAccessorImpl.invoke(NativeMethodAccessorImpl.java:62)
	at sun.reflect.DelegatingMethodAccessorImpl.invoke(DelegatingMethodAccessorImpl.java:43)
	at java.lang.reflect.Method.invoke(Method.java:498)
	at org.codehaus.groovy.reflection.CachedMethod.invoke(CachedMethod.java:93)
	at groovy.lang.MetaMethod.doMethodInvoke(MetaMethod.java:325)
	at groovy.lang.MetaClassImpl.invokeMethod(MetaClassImpl.java:1215)
	at groovy.lang.MetaClassImpl.invokeMethod(MetaClassImpl.java:1024)
	at groovy.lang.MetaClassImpl.invokeMethod(MetaClassImpl.java:812)
	at groovy.lang.DelegatingMetaClass.invokeMethod(DelegatingMetaClass.java:144)
	at customkeyword.CommonKeyword.invokeMethod(CommonKeyword.groovy)
	at com.kms.katalon.core.main.CustomKeywordDelegatingMetaClass.invokeStaticMethod(CustomKeywordDelegatingMetaClass.java:46)
	at org.codehaus.groovy.runtime.callsite.StaticMetaClassSite.call(StaticMetaClassSite.java:53)
	at org.codehaus.groovy.runtime.callsite.CallSiteArray.defaultCall(CallSiteArray.java:48)
	at org.codehaus.groovy.runtime.callsite.AbstractCallSite.call(AbstractCallSite.java:113)
	at org.codehaus.groovy.runtime.callsite.AbstractCallSite.call(AbstractCallSite.java:133)
	at Script1539506280466.run(Script1539506280466.groovy:100)
	at com.kms.katalon.core.main.ScriptEngine.run(ScriptEngine.java:183)
	at com.kms.katalon.core.main.ScriptEngine.runScriptAsRawText(ScriptEngine.java:108)
	at com.kms.katalon.core.main.TestCaseExecutor.runScript(TestCaseExecutor.java:294)
	at com.kms.katalon.core.main.TestCaseExecutor.doExecute(TestCaseExecutor.java:285)
	at com.kms.katalon.core.main.TestCaseExecutor.processExecutionPhase(TestCaseExecutor.java:264)
	at com.kms.katalon.core.main.TestCaseExecutor.accessMainPhase(TestCaseExecutor.java:256)
	at com.kms.katalon.core.main.TestCaseExecutor.execute(TestCaseExecutor.java:200)
	at com.kms.katalon.core.main.TestSuiteExecutor.accessTestCaseMainPhase(TestSuiteExecutor.java:129)
	at com.kms.katalon.core.main.TestSuiteExecutor.accessTestSuiteMainPhase(TestSuiteExecutor.java:112)
	at com.kms.katalon.core.main.TestSuiteExecutor.execute(TestSuiteExecutor.java:81)
	at com.kms.katalon.core.main.TestCaseMain.startTestSuite(TestCaseMain.java:142)
	at com.kms.katalon.core.main.TestCaseMain$startTestSuite$0.call(Unknown Source)
	at org.codehaus.groovy.runtime.callsite.CallSiteArray.defaultCall(CallSiteArray.java:48)
	at org.codehaus.groovy.runtime.callsite.AbstractCallSite.call(AbstractCallSite.java:113)
	at org.codehaus.groovy.runtime.callsite.AbstractCallSite.call(AbstractCallSite.java:141)
	at TempTestSuite1539595817506.run(TempTestSuite1539595817506.groovy:36)
	at groovy.lang.GroovyShell.runScriptOrMainOrTestOrRunnable(GroovyShell.java:263)
	at groovy.lang.GroovyShell.run(GroovyShell.java:518)
	at groovy.lang.GroovyShell.run(GroovyShell.java:507)
	at groovy.ui.GroovyMain.processOnce(GroovyMain.java:653)
	at groovy.ui.GroovyMain.run(GroovyMain.java:384)
	at groovy.ui.GroovyMain.process(GroovyMain.java:370)
	at groovy.ui.GroovyMain.processArgs(GroovyMain.java:129)
	at groovy.ui.GroovyMain.main(GroovyMain.java:109)
	at sun.reflect.NativeMethodAccessorImpl.invoke0(Native Method)
	at sun.reflect.NativeMethodAccessorImpl.invoke(NativeMethodAccessorImpl.java:62)
	at sun.reflect.DelegatingMethodAccessorImpl.invoke(DelegatingMethodAccessorImpl.java:43)
	at java.lang.reflect.Method.invoke(Method.java:498)
	at org.codehaus.groovy.tools.GroovyStarter.rootLoader(GroovyStarter.java:109)
	at org.codehaus.groovy.tools.GroovyStarter.main(GroovyStarter.java:131)
)]]></system-out>
      <system-err><![CDATA[2018-10-15 16:30:23 - [TEST_SUITE][ERROR] - Digital Loyalty: Test Cases/Digital Loyalty/Sign Up/DigSig_31_Verify that submitting successfully password if full-fill valid information FAILED because (of) (Stack trace: org.openqa.selenium.WebDriverException: chrome not reachable
  (Session info: chrome=69.0.3497.100)
  (Driver info: chromedriver=2.35.528161 (5b82f2d2aae0ca24b877009200ced9065a772e73),platform=Windows NT 10.0.17134 x86_64) (WARNING: The server did not provide any stacktrace information)
Command duration or timeout: 0 milliseconds
Build info: version: '3.7.1', revision: '8a0099a', time: '2017-11-06T21:07:36.161Z'
System info: host: 'DESKTOP-PB1MMKA', ip: '10.0.0.173', os.name: 'Windows 10', os.arch: 'amd64', os.version: '10.0', java.version: '1.8.0_181'
Driver info: com.kms.katalon.selenium.driver.CChromeDriver
Capabilities {acceptInsecureCerts: false, acceptSslCerts: false, applicationCacheEnabled: false, browserConnectionEnabled: false, browserName: chrome, chrome: {chromedriverVersion: 2.35.528161 (5b82f2d2aae0ca..., userDataDir: C:\Users\thuat\AppData\Loca...}, cssSelectorsEnabled: true, databaseEnabled: false, handlesAlerts: true, hasTouchScreen: false, javascriptEnabled: true, locationContextEnabled: true, mobileEmulationEnabled: false, nativeEvents: true, networkConnectionEnabled: false, pageLoadStrategy: normal, platform: XP, platformName: XP, rotatable: false, setWindowRect: true, takesHeapSnapshot: true, takesScreenshot: true, unexpectedAlertBehaviour: , unhandledPromptBehavior: , version: 69.0.3497.100, webStorageEnabled: true}
Session ID: 1febc2e7b4035bdf5aab6d8cddfae356
*** Element info: {Using=xpath, value=//div[text()='Welcome Pirq Merchant']}
	at sun.reflect.NativeConstructorAccessorImpl.newInstance0(Native Method)
	at sun.reflect.NativeConstructorAccessorImpl.newInstance(NativeConstructorAccessorImpl.java:62)
	at sun.reflect.DelegatingConstructorAccessorImpl.newInstance(DelegatingConstructorAccessorImpl.java:45)
	at java.lang.reflect.Constructor.newInstance(Constructor.java:423)
	at org.openqa.selenium.remote.ErrorHandler.createThrowable(ErrorHandler.java:214)
	at org.openqa.selenium.remote.ErrorHandler.throwIfResponseFailed(ErrorHandler.java:166)
	at org.openqa.selenium.remote.http.JsonHttpResponseCodec.reconstructValue(JsonHttpResponseCodec.java:40)
	at org.openqa.selenium.remote.http.AbstractHttpResponseCodec.decode(AbstractHttpResponseCodec.java:80)
	at org.openqa.selenium.remote.http.AbstractHttpResponseCodec.decode(AbstractHttpResponseCodec.java:44)
	at org.openqa.selenium.remote.HttpCommandExecutor.execute(HttpCommandExecutor.java:164)
	at org.openqa.selenium.remote.service.DriverCommandExecutor.execute(DriverCommandExecutor.java:83)
	at org.openqa.selenium.remote.RemoteWebDriver.execute(RemoteWebDriver.java:600)
	at com.kms.katalon.selenium.driver.CChromeDriver.execute(CChromeDriver.java:20)
	at org.openqa.selenium.remote.RemoteWebDriver.findElements(RemoteWebDriver.java:397)
	at org.openqa.selenium.remote.RemoteWebDriver.findElementsByXPath(RemoteWebDriver.java:476)
	at org.openqa.selenium.By$ByXPath.findElements(By.java:356)
	at org.openqa.selenium.remote.RemoteWebDriver.findElements(RemoteWebDriver.java:358)
	at org.openqa.selenium.support.ui.ExpectedConditions.findElement(ExpectedConditions.java:881)
	at org.openqa.selenium.support.ui.ExpectedConditions.access$000(ExpectedConditions.java:43)
	at org.openqa.selenium.support.ui.ExpectedConditions$7.apply(ExpectedConditions.java:205)
	at org.openqa.selenium.support.ui.ExpectedConditions$7.apply(ExpectedConditions.java:201)
	at org.openqa.selenium.support.ui.FluentWait.until(FluentWait.java:208)
	at org.openqa.selenium.support.ui.Wait$until.call(Unknown Source)
	at customkeyword.CommonKeyword.WaitForElementVisible(CommonKeyword.groovy:58)
	at sun.reflect.NativeMethodAccessorImpl.invoke0(Native Method)
	at sun.reflect.NativeMethodAccessorImpl.invoke(NativeMethodAccessorImpl.java:62)
	at sun.reflect.DelegatingMethodAccessorImpl.invoke(DelegatingMethodAccessorImpl.java:43)
	at java.lang.reflect.Method.invoke(Method.java:498)
	at org.codehaus.groovy.reflection.CachedMethod.invoke(CachedMethod.java:93)
	at groovy.lang.MetaMethod.doMethodInvoke(MetaMethod.java:325)
	at groovy.lang.MetaClassImpl.invokeMethod(MetaClassImpl.java:1215)
	at groovy.lang.MetaClassImpl.invokeMethod(MetaClassImpl.java:1024)
	at groovy.lang.DelegatingMetaClass.invokeMethod(DelegatingMetaClass.java:151)
	at org.codehaus.groovy.runtime.callsite.PogoMetaClassSite.callCurrent(PogoMetaClassSite.java:69)
	at org.codehaus.groovy.runtime.callsite.AbstractCallSite.callCurrent(AbstractCallSite.java:174)
	at customkeyword.CommonKeyword.CheckYopmailLink(CommonKeyword.groovy:107)
	at sun.reflect.NativeMethodAccessorImpl.invoke0(Native Method)
	at sun.reflect.NativeMethodAccessorImpl.invoke(NativeMethodAccessorImpl.java:62)
	at sun.reflect.DelegatingMethodAccessorImpl.invoke(DelegatingMethodAccessorImpl.java:43)
	at java.lang.reflect.Method.invoke(Method.java:498)
	at org.codehaus.groovy.reflection.CachedMethod.invoke(CachedMethod.java:93)
	at groovy.lang.MetaMethod.doMethodInvoke(MetaMethod.java:325)
	at groovy.lang.MetaClassImpl.invokeMethod(MetaClassImpl.java:1215)
	at groovy.lang.MetaClassImpl.invokeMethod(MetaClassImpl.java:1024)
	at groovy.lang.MetaClassImpl.invokeMethod(MetaClassImpl.java:812)
	at groovy.lang.DelegatingMetaClass.invokeMethod(DelegatingMetaClass.java:144)
	at customkeyword.CommonKeyword.invokeMethod(CommonKeyword.groovy)
	at com.kms.katalon.core.main.CustomKeywordDelegatingMetaClass.invokeStaticMethod(CustomKeywordDelegatingMetaClass.java:46)
	at org.codehaus.groovy.runtime.callsite.StaticMetaClassSite.call(StaticMetaClassSite.java:53)
	at org.codehaus.groovy.runtime.callsite.CallSiteArray.defaultCall(CallSiteArray.java:48)
	at org.codehaus.groovy.runtime.callsite.AbstractCallSite.call(AbstractCallSite.java:113)
	at org.codehaus.groovy.runtime.callsite.AbstractCallSite.call(AbstractCallSite.java:133)
	at Script1539506280466.run(Script1539506280466.groovy:100)
	at com.kms.katalon.core.main.ScriptEngine.run(ScriptEngine.java:183)
	at com.kms.katalon.core.main.ScriptEngine.runScriptAsRawText(ScriptEngine.java:108)
	at com.kms.katalon.core.main.TestCaseExecutor.runScript(TestCaseExecutor.java:294)
	at com.kms.katalon.core.main.TestCaseExecutor.doExecute(TestCaseExecutor.java:285)
	at com.kms.katalon.core.main.TestCaseExecutor.processExecutionPhase(TestCaseExecutor.java:264)
	at com.kms.katalon.core.main.TestCaseExecutor.accessMainPhase(TestCaseExecutor.java:256)
	at com.kms.katalon.core.main.TestCaseExecutor.execute(TestCaseExecutor.java:200)
	at com.kms.katalon.core.main.TestSuiteExecutor.accessTestCaseMainPhase(TestSuiteExecutor.java:129)
	at com.kms.katalon.core.main.TestSuiteExecutor.accessTestSuiteMainPhase(TestSuiteExecutor.java:112)
	at com.kms.katalon.core.main.TestSuiteExecutor.execute(TestSuiteExecutor.java:81)
	at com.kms.katalon.core.main.TestCaseMain.startTestSuite(TestCaseMain.java:142)
	at com.kms.katalon.core.main.TestCaseMain$startTestSuite$0.call(Unknown Source)
	at org.codehaus.groovy.runtime.callsite.CallSiteArray.defaultCall(CallSiteArray.java:48)
	at org.codehaus.groovy.runtime.callsite.AbstractCallSite.call(AbstractCallSite.java:113)
	at org.codehaus.groovy.runtime.callsite.AbstractCallSite.call(AbstractCallSite.java:141)
	at TempTestSuite1539595817506.run(TempTestSuite1539595817506.groovy:36)
	at groovy.lang.GroovyShell.runScriptOrMainOrTestOrRunnable(GroovyShell.java:263)
	at groovy.lang.GroovyShell.run(GroovyShell.java:518)
	at groovy.lang.GroovyShell.run(GroovyShell.java:507)
	at groovy.ui.GroovyMain.processOnce(GroovyMain.java:653)
	at groovy.ui.GroovyMain.run(GroovyMain.java:384)
	at groovy.ui.GroovyMain.process(GroovyMain.java:370)
	at groovy.ui.GroovyMain.processArgs(GroovyMain.java:129)
	at groovy.ui.GroovyMain.main(GroovyMain.java:109)
	at sun.reflect.NativeMethodAccessorImpl.invoke0(Native Method)
	at sun.reflect.NativeMethodAccessorImpl.invoke(NativeMethodAccessorImpl.java:62)
	at sun.reflect.DelegatingMethodAccessorImpl.invoke(DelegatingMethodAccessorImpl.java:43)
	at java.lang.reflect.Method.invoke(Method.java:498)
	at org.codehaus.groovy.tools.GroovyStarter.rootLoader(GroovyStarter.java:109)
	at org.codehaus.groovy.tools.GroovyStarter.main(GroovyStarter.java:131)
)]]></system-err>
   </testsuite>
</testsuites>
