<?xml version="1.0" encoding="UTF-8"?>
<testsuites name="Consumer Testsuite" time="324" tests="24" failures="0" errors="0">
   <testsuite name="Consumer Testsuite" tests="24" failures="0" errors="0" time="324" timestamp="2018-10-12 21:27:23" hostname="Hoa - LP031" id="Test Suites/Consumer Testsuite">
      <properties>
         <property name="deviceName" value=""/>
         <property name="devicePlatform" value=""/>
         <property name="logFolder" value="C:\\Users\\Hoa\\Documents\\GitHub\\iPayment\\Reports\\Consumer Testsuite\\20181012_212711"/>
         <property name="logFiles" value="C:\\Users\\Hoa\\Documents\\GitHub\\iPayment\\Reports\\Consumer Testsuite\\20181012_212711\\execution0.log"/>
         <property name="attachments" value=""/>
         <property name="hostName" value="Hoa - LP031"/>
         <property name="os" value="Windows 10 64bit"/>
         <property name="katalonVersion" value="5.7.1.1"/>
         <property name="browser" value="Chrome 69.0.3497.100"/>
         <property name="hostAddress" value="169.254.83.208"/>
         <property name="sessionId" value="3c695e4939a9edcc5cf4110cf76149e4"/>
         <property name="seleniumVersion" value="3.7.1"/>
         <property name="proxyInformation" value="ProxyInformation{proxyOption=NO_PROXY, proxyServerType=HTTP, password=, proxyServerAddress=, proxyServerPort=0}"/>
         <property name="platform" value="Windows 10"/>
      </properties>
      <testcase name="Test Cases/Consumer/Sign Up/ConsSig_01_01_Verify clicking Signup on button will redirect to Consumer Sign up page correctly" classname="Test Cases/Consumer/Sign Up/ConsSig_01_01_Verify clicking Signup on button will redirect to Consumer Sign up page correctly" status="PASSED">
         <system-out><![CDATA[2018-10-12 21:27:24 - [TEST_CASE][PASSED] - Test Cases/Consumer/Sign Up/ConsSig_01_01_Verify clicking Signup on button will redirect to Consumer Sign up page correctly: Test Cases/Consumer/Sign Up/ConsSig_01_01_Verify clicking Signup on button will redirect to Consumer Sign up page correctly

2018-10-12 21:27:24 - [TEST_STEP][PASSED] - customkeyword.CommonKeyword.OpenBrowser: customkeyword.CommonKeyword.OpenBrowser is PASSED

2018-10-12 21:27:34 - [MESSAGE][PASSED] - Browser is opened with url: 'https://staging-1.pirq.com/'

2018-10-12 21:27:35 - [MESSAGE][PASSED] - Current window maximized

2018-10-12 21:27:35 - [MESSAGE][PASSED] - customkeyword.CommonKeyword.OpenBrowser is PASSED

2018-10-12 21:27:35 - [TEST_STEP][PASSED] - click: Object: 'Object Repository/Por_Home inf/btn_Signup_Portal_Homepage' is clicked on

2018-10-12 21:27:35 - [MESSAGE][PASSED] - Object: 'Object Repository/Por_Home inf/btn_Signup_Portal_Homepage' is clicked on

2018-10-12 21:27:35 - [TEST_STEP][PASSED] - verifyElementPresent: Object 'Object Repository/Por_Consumer inf/lbl_Signup_Portal_Signup' is present

2018-10-12 21:27:35 - [MESSAGE][PASSED] - Object 'Object Repository/Por_Consumer inf/lbl_Signup_Portal_Signup' is present

2018-10-12 21:27:35 - [TEST_STEP][PASSED] - closeBrowser: Browser is closed

2018-10-12 21:27:36 - [MESSAGE][PASSED] - Browser is closed]]></system-out>
         <system-err><![CDATA[]]></system-err>
      </testcase>
      <testcase name="Test Cases/Consumer/Sign Up/ConsSig_01_02_Verify that signing up with empty required fields shows error message" classname="Test Cases/Consumer/Sign Up/ConsSig_01_02_Verify that signing up with empty required fields shows error message" status="PASSED">
         <system-out><![CDATA[2018-10-12 21:27:36 - [TEST_CASE][PASSED] - Test Cases/Consumer/Sign Up/ConsSig_01_02_Verify that signing up with empty required fields shows error message: Test Cases/Consumer/Sign Up/ConsSig_01_02_Verify that signing up with empty required fields shows error message

2018-10-12 21:27:37 - [TEST_STEP][PASSED] - customkeyword.CommonKeyword.OpenBrowser: customkeyword.CommonKeyword.OpenBrowser is PASSED

2018-10-12 21:27:43 - [MESSAGE][PASSED] - Browser is opened with url: 'https://staging-1.pirq.com/user/signup'

2018-10-12 21:27:44 - [MESSAGE][PASSED] - Current window maximized

2018-10-12 21:27:44 - [MESSAGE][PASSED] - customkeyword.CommonKeyword.OpenBrowser is PASSED

2018-10-12 21:27:44 - [TEST_STEP][PASSED] - click: Object: 'Object Repository/Por_Consumer inf/btn_CreateAccount_Portal_Signup' is clicked on

2018-10-12 21:27:44 - [MESSAGE][PASSED] - Object: 'Object Repository/Por_Consumer inf/btn_CreateAccount_Portal_Signup' is clicked on

2018-10-12 21:27:44 - [TEST_STEP][PASSED] - verifyElementPresent: Object 'Object Repository/Por_Consumer inf/lbl_PlsFillEmail' is present

2018-10-12 21:27:44 - [MESSAGE][PASSED] - Object 'Object Repository/Por_Consumer inf/lbl_PlsFillEmail' is present

2018-10-12 21:27:44 - [TEST_STEP][PASSED] - closeBrowser: Browser is closed

2018-10-12 21:27:45 - [MESSAGE][PASSED] - Browser is closed]]></system-out>
         <system-err><![CDATA[]]></system-err>
      </testcase>
      <testcase name="Test Cases/Consumer/Sign Up/ConsSig_01_03_Verify that signing up with invalid email shows error message" classname="Test Cases/Consumer/Sign Up/ConsSig_01_03_Verify that signing up with invalid email shows error message" status="PASSED">
         <system-out><![CDATA[2018-10-12 21:27:45 - [TEST_CASE][PASSED] - Test Cases/Consumer/Sign Up/ConsSig_01_03_Verify that signing up with invalid email shows error message: Test Cases/Consumer/Sign Up/ConsSig_01_03_Verify that signing up with invalid email shows error message

2018-10-12 21:27:45 - [TEST_STEP][PASSED] - customkeyword.CommonKeyword.OpenBrowser: customkeyword.CommonKeyword.OpenBrowser is PASSED

2018-10-12 21:27:51 - [MESSAGE][PASSED] - Browser is opened with url: 'https://staging-1.pirq.com/user/signup'

2018-10-12 21:27:52 - [MESSAGE][PASSED] - Current window maximized

2018-10-12 21:27:52 - [MESSAGE][PASSED] - customkeyword.CommonKeyword.OpenBrowser is PASSED

2018-10-12 21:27:52 - [TEST_STEP][PASSED] - setText: Text 'invalidemail' is set on object 'Object Repository/Por_Consumer inf/txt_Email_Portal_Signup'

2018-10-12 21:27:53 - [MESSAGE][PASSED] - Text 'invalidemail' is set on object 'Object Repository/Por_Consumer inf/txt_Email_Portal_Signup'

2018-10-12 21:27:53 - [TEST_STEP][PASSED] - click: Object: 'Object Repository/Por_Consumer inf/btn_CreateAccount_Portal_Signup' is clicked on

2018-10-12 21:27:53 - [MESSAGE][PASSED] - Object: 'Object Repository/Por_Consumer inf/btn_CreateAccount_Portal_Signup' is clicked on

2018-10-12 21:27:53 - [TEST_STEP][PASSED] - verifyElementPresent: Object 'Object Repository/Por_Consumer inf/lbl_PlsEntValidEmail_Portal_Signup' is present

2018-10-12 21:27:53 - [MESSAGE][PASSED] - Object 'Object Repository/Por_Consumer inf/lbl_PlsEntValidEmail_Portal_Signup' is present

2018-10-12 21:27:53 - [TEST_STEP][PASSED] - closeBrowser: Browser is closed

2018-10-12 21:27:54 - [MESSAGE][PASSED] - Browser is closed]]></system-out>
         <system-err><![CDATA[]]></system-err>
      </testcase>
      <testcase name="Test Cases/Consumer/Sign Up/ConsSig_01_05_Verify that signing up with valid email" classname="Test Cases/Consumer/Sign Up/ConsSig_01_05_Verify that signing up with valid email" status="PASSED">
         <system-out><![CDATA[2018-10-12 21:27:54 - [TEST_CASE][PASSED] - Test Cases/Consumer/Sign Up/ConsSig_01_05_Verify that signing up with valid email: Test Cases/Consumer/Sign Up/ConsSig_01_05_Verify that signing up with valid email

2018-10-12 21:27:54 - [TEST_STEP][PASSED] - customkeyword.CommonKeyword.OpenBrowser: customkeyword.CommonKeyword.OpenBrowser is PASSED

2018-10-12 21:28:00 - [MESSAGE][PASSED] - Browser is opened with url: 'https://staging-1.pirq.com/user/signup'

2018-10-12 21:28:01 - [MESSAGE][PASSED] - Current window maximized

2018-10-12 21:28:01 - [MESSAGE][PASSED] - customkeyword.CommonKeyword.OpenBrowser is PASSED

2018-10-12 21:28:01 - [TEST_STEP][PASSED] - Statement - today = new java.util.Date(): null

2018-10-12 21:28:01 - [TEST_STEP][PASSED] - Statement - todaysDate = today.format("ddMMyy_hhmmss"): null

2018-10-12 21:28:01 - [TEST_STEP][PASSED] - Statement - var_SignUpEmail = "alanconsumer" + todaysDate + "@yopmail.com": null

2018-10-12 21:28:01 - [TEST_STEP][PASSED] - Statement - var_ConsumerNewSignUpEmail = var_SignUpEmail: null

2018-10-12 21:28:01 - [TEST_STEP][PASSED] - comment: alanconsumer121018_092801@yopmail.com

2018-10-12 21:28:01 - [TEST_STEP][PASSED] - setText: Text 'alanconsumer121018_092801@yopmail.com' is set on object 'Object Repository/Por_Consumer inf/txt_Email_Portal_Signup'

2018-10-12 21:28:02 - [MESSAGE][PASSED] - Text 'alanconsumer121018_092801@yopmail.com' is set on object 'Object Repository/Por_Consumer inf/txt_Email_Portal_Signup'

2018-10-12 21:28:02 - [TEST_STEP][PASSED] - click: Object: 'Object Repository/Por_Consumer inf/btn_CreateAccount_Portal_Signup' is clicked on

2018-10-12 21:28:03 - [MESSAGE][PASSED] - Object: 'Object Repository/Por_Consumer inf/btn_CreateAccount_Portal_Signup' is clicked on

2018-10-12 21:28:03 - [TEST_STEP][PASSED] - verifyElementPresent: Object 'Object Repository/Por_Consumer inf/lbl_SuccessSignup_Portal_Signup' is present

2018-10-12 21:28:03 - [MESSAGE][PASSED] - Object 'Object Repository/Por_Consumer inf/lbl_SuccessSignup_Portal_Signup' is present

2018-10-12 21:28:03 - [TEST_STEP][PASSED] - closeBrowser: Browser is closed

2018-10-12 21:28:03 - [MESSAGE][PASSED] - Browser is closed]]></system-out>
         <system-err><![CDATA[]]></system-err>
      </testcase>
      <testcase name="Test Cases/Consumer/Sign Up/ConsSig_01_06_Verify that clicking on confirmation link will redirect ro confirm-user page with the correct email showed" classname="Test Cases/Consumer/Sign Up/ConsSig_01_06_Verify that clicking on confirmation link will redirect ro confirm-user page with the correct email showed" status="PASSED">
         <system-out><![CDATA[2018-10-12 21:28:03 - [TEST_CASE][PASSED] - Test Cases/Consumer/Sign Up/ConsSig_01_06_Verify that clicking on confirmation link will redirect ro confirm-user page with the correct email showed: Test Cases/Consumer/Sign Up/ConsSig_01_06_Verify that clicking on confirmation link will redirect ro confirm-user page with the correct email showed

2018-10-12 21:28:04 - [TEST_STEP][PASSED] - customkeyword.CommonKeyword.OpenBrowser: customkeyword.CommonKeyword.OpenBrowser is PASSED

2018-10-12 21:28:08 - [MESSAGE][PASSED] - Browser is opened with url: 'http://www.yopmail.com/en/'

2018-10-12 21:28:09 - [MESSAGE][PASSED] - Current window maximized

2018-10-12 21:28:09 - [MESSAGE][PASSED] - customkeyword.CommonKeyword.OpenBrowser is PASSED

2018-10-12 21:28:09 - [TEST_STEP][PASSED] - customkeyword.CommonKeyword.CheckYopmailLink: customkeyword.CommonKeyword.CheckYopmailLink is PASSED

2018-10-12 21:28:10 - [MESSAGE][PASSED] - Text 'alanconsumer121018_092801@yopmail.com' is set on object 'Object Repository/Yopmail inf/txt_Login_Yopmail'

2018-10-12 21:28:13 - [MESSAGE][PASSED] - Object: 'Object Repository/Yopmail inf/btn_CheckInbox_Yopmail' is clicked on

2018-10-12 21:28:15 - [MESSAGE][PASSED] - customkeyword.CommonKeyword.CheckYopmailLink is PASSED

2018-10-12 21:28:15 - [TEST_STEP][PASSED] - switchToWindowTitle: Switched to window with title: 'Pirq'

2018-10-12 21:28:19 - [MESSAGE][PASSED] - Switched to window with title: 'Pirq'

2018-10-12 21:28:19 - [TEST_STEP][PASSED] - verifyElementPresent: Object 'Object Repository/Por_Confirm Account inf/lbl_ConfirmYourAccount' is present

2018-10-12 21:28:19 - [MESSAGE][PASSED] - Object 'Object Repository/Por_Confirm Account inf/lbl_ConfirmYourAccount' is present

2018-10-12 21:28:19 - [TEST_STEP][PASSED] - closeBrowser: Browser is closed

2018-10-12 21:28:19 - [MESSAGE][PASSED] - Browser is closed]]></system-out>
         <system-err><![CDATA[]]></system-err>
      </testcase>
      <testcase name="Test Cases/Consumer/Sign Up/ConsSig_01_07_Verify that submitting confirm account with empty first name" classname="Test Cases/Consumer/Sign Up/ConsSig_01_07_Verify that submitting confirm account with empty first name" status="PASSED">
         <system-out><![CDATA[2018-10-12 21:28:19 - [TEST_CASE][PASSED] - Test Cases/Consumer/Sign Up/ConsSig_01_07_Verify that submitting confirm account with empty first name: Test Cases/Consumer/Sign Up/ConsSig_01_07_Verify that submitting confirm account with empty first name

2018-10-12 21:28:20 - [TEST_STEP][PASSED] - customkeyword.CommonKeyword.OpenBrowser: customkeyword.CommonKeyword.OpenBrowser is PASSED

2018-10-12 21:28:24 - [MESSAGE][PASSED] - Browser is opened with url: 'http://www.yopmail.com/en/'

2018-10-12 21:28:25 - [MESSAGE][PASSED] - Current window maximized

2018-10-12 21:28:25 - [MESSAGE][PASSED] - customkeyword.CommonKeyword.OpenBrowser is PASSED

2018-10-12 21:28:25 - [TEST_STEP][PASSED] - customkeyword.CommonKeyword.CheckYopmailLink: customkeyword.CommonKeyword.CheckYopmailLink is PASSED

2018-10-12 21:28:25 - [MESSAGE][PASSED] - Text 'alanconsumer121018_092801@yopmail.com' is set on object 'Object Repository/Yopmail inf/txt_Login_Yopmail'

2018-10-12 21:28:29 - [MESSAGE][PASSED] - Object: 'Object Repository/Yopmail inf/btn_CheckInbox_Yopmail' is clicked on

2018-10-12 21:28:30 - [MESSAGE][PASSED] - customkeyword.CommonKeyword.CheckYopmailLink is PASSED

2018-10-12 21:28:30 - [TEST_STEP][PASSED] - switchToWindowTitle: Switched to window with title: 'Pirq'

2018-10-12 21:28:35 - [MESSAGE][PASSED] - Switched to window with title: 'Pirq'

2018-10-12 21:28:35 - [TEST_STEP][PASSED] - verifyElementPresent: Object 'Object Repository/Por_Confirm Account inf/lbl_ConfirmYourAccount' is present

2018-10-12 21:28:35 - [MESSAGE][PASSED] - Object 'Object Repository/Por_Confirm Account inf/lbl_ConfirmYourAccount' is present

2018-10-12 21:28:35 - [TEST_STEP][PASSED] - click: Object: 'Object Repository/Por_Confirm Account inf/btn_Confirm' is clicked on

2018-10-12 21:28:36 - [MESSAGE][PASSED] - Object: 'Object Repository/Por_Confirm Account inf/btn_Confirm' is clicked on

2018-10-12 21:28:36 - [TEST_STEP][PASSED] - verifyElementPresent: Object 'Object Repository/Por_Confirm Account inf/lbl_PlsProvideaFirstName' is present

2018-10-12 21:28:36 - [MESSAGE][PASSED] - Object 'Object Repository/Por_Confirm Account inf/lbl_PlsProvideaFirstName' is present

2018-10-12 21:28:36 - [TEST_STEP][PASSED] - closeBrowser: Browser is closed

2018-10-12 21:28:37 - [MESSAGE][PASSED] - Browser is closed]]></system-out>
         <system-err><![CDATA[]]></system-err>
      </testcase>
      <testcase name="Test Cases/Consumer/Sign Up/ConsSig_01_08_Verify that submitting confirm account with empty last name" classname="Test Cases/Consumer/Sign Up/ConsSig_01_08_Verify that submitting confirm account with empty last name" status="PASSED">
         <system-out><![CDATA[2018-10-12 21:28:37 - [TEST_CASE][PASSED] - Test Cases/Consumer/Sign Up/ConsSig_01_08_Verify that submitting confirm account with empty last name: Test Cases/Consumer/Sign Up/ConsSig_01_08_Verify that submitting confirm account with empty last name

2018-10-12 21:28:37 - [TEST_STEP][PASSED] - customkeyword.CommonKeyword.OpenBrowser: customkeyword.CommonKeyword.OpenBrowser is PASSED

2018-10-12 21:28:42 - [MESSAGE][PASSED] - Browser is opened with url: 'http://www.yopmail.com/en/'

2018-10-12 21:28:43 - [MESSAGE][PASSED] - Current window maximized

2018-10-12 21:28:43 - [MESSAGE][PASSED] - customkeyword.CommonKeyword.OpenBrowser is PASSED

2018-10-12 21:28:43 - [TEST_STEP][PASSED] - customkeyword.CommonKeyword.CheckYopmailLink: customkeyword.CommonKeyword.CheckYopmailLink is PASSED

2018-10-12 21:28:43 - [MESSAGE][PASSED] - Text 'alanconsumer121018_092801@yopmail.com' is set on object 'Object Repository/Yopmail inf/txt_Login_Yopmail'

2018-10-12 21:28:47 - [MESSAGE][PASSED] - Object: 'Object Repository/Yopmail inf/btn_CheckInbox_Yopmail' is clicked on

2018-10-12 21:28:48 - [MESSAGE][PASSED] - customkeyword.CommonKeyword.CheckYopmailLink is PASSED

2018-10-12 21:28:48 - [TEST_STEP][PASSED] - switchToWindowTitle: Switched to window with title: 'Pirq'

2018-10-12 21:28:52 - [MESSAGE][PASSED] - Switched to window with title: 'Pirq'

2018-10-12 21:28:52 - [TEST_STEP][PASSED] - verifyElementPresent: Object 'Object Repository/Por_Confirm Account inf/lbl_ConfirmYourAccount' is present

2018-10-12 21:28:53 - [MESSAGE][PASSED] - Object 'Object Repository/Por_Confirm Account inf/lbl_ConfirmYourAccount' is present

2018-10-12 21:28:53 - [TEST_STEP][PASSED] - setText: Text 'Alan' is set on object 'Object Repository/Por_Confirm Account inf/txt_FirstName'

2018-10-12 21:28:53 - [MESSAGE][PASSED] - Text 'Alan' is set on object 'Object Repository/Por_Confirm Account inf/txt_FirstName'

2018-10-12 21:28:53 - [TEST_STEP][PASSED] - click: Object: 'Object Repository/Por_Confirm Account inf/btn_Confirm' is clicked on

2018-10-12 21:28:53 - [MESSAGE][PASSED] - Object: 'Object Repository/Por_Confirm Account inf/btn_Confirm' is clicked on

2018-10-12 21:28:53 - [TEST_STEP][PASSED] - verifyElementPresent: Object 'Object Repository/Por_Confirm Account inf/lbl_PlsProvideaLastName' is present

2018-10-12 21:28:53 - [MESSAGE][PASSED] - Object 'Object Repository/Por_Confirm Account inf/lbl_PlsProvideaLastName' is present

2018-10-12 21:28:53 - [TEST_STEP][PASSED] - closeBrowser: Browser is closed

2018-10-12 21:28:54 - [MESSAGE][PASSED] - Browser is closed]]></system-out>
         <system-err><![CDATA[]]></system-err>
      </testcase>
      <testcase name="Test Cases/Consumer/Sign Up/ConsSig_01_09_Verify that submitting confirm account with empty password" classname="Test Cases/Consumer/Sign Up/ConsSig_01_09_Verify that submitting confirm account with empty password" status="PASSED">
         <system-out><![CDATA[2018-10-12 21:28:54 - [TEST_CASE][PASSED] - Test Cases/Consumer/Sign Up/ConsSig_01_09_Verify that submitting confirm account with empty password: Test Cases/Consumer/Sign Up/ConsSig_01_09_Verify that submitting confirm account with empty password

2018-10-12 21:28:54 - [TEST_STEP][PASSED] - customkeyword.CommonKeyword.OpenBrowser: customkeyword.CommonKeyword.OpenBrowser is PASSED

2018-10-12 21:28:59 - [MESSAGE][PASSED] - Browser is opened with url: 'http://www.yopmail.com/en/'

2018-10-12 21:29:00 - [MESSAGE][PASSED] - Current window maximized

2018-10-12 21:29:00 - [MESSAGE][PASSED] - customkeyword.CommonKeyword.OpenBrowser is PASSED

2018-10-12 21:29:00 - [TEST_STEP][PASSED] - customkeyword.CommonKeyword.CheckYopmailLink: customkeyword.CommonKeyword.CheckYopmailLink is PASSED

2018-10-12 21:29:01 - [MESSAGE][PASSED] - Text 'alanconsumer121018_092801@yopmail.com' is set on object 'Object Repository/Yopmail inf/txt_Login_Yopmail'

2018-10-12 21:29:04 - [MESSAGE][PASSED] - Object: 'Object Repository/Yopmail inf/btn_CheckInbox_Yopmail' is clicked on

2018-10-12 21:29:05 - [MESSAGE][PASSED] - customkeyword.CommonKeyword.CheckYopmailLink is PASSED

2018-10-12 21:29:05 - [TEST_STEP][PASSED] - switchToWindowTitle: Switched to window with title: 'Pirq'

2018-10-12 21:29:10 - [MESSAGE][PASSED] - Switched to window with title: 'Pirq'

2018-10-12 21:29:10 - [TEST_STEP][PASSED] - verifyElementPresent: Object 'Object Repository/Por_Confirm Account inf/lbl_ConfirmYourAccount' is present

2018-10-12 21:29:10 - [MESSAGE][PASSED] - Object 'Object Repository/Por_Confirm Account inf/lbl_ConfirmYourAccount' is present

2018-10-12 21:29:10 - [TEST_STEP][PASSED] - setText: Text 'Alan' is set on object 'Object Repository/Por_Confirm Account inf/txt_FirstName'

2018-10-12 21:29:10 - [MESSAGE][PASSED] - Text 'Alan' is set on object 'Object Repository/Por_Confirm Account inf/txt_FirstName'

2018-10-12 21:29:10 - [TEST_STEP][PASSED] - setText: Text 'Consumer' is set on object 'Object Repository/Por_Confirm Account inf/txt_LastName'

2018-10-12 21:29:10 - [MESSAGE][PASSED] - Text 'Consumer' is set on object 'Object Repository/Por_Confirm Account inf/txt_LastName'

2018-10-12 21:29:10 - [TEST_STEP][PASSED] - click: Object: 'Object Repository/Por_Confirm Account inf/btn_Confirm' is clicked on

2018-10-12 21:29:11 - [MESSAGE][PASSED] - Object: 'Object Repository/Por_Confirm Account inf/btn_Confirm' is clicked on

2018-10-12 21:29:11 - [TEST_STEP][PASSED] - verifyElementPresent: Object 'Object Repository/Por_Confirm Account inf/lbl_PlsSetYourPassword' is present

2018-10-12 21:29:11 - [MESSAGE][PASSED] - Object 'Object Repository/Por_Confirm Account inf/lbl_PlsSetYourPassword' is present

2018-10-12 21:29:11 - [TEST_STEP][PASSED] - closeBrowser: Browser is closed

2018-10-12 21:29:12 - [MESSAGE][PASSED] - Browser is closed]]></system-out>
         <system-err><![CDATA[]]></system-err>
      </testcase>
      <testcase name="Test Cases/Consumer/Sign Up/ConsSig_01_10_Verify that submitting confirm account with password lessthan 8 characters" classname="Test Cases/Consumer/Sign Up/ConsSig_01_10_Verify that submitting confirm account with password lessthan 8 characters" status="PASSED">
         <system-out><![CDATA[2018-10-12 21:29:12 - [TEST_CASE][PASSED] - Test Cases/Consumer/Sign Up/ConsSig_01_10_Verify that submitting confirm account with password lessthan 8 characters: Test Cases/Consumer/Sign Up/ConsSig_01_10_Verify that submitting confirm account with password lessthan 8 characters

2018-10-12 21:29:12 - [TEST_STEP][PASSED] - customkeyword.CommonKeyword.OpenBrowser: customkeyword.CommonKeyword.OpenBrowser is PASSED

2018-10-12 21:29:17 - [MESSAGE][PASSED] - Browser is opened with url: 'http://www.yopmail.com/en/'

2018-10-12 21:29:18 - [MESSAGE][PASSED] - Current window maximized

2018-10-12 21:29:18 - [MESSAGE][PASSED] - customkeyword.CommonKeyword.OpenBrowser is PASSED

2018-10-12 21:29:18 - [TEST_STEP][PASSED] - customkeyword.CommonKeyword.CheckYopmailLink: customkeyword.CommonKeyword.CheckYopmailLink is PASSED

2018-10-12 21:29:18 - [MESSAGE][PASSED] - Text 'alanconsumer121018_092801@yopmail.com' is set on object 'Object Repository/Yopmail inf/txt_Login_Yopmail'

2018-10-12 21:29:21 - [MESSAGE][PASSED] - Object: 'Object Repository/Yopmail inf/btn_CheckInbox_Yopmail' is clicked on

2018-10-12 21:29:23 - [MESSAGE][PASSED] - customkeyword.CommonKeyword.CheckYopmailLink is PASSED

2018-10-12 21:29:23 - [TEST_STEP][PASSED] - switchToWindowTitle: Switched to window with title: 'Pirq'

2018-10-12 21:29:28 - [MESSAGE][PASSED] - Switched to window with title: 'Pirq'

2018-10-12 21:29:28 - [TEST_STEP][PASSED] - verifyElementPresent: Object 'Object Repository/Por_Confirm Account inf/lbl_ConfirmYourAccount' is present

2018-10-12 21:29:28 - [MESSAGE][PASSED] - Object 'Object Repository/Por_Confirm Account inf/lbl_ConfirmYourAccount' is present

2018-10-12 21:29:28 - [TEST_STEP][PASSED] - setText: Text 'Alan' is set on object 'Object Repository/Por_Confirm Account inf/txt_FirstName'

2018-10-12 21:29:28 - [MESSAGE][PASSED] - Text 'Alan' is set on object 'Object Repository/Por_Confirm Account inf/txt_FirstName'

2018-10-12 21:29:28 - [TEST_STEP][PASSED] - setText: Text 'Consumer' is set on object 'Object Repository/Por_Confirm Account inf/txt_LastName'

2018-10-12 21:29:28 - [MESSAGE][PASSED] - Text 'Consumer' is set on object 'Object Repository/Por_Confirm Account inf/txt_LastName'

2018-10-12 21:29:28 - [TEST_STEP][PASSED] - setText: Text '123' is set on object 'Object Repository/Por_Confirm Account inf/txt_SetPassword'

2018-10-12 21:29:29 - [MESSAGE][PASSED] - Text '123' is set on object 'Object Repository/Por_Confirm Account inf/txt_SetPassword'

2018-10-12 21:29:29 - [TEST_STEP][PASSED] - click: Object: 'Object Repository/Por_Confirm Account inf/btn_Confirm' is clicked on

2018-10-12 21:29:29 - [MESSAGE][PASSED] - Object: 'Object Repository/Por_Confirm Account inf/btn_Confirm' is clicked on

2018-10-12 21:29:29 - [TEST_STEP][PASSED] - verifyElementPresent: Object 'Object Repository/Por_Confirm Account inf/lbl_PasswordMustBe8char' is present

2018-10-12 21:29:29 - [MESSAGE][PASSED] - Object 'Object Repository/Por_Confirm Account inf/lbl_PasswordMustBe8char' is present

2018-10-12 21:29:29 - [TEST_STEP][PASSED] - closeBrowser: Browser is closed

2018-10-12 21:29:30 - [MESSAGE][PASSED] - Browser is closed]]></system-out>
         <system-err><![CDATA[]]></system-err>
      </testcase>
      <testcase name="Test Cases/Consumer/Sign Up/ConsSig_01_11_Verify that submitting confirm account with password no alphabet character" classname="Test Cases/Consumer/Sign Up/ConsSig_01_11_Verify that submitting confirm account with password no alphabet character" status="PASSED">
         <system-out><![CDATA[2018-10-12 21:29:30 - [TEST_CASE][PASSED] - Test Cases/Consumer/Sign Up/ConsSig_01_11_Verify that submitting confirm account with password no alphabet character: Test Cases/Consumer/Sign Up/ConsSig_01_11_Verify that submitting confirm account with password no alphabet character

2018-10-12 21:29:30 - [TEST_STEP][PASSED] - customkeyword.CommonKeyword.OpenBrowser: customkeyword.CommonKeyword.OpenBrowser is PASSED

2018-10-12 21:29:34 - [MESSAGE][PASSED] - Browser is opened with url: 'http://www.yopmail.com/en/'

2018-10-12 21:29:36 - [MESSAGE][PASSED] - Current window maximized

2018-10-12 21:29:36 - [MESSAGE][PASSED] - customkeyword.CommonKeyword.OpenBrowser is PASSED

2018-10-12 21:29:36 - [TEST_STEP][PASSED] - customkeyword.CommonKeyword.CheckYopmailLink: customkeyword.CommonKeyword.CheckYopmailLink is PASSED

2018-10-12 21:29:36 - [MESSAGE][PASSED] - Text 'alanconsumer121018_092801@yopmail.com' is set on object 'Object Repository/Yopmail inf/txt_Login_Yopmail'

2018-10-12 21:29:39 - [MESSAGE][PASSED] - Object: 'Object Repository/Yopmail inf/btn_CheckInbox_Yopmail' is clicked on

2018-10-12 21:29:53 - [MESSAGE][PASSED] - customkeyword.CommonKeyword.CheckYopmailLink is PASSED

2018-10-12 21:29:53 - [TEST_STEP][PASSED] - switchToWindowTitle: Switched to window with title: 'Pirq'

2018-10-12 21:29:57 - [MESSAGE][PASSED] - Switched to window with title: 'Pirq'

2018-10-12 21:29:57 - [TEST_STEP][PASSED] - verifyElementPresent: Object 'Object Repository/Por_Confirm Account inf/lbl_ConfirmYourAccount' is present

2018-10-12 21:29:58 - [MESSAGE][PASSED] - Object 'Object Repository/Por_Confirm Account inf/lbl_ConfirmYourAccount' is present

2018-10-12 21:29:58 - [TEST_STEP][PASSED] - setText: Text 'Alan' is set on object 'Object Repository/Por_Confirm Account inf/txt_FirstName'

2018-10-12 21:29:58 - [MESSAGE][PASSED] - Text 'Alan' is set on object 'Object Repository/Por_Confirm Account inf/txt_FirstName'

2018-10-12 21:29:58 - [TEST_STEP][PASSED] - setText: Text 'Consumer' is set on object 'Object Repository/Por_Confirm Account inf/txt_LastName'

2018-10-12 21:29:58 - [MESSAGE][PASSED] - Text 'Consumer' is set on object 'Object Repository/Por_Confirm Account inf/txt_LastName'

2018-10-12 21:29:58 - [TEST_STEP][PASSED] - setText: Text '12345678' is set on object 'Object Repository/Por_Confirm Account inf/txt_SetPassword'

2018-10-12 21:29:58 - [MESSAGE][PASSED] - Text '12345678' is set on object 'Object Repository/Por_Confirm Account inf/txt_SetPassword'

2018-10-12 21:29:58 - [TEST_STEP][PASSED] - click: Object: 'Object Repository/Por_Confirm Account inf/btn_Confirm' is clicked on

2018-10-12 21:29:59 - [MESSAGE][PASSED] - Object: 'Object Repository/Por_Confirm Account inf/btn_Confirm' is clicked on

2018-10-12 21:29:59 - [TEST_STEP][PASSED] - verifyElementPresent: Object 'Object Repository/Por_Confirm Account inf/lbl_PasswordLeast1Alphabet' is present

2018-10-12 21:29:59 - [MESSAGE][PASSED] - Object 'Object Repository/Por_Confirm Account inf/lbl_PasswordLeast1Alphabet' is present

2018-10-12 21:29:59 - [TEST_STEP][PASSED] - closeBrowser: Browser is closed

2018-10-12 21:29:59 - [MESSAGE][PASSED] - Browser is closed]]></system-out>
         <system-err><![CDATA[]]></system-err>
      </testcase>
      <testcase name="Test Cases/Consumer/Sign Up/ConsSig_01_12_Verify that submitting confirm account with invalid confirm-password" classname="Test Cases/Consumer/Sign Up/ConsSig_01_12_Verify that submitting confirm account with invalid confirm-password" status="PASSED">
         <system-out><![CDATA[2018-10-12 21:29:59 - [TEST_CASE][PASSED] - Test Cases/Consumer/Sign Up/ConsSig_01_12_Verify that submitting confirm account with invalid confirm-password: Test Cases/Consumer/Sign Up/ConsSig_01_12_Verify that submitting confirm account with invalid confirm-password

2018-10-12 21:30:00 - [TEST_STEP][PASSED] - customkeyword.CommonKeyword.OpenBrowser: customkeyword.CommonKeyword.OpenBrowser is PASSED

2018-10-12 21:30:04 - [MESSAGE][PASSED] - Browser is opened with url: 'http://www.yopmail.com/en/'

2018-10-12 21:30:05 - [MESSAGE][PASSED] - Current window maximized

2018-10-12 21:30:05 - [MESSAGE][PASSED] - customkeyword.CommonKeyword.OpenBrowser is PASSED

2018-10-12 21:30:05 - [TEST_STEP][PASSED] - customkeyword.CommonKeyword.CheckYopmailLink: customkeyword.CommonKeyword.CheckYopmailLink is PASSED

2018-10-12 21:30:06 - [MESSAGE][PASSED] - Text 'alanconsumer121018_092801@yopmail.com' is set on object 'Object Repository/Yopmail inf/txt_Login_Yopmail'

2018-10-12 21:30:09 - [MESSAGE][PASSED] - Object: 'Object Repository/Yopmail inf/btn_CheckInbox_Yopmail' is clicked on

2018-10-12 21:30:11 - [MESSAGE][PASSED] - customkeyword.CommonKeyword.CheckYopmailLink is PASSED

2018-10-12 21:30:11 - [TEST_STEP][PASSED] - switchToWindowTitle: Switched to window with title: 'Pirq'

2018-10-12 21:30:16 - [MESSAGE][PASSED] - Switched to window with title: 'Pirq'

2018-10-12 21:30:16 - [TEST_STEP][PASSED] - verifyElementPresent: Object 'Object Repository/Por_Confirm Account inf/lbl_ConfirmYourAccount' is present

2018-10-12 21:30:16 - [MESSAGE][PASSED] - Object 'Object Repository/Por_Confirm Account inf/lbl_ConfirmYourAccount' is present

2018-10-12 21:30:16 - [TEST_STEP][PASSED] - setText: Text 'Alan' is set on object 'Object Repository/Por_Confirm Account inf/txt_FirstName'

2018-10-12 21:30:16 - [MESSAGE][PASSED] - Text 'Alan' is set on object 'Object Repository/Por_Confirm Account inf/txt_FirstName'

2018-10-12 21:30:16 - [TEST_STEP][PASSED] - setText: Text 'Consumer' is set on object 'Object Repository/Por_Confirm Account inf/txt_LastName'

2018-10-12 21:30:17 - [MESSAGE][PASSED] - Text 'Consumer' is set on object 'Object Repository/Por_Confirm Account inf/txt_LastName'

2018-10-12 21:30:17 - [TEST_STEP][PASSED] - setText: Text '123456?a' is set on object 'Object Repository/Por_Confirm Account inf/txt_SetPassword'

2018-10-12 21:30:17 - [MESSAGE][PASSED] - Text '123456?a' is set on object 'Object Repository/Por_Confirm Account inf/txt_SetPassword'

2018-10-12 21:30:17 - [TEST_STEP][PASSED] - click: Object: 'Object Repository/Por_Confirm Account inf/btn_Confirm' is clicked on

2018-10-12 21:30:17 - [MESSAGE][PASSED] - Object: 'Object Repository/Por_Confirm Account inf/btn_Confirm' is clicked on

2018-10-12 21:30:17 - [TEST_STEP][PASSED] - verifyElementPresent: Object 'Object Repository/Por_Confirm Account inf/lbl_PasswordDidNotMatch' is present

2018-10-12 21:30:17 - [MESSAGE][PASSED] - Object 'Object Repository/Por_Confirm Account inf/lbl_PasswordDidNotMatch' is present

2018-10-12 21:30:17 - [TEST_STEP][PASSED] - closeBrowser: Browser is closed

2018-10-12 21:30:18 - [MESSAGE][PASSED] - Browser is closed]]></system-out>
         <system-err><![CDATA[]]></system-err>
      </testcase>
      <testcase name="Test Cases/Consumer/Sign Up/ConsSig_01_13_Verify that submitting successfully if full-fill valid information" classname="Test Cases/Consumer/Sign Up/ConsSig_01_13_Verify that submitting successfully if full-fill valid information" status="PASSED">
         <system-out><![CDATA[2018-10-12 21:30:18 - [TEST_CASE][PASSED] - Test Cases/Consumer/Sign Up/ConsSig_01_13_Verify that submitting successfully if full-fill valid information: Test Cases/Consumer/Sign Up/ConsSig_01_13_Verify that submitting successfully if full-fill valid information

2018-10-12 21:30:18 - [TEST_STEP][PASSED] - customkeyword.CommonKeyword.OpenBrowser: customkeyword.CommonKeyword.OpenBrowser is PASSED

2018-10-12 21:30:23 - [MESSAGE][PASSED] - Browser is opened with url: 'http://www.yopmail.com/en/'

2018-10-12 21:30:24 - [MESSAGE][PASSED] - Current window maximized

2018-10-12 21:30:24 - [MESSAGE][PASSED] - customkeyword.CommonKeyword.OpenBrowser is PASSED

2018-10-12 21:30:24 - [TEST_STEP][PASSED] - customkeyword.CommonKeyword.CheckYopmailLink: customkeyword.CommonKeyword.CheckYopmailLink is PASSED

2018-10-12 21:30:24 - [MESSAGE][PASSED] - Text 'alanconsumer121018_092801@yopmail.com' is set on object 'Object Repository/Yopmail inf/txt_Login_Yopmail'

2018-10-12 21:30:27 - [MESSAGE][PASSED] - Object: 'Object Repository/Yopmail inf/btn_CheckInbox_Yopmail' is clicked on

2018-10-12 21:30:28 - [MESSAGE][PASSED] - customkeyword.CommonKeyword.CheckYopmailLink is PASSED

2018-10-12 21:30:28 - [TEST_STEP][PASSED] - switchToWindowTitle: Switched to window with title: 'Pirq'

2018-10-12 21:30:32 - [MESSAGE][PASSED] - Switched to window with title: 'Pirq'

2018-10-12 21:30:32 - [TEST_STEP][PASSED] - verifyElementPresent: Object 'Object Repository/Por_Confirm Account inf/lbl_ConfirmYourAccount' is present

2018-10-12 21:30:33 - [MESSAGE][PASSED] - Object 'Object Repository/Por_Confirm Account inf/lbl_ConfirmYourAccount' is present

2018-10-12 21:30:33 - [TEST_STEP][PASSED] - setText: Text 'Alan' is set on object 'Object Repository/Por_Confirm Account inf/txt_FirstName'

2018-10-12 21:30:33 - [MESSAGE][PASSED] - Text 'Alan' is set on object 'Object Repository/Por_Confirm Account inf/txt_FirstName'

2018-10-12 21:30:33 - [TEST_STEP][PASSED] - setText: Text 'Consumer' is set on object 'Object Repository/Por_Confirm Account inf/txt_LastName'

2018-10-12 21:30:33 - [MESSAGE][PASSED] - Text 'Consumer' is set on object 'Object Repository/Por_Confirm Account inf/txt_LastName'

2018-10-12 21:30:33 - [TEST_STEP][PASSED] - setText: Text '123456?a' is set on object 'Object Repository/Por_Confirm Account inf/txt_SetPassword'

2018-10-12 21:30:33 - [MESSAGE][PASSED] - Text '123456?a' is set on object 'Object Repository/Por_Confirm Account inf/txt_SetPassword'

2018-10-12 21:30:33 - [TEST_STEP][PASSED] - setText: Text '123456?a' is set on object 'Object Repository/Por_Confirm Account inf/txt_ConfirmPassword'

2018-10-12 21:30:33 - [MESSAGE][PASSED] - Text '123456?a' is set on object 'Object Repository/Por_Confirm Account inf/txt_ConfirmPassword'

2018-10-12 21:30:33 - [TEST_STEP][PASSED] - click: Object: 'Object Repository/Por_Confirm Account inf/btn_Confirm' is clicked on

2018-10-12 21:30:35 - [MESSAGE][PASSED] - Object: 'Object Repository/Por_Confirm Account inf/btn_Confirm' is clicked on

2018-10-12 21:30:35 - [TEST_STEP][PASSED] - verifyElementPresent: Object 'Object Repository/Por_Confirm Account inf/lbl_AccountIsActivated' is present

2018-10-12 21:30:35 - [MESSAGE][PASSED] - Object 'Object Repository/Por_Confirm Account inf/lbl_AccountIsActivated' is present

2018-10-12 21:30:35 - [TEST_STEP][PASSED] - closeBrowser: Browser is closed

2018-10-12 21:30:35 - [MESSAGE][PASSED] - Browser is closed]]></system-out>
         <system-err><![CDATA[]]></system-err>
      </testcase>
      <testcase name="Test Cases/Consumer/Login/ConsLog_01_03_Verify that user login invalid email shows error message" classname="Test Cases/Consumer/Login/ConsLog_01_03_Verify that user login invalid email shows error message" status="PASSED">
         <system-out><![CDATA[2018-10-12 21:30:35 - [TEST_CASE][PASSED] - Test Cases/Consumer/Login/ConsLog_01_03_Verify that user login invalid email shows error message: Test Cases/Consumer/Login/ConsLog_01_03_Verify that user login invalid email shows error message

2018-10-12 21:30:36 - [TEST_STEP][PASSED] - customkeyword.CommonKeyword.OpenBrowser: customkeyword.CommonKeyword.OpenBrowser is PASSED

2018-10-12 21:30:41 - [MESSAGE][PASSED] - Browser is opened with url: 'https://staging-1.pirq.com/user/login'

2018-10-12 21:30:42 - [MESSAGE][PASSED] - Current window maximized

2018-10-12 21:30:42 - [MESSAGE][PASSED] - customkeyword.CommonKeyword.OpenBrowser is PASSED

2018-10-12 21:30:42 - [TEST_STEP][PASSED] - customkeyword.CommonKeyword.LoginConsumer: customkeyword.CommonKeyword.LoginConsumer is PASSED

2018-10-12 21:30:43 - [MESSAGE][PASSED] - Text '123' is set on object 'Object Repository/Por_Consumer inf/txt_Email_Portal_Login'

2018-10-12 21:30:43 - [MESSAGE][PASSED] - Text '123' is set on object 'Object Repository/Por_Consumer inf/txt_Password_Portal_Login'

2018-10-12 21:30:44 - [MESSAGE][PASSED] - Object: 'Object Repository/Por_Consumer inf/btn_Login_Portal_Login' is clicked on

2018-10-12 21:30:44 - [MESSAGE][PASSED] - customkeyword.CommonKeyword.LoginConsumer is PASSED

2018-10-12 21:30:44 - [TEST_STEP][PASSED] - verifyElementPresent: Object 'Object Repository/Por_Consumer inf/lbl_LoginFailed_Portal_login' is present

2018-10-12 21:30:44 - [MESSAGE][PASSED] - Object 'Object Repository/Por_Consumer inf/lbl_LoginFailed_Portal_login' is present

2018-10-12 21:30:44 - [TEST_STEP][PASSED] - closeBrowser: Browser is closed

2018-10-12 21:30:45 - [MESSAGE][PASSED] - Browser is closed]]></system-out>
         <system-err><![CDATA[]]></system-err>
      </testcase>
      <testcase name="Test Cases/Consumer/Login/ConsLog_01_04_Verify that user login invalid password shows error message" classname="Test Cases/Consumer/Login/ConsLog_01_04_Verify that user login invalid password shows error message" status="PASSED">
         <system-out><![CDATA[2018-10-12 21:30:45 - [TEST_CASE][PASSED] - Test Cases/Consumer/Login/ConsLog_01_04_Verify that user login invalid password shows error message: Test Cases/Consumer/Login/ConsLog_01_04_Verify that user login invalid password shows error message

2018-10-12 21:30:45 - [TEST_STEP][PASSED] - Statement - Try: Object 'Object Repository/Por_Consumer inf/lbl_LoginFailed_Portal_login' is present

2018-10-12 21:30:45 - [TEST_STEP][PASSED] - customkeyword.CommonKeyword.OpenBrowser: customkeyword.CommonKeyword.OpenBrowser is PASSED

2018-10-12 21:30:51 - [MESSAGE][PASSED] - Browser is opened with url: 'https://staging-1.pirq.com/user/login'

2018-10-12 21:30:52 - [MESSAGE][PASSED] - Current window maximized

2018-10-12 21:30:52 - [MESSAGE][PASSED] - customkeyword.CommonKeyword.OpenBrowser is PASSED

2018-10-12 21:30:52 - [TEST_STEP][PASSED] - customkeyword.CommonKeyword.LoginConsumer: customkeyword.CommonKeyword.LoginConsumer is PASSED

2018-10-12 21:30:52 - [MESSAGE][PASSED] - Text '123' is set on object 'Object Repository/Por_Consumer inf/txt_Email_Portal_Login'

2018-10-12 21:30:52 - [MESSAGE][PASSED] - Text '123' is set on object 'Object Repository/Por_Consumer inf/txt_Password_Portal_Login'

2018-10-12 21:30:54 - [MESSAGE][PASSED] - Object: 'Object Repository/Por_Consumer inf/btn_Login_Portal_Login' is clicked on

2018-10-12 21:30:54 - [MESSAGE][PASSED] - customkeyword.CommonKeyword.LoginConsumer is PASSED

2018-10-12 21:30:54 - [TEST_STEP][PASSED] - verifyElementPresent: Object 'Object Repository/Por_Consumer inf/lbl_LoginFailed_Portal_login' is present

2018-10-12 21:30:54 - [MESSAGE][PASSED] - Object 'Object Repository/Por_Consumer inf/lbl_LoginFailed_Portal_login' is present

2018-10-12 21:30:54 - [TEST_STEP][PASSED] - closeBrowser: Browser is closed

2018-10-12 21:30:54 - [MESSAGE][PASSED] - Browser is closed]]></system-out>
         <system-err><![CDATA[]]></system-err>
      </testcase>
      <testcase name="Test Cases/Consumer/Login/ConsLog_01_05_Verify that clicking on Cancel button to cancel login and redirect to Pirq homepage" classname="Test Cases/Consumer/Login/ConsLog_01_05_Verify that clicking on Cancel button to cancel login and redirect to Pirq homepage" status="PASSED">
         <system-out><![CDATA[2018-10-12 21:30:55 - [TEST_CASE][PASSED] - Test Cases/Consumer/Login/ConsLog_01_05_Verify that clicking on Cancel button to cancel login and redirect to Pirq homepage: Test Cases/Consumer/Login/ConsLog_01_05_Verify that clicking on Cancel button to cancel login and redirect to Pirq homepage

2018-10-12 21:30:55 - [TEST_STEP][PASSED] - customkeyword.CommonKeyword.OpenBrowser: customkeyword.CommonKeyword.OpenBrowser is PASSED

2018-10-12 21:31:00 - [MESSAGE][PASSED] - Browser is opened with url: 'https://staging-1.pirq.com/user/login'

2018-10-12 21:31:01 - [MESSAGE][PASSED] - Current window maximized

2018-10-12 21:31:01 - [MESSAGE][PASSED] - customkeyword.CommonKeyword.OpenBrowser is PASSED

2018-10-12 21:31:01 - [TEST_STEP][PASSED] - click: Object: 'Object Repository/Por_Consumer inf/btn_Cancel_Portal_Login' is clicked on

2018-10-12 21:31:03 - [MESSAGE][PASSED] - Object: 'Object Repository/Por_Consumer inf/btn_Cancel_Portal_Login' is clicked on

2018-10-12 21:31:03 - [TEST_STEP][PASSED] - verifyElementNotPresent: Web element with id: 'Object Repository/Por_Consumer inf/txt_Email_Portal_Login' located by 'By.xpath: //input[@id='id' and @placeholder='Email']' is not present after '10' second(s)

2018-10-12 21:31:03 - [MESSAGE][PASSED] - Web element with id: 'Object Repository/Por_Consumer inf/txt_Email_Portal_Login' located by 'By.xpath: //input[@id='id' and @placeholder='Email']' is not present after '10' second(s)

2018-10-12 21:31:03 - [TEST_STEP][PASSED] - closeBrowser: Browser is closed

2018-10-12 21:31:04 - [MESSAGE][PASSED] - Browser is closed]]></system-out>
         <system-err><![CDATA[]]></system-err>
      </testcase>
      <testcase name="Test Cases/Consumer/Login/ConsLog_01_06_Verify that user login valid email and password redirect to account page" classname="Test Cases/Consumer/Login/ConsLog_01_06_Verify that user login valid email and password redirect to account page" status="PASSED">
         <system-out><![CDATA[2018-10-12 21:31:04 - [TEST_CASE][PASSED] - Test Cases/Consumer/Login/ConsLog_01_06_Verify that user login valid email and password redirect to account page: Test Cases/Consumer/Login/ConsLog_01_06_Verify that user login valid email and password redirect to account page

2018-10-12 21:31:04 - [TEST_STEP][PASSED] - customkeyword.CommonKeyword.OpenBrowser: customkeyword.CommonKeyword.OpenBrowser is PASSED

2018-10-12 21:31:09 - [MESSAGE][PASSED] - Browser is opened with url: 'https://staging-1.pirq.com/user/login'

2018-10-12 21:31:10 - [MESSAGE][PASSED] - Current window maximized

2018-10-12 21:31:10 - [MESSAGE][PASSED] - customkeyword.CommonKeyword.OpenBrowser is PASSED

2018-10-12 21:31:10 - [TEST_STEP][PASSED] - customkeyword.CommonKeyword.LoginConsumer: customkeyword.CommonKeyword.LoginConsumer is PASSED

2018-10-12 21:31:11 - [MESSAGE][PASSED] - Text 'alanconsumer1010@yopmail.com' is set on object 'Object Repository/Por_Consumer inf/txt_Email_Portal_Login'

2018-10-12 21:31:11 - [MESSAGE][PASSED] - Text '123456?a' is set on object 'Object Repository/Por_Consumer inf/txt_Password_Portal_Login'

2018-10-12 21:31:12 - [MESSAGE][PASSED] - Object: 'Object Repository/Por_Consumer inf/btn_Login_Portal_Login' is clicked on

2018-10-12 21:31:12 - [MESSAGE][PASSED] - customkeyword.CommonKeyword.LoginConsumer is PASSED

2018-10-12 21:31:12 - [TEST_STEP][PASSED] - verifyElementPresent: Object 'Object Repository/Por_Consumer inf/lbl_LoggedAs_Portal_Login' is present

2018-10-12 21:31:13 - [MESSAGE][PASSED] - Object 'Object Repository/Por_Consumer inf/lbl_LoggedAs_Portal_Login' is present

2018-10-12 21:31:13 - [TEST_STEP][PASSED] - closeBrowser: Browser is closed

2018-10-12 21:31:13 - [MESSAGE][PASSED] - Browser is closed]]></system-out>
         <system-err><![CDATA[]]></system-err>
      </testcase>
      <testcase name="Test Cases/Consumer/Login/ConsLog_01_07_Verify that clicking on merchant login link (here) will redirect to merchant login page" classname="Test Cases/Consumer/Login/ConsLog_01_07_Verify that clicking on merchant login link (here) will redirect to merchant login page" status="PASSED">
         <system-out><![CDATA[2018-10-12 21:31:13 - [TEST_CASE][PASSED] - Test Cases/Consumer/Login/ConsLog_01_07_Verify that clicking on merchant login link (here) will redirect to merchant login page: Test Cases/Consumer/Login/ConsLog_01_07_Verify that clicking on merchant login link (here) will redirect to merchant login page

2018-10-12 21:31:13 - [TEST_STEP][PASSED] - customkeyword.CommonKeyword.OpenBrowser: customkeyword.CommonKeyword.OpenBrowser is PASSED

2018-10-12 21:31:19 - [MESSAGE][PASSED] - Browser is opened with url: 'https://staging-1.pirq.com/user/login'

2018-10-12 21:31:20 - [MESSAGE][PASSED] - Current window maximized

2018-10-12 21:31:20 - [MESSAGE][PASSED] - customkeyword.CommonKeyword.OpenBrowser is PASSED

2018-10-12 21:31:20 - [TEST_STEP][PASSED] - click: Object: 'Object Repository/Por_Consumer inf/lnk_Here_Portal_Login' is clicked on

2018-10-12 21:31:25 - [MESSAGE][PASSED] - Object: 'Object Repository/Por_Consumer inf/lnk_Here_Portal_Login' is clicked on

2018-10-12 21:31:25 - [TEST_STEP][PASSED] - verifyElementPresent: Object 'Object Repository/Sys_Login inf/lnk_MerchantLogo_System_Login' is present

2018-10-12 21:31:25 - [MESSAGE][PASSED] - Object 'Object Repository/Sys_Login inf/lnk_MerchantLogo_System_Login' is present

2018-10-12 21:31:25 - [TEST_STEP][PASSED] - closeBrowser: Browser is closed

2018-10-12 21:31:26 - [MESSAGE][PASSED] - Browser is closed]]></system-out>
         <system-err><![CDATA[]]></system-err>
      </testcase>
      <testcase name="Test Cases/Consumer/Login/ConsLog_01_08_Verify that clicking on Forgot password link will redirect to Reset password page" classname="Test Cases/Consumer/Login/ConsLog_01_08_Verify that clicking on Forgot password link will redirect to Reset password page" status="PASSED">
         <system-out><![CDATA[2018-10-12 21:31:26 - [TEST_CASE][PASSED] - Test Cases/Consumer/Login/ConsLog_01_08_Verify that clicking on Forgot password link will redirect to Reset password page: Test Cases/Consumer/Login/ConsLog_01_08_Verify that clicking on Forgot password link will redirect to Reset password page

2018-10-12 21:31:26 - [TEST_STEP][PASSED] - customkeyword.CommonKeyword.OpenBrowser: customkeyword.CommonKeyword.OpenBrowser is PASSED

2018-10-12 21:31:32 - [MESSAGE][PASSED] - Browser is opened with url: 'https://staging-1.pirq.com/user/login'

2018-10-12 21:31:33 - [MESSAGE][PASSED] - Current window maximized

2018-10-12 21:31:33 - [MESSAGE][PASSED] - customkeyword.CommonKeyword.OpenBrowser is PASSED

2018-10-12 21:31:33 - [TEST_STEP][PASSED] - click: Object: 'Object Repository/Por_Consumer inf/lnk_ForgotPassword_Portal_Login' is clicked on

2018-10-12 21:31:33 - [MESSAGE][PASSED] - Object: 'Object Repository/Por_Consumer inf/lnk_ForgotPassword_Portal_Login' is clicked on

2018-10-12 21:31:33 - [TEST_STEP][PASSED] - verifyElementPresent: Object 'Object Repository/Por_Consumer_ForgotPassword inf/lbl_ResetYourPassword_Portal_ForgotPassword' is present

2018-10-12 21:31:33 - [MESSAGE][PASSED] - Object 'Object Repository/Por_Consumer_ForgotPassword inf/lbl_ResetYourPassword_Portal_ForgotPassword' is present

2018-10-12 21:31:33 - [TEST_STEP][PASSED] - closeBrowser: Browser is closed

2018-10-12 21:31:34 - [MESSAGE][PASSED] - Browser is closed]]></system-out>
         <system-err><![CDATA[]]></system-err>
      </testcase>
      <testcase name="Test Cases/Consumer/Login/ConsLog_01_09_Verify that sending reset password request with invalid email shows error message" classname="Test Cases/Consumer/Login/ConsLog_01_09_Verify that sending reset password request with invalid email shows error message" status="PASSED">
         <system-out><![CDATA[2018-10-12 21:31:34 - [TEST_CASE][PASSED] - Test Cases/Consumer/Login/ConsLog_01_09_Verify that sending reset password request with invalid email shows error message: Test Cases/Consumer/Login/ConsLog_01_09_Verify that sending reset password request with invalid email shows error message

2018-10-12 21:31:34 - [TEST_STEP][PASSED] - customkeyword.CommonKeyword.OpenBrowser: customkeyword.CommonKeyword.OpenBrowser is PASSED

2018-10-12 21:31:40 - [MESSAGE][PASSED] - Browser is opened with url: 'https://staging-1.pirq.com/user/login'

2018-10-12 21:31:41 - [MESSAGE][PASSED] - Current window maximized

2018-10-12 21:31:41 - [MESSAGE][PASSED] - customkeyword.CommonKeyword.OpenBrowser is PASSED

2018-10-12 21:31:41 - [TEST_STEP][PASSED] - click: Object: 'Object Repository/Por_Consumer inf/lnk_ForgotPassword_Portal_Login' is clicked on

2018-10-12 21:31:42 - [MESSAGE][PASSED] - Object: 'Object Repository/Por_Consumer inf/lnk_ForgotPassword_Portal_Login' is clicked on

2018-10-12 21:31:42 - [TEST_STEP][PASSED] - setText: Text 'invalidemail' is set on object 'Object Repository/Por_Consumer_ForgotPassword inf/txt_Email_Portal_ForgotPassword'

2018-10-12 21:31:42 - [MESSAGE][PASSED] - Text 'invalidemail' is set on object 'Object Repository/Por_Consumer_ForgotPassword inf/txt_Email_Portal_ForgotPassword'

2018-10-12 21:31:42 - [TEST_STEP][PASSED] - click: Object: 'Object Repository/Por_Consumer_ForgotPassword inf/btn_ResetPassword_Portal_ForgotPassword' is clicked on

2018-10-12 21:31:43 - [MESSAGE][PASSED] - Object: 'Object Repository/Por_Consumer_ForgotPassword inf/btn_ResetPassword_Portal_ForgotPassword' is clicked on

2018-10-12 21:31:43 - [TEST_STEP][PASSED] - verifyElementPresent: Object 'Object Repository/Por_Consumer_ForgotPassword inf/lbl_CouldNotFindUser_Portal_ForgotPassword' is present

2018-10-12 21:31:43 - [MESSAGE][PASSED] - Object 'Object Repository/Por_Consumer_ForgotPassword inf/lbl_CouldNotFindUser_Portal_ForgotPassword' is present

2018-10-12 21:31:43 - [TEST_STEP][PASSED] - closeBrowser: Browser is closed

2018-10-12 21:31:44 - [MESSAGE][PASSED] - Browser is closed]]></system-out>
         <system-err><![CDATA[]]></system-err>
      </testcase>
      <testcase name="Test Cases/Consumer/Login/ConsLog_01_10_Veriry that sending reset password request with valid email" classname="Test Cases/Consumer/Login/ConsLog_01_10_Veriry that sending reset password request with valid email" status="PASSED">
         <system-out><![CDATA[2018-10-12 21:31:44 - [TEST_CASE][PASSED] - Test Cases/Consumer/Login/ConsLog_01_10_Veriry that sending reset password request with valid email: Test Cases/Consumer/Login/ConsLog_01_10_Veriry that sending reset password request with valid email

2018-10-12 21:31:44 - [TEST_STEP][PASSED] - customkeyword.CommonKeyword.OpenBrowser: customkeyword.CommonKeyword.OpenBrowser is PASSED

2018-10-12 21:31:50 - [MESSAGE][PASSED] - Browser is opened with url: 'https://staging-1.pirq.com/user/login'

2018-10-12 21:31:51 - [MESSAGE][PASSED] - Current window maximized

2018-10-12 21:31:51 - [MESSAGE][PASSED] - customkeyword.CommonKeyword.OpenBrowser is PASSED

2018-10-12 21:31:51 - [TEST_STEP][PASSED] - click: Object: 'Object Repository/Por_Consumer inf/lnk_ForgotPassword_Portal_Login' is clicked on

2018-10-12 21:31:52 - [MESSAGE][PASSED] - Object: 'Object Repository/Por_Consumer inf/lnk_ForgotPassword_Portal_Login' is clicked on

2018-10-12 21:31:52 - [TEST_STEP][PASSED] - setText: Text 'alanconsumer1010@yopmail.com' is set on object 'Object Repository/Por_Consumer_ForgotPassword inf/txt_Email_Portal_ForgotPassword'

2018-10-12 21:31:52 - [MESSAGE][PASSED] - Text 'alanconsumer1010@yopmail.com' is set on object 'Object Repository/Por_Consumer_ForgotPassword inf/txt_Email_Portal_ForgotPassword'

2018-10-12 21:31:52 - [TEST_STEP][PASSED] - click: Object: 'Object Repository/Por_Consumer_ForgotPassword inf/btn_ResetPassword_Portal_ForgotPassword' is clicked on

2018-10-12 21:31:53 - [MESSAGE][PASSED] - Object: 'Object Repository/Por_Consumer_ForgotPassword inf/btn_ResetPassword_Portal_ForgotPassword' is clicked on

2018-10-12 21:31:53 - [TEST_STEP][PASSED] - verifyElementPresent: Object 'Object Repository/Por_Consumer_ForgotPassword inf/lbl_Success_Portal_ForgotPassword' is present

2018-10-12 21:31:53 - [MESSAGE][PASSED] - Object 'Object Repository/Por_Consumer_ForgotPassword inf/lbl_Success_Portal_ForgotPassword' is present

2018-10-12 21:31:53 - [TEST_STEP][PASSED] - closeBrowser: Browser is closed

2018-10-12 21:31:53 - [MESSAGE][PASSED] - Browser is closed]]></system-out>
         <system-err><![CDATA[]]></system-err>
      </testcase>
      <testcase name="Test Cases/Consumer/Login/ConsLog_01_11_Verify that changing password with invalid password shows error message" classname="Test Cases/Consumer/Login/ConsLog_01_11_Verify that changing password with invalid password shows error message" status="PASSED">
         <system-out><![CDATA[2018-10-12 21:31:53 - [TEST_CASE][PASSED] - Test Cases/Consumer/Login/ConsLog_01_11_Verify that changing password with invalid password shows error message: Test Cases/Consumer/Login/ConsLog_01_11_Verify that changing password with invalid password shows error message

2018-10-12 21:31:54 - [TEST_STEP][PASSED] - customkeyword.CommonKeyword.OpenBrowser: customkeyword.CommonKeyword.OpenBrowser is PASSED

2018-10-12 21:31:58 - [MESSAGE][PASSED] - Browser is opened with url: 'http://www.yopmail.com/en/'

2018-10-12 21:31:59 - [MESSAGE][PASSED] - Current window maximized

2018-10-12 21:31:59 - [MESSAGE][PASSED] - customkeyword.CommonKeyword.OpenBrowser is PASSED

2018-10-12 21:31:59 - [TEST_STEP][PASSED] - customkeyword.CommonKeyword.CheckYopmailLink: customkeyword.CommonKeyword.CheckYopmailLink is PASSED

2018-10-12 21:31:59 - [MESSAGE][PASSED] - Text 'alanconsumer1010@yopmail.com' is set on object 'Object Repository/Yopmail inf/txt_Login_Yopmail'

2018-10-12 21:32:02 - [MESSAGE][PASSED] - Object: 'Object Repository/Yopmail inf/btn_CheckInbox_Yopmail' is clicked on

2018-10-12 21:32:03 - [MESSAGE][PASSED] - customkeyword.CommonKeyword.CheckYopmailLink is PASSED

2018-10-12 21:32:03 - [TEST_STEP][PASSED] - switchToWindowTitle: Switched to window with title: 'Password Reset | Pirq'

2018-10-12 21:32:07 - [MESSAGE][PASSED] - Switched to window with title: 'Password Reset | Pirq'

2018-10-12 21:32:07 - [TEST_STEP][PASSED] - verifyElementPresent: Object 'Object Repository/Por_Consumer_ForgotPassword inf/lbl_ResetYourPassword_Portal_ForgotPassword' is present

2018-10-12 21:32:07 - [MESSAGE][PASSED] - Object 'Object Repository/Por_Consumer_ForgotPassword inf/lbl_ResetYourPassword_Portal_ForgotPassword' is present

2018-10-12 21:32:07 - [TEST_STEP][PASSED] - click: Object: 'Object Repository/Por_Consumer_ForgotPassword inf/btn_ChangePwd_Portal_ForgotPassword' is clicked on

2018-10-12 21:32:07 - [MESSAGE][PASSED] - Object: 'Object Repository/Por_Consumer_ForgotPassword inf/btn_ChangePwd_Portal_ForgotPassword' is clicked on

2018-10-12 21:32:07 - [TEST_STEP][PASSED] - verifyElementPresent: Object 'Object Repository/Por_Consumer_ForgotPassword inf/lbl_PassTooShort_Portal_ForgotPassword' is present

2018-10-12 21:32:07 - [MESSAGE][PASSED] - Object 'Object Repository/Por_Consumer_ForgotPassword inf/lbl_PassTooShort_Portal_ForgotPassword' is present

2018-10-12 21:32:07 - [TEST_STEP][PASSED] - closeBrowser: Browser is closed

2018-10-12 21:32:08 - [MESSAGE][PASSED] - Browser is closed]]></system-out>
         <system-err><![CDATA[]]></system-err>
      </testcase>
      <testcase name="Test Cases/Consumer/Login/ConsLog_01_12_Verify that changing password with invalid confirm-password shows error message" classname="Test Cases/Consumer/Login/ConsLog_01_12_Verify that changing password with invalid confirm-password shows error message" status="PASSED">
         <system-out><![CDATA[2018-10-12 21:32:08 - [TEST_CASE][PASSED] - Test Cases/Consumer/Login/ConsLog_01_12_Verify that changing password with invalid confirm-password shows error message: Test Cases/Consumer/Login/ConsLog_01_12_Verify that changing password with invalid confirm-password shows error message

2018-10-12 21:32:08 - [TEST_STEP][PASSED] - customkeyword.CommonKeyword.OpenBrowser: customkeyword.CommonKeyword.OpenBrowser is PASSED

2018-10-12 21:32:12 - [MESSAGE][PASSED] - Browser is opened with url: 'http://www.yopmail.com/en/'

2018-10-12 21:32:13 - [MESSAGE][PASSED] - Current window maximized

2018-10-12 21:32:13 - [MESSAGE][PASSED] - customkeyword.CommonKeyword.OpenBrowser is PASSED

2018-10-12 21:32:13 - [TEST_STEP][PASSED] - customkeyword.CommonKeyword.CheckYopmailLink: customkeyword.CommonKeyword.CheckYopmailLink is PASSED

2018-10-12 21:32:14 - [MESSAGE][PASSED] - Text 'alanconsumer1010@yopmail.com' is set on object 'Object Repository/Yopmail inf/txt_Login_Yopmail'

2018-10-12 21:32:16 - [MESSAGE][PASSED] - Object: 'Object Repository/Yopmail inf/btn_CheckInbox_Yopmail' is clicked on

2018-10-12 21:32:17 - [MESSAGE][PASSED] - customkeyword.CommonKeyword.CheckYopmailLink is PASSED

2018-10-12 21:32:17 - [TEST_STEP][PASSED] - switchToWindowTitle: Switched to window with title: 'Password Reset | Pirq'

2018-10-12 21:32:21 - [MESSAGE][PASSED] - Switched to window with title: 'Password Reset | Pirq'

2018-10-12 21:32:21 - [TEST_STEP][PASSED] - verifyElementPresent: Object 'Object Repository/Por_Consumer_ForgotPassword inf/lbl_ResetYourPassword_Portal_ForgotPassword' is present

2018-10-12 21:32:21 - [MESSAGE][PASSED] - Object 'Object Repository/Por_Consumer_ForgotPassword inf/lbl_ResetYourPassword_Portal_ForgotPassword' is present

2018-10-12 21:32:21 - [TEST_STEP][PASSED] - setText: Text 'newpassword123' is set on object 'Object Repository/Por_Consumer_ForgotPassword inf/txt_NewPwd_Portal_ForgotPassword'

2018-10-12 21:32:21 - [MESSAGE][PASSED] - Text 'newpassword123' is set on object 'Object Repository/Por_Consumer_ForgotPassword inf/txt_NewPwd_Portal_ForgotPassword'

2018-10-12 21:32:21 - [TEST_STEP][PASSED] - click: Object: 'Object Repository/Por_Consumer_ForgotPassword inf/btn_ChangePwd_Portal_ForgotPassword' is clicked on

2018-10-12 21:32:22 - [MESSAGE][PASSED] - Object: 'Object Repository/Por_Consumer_ForgotPassword inf/btn_ChangePwd_Portal_ForgotPassword' is clicked on

2018-10-12 21:32:22 - [TEST_STEP][PASSED] - verifyElementPresent: Object 'Object Repository/Por_Consumer_ForgotPassword inf/lbl_PwdNoMatch_Portal_ForgotPassword' is present

2018-10-12 21:32:22 - [MESSAGE][PASSED] - Object 'Object Repository/Por_Consumer_ForgotPassword inf/lbl_PwdNoMatch_Portal_ForgotPassword' is present

2018-10-12 21:32:22 - [TEST_STEP][PASSED] - closeBrowser: Browser is closed

2018-10-12 21:32:23 - [MESSAGE][PASSED] - Browser is closed]]></system-out>
         <system-err><![CDATA[]]></system-err>
      </testcase>
      <testcase name="Test Cases/Consumer/Login/ConsLog_01_13_Verify that successfully changing password with valid pass" classname="Test Cases/Consumer/Login/ConsLog_01_13_Verify that successfully changing password with valid pass" status="PASSED">
         <system-out><![CDATA[2018-10-12 21:32:23 - [TEST_CASE][PASSED] - Test Cases/Consumer/Login/ConsLog_01_13_Verify that successfully changing password with valid pass: Test Cases/Consumer/Login/ConsLog_01_13_Verify that successfully changing password with valid pass

2018-10-12 21:32:23 - [TEST_STEP][PASSED] - customkeyword.CommonKeyword.OpenBrowser: customkeyword.CommonKeyword.OpenBrowser is PASSED

2018-10-12 21:32:28 - [MESSAGE][PASSED] - Browser is opened with url: 'http://www.yopmail.com/en/'

2018-10-12 21:32:29 - [MESSAGE][PASSED] - Current window maximized

2018-10-12 21:32:29 - [MESSAGE][PASSED] - customkeyword.CommonKeyword.OpenBrowser is PASSED

2018-10-12 21:32:29 - [TEST_STEP][PASSED] - customkeyword.CommonKeyword.CheckYopmailLink: customkeyword.CommonKeyword.CheckYopmailLink is PASSED

2018-10-12 21:32:29 - [MESSAGE][PASSED] - Text 'alanconsumer1010@yopmail.com' is set on object 'Object Repository/Yopmail inf/txt_Login_Yopmail'

2018-10-12 21:32:32 - [MESSAGE][PASSED] - Object: 'Object Repository/Yopmail inf/btn_CheckInbox_Yopmail' is clicked on

2018-10-12 21:32:32 - [MESSAGE][PASSED] - customkeyword.CommonKeyword.CheckYopmailLink is PASSED

2018-10-12 21:32:32 - [TEST_STEP][PASSED] - switchToWindowTitle: Switched to window with title: 'Password Reset | Pirq'

2018-10-12 21:32:36 - [MESSAGE][PASSED] - Switched to window with title: 'Password Reset | Pirq'

2018-10-12 21:32:36 - [TEST_STEP][PASSED] - verifyElementPresent: Object 'Object Repository/Por_Consumer_ForgotPassword inf/lbl_ResetYourPassword_Portal_ForgotPassword' is present

2018-10-12 21:32:37 - [MESSAGE][PASSED] - Object 'Object Repository/Por_Consumer_ForgotPassword inf/lbl_ResetYourPassword_Portal_ForgotPassword' is present

2018-10-12 21:32:37 - [TEST_STEP][PASSED] - setText: Text '123456?a' is set on object 'Object Repository/Por_Consumer_ForgotPassword inf/txt_NewPwd_Portal_ForgotPassword'

2018-10-12 21:32:37 - [MESSAGE][PASSED] - Text '123456?a' is set on object 'Object Repository/Por_Consumer_ForgotPassword inf/txt_NewPwd_Portal_ForgotPassword'

2018-10-12 21:32:37 - [TEST_STEP][PASSED] - setText: Text '123456?a' is set on object 'Object Repository/Por_Consumer_ForgotPassword inf/txt_ConfirmPwd_Portal_ForgotPassword'

2018-10-12 21:32:37 - [MESSAGE][PASSED] - Text '123456?a' is set on object 'Object Repository/Por_Consumer_ForgotPassword inf/txt_ConfirmPwd_Portal_ForgotPassword'

2018-10-12 21:32:37 - [TEST_STEP][PASSED] - click: Object: 'Object Repository/Por_Consumer_ForgotPassword inf/btn_ChangePwd_Portal_ForgotPassword' is clicked on

2018-10-12 21:32:37 - [MESSAGE][PASSED] - Object: 'Object Repository/Por_Consumer_ForgotPassword inf/btn_ChangePwd_Portal_ForgotPassword' is clicked on

2018-10-12 21:32:37 - [TEST_STEP][PASSED] - verifyElementPresent: Object 'Object Repository/Por_Consumer_ForgotPassword inf/lbl_Successpwdchanged_Portal_ForgotPassword' is present

2018-10-12 21:32:37 - [MESSAGE][PASSED] - Object 'Object Repository/Por_Consumer_ForgotPassword inf/lbl_Successpwdchanged_Portal_ForgotPassword' is present

2018-10-12 21:32:37 - [TEST_STEP][PASSED] - closeBrowser: Browser is closed

2018-10-12 21:32:38 - [MESSAGE][PASSED] - Browser is closed]]></system-out>
         <system-err><![CDATA[]]></system-err>
      </testcase>
      <testcase name="Test Cases/Consumer/Login/ConsLog_01_14_Verify that successfully logging in with new password" classname="Test Cases/Consumer/Login/ConsLog_01_14_Verify that successfully logging in with new password" status="PASSED">
         <system-out><![CDATA[2018-10-12 21:32:38 - [TEST_CASE][PASSED] - Test Cases/Consumer/Login/ConsLog_01_14_Verify that successfully logging in with new password: Test Cases/Consumer/Login/ConsLog_01_14_Verify that successfully logging in with new password

2018-10-12 21:32:38 - [TEST_STEP][PASSED] - customkeyword.CommonKeyword.OpenBrowser: customkeyword.CommonKeyword.OpenBrowser is PASSED

2018-10-12 21:32:44 - [MESSAGE][PASSED] - Browser is opened with url: 'https://staging-1.pirq.com/user/login'

2018-10-12 21:32:45 - [MESSAGE][PASSED] - Current window maximized

2018-10-12 21:32:45 - [MESSAGE][PASSED] - customkeyword.CommonKeyword.OpenBrowser is PASSED

2018-10-12 21:32:45 - [TEST_STEP][PASSED] - customkeyword.CommonKeyword.LoginConsumer: customkeyword.CommonKeyword.LoginConsumer is PASSED

2018-10-12 21:32:46 - [MESSAGE][PASSED] - Text 'alanconsumer1010@yopmail.com' is set on object 'Object Repository/Por_Consumer inf/txt_Email_Portal_Login'

2018-10-12 21:32:46 - [MESSAGE][PASSED] - Text '123456?a' is set on object 'Object Repository/Por_Consumer inf/txt_Password_Portal_Login'

2018-10-12 21:32:47 - [MESSAGE][PASSED] - Object: 'Object Repository/Por_Consumer inf/btn_Login_Portal_Login' is clicked on

2018-10-12 21:32:47 - [MESSAGE][PASSED] - customkeyword.CommonKeyword.LoginConsumer is PASSED

2018-10-12 21:32:47 - [TEST_STEP][PASSED] - verifyElementPresent: Object 'Object Repository/Por_Consumer inf/lbl_LoggedAs_Portal_Login' is present

2018-10-12 21:32:47 - [MESSAGE][PASSED] - Object 'Object Repository/Por_Consumer inf/lbl_LoggedAs_Portal_Login' is present

2018-10-12 21:32:47 - [TEST_STEP][PASSED] - closeBrowser: Browser is closed

2018-10-12 21:32:48 - [MESSAGE][PASSED] - Browser is closed]]></system-out>
         <system-err><![CDATA[]]></system-err>
      </testcase>
      <system-out><![CDATA[2018-10-12 21:27:23 - [TEST_SUITE][PASSED] - Consumer Testsuite: Test Cases/Consumer/Login/ConsLog_01_14_Verify that successfully logging in with new password]]></system-out>
      <system-err><![CDATA[]]></system-err>
   </testsuite>
</testsuites>
