<?xml version="1.0" encoding="UTF-8"?>
<testsuites name="Consumer" time="205" tests="12" failures="0" errors="0">
   <testsuite name="Consumer" tests="12" failures="0" errors="0" time="205" timestamp="2018-10-15 16:51:25" hostname="thuat - DESKTOP-PB1MMKA" id="Test Suites/Consumer">
      <properties>
         <property name="deviceName" value=""/>
         <property name="devicePlatform" value=""/>
         <property name="logFolder" value="C:\\Users\\thuat\\Documents\\GitHub\\iPayment\\Reports\\Consumer\\20181015_165121"/>
         <property name="logFiles" value="C:\\Users\\thuat\\Documents\\GitHub\\iPayment\\Reports\\Consumer\\20181015_165121\\execution0.log"/>
         <property name="attachments" value=""/>
         <property name="hostName" value="thuat - DESKTOP-PB1MMKA"/>
         <property name="os" value="Windows 10 64bit"/>
         <property name="katalonVersion" value="5.8.0.1"/>
         <property name="browser" value="Chrome 69.0.3497.100"/>
         <property name="hostAddress" value="10.0.0.173"/>
         <property name="sessionId" value="b56ba0b1b391503bfbb1513b6bfca6aa"/>
         <property name="seleniumVersion" value="3.7.1"/>
         <property name="proxyInformation" value="ProxyInformation{proxyOption=NO_PROXY, proxyServerType=HTTP, password=, proxyServerAddress=, proxyServerPort=0}"/>
         <property name="platform" value="Windows 10"/>
      </properties>
      <testcase name="Test Cases/Consumer/Sign Up/ConsSig_01_01_Verify clicking Signup on button will redirect to Consumer Sign up page correctly" classname="Test Cases/Consumer/Sign Up/ConsSig_01_01_Verify clicking Signup on button will redirect to Consumer Sign up page correctly" status="PASSED">
         <system-out><![CDATA[2018-10-15 16:51:26 - [TEST_CASE][PASSED] - Test Cases/Consumer/Sign Up/ConsSig_01_01_Verify clicking Signup on button will redirect to Consumer Sign up page correctly: Test Cases/Consumer/Sign Up/ConsSig_01_01_Verify clicking Signup on button will redirect to Consumer Sign up page correctly

2018-10-15 16:51:27 - [TEST_STEP][PASSED] - customkeyword.CommonKeyword.OpenBrowser: customkeyword.CommonKeyword.OpenBrowser is PASSED

2018-10-15 16:51:36 - [MESSAGE][PASSED] - Browser is opened with url: 'https://staging-1.pirq.com/'

2018-10-15 16:51:38 - [MESSAGE][PASSED] - Current window maximized

2018-10-15 16:51:38 - [MESSAGE][PASSED] - customkeyword.CommonKeyword.OpenBrowser is PASSED

2018-10-15 16:51:38 - [TEST_STEP][PASSED] - click: Object: 'Object Repository/Consumer/Por_Home inf/btn_Signup_Portal_Homepage' is clicked on

2018-10-15 16:51:39 - [MESSAGE][PASSED] - Object: 'Object Repository/Consumer/Por_Home inf/btn_Signup_Portal_Homepage' is clicked on

2018-10-15 16:51:39 - [TEST_STEP][PASSED] - verifyElementPresent: Object 'Object Repository/Consumer/Por_Consumer inf/lbl_Signup_Portal_Signup' is present

2018-10-15 16:51:39 - [MESSAGE][PASSED] - Object 'Object Repository/Consumer/Por_Consumer inf/lbl_Signup_Portal_Signup' is present

2018-10-15 16:51:39 - [TEST_STEP][PASSED] - closeBrowser: Browser is closed

2018-10-15 16:51:40 - [MESSAGE][PASSED] - Browser is closed]]></system-out>
         <system-err><![CDATA[]]></system-err>
      </testcase>
      <testcase name="Test Cases/Consumer/Sign Up/ConsSig_01_02_Verify that signing up with empty required fields shows error message" classname="Test Cases/Consumer/Sign Up/ConsSig_01_02_Verify that signing up with empty required fields shows error message" status="PASSED">
         <system-out><![CDATA[2018-10-15 16:51:40 - [TEST_CASE][PASSED] - Test Cases/Consumer/Sign Up/ConsSig_01_02_Verify that signing up with empty required fields shows error message: Test Cases/Consumer/Sign Up/ConsSig_01_02_Verify that signing up with empty required fields shows error message

2018-10-15 16:51:40 - [TEST_STEP][PASSED] - customkeyword.CommonKeyword.OpenBrowser: customkeyword.CommonKeyword.OpenBrowser is PASSED

2018-10-15 16:51:47 - [MESSAGE][PASSED] - Browser is opened with url: 'https://staging-1.pirq.com/user/signup'

2018-10-15 16:51:48 - [MESSAGE][PASSED] - Current window maximized

2018-10-15 16:51:48 - [MESSAGE][PASSED] - customkeyword.CommonKeyword.OpenBrowser is PASSED

2018-10-15 16:51:48 - [TEST_STEP][PASSED] - click: Object: 'Object Repository/Consumer/Por_Consumer inf/btn_CreateAccount_Portal_Signup' is clicked on

2018-10-15 16:51:50 - [MESSAGE][PASSED] - Object: 'Object Repository/Consumer/Por_Consumer inf/btn_CreateAccount_Portal_Signup' is clicked on

2018-10-15 16:51:50 - [TEST_STEP][PASSED] - verifyElementPresent: Object 'Object Repository/Consumer/Por_Consumer inf/lbl_PlsFillEmail' is present

2018-10-15 16:51:50 - [MESSAGE][PASSED] - Object 'Object Repository/Consumer/Por_Consumer inf/lbl_PlsFillEmail' is present

2018-10-15 16:51:50 - [TEST_STEP][PASSED] - closeBrowser: Browser is closed

2018-10-15 16:51:51 - [MESSAGE][PASSED] - Browser is closed]]></system-out>
         <system-err><![CDATA[]]></system-err>
      </testcase>
      <testcase name="Test Cases/Consumer/Sign Up/ConsSig_01_03_Verify that signing up with invalid email shows error message" classname="Test Cases/Consumer/Sign Up/ConsSig_01_03_Verify that signing up with invalid email shows error message" status="PASSED">
         <system-out><![CDATA[2018-10-15 16:51:51 - [TEST_CASE][PASSED] - Test Cases/Consumer/Sign Up/ConsSig_01_03_Verify that signing up with invalid email shows error message: Test Cases/Consumer/Sign Up/ConsSig_01_03_Verify that signing up with invalid email shows error message

2018-10-15 16:51:51 - [TEST_STEP][PASSED] - customkeyword.CommonKeyword.OpenBrowser: customkeyword.CommonKeyword.OpenBrowser is PASSED

2018-10-15 16:51:56 - [MESSAGE][PASSED] - Browser is opened with url: 'https://staging-1.pirq.com/user/signup'

2018-10-15 16:51:58 - [MESSAGE][PASSED] - Current window maximized

2018-10-15 16:51:58 - [MESSAGE][PASSED] - customkeyword.CommonKeyword.OpenBrowser is PASSED

2018-10-15 16:51:58 - [TEST_STEP][PASSED] - setText: Text 'invalidemail' is set on object 'Object Repository/Consumer/Por_Consumer inf/txt_Email_Portal_Signup'

2018-10-15 16:51:58 - [MESSAGE][PASSED] - Text 'invalidemail' is set on object 'Object Repository/Consumer/Por_Consumer inf/txt_Email_Portal_Signup'

2018-10-15 16:51:58 - [TEST_STEP][PASSED] - click: Object: 'Object Repository/Consumer/Por_Consumer inf/btn_CreateAccount_Portal_Signup' is clicked on

2018-10-15 16:51:59 - [MESSAGE][PASSED] - Object: 'Object Repository/Consumer/Por_Consumer inf/btn_CreateAccount_Portal_Signup' is clicked on

2018-10-15 16:51:59 - [TEST_STEP][PASSED] - verifyElementPresent: Object 'Object Repository/Consumer/Por_Consumer inf/lbl_PlsEntValidEmail_Portal_Signup' is present

2018-10-15 16:51:59 - [MESSAGE][PASSED] - Object 'Object Repository/Consumer/Por_Consumer inf/lbl_PlsEntValidEmail_Portal_Signup' is present

2018-10-15 16:51:59 - [TEST_STEP][PASSED] - closeBrowser: Browser is closed

2018-10-15 16:52:00 - [MESSAGE][PASSED] - Browser is closed]]></system-out>
         <system-err><![CDATA[]]></system-err>
      </testcase>
      <testcase name="Test Cases/Consumer/Sign Up/ConsSig_01_05_Verify that signing up with valid email" classname="Test Cases/Consumer/Sign Up/ConsSig_01_05_Verify that signing up with valid email" status="PASSED">
         <system-out><![CDATA[2018-10-15 16:52:00 - [TEST_CASE][PASSED] - Test Cases/Consumer/Sign Up/ConsSig_01_05_Verify that signing up with valid email: Test Cases/Consumer/Sign Up/ConsSig_01_05_Verify that signing up with valid email

2018-10-15 16:52:00 - [TEST_STEP][PASSED] - customkeyword.CommonKeyword.OpenBrowser: customkeyword.CommonKeyword.OpenBrowser is PASSED

2018-10-15 16:52:06 - [MESSAGE][PASSED] - Browser is opened with url: 'https://staging-1.pirq.com/user/signup'

2018-10-15 16:52:07 - [MESSAGE][PASSED] - Current window maximized

2018-10-15 16:52:07 - [MESSAGE][PASSED] - customkeyword.CommonKeyword.OpenBrowser is PASSED

2018-10-15 16:52:07 - [TEST_STEP][PASSED] - Statement - var_ConsumerNewSignUpEmail = CustomKeywords.customkeyword.CommonKeyword.GenerateEmail("Consumer"): customkeyword.CommonKeyword.GenerateEmail is PASSED

2018-10-15 16:52:07 - [MESSAGE][PASSED] - customkeyword.CommonKeyword.GenerateEmail is PASSED

2018-10-15 16:52:07 - [TEST_STEP][PASSED] - comment: Consumer151018045207@yopmail.com

2018-10-15 16:52:07 - [TEST_STEP][PASSED] - setText: Text 'Consumer151018045207@yopmail.com' is set on object 'Object Repository/Consumer/Por_Consumer inf/txt_Email_Portal_Signup'

2018-10-15 16:52:08 - [MESSAGE][PASSED] - Text 'Consumer151018045207@yopmail.com' is set on object 'Object Repository/Consumer/Por_Consumer inf/txt_Email_Portal_Signup'

2018-10-15 16:52:08 - [TEST_STEP][PASSED] - click: Object: 'Object Repository/Consumer/Por_Consumer inf/btn_CreateAccount_Portal_Signup' is clicked on

2018-10-15 16:52:09 - [MESSAGE][PASSED] - Object: 'Object Repository/Consumer/Por_Consumer inf/btn_CreateAccount_Portal_Signup' is clicked on

2018-10-15 16:52:09 - [TEST_STEP][PASSED] - verifyElementPresent: Object 'Object Repository/Consumer/Por_Consumer inf/lbl_SuccessSignup_Portal_Signup' is present

2018-10-15 16:52:09 - [MESSAGE][PASSED] - Object 'Object Repository/Consumer/Por_Consumer inf/lbl_SuccessSignup_Portal_Signup' is present

2018-10-15 16:52:09 - [TEST_STEP][PASSED] - closeBrowser: Browser is closed

2018-10-15 16:52:10 - [MESSAGE][PASSED] - Browser is closed]]></system-out>
         <system-err><![CDATA[]]></system-err>
      </testcase>
      <testcase name="Test Cases/Consumer/Sign Up/ConsSig_01_06_Verify that clicking on confirmation link will redirect ro confirm-user page with the correct email showed" classname="Test Cases/Consumer/Sign Up/ConsSig_01_06_Verify that clicking on confirmation link will redirect ro confirm-user page with the correct email showed" status="PASSED">
         <system-out><![CDATA[2018-10-15 16:52:10 - [TEST_CASE][PASSED] - Test Cases/Consumer/Sign Up/ConsSig_01_06_Verify that clicking on confirmation link will redirect ro confirm-user page with the correct email showed: Test Cases/Consumer/Sign Up/ConsSig_01_06_Verify that clicking on confirmation link will redirect ro confirm-user page with the correct email showed

2018-10-15 16:52:10 - [TEST_STEP][PASSED] - customkeyword.CommonKeyword.OpenBrowser: customkeyword.CommonKeyword.OpenBrowser is PASSED

2018-10-15 16:52:16 - [MESSAGE][PASSED] - Browser is opened with url: 'http://www.yopmail.com/en/'

2018-10-15 16:52:17 - [MESSAGE][PASSED] - Current window maximized

2018-10-15 16:52:17 - [MESSAGE][PASSED] - customkeyword.CommonKeyword.OpenBrowser is PASSED

2018-10-15 16:52:17 - [TEST_STEP][PASSED] - comment: Consumer151018045207@yopmail.com

2018-10-15 16:52:17 - [TEST_STEP][PASSED] - customkeyword.CommonKeyword.CheckYopmailLink: customkeyword.CommonKeyword.CheckYopmailLink is PASSED

2018-10-15 16:52:18 - [MESSAGE][PASSED] - Text 'Consumer151018045207@yopmail.com' is set on object 'Object Repository/Yopmail inf/txt_Login_Yopmail'

2018-10-15 16:52:21 - [MESSAGE][PASSED] - Object: 'Object Repository/Yopmail inf/btn_CheckInbox_Yopmail' is clicked on

2018-10-15 16:52:23 - [MESSAGE][PASSED] - customkeyword.CommonKeyword.CheckYopmailLink is PASSED

2018-10-15 16:52:23 - [TEST_STEP][PASSED] - switchToWindowTitle: Switched to window with title: 'Pirq'

2018-10-15 16:52:26 - [MESSAGE][PASSED] - Switched to window with title: 'Pirq'

2018-10-15 16:52:26 - [TEST_STEP][PASSED] - verifyElementPresent: Object 'Object Repository/Consumer/Por_Confirm Account inf/lbl_ConfirmYourAccount' is present

2018-10-15 16:52:27 - [MESSAGE][PASSED] - Object 'Object Repository/Consumer/Por_Confirm Account inf/lbl_ConfirmYourAccount' is present

2018-10-15 16:52:27 - [TEST_STEP][PASSED] - closeBrowser: Browser is closed

2018-10-15 16:52:28 - [MESSAGE][PASSED] - Browser is closed]]></system-out>
         <system-err><![CDATA[]]></system-err>
      </testcase>
      <testcase name="Test Cases/Consumer/Sign Up/ConsSig_01_07_Verify that submitting confirm account with empty first name" classname="Test Cases/Consumer/Sign Up/ConsSig_01_07_Verify that submitting confirm account with empty first name" status="PASSED">
         <system-out><![CDATA[2018-10-15 16:52:28 - [TEST_CASE][PASSED] - Test Cases/Consumer/Sign Up/ConsSig_01_07_Verify that submitting confirm account with empty first name: Test Cases/Consumer/Sign Up/ConsSig_01_07_Verify that submitting confirm account with empty first name

2018-10-15 16:52:28 - [TEST_STEP][PASSED] - customkeyword.CommonKeyword.OpenBrowser: customkeyword.CommonKeyword.OpenBrowser is PASSED

2018-10-15 16:52:34 - [MESSAGE][PASSED] - Browser is opened with url: 'http://www.yopmail.com/en/'

2018-10-15 16:52:35 - [MESSAGE][PASSED] - Current window maximized

2018-10-15 16:52:35 - [MESSAGE][PASSED] - customkeyword.CommonKeyword.OpenBrowser is PASSED

2018-10-15 16:52:35 - [TEST_STEP][PASSED] - comment: Consumer151018045207@yopmail.com

2018-10-15 16:52:35 - [TEST_STEP][PASSED] - customkeyword.CommonKeyword.CheckYopmailLink: customkeyword.CommonKeyword.CheckYopmailLink is PASSED

2018-10-15 16:52:36 - [MESSAGE][PASSED] - Text 'Consumer151018045207@yopmail.com' is set on object 'Object Repository/Yopmail inf/txt_Login_Yopmail'

2018-10-15 16:52:39 - [MESSAGE][PASSED] - Object: 'Object Repository/Yopmail inf/btn_CheckInbox_Yopmail' is clicked on

2018-10-15 16:52:41 - [MESSAGE][PASSED] - customkeyword.CommonKeyword.CheckYopmailLink is PASSED

2018-10-15 16:52:41 - [TEST_STEP][PASSED] - switchToWindowTitle: Switched to window with title: 'Pirq'

2018-10-15 16:52:45 - [MESSAGE][PASSED] - Switched to window with title: 'Pirq'

2018-10-15 16:52:45 - [TEST_STEP][PASSED] - verifyElementPresent: Object 'Object Repository/Consumer/Por_Confirm Account inf/lbl_ConfirmYourAccount' is present

2018-10-15 16:52:45 - [MESSAGE][PASSED] - Object 'Object Repository/Consumer/Por_Confirm Account inf/lbl_ConfirmYourAccount' is present

2018-10-15 16:52:45 - [TEST_STEP][PASSED] - click: Object: 'Object Repository/Consumer/Por_Confirm Account inf/btn_Confirm' is clicked on

2018-10-15 16:52:46 - [MESSAGE][PASSED] - Object: 'Object Repository/Consumer/Por_Confirm Account inf/btn_Confirm' is clicked on

2018-10-15 16:52:46 - [TEST_STEP][PASSED] - verifyElementPresent: Object 'Object Repository/Consumer/Por_Confirm Account inf/lbl_PlsProvideaFirstName' is present

2018-10-15 16:52:46 - [MESSAGE][PASSED] - Object 'Object Repository/Consumer/Por_Confirm Account inf/lbl_PlsProvideaFirstName' is present

2018-10-15 16:52:46 - [TEST_STEP][PASSED] - closeBrowser: Browser is closed

2018-10-15 16:52:47 - [MESSAGE][PASSED] - Browser is closed]]></system-out>
         <system-err><![CDATA[]]></system-err>
      </testcase>
      <testcase name="Test Cases/Consumer/Sign Up/ConsSig_01_08_Verify that submitting confirm account with empty last name" classname="Test Cases/Consumer/Sign Up/ConsSig_01_08_Verify that submitting confirm account with empty last name" status="PASSED">
         <system-out><![CDATA[2018-10-15 16:52:47 - [TEST_CASE][PASSED] - Test Cases/Consumer/Sign Up/ConsSig_01_08_Verify that submitting confirm account with empty last name: Test Cases/Consumer/Sign Up/ConsSig_01_08_Verify that submitting confirm account with empty last name

2018-10-15 16:52:47 - [TEST_STEP][PASSED] - customkeyword.CommonKeyword.OpenBrowser: customkeyword.CommonKeyword.OpenBrowser is PASSED

2018-10-15 16:52:53 - [MESSAGE][PASSED] - Browser is opened with url: 'http://www.yopmail.com/en/'

2018-10-15 16:52:54 - [MESSAGE][PASSED] - Current window maximized

2018-10-15 16:52:54 - [MESSAGE][PASSED] - customkeyword.CommonKeyword.OpenBrowser is PASSED

2018-10-15 16:52:54 - [TEST_STEP][PASSED] - customkeyword.CommonKeyword.CheckYopmailLink: customkeyword.CommonKeyword.CheckYopmailLink is PASSED

2018-10-15 16:52:55 - [MESSAGE][PASSED] - Text 'Consumer151018045207@yopmail.com' is set on object 'Object Repository/Yopmail inf/txt_Login_Yopmail'

2018-10-15 16:52:58 - [MESSAGE][PASSED] - Object: 'Object Repository/Yopmail inf/btn_CheckInbox_Yopmail' is clicked on

2018-10-15 16:53:00 - [MESSAGE][PASSED] - customkeyword.CommonKeyword.CheckYopmailLink is PASSED

2018-10-15 16:53:00 - [TEST_STEP][PASSED] - switchToWindowTitle: Switched to window with title: 'Pirq'

2018-10-15 16:53:04 - [MESSAGE][PASSED] - Switched to window with title: 'Pirq'

2018-10-15 16:53:04 - [TEST_STEP][PASSED] - verifyElementPresent: Object 'Object Repository/Consumer/Por_Confirm Account inf/lbl_ConfirmYourAccount' is present

2018-10-15 16:53:04 - [MESSAGE][PASSED] - Object 'Object Repository/Consumer/Por_Confirm Account inf/lbl_ConfirmYourAccount' is present

2018-10-15 16:53:04 - [TEST_STEP][PASSED] - setText: Text 'Alan' is set on object 'Object Repository/Consumer/Por_Confirm Account inf/txt_FirstName'

2018-10-15 16:53:04 - [MESSAGE][PASSED] - Text 'Alan' is set on object 'Object Repository/Consumer/Por_Confirm Account inf/txt_FirstName'

2018-10-15 16:53:04 - [TEST_STEP][PASSED] - click: Object: 'Object Repository/Consumer/Por_Confirm Account inf/btn_Confirm' is clicked on

2018-10-15 16:53:06 - [MESSAGE][PASSED] - Object: 'Object Repository/Consumer/Por_Confirm Account inf/btn_Confirm' is clicked on

2018-10-15 16:53:06 - [TEST_STEP][PASSED] - verifyElementPresent: Object 'Object Repository/Consumer/Por_Confirm Account inf/lbl_PlsProvideaLastName' is present

2018-10-15 16:53:06 - [MESSAGE][PASSED] - Object 'Object Repository/Consumer/Por_Confirm Account inf/lbl_PlsProvideaLastName' is present

2018-10-15 16:53:06 - [TEST_STEP][PASSED] - closeBrowser: Browser is closed

2018-10-15 16:53:07 - [MESSAGE][PASSED] - Browser is closed]]></system-out>
         <system-err><![CDATA[]]></system-err>
      </testcase>
      <testcase name="Test Cases/Consumer/Sign Up/ConsSig_01_09_Verify that submitting confirm account with empty password" classname="Test Cases/Consumer/Sign Up/ConsSig_01_09_Verify that submitting confirm account with empty password" status="PASSED">
         <system-out><![CDATA[2018-10-15 16:53:07 - [TEST_CASE][PASSED] - Test Cases/Consumer/Sign Up/ConsSig_01_09_Verify that submitting confirm account with empty password: Test Cases/Consumer/Sign Up/ConsSig_01_09_Verify that submitting confirm account with empty password

2018-10-15 16:53:07 - [TEST_STEP][PASSED] - customkeyword.CommonKeyword.OpenBrowser: customkeyword.CommonKeyword.OpenBrowser is PASSED

2018-10-15 16:53:13 - [MESSAGE][PASSED] - Browser is opened with url: 'http://www.yopmail.com/en/'

2018-10-15 16:53:14 - [MESSAGE][PASSED] - Current window maximized

2018-10-15 16:53:14 - [MESSAGE][PASSED] - customkeyword.CommonKeyword.OpenBrowser is PASSED

2018-10-15 16:53:14 - [TEST_STEP][PASSED] - customkeyword.CommonKeyword.CheckYopmailLink: customkeyword.CommonKeyword.CheckYopmailLink is PASSED

2018-10-15 16:53:15 - [MESSAGE][PASSED] - Text 'Consumer151018045207@yopmail.com' is set on object 'Object Repository/Yopmail inf/txt_Login_Yopmail'

2018-10-15 16:53:18 - [MESSAGE][PASSED] - Object: 'Object Repository/Yopmail inf/btn_CheckInbox_Yopmail' is clicked on

2018-10-15 16:53:21 - [MESSAGE][PASSED] - customkeyword.CommonKeyword.CheckYopmailLink is PASSED

2018-10-15 16:53:21 - [TEST_STEP][PASSED] - switchToWindowTitle: Switched to window with title: 'Pirq'

2018-10-15 16:53:25 - [MESSAGE][PASSED] - Switched to window with title: 'Pirq'

2018-10-15 16:53:25 - [TEST_STEP][PASSED] - verifyElementPresent: Object 'Object Repository/Consumer/Por_Confirm Account inf/lbl_ConfirmYourAccount' is present

2018-10-15 16:53:25 - [MESSAGE][PASSED] - Object 'Object Repository/Consumer/Por_Confirm Account inf/lbl_ConfirmYourAccount' is present

2018-10-15 16:53:25 - [TEST_STEP][PASSED] - setText: Text 'Alan' is set on object 'Object Repository/Consumer/Por_Confirm Account inf/txt_FirstName'

2018-10-15 16:53:25 - [MESSAGE][PASSED] - Text 'Alan' is set on object 'Object Repository/Consumer/Por_Confirm Account inf/txt_FirstName'

2018-10-15 16:53:25 - [TEST_STEP][PASSED] - setText: Text 'Consumer' is set on object 'Object Repository/Consumer/Por_Confirm Account inf/txt_LastName'

2018-10-15 16:53:25 - [MESSAGE][PASSED] - Text 'Consumer' is set on object 'Object Repository/Consumer/Por_Confirm Account inf/txt_LastName'

2018-10-15 16:53:25 - [TEST_STEP][PASSED] - click: Object: 'Object Repository/Consumer/Por_Confirm Account inf/btn_Confirm' is clicked on

2018-10-15 16:53:26 - [MESSAGE][PASSED] - Object: 'Object Repository/Consumer/Por_Confirm Account inf/btn_Confirm' is clicked on

2018-10-15 16:53:26 - [TEST_STEP][PASSED] - verifyElementPresent: Object 'Object Repository/Consumer/Por_Confirm Account inf/lbl_PlsSetYourPassword' is present

2018-10-15 16:53:26 - [MESSAGE][PASSED] - Object 'Object Repository/Consumer/Por_Confirm Account inf/lbl_PlsSetYourPassword' is present

2018-10-15 16:53:26 - [TEST_STEP][PASSED] - closeBrowser: Browser is closed

2018-10-15 16:53:27 - [MESSAGE][PASSED] - Browser is closed]]></system-out>
         <system-err><![CDATA[]]></system-err>
      </testcase>
      <testcase name="Test Cases/Consumer/Sign Up/ConsSig_01_10_Verify that submitting confirm account with password lessthan 8 characters" classname="Test Cases/Consumer/Sign Up/ConsSig_01_10_Verify that submitting confirm account with password lessthan 8 characters" status="PASSED">
         <system-out><![CDATA[2018-10-15 16:53:27 - [TEST_CASE][PASSED] - Test Cases/Consumer/Sign Up/ConsSig_01_10_Verify that submitting confirm account with password lessthan 8 characters: Test Cases/Consumer/Sign Up/ConsSig_01_10_Verify that submitting confirm account with password lessthan 8 characters

2018-10-15 16:53:28 - [TEST_STEP][PASSED] - customkeyword.CommonKeyword.OpenBrowser: customkeyword.CommonKeyword.OpenBrowser is PASSED

2018-10-15 16:53:34 - [MESSAGE][PASSED] - Browser is opened with url: 'http://www.yopmail.com/en/'

2018-10-15 16:53:35 - [MESSAGE][PASSED] - Current window maximized

2018-10-15 16:53:35 - [MESSAGE][PASSED] - customkeyword.CommonKeyword.OpenBrowser is PASSED

2018-10-15 16:53:35 - [TEST_STEP][PASSED] - customkeyword.CommonKeyword.CheckYopmailLink: customkeyword.CommonKeyword.CheckYopmailLink is PASSED

2018-10-15 16:53:36 - [MESSAGE][PASSED] - Text 'Consumer151018045207@yopmail.com' is set on object 'Object Repository/Yopmail inf/txt_Login_Yopmail'

2018-10-15 16:53:39 - [MESSAGE][PASSED] - Object: 'Object Repository/Yopmail inf/btn_CheckInbox_Yopmail' is clicked on

2018-10-15 16:53:40 - [MESSAGE][PASSED] - customkeyword.CommonKeyword.CheckYopmailLink is PASSED

2018-10-15 16:53:40 - [TEST_STEP][PASSED] - switchToWindowTitle: Switched to window with title: 'Pirq'

2018-10-15 16:53:44 - [MESSAGE][PASSED] - Switched to window with title: 'Pirq'

2018-10-15 16:53:44 - [TEST_STEP][PASSED] - verifyElementPresent: Object 'Object Repository/Consumer/Por_Confirm Account inf/lbl_ConfirmYourAccount' is present

2018-10-15 16:53:44 - [MESSAGE][PASSED] - Object 'Object Repository/Consumer/Por_Confirm Account inf/lbl_ConfirmYourAccount' is present

2018-10-15 16:53:44 - [TEST_STEP][PASSED] - setText: Text 'Alan' is set on object 'Object Repository/Consumer/Por_Confirm Account inf/txt_FirstName'

2018-10-15 16:53:45 - [MESSAGE][PASSED] - Text 'Alan' is set on object 'Object Repository/Consumer/Por_Confirm Account inf/txt_FirstName'

2018-10-15 16:53:45 - [TEST_STEP][PASSED] - setText: Text 'Consumer' is set on object 'Object Repository/Consumer/Por_Confirm Account inf/txt_LastName'

2018-10-15 16:53:45 - [MESSAGE][PASSED] - Text 'Consumer' is set on object 'Object Repository/Consumer/Por_Confirm Account inf/txt_LastName'

2018-10-15 16:53:45 - [TEST_STEP][PASSED] - setText: Text '123' is set on object 'Object Repository/Consumer/Por_Confirm Account inf/txt_SetPassword'

2018-10-15 16:53:46 - [MESSAGE][PASSED] - Text '123' is set on object 'Object Repository/Consumer/Por_Confirm Account inf/txt_SetPassword'

2018-10-15 16:53:46 - [TEST_STEP][PASSED] - click: Object: 'Object Repository/Consumer/Por_Confirm Account inf/btn_Confirm' is clicked on

2018-10-15 16:53:47 - [MESSAGE][PASSED] - Object: 'Object Repository/Consumer/Por_Confirm Account inf/btn_Confirm' is clicked on

2018-10-15 16:53:47 - [TEST_STEP][PASSED] - verifyElementPresent: Object 'Object Repository/Consumer/Por_Confirm Account inf/lbl_PasswordMustBe8char' is present

2018-10-15 16:53:47 - [MESSAGE][PASSED] - Object 'Object Repository/Consumer/Por_Confirm Account inf/lbl_PasswordMustBe8char' is present

2018-10-15 16:53:47 - [TEST_STEP][PASSED] - closeBrowser: Browser is closed

2018-10-15 16:53:48 - [MESSAGE][PASSED] - Browser is closed]]></system-out>
         <system-err><![CDATA[]]></system-err>
      </testcase>
      <testcase name="Test Cases/Consumer/Sign Up/ConsSig_01_11_Verify that submitting confirm account with password no alphabet character" classname="Test Cases/Consumer/Sign Up/ConsSig_01_11_Verify that submitting confirm account with password no alphabet character" status="PASSED">
         <system-out><![CDATA[2018-10-15 16:53:48 - [TEST_CASE][PASSED] - Test Cases/Consumer/Sign Up/ConsSig_01_11_Verify that submitting confirm account with password no alphabet character: Test Cases/Consumer/Sign Up/ConsSig_01_11_Verify that submitting confirm account with password no alphabet character

2018-10-15 16:53:48 - [TEST_STEP][PASSED] - customkeyword.CommonKeyword.OpenBrowser: customkeyword.CommonKeyword.OpenBrowser is PASSED

2018-10-15 16:53:54 - [MESSAGE][PASSED] - Browser is opened with url: 'http://www.yopmail.com/en/'

2018-10-15 16:53:55 - [MESSAGE][PASSED] - Current window maximized

2018-10-15 16:53:55 - [MESSAGE][PASSED] - customkeyword.CommonKeyword.OpenBrowser is PASSED

2018-10-15 16:53:55 - [TEST_STEP][PASSED] - customkeyword.CommonKeyword.CheckYopmailLink: customkeyword.CommonKeyword.CheckYopmailLink is PASSED

2018-10-15 16:53:56 - [MESSAGE][PASSED] - Text 'Consumer151018045207@yopmail.com' is set on object 'Object Repository/Yopmail inf/txt_Login_Yopmail'

2018-10-15 16:53:59 - [MESSAGE][PASSED] - Object: 'Object Repository/Yopmail inf/btn_CheckInbox_Yopmail' is clicked on

2018-10-15 16:54:01 - [MESSAGE][PASSED] - customkeyword.CommonKeyword.CheckYopmailLink is PASSED

2018-10-15 16:54:01 - [TEST_STEP][PASSED] - switchToWindowTitle: Switched to window with title: 'Pirq'

2018-10-15 16:54:05 - [MESSAGE][PASSED] - Switched to window with title: 'Pirq'

2018-10-15 16:54:05 - [TEST_STEP][PASSED] - verifyElementPresent: Object 'Object Repository/Consumer/Por_Confirm Account inf/lbl_ConfirmYourAccount' is present

2018-10-15 16:54:05 - [MESSAGE][PASSED] - Object 'Object Repository/Consumer/Por_Confirm Account inf/lbl_ConfirmYourAccount' is present

2018-10-15 16:54:05 - [TEST_STEP][PASSED] - setText: Text 'Alan' is set on object 'Object Repository/Consumer/Por_Confirm Account inf/txt_FirstName'

2018-10-15 16:54:05 - [MESSAGE][PASSED] - Text 'Alan' is set on object 'Object Repository/Consumer/Por_Confirm Account inf/txt_FirstName'

2018-10-15 16:54:05 - [TEST_STEP][PASSED] - setText: Text 'Consumer' is set on object 'Object Repository/Consumer/Por_Confirm Account inf/txt_LastName'

2018-10-15 16:54:06 - [MESSAGE][PASSED] - Text 'Consumer' is set on object 'Object Repository/Consumer/Por_Confirm Account inf/txt_LastName'

2018-10-15 16:54:06 - [TEST_STEP][PASSED] - setText: Text '12345678' is set on object 'Object Repository/Consumer/Por_Confirm Account inf/txt_SetPassword'

2018-10-15 16:54:07 - [MESSAGE][PASSED] - Text '12345678' is set on object 'Object Repository/Consumer/Por_Confirm Account inf/txt_SetPassword'

2018-10-15 16:54:07 - [TEST_STEP][PASSED] - click: Object: 'Object Repository/Consumer/Por_Confirm Account inf/btn_Confirm' is clicked on

2018-10-15 16:54:08 - [MESSAGE][PASSED] - Object: 'Object Repository/Consumer/Por_Confirm Account inf/btn_Confirm' is clicked on

2018-10-15 16:54:08 - [TEST_STEP][PASSED] - verifyElementPresent: Object 'Object Repository/Consumer/Por_Confirm Account inf/lbl_PasswordLeast1Alphabet' is present

2018-10-15 16:54:08 - [MESSAGE][PASSED] - Object 'Object Repository/Consumer/Por_Confirm Account inf/lbl_PasswordLeast1Alphabet' is present

2018-10-15 16:54:08 - [TEST_STEP][PASSED] - closeBrowser: Browser is closed

2018-10-15 16:54:09 - [MESSAGE][PASSED] - Browser is closed]]></system-out>
         <system-err><![CDATA[]]></system-err>
      </testcase>
      <testcase name="Test Cases/Consumer/Sign Up/ConsSig_01_12_Verify that submitting confirm account with invalid confirm-password" classname="Test Cases/Consumer/Sign Up/ConsSig_01_12_Verify that submitting confirm account with invalid confirm-password" status="PASSED">
         <system-out><![CDATA[2018-10-15 16:54:09 - [TEST_CASE][PASSED] - Test Cases/Consumer/Sign Up/ConsSig_01_12_Verify that submitting confirm account with invalid confirm-password: Test Cases/Consumer/Sign Up/ConsSig_01_12_Verify that submitting confirm account with invalid confirm-password

2018-10-15 16:54:09 - [TEST_STEP][PASSED] - customkeyword.CommonKeyword.OpenBrowser: customkeyword.CommonKeyword.OpenBrowser is PASSED

2018-10-15 16:54:15 - [MESSAGE][PASSED] - Browser is opened with url: 'http://www.yopmail.com/en/'

2018-10-15 16:54:17 - [MESSAGE][PASSED] - Current window maximized

2018-10-15 16:54:17 - [MESSAGE][PASSED] - customkeyword.CommonKeyword.OpenBrowser is PASSED

2018-10-15 16:54:17 - [TEST_STEP][PASSED] - customkeyword.CommonKeyword.CheckYopmailLink: customkeyword.CommonKeyword.CheckYopmailLink is PASSED

2018-10-15 16:54:18 - [MESSAGE][PASSED] - Text 'Consumer151018045207@yopmail.com' is set on object 'Object Repository/Yopmail inf/txt_Login_Yopmail'

2018-10-15 16:54:21 - [MESSAGE][PASSED] - Object: 'Object Repository/Yopmail inf/btn_CheckInbox_Yopmail' is clicked on

2018-10-15 16:54:22 - [MESSAGE][PASSED] - customkeyword.CommonKeyword.CheckYopmailLink is PASSED

2018-10-15 16:54:22 - [TEST_STEP][PASSED] - switchToWindowTitle: Switched to window with title: 'Pirq'

2018-10-15 16:54:26 - [MESSAGE][PASSED] - Switched to window with title: 'Pirq'

2018-10-15 16:54:26 - [TEST_STEP][PASSED] - verifyElementPresent: Object 'Object Repository/Consumer/Por_Confirm Account inf/lbl_ConfirmYourAccount' is present

2018-10-15 16:54:27 - [MESSAGE][PASSED] - Object 'Object Repository/Consumer/Por_Confirm Account inf/lbl_ConfirmYourAccount' is present

2018-10-15 16:54:27 - [TEST_STEP][PASSED] - setText: Text 'Alan' is set on object 'Object Repository/Consumer/Por_Confirm Account inf/txt_FirstName'

2018-10-15 16:54:27 - [MESSAGE][PASSED] - Text 'Alan' is set on object 'Object Repository/Consumer/Por_Confirm Account inf/txt_FirstName'

2018-10-15 16:54:27 - [TEST_STEP][PASSED] - setText: Text 'Consumer' is set on object 'Object Repository/Consumer/Por_Confirm Account inf/txt_LastName'

2018-10-15 16:54:27 - [MESSAGE][PASSED] - Text 'Consumer' is set on object 'Object Repository/Consumer/Por_Confirm Account inf/txt_LastName'

2018-10-15 16:54:27 - [TEST_STEP][PASSED] - setText: Text '123456?a' is set on object 'Object Repository/Consumer/Por_Confirm Account inf/txt_SetPassword'

2018-10-15 16:54:28 - [MESSAGE][PASSED] - Text '123456?a' is set on object 'Object Repository/Consumer/Por_Confirm Account inf/txt_SetPassword'

2018-10-15 16:54:28 - [TEST_STEP][PASSED] - click: Object: 'Object Repository/Consumer/Por_Confirm Account inf/btn_Confirm' is clicked on

2018-10-15 16:54:29 - [MESSAGE][PASSED] - Object: 'Object Repository/Consumer/Por_Confirm Account inf/btn_Confirm' is clicked on

2018-10-15 16:54:29 - [TEST_STEP][PASSED] - verifyElementPresent: Object 'Object Repository/Consumer/Por_Confirm Account inf/lbl_PasswordDidNotMatch' is present

2018-10-15 16:54:29 - [MESSAGE][PASSED] - Object 'Object Repository/Consumer/Por_Confirm Account inf/lbl_PasswordDidNotMatch' is present

2018-10-15 16:54:29 - [TEST_STEP][PASSED] - closeBrowser: Browser is closed

2018-10-15 16:54:30 - [MESSAGE][PASSED] - Browser is closed]]></system-out>
         <system-err><![CDATA[]]></system-err>
      </testcase>
      <testcase name="Test Cases/Consumer/Sign Up/ConsSig_01_13_Verify that submitting successfully if full-fill valid information" classname="Test Cases/Consumer/Sign Up/ConsSig_01_13_Verify that submitting successfully if full-fill valid information" status="PASSED">
         <system-out><![CDATA[2018-10-15 16:54:30 - [TEST_CASE][PASSED] - Test Cases/Consumer/Sign Up/ConsSig_01_13_Verify that submitting successfully if full-fill valid information: Test Cases/Consumer/Sign Up/ConsSig_01_13_Verify that submitting successfully if full-fill valid information

2018-10-15 16:54:30 - [TEST_STEP][PASSED] - customkeyword.CommonKeyword.OpenBrowser: customkeyword.CommonKeyword.OpenBrowser is PASSED

2018-10-15 16:54:36 - [MESSAGE][PASSED] - Browser is opened with url: 'http://www.yopmail.com/en/'

2018-10-15 16:54:37 - [MESSAGE][PASSED] - Current window maximized

2018-10-15 16:54:37 - [MESSAGE][PASSED] - customkeyword.CommonKeyword.OpenBrowser is PASSED

2018-10-15 16:54:37 - [TEST_STEP][PASSED] - customkeyword.CommonKeyword.CheckYopmailLink: customkeyword.CommonKeyword.CheckYopmailLink is PASSED

2018-10-15 16:54:38 - [MESSAGE][PASSED] - Text 'Consumer151018045207@yopmail.com' is set on object 'Object Repository/Yopmail inf/txt_Login_Yopmail'

2018-10-15 16:54:41 - [MESSAGE][PASSED] - Object: 'Object Repository/Yopmail inf/btn_CheckInbox_Yopmail' is clicked on

2018-10-15 16:54:43 - [MESSAGE][PASSED] - customkeyword.CommonKeyword.CheckYopmailLink is PASSED

2018-10-15 16:54:43 - [TEST_STEP][PASSED] - switchToWindowTitle: Switched to window with title: 'Pirq'

2018-10-15 16:54:47 - [MESSAGE][PASSED] - Switched to window with title: 'Pirq'

2018-10-15 16:54:47 - [TEST_STEP][PASSED] - verifyElementPresent: Object 'Object Repository/Consumer/Por_Confirm Account inf/lbl_ConfirmYourAccount' is present

2018-10-15 16:54:47 - [MESSAGE][PASSED] - Object 'Object Repository/Consumer/Por_Confirm Account inf/lbl_ConfirmYourAccount' is present

2018-10-15 16:54:47 - [TEST_STEP][PASSED] - setText: Text 'Alan' is set on object 'Object Repository/Consumer/Por_Confirm Account inf/txt_FirstName'

2018-10-15 16:54:47 - [MESSAGE][PASSED] - Text 'Alan' is set on object 'Object Repository/Consumer/Por_Confirm Account inf/txt_FirstName'

2018-10-15 16:54:47 - [TEST_STEP][PASSED] - setText: Text 'Consumer' is set on object 'Object Repository/Consumer/Por_Confirm Account inf/txt_LastName'

2018-10-15 16:54:47 - [MESSAGE][PASSED] - Text 'Consumer' is set on object 'Object Repository/Consumer/Por_Confirm Account inf/txt_LastName'

2018-10-15 16:54:48 - [TEST_STEP][PASSED] - setText: Text '123456?a' is set on object 'Object Repository/Consumer/Por_Confirm Account inf/txt_SetPassword'

2018-10-15 16:54:48 - [MESSAGE][PASSED] - Text '123456?a' is set on object 'Object Repository/Consumer/Por_Confirm Account inf/txt_SetPassword'

2018-10-15 16:54:48 - [TEST_STEP][PASSED] - setText: Text '123456?a' is set on object 'Object Repository/Consumer/Por_Confirm Account inf/txt_ConfirmPassword'

2018-10-15 16:54:48 - [MESSAGE][PASSED] - Text '123456?a' is set on object 'Object Repository/Consumer/Por_Confirm Account inf/txt_ConfirmPassword'

2018-10-15 16:54:48 - [TEST_STEP][PASSED] - click: Object: 'Object Repository/Consumer/Por_Confirm Account inf/btn_Confirm' is clicked on

2018-10-15 16:54:50 - [MESSAGE][PASSED] - Object: 'Object Repository/Consumer/Por_Confirm Account inf/btn_Confirm' is clicked on

2018-10-15 16:54:50 - [TEST_STEP][PASSED] - verifyElementPresent: Object 'Object Repository/Consumer/Por_Confirm Account inf/lbl_AccountIsActivated' is present

2018-10-15 16:54:50 - [MESSAGE][PASSED] - Object 'Object Repository/Consumer/Por_Confirm Account inf/lbl_AccountIsActivated' is present

2018-10-15 16:54:50 - [TEST_STEP][PASSED] - closeBrowser: Browser is closed

2018-10-15 16:54:51 - [MESSAGE][PASSED] - Browser is closed]]></system-out>
         <system-err><![CDATA[]]></system-err>
      </testcase>
      <system-out><![CDATA[2018-10-15 16:51:25 - [TEST_SUITE][PASSED] - Consumer: Test Cases/Consumer/Sign Up/ConsSig_01_13_Verify that submitting successfully if full-fill valid information]]></system-out>
      <system-err><![CDATA[]]></system-err>
   </testsuite>
</testsuites>
